[  0%] Built target _plan_msgs_generate_messages_check_deps_RobotStateStamped
[  0%] Built target std_msgs_generate_messages_cpp
[  0%] Built target geometry_msgs_generate_messages_cpp
[  0%] Built target _plan_msgs_generate_messages_check_deps_RobotState
[  0%] Built target _plan_msgs_generate_messages_check_deps_MakeGlobalPlan
[  0%] Built target nav_msgs_generate_messages_cpp
[  0%] Built target sensor_msgs_generate_messages_cpp
[  0%] Built target _plan_msgs_generate_messages_check_deps_Subgoal
[  0%] Built target std_msgs_generate_messages_lisp
[  0%] Built target geometry_msgs_generate_messages_lisp
[  0%] Built target nav_msgs_generate_messages_lisp
[  0%] Built target sensor_msgs_generate_messages_lisp
[  0%] Built target sensor_msgs_generate_messages_eus
[  0%] Built target std_msgs_generate_messages_eus
[  0%] Built target geometry_msgs_generate_messages_eus
[  0%] Built target nav_msgs_generate_messages_eus
[  0%] Built target geometry_msgs_generate_messages_nodejs
[  0%] Built target sensor_msgs_generate_messages_nodejs
[  0%] Built target std_msgs_generate_messages_nodejs
[  0%] Built target sensor_msgs_generate_messages_py
[  0%] Built target nav_msgs_generate_messages_nodejs
[  0%] Built target nav_msgs_generate_messages_py
[  0%] Built target geometry_msgs_generate_messages_py
[  0%] Built target std_msgs_generate_messages_py
[ 21%] Built target plan_msgs_generate_messages_lisp
[ 34%] Built target plan_msgs_generate_messages_cpp
[ 56%] Built target plan_msgs_generate_messages_eus
[ 82%] Built target plan_msgs_generate_messages_py
[100%] Built target plan_msgs_generate_messages_nodejs
[100%] Built target plan_msgs_generate_messages
