Linked: (/home/az/arena_ws/devel/.private/plan_msgs/share/plan_msgs/cmake/plan_msgsConfig.cmake, /home/az/arena_ws/devel/share/plan_msgs/cmake/plan_msgsConfig.cmake)
Linked: (/home/az/arena_ws/devel/.private/plan_msgs/share/plan_msgs/cmake/plan_msgs-msg-paths.cmake, /home/az/arena_ws/devel/share/plan_msgs/cmake/plan_msgs-msg-paths.cmake)
Linked: (/home/az/arena_ws/devel/.private/plan_msgs/share/plan_msgs/cmake/plan_msgsConfig-version.cmake, /home/az/arena_ws/devel/share/plan_msgs/cmake/plan_msgsConfig-version.cmake)
Linked: (/home/az/arena_ws/devel/.private/plan_msgs/share/plan_msgs/cmake/plan_msgs-msg-extras.cmake, /home/az/arena_ws/devel/share/plan_msgs/cmake/plan_msgs-msg-extras.cmake)
Linked: (/home/az/arena_ws/devel/.private/plan_msgs/share/roseus/ros/plan_msgs/manifest.l, /home/az/arena_ws/devel/share/roseus/ros/plan_msgs/manifest.l)
Linked: (/home/az/arena_ws/devel/.private/plan_msgs/share/roseus/ros/plan_msgs/msg/RobotStateStamped.l, /home/az/arena_ws/devel/share/roseus/ros/plan_msgs/msg/RobotStateStamped.l)
Linked: (/home/az/arena_ws/devel/.private/plan_msgs/share/roseus/ros/plan_msgs/msg/RobotState.l, /home/az/arena_ws/devel/share/roseus/ros/plan_msgs/msg/RobotState.l)
Linked: (/home/az/arena_ws/devel/.private/plan_msgs/share/roseus/ros/plan_msgs/srv/MakeGlobalPlan.l, /home/az/arena_ws/devel/share/roseus/ros/plan_msgs/srv/MakeGlobalPlan.l)
Linked: (/home/az/arena_ws/devel/.private/plan_msgs/share/roseus/ros/plan_msgs/srv/Subgoal.l, /home/az/arena_ws/devel/share/roseus/ros/plan_msgs/srv/Subgoal.l)
Linked: (/home/az/arena_ws/devel/.private/plan_msgs/share/common-lisp/ros/plan_msgs/msg/RobotStateStamped.lisp, /home/az/arena_ws/devel/share/common-lisp/ros/plan_msgs/msg/RobotStateStamped.lisp)
Linked: (/home/az/arena_ws/devel/.private/plan_msgs/share/common-lisp/ros/plan_msgs/msg/_package_RobotStateStamped.lisp, /home/az/arena_ws/devel/share/common-lisp/ros/plan_msgs/msg/_package_RobotStateStamped.lisp)
Linked: (/home/az/arena_ws/devel/.private/plan_msgs/share/common-lisp/ros/plan_msgs/msg/_package.lisp, /home/az/arena_ws/devel/share/common-lisp/ros/plan_msgs/msg/_package.lisp)
Linked: (/home/az/arena_ws/devel/.private/plan_msgs/share/common-lisp/ros/plan_msgs/msg/plan_msgs-msg.asd, /home/az/arena_ws/devel/share/common-lisp/ros/plan_msgs/msg/plan_msgs-msg.asd)
Linked: (/home/az/arena_ws/devel/.private/plan_msgs/share/common-lisp/ros/plan_msgs/msg/RobotState.lisp, /home/az/arena_ws/devel/share/common-lisp/ros/plan_msgs/msg/RobotState.lisp)
Linked: (/home/az/arena_ws/devel/.private/plan_msgs/share/common-lisp/ros/plan_msgs/msg/_package_RobotState.lisp, /home/az/arena_ws/devel/share/common-lisp/ros/plan_msgs/msg/_package_RobotState.lisp)
Linked: (/home/az/arena_ws/devel/.private/plan_msgs/share/common-lisp/ros/plan_msgs/srv/_package_Subgoal.lisp, /home/az/arena_ws/devel/share/common-lisp/ros/plan_msgs/srv/_package_Subgoal.lisp)
Linked: (/home/az/arena_ws/devel/.private/plan_msgs/share/common-lisp/ros/plan_msgs/srv/_package.lisp, /home/az/arena_ws/devel/share/common-lisp/ros/plan_msgs/srv/_package.lisp)
Linked: (/home/az/arena_ws/devel/.private/plan_msgs/share/common-lisp/ros/plan_msgs/srv/plan_msgs-srv.asd, /home/az/arena_ws/devel/share/common-lisp/ros/plan_msgs/srv/plan_msgs-srv.asd)
Linked: (/home/az/arena_ws/devel/.private/plan_msgs/share/common-lisp/ros/plan_msgs/srv/Subgoal.lisp, /home/az/arena_ws/devel/share/common-lisp/ros/plan_msgs/srv/Subgoal.lisp)
Linked: (/home/az/arena_ws/devel/.private/plan_msgs/share/common-lisp/ros/plan_msgs/srv/_package_MakeGlobalPlan.lisp, /home/az/arena_ws/devel/share/common-lisp/ros/plan_msgs/srv/_package_MakeGlobalPlan.lisp)
Linked: (/home/az/arena_ws/devel/.private/plan_msgs/share/common-lisp/ros/plan_msgs/srv/MakeGlobalPlan.lisp, /home/az/arena_ws/devel/share/common-lisp/ros/plan_msgs/srv/MakeGlobalPlan.lisp)
Linked: (/home/az/arena_ws/devel/.private/plan_msgs/share/gennodejs/ros/plan_msgs/_index.js, /home/az/arena_ws/devel/share/gennodejs/ros/plan_msgs/_index.js)
Linked: (/home/az/arena_ws/devel/.private/plan_msgs/share/gennodejs/ros/plan_msgs/msg/RobotState.js, /home/az/arena_ws/devel/share/gennodejs/ros/plan_msgs/msg/RobotState.js)
Linked: (/home/az/arena_ws/devel/.private/plan_msgs/share/gennodejs/ros/plan_msgs/msg/_index.js, /home/az/arena_ws/devel/share/gennodejs/ros/plan_msgs/msg/_index.js)
Linked: (/home/az/arena_ws/devel/.private/plan_msgs/share/gennodejs/ros/plan_msgs/msg/RobotStateStamped.js, /home/az/arena_ws/devel/share/gennodejs/ros/plan_msgs/msg/RobotStateStamped.js)
Linked: (/home/az/arena_ws/devel/.private/plan_msgs/share/gennodejs/ros/plan_msgs/srv/_index.js, /home/az/arena_ws/devel/share/gennodejs/ros/plan_msgs/srv/_index.js)
Linked: (/home/az/arena_ws/devel/.private/plan_msgs/share/gennodejs/ros/plan_msgs/srv/MakeGlobalPlan.js, /home/az/arena_ws/devel/share/gennodejs/ros/plan_msgs/srv/MakeGlobalPlan.js)
Linked: (/home/az/arena_ws/devel/.private/plan_msgs/share/gennodejs/ros/plan_msgs/srv/Subgoal.js, /home/az/arena_ws/devel/share/gennodejs/ros/plan_msgs/srv/Subgoal.js)
Linked: (/home/az/arena_ws/devel/.private/plan_msgs/include/plan_msgs/MakeGlobalPlanResponse.h, /home/az/arena_ws/devel/include/plan_msgs/MakeGlobalPlanResponse.h)
Linked: (/home/az/arena_ws/devel/.private/plan_msgs/include/plan_msgs/Subgoal.h, /home/az/arena_ws/devel/include/plan_msgs/Subgoal.h)
Linked: (/home/az/arena_ws/devel/.private/plan_msgs/include/plan_msgs/MakeGlobalPlan.h, /home/az/arena_ws/devel/include/plan_msgs/MakeGlobalPlan.h)
Linked: (/home/az/arena_ws/devel/.private/plan_msgs/include/plan_msgs/MakeGlobalPlanRequest.h, /home/az/arena_ws/devel/include/plan_msgs/MakeGlobalPlanRequest.h)
Linked: (/home/az/arena_ws/devel/.private/plan_msgs/include/plan_msgs/RobotState.h, /home/az/arena_ws/devel/include/plan_msgs/RobotState.h)
Linked: (/home/az/arena_ws/devel/.private/plan_msgs/include/plan_msgs/SubgoalResponse.h, /home/az/arena_ws/devel/include/plan_msgs/SubgoalResponse.h)
Linked: (/home/az/arena_ws/devel/.private/plan_msgs/include/plan_msgs/SubgoalRequest.h, /home/az/arena_ws/devel/include/plan_msgs/SubgoalRequest.h)
Linked: (/home/az/arena_ws/devel/.private/plan_msgs/include/plan_msgs/RobotStateStamped.h, /home/az/arena_ws/devel/include/plan_msgs/RobotStateStamped.h)
Linked: (/home/az/arena_ws/devel/.private/plan_msgs/lib/pkgconfig/plan_msgs.pc, /home/az/arena_ws/devel/lib/pkgconfig/plan_msgs.pc)
Linked: (/home/az/arena_ws/devel/.private/plan_msgs/lib/python3/dist-packages/plan_msgs/__init__.py, /home/az/arena_ws/devel/lib/python3/dist-packages/plan_msgs/__init__.py)
Linked: (/home/az/arena_ws/devel/.private/plan_msgs/lib/python3/dist-packages/plan_msgs/msg/_RobotState.py, /home/az/arena_ws/devel/lib/python3/dist-packages/plan_msgs/msg/_RobotState.py)
Linked: (/home/az/arena_ws/devel/.private/plan_msgs/lib/python3/dist-packages/plan_msgs/msg/__init__.py, /home/az/arena_ws/devel/lib/python3/dist-packages/plan_msgs/msg/__init__.py)
Linked: (/home/az/arena_ws/devel/.private/plan_msgs/lib/python3/dist-packages/plan_msgs/msg/_RobotStateStamped.py, /home/az/arena_ws/devel/lib/python3/dist-packages/plan_msgs/msg/_RobotStateStamped.py)
Linked: (/home/az/arena_ws/devel/.private/plan_msgs/lib/python3/dist-packages/plan_msgs/srv/__init__.py, /home/az/arena_ws/devel/lib/python3/dist-packages/plan_msgs/srv/__init__.py)
Linked: (/home/az/arena_ws/devel/.private/plan_msgs/lib/python3/dist-packages/plan_msgs/srv/_MakeGlobalPlan.py, /home/az/arena_ws/devel/lib/python3/dist-packages/plan_msgs/srv/_MakeGlobalPlan.py)
Linked: (/home/az/arena_ws/devel/.private/plan_msgs/lib/python3/dist-packages/plan_msgs/srv/_Subgoal.py, /home/az/arena_ws/devel/lib/python3/dist-packages/plan_msgs/srv/_Subgoal.py)
