Symlinking /home/az/arena_ws/devel/share/light_scan_sim/cmake/light_scan_simConfig.cmake
Symlinking /home/az/arena_ws/devel/share/light_scan_sim/cmake/light_scan_sim-msg-extras.cmake
Symlinking /home/az/arena_ws/devel/share/light_scan_sim/cmake/light_scan_sim-msg-paths.cmake
Symlinking /home/az/arena_ws/devel/share/light_scan_sim/cmake/light_scan_simConfig-version.cmake
Symlinking /home/az/arena_ws/devel/share/roseus/ros/light_scan_sim/manifest.l
Symlinking /home/az/arena_ws/devel/share/roseus/ros/light_scan_sim/msg/Segment.l
Symlinking /home/az/arena_ws/devel/share/roseus/ros/light_scan_sim/msg/MaterialList.l
Symlinking /home/az/arena_ws/devel/share/roseus/ros/light_scan_sim/msg/SegmentList.l
Symlinking /home/az/arena_ws/devel/share/roseus/ros/light_scan_sim/msg/Material.l
Symlinking /home/az/arena_ws/devel/share/common-lisp/ros/light_scan_sim/msg/light_scan_sim-msg.asd
Symlinking /home/az/arena_ws/devel/share/common-lisp/ros/light_scan_sim/msg/MaterialList.lisp
Symlinking /home/az/arena_ws/devel/share/common-lisp/ros/light_scan_sim/msg/_package.lisp
Symlinking /home/az/arena_ws/devel/share/common-lisp/ros/light_scan_sim/msg/Segment.lisp
Symlinking /home/az/arena_ws/devel/share/common-lisp/ros/light_scan_sim/msg/_package_Material.lisp
Symlinking /home/az/arena_ws/devel/share/common-lisp/ros/light_scan_sim/msg/Material.lisp
Symlinking /home/az/arena_ws/devel/share/common-lisp/ros/light_scan_sim/msg/_package_SegmentList.lisp
Symlinking /home/az/arena_ws/devel/share/common-lisp/ros/light_scan_sim/msg/SegmentList.lisp
Symlinking /home/az/arena_ws/devel/share/common-lisp/ros/light_scan_sim/msg/_package_Segment.lisp
Symlinking /home/az/arena_ws/devel/share/common-lisp/ros/light_scan_sim/msg/_package_MaterialList.lisp
Symlinking /home/az/arena_ws/devel/share/gennodejs/ros/light_scan_sim/_index.js
Symlinking /home/az/arena_ws/devel/share/gennodejs/ros/light_scan_sim/msg/SegmentList.js
Symlinking /home/az/arena_ws/devel/share/gennodejs/ros/light_scan_sim/msg/_index.js
Symlinking /home/az/arena_ws/devel/share/gennodejs/ros/light_scan_sim/msg/Segment.js
Symlinking /home/az/arena_ws/devel/share/gennodejs/ros/light_scan_sim/msg/MaterialList.js
Symlinking /home/az/arena_ws/devel/share/gennodejs/ros/light_scan_sim/msg/Material.js
Symlinking /home/az/arena_ws/devel/include/light_scan_sim/SegmentList.h
Symlinking /home/az/arena_ws/devel/include/light_scan_sim/Material.h
Symlinking /home/az/arena_ws/devel/include/light_scan_sim/MaterialList.h
Symlinking /home/az/arena_ws/devel/include/light_scan_sim/Segment.h
Symlinking /home/az/arena_ws/devel/lib/libBox2DEmbed.so
Symlinking /home/az/arena_ws/devel/lib/libBox2DEmbed.so.2.3.1
Symlinking /home/az/arena_ws/devel/lib/pkgconfig/light_scan_sim.pc
Symlinking /home/az/arena_ws/devel/lib/python3/dist-packages/light_scan_sim/__init__.py
Symlinking /home/az/arena_ws/devel/lib/python3/dist-packages/light_scan_sim/msg/__init__.py
Symlinking /home/az/arena_ws/devel/lib/python3/dist-packages/light_scan_sim/msg/_Segment.py
Symlinking /home/az/arena_ws/devel/lib/python3/dist-packages/light_scan_sim/msg/_Material.py
Symlinking /home/az/arena_ws/devel/lib/python3/dist-packages/light_scan_sim/msg/_SegmentList.py
Symlinking /home/az/arena_ws/devel/lib/python3/dist-packages/light_scan_sim/msg/_MaterialList.py
Symlinking /home/az/arena_ws/devel/lib/light_scan_sim/light_scan_sim_node
