Linked: (/home/az/arena_ws/devel/.private/mpc_local_planner/share/mpc_local_planner/docs/CollisionReconfigureConfig.wikidoc, /home/az/arena_ws/devel/share/mpc_local_planner/docs/CollisionReconfigureConfig.wikidoc)
Linked: (/home/az/arena_ws/devel/.private/mpc_local_planner/share/mpc_local_planner/docs/FootprintReconfigureConfig.wikidoc, /home/az/arena_ws/devel/share/mpc_local_planner/docs/FootprintReconfigureConfig.wikidoc)
Linked: (/home/az/arena_ws/devel/.private/mpc_local_planner/share/mpc_local_planner/docs/ControllerReconfigureConfig.dox, /home/az/arena_ws/devel/share/mpc_local_planner/docs/ControllerReconfigureConfig.dox)
Linked: (/home/az/arena_ws/devel/.private/mpc_local_planner/share/mpc_local_planner/docs/CollisionReconfigureConfig-usage.dox, /home/az/arena_ws/devel/share/mpc_local_planner/docs/CollisionReconfigureConfig-usage.dox)
Linked: (/home/az/arena_ws/devel/.private/mpc_local_planner/share/mpc_local_planner/docs/FootprintReconfigureConfig.dox, /home/az/arena_ws/devel/share/mpc_local_planner/docs/FootprintReconfigureConfig.dox)
Linked: (/home/az/arena_ws/devel/.private/mpc_local_planner/share/mpc_local_planner/docs/ControllerReconfigureConfig-usage.dox, /home/az/arena_ws/devel/share/mpc_local_planner/docs/ControllerReconfigureConfig-usage.dox)
Linked: (/home/az/arena_ws/devel/.private/mpc_local_planner/share/mpc_local_planner/docs/CollisionReconfigureConfig.dox, /home/az/arena_ws/devel/share/mpc_local_planner/docs/CollisionReconfigureConfig.dox)
Linked: (/home/az/arena_ws/devel/.private/mpc_local_planner/share/mpc_local_planner/docs/FootprintReconfigureConfig-usage.dox, /home/az/arena_ws/devel/share/mpc_local_planner/docs/FootprintReconfigureConfig-usage.dox)
Linked: (/home/az/arena_ws/devel/.private/mpc_local_planner/share/mpc_local_planner/docs/ControllerReconfigureConfig.wikidoc, /home/az/arena_ws/devel/share/mpc_local_planner/docs/ControllerReconfigureConfig.wikidoc)
Linked: (/home/az/arena_ws/devel/.private/mpc_local_planner/share/mpc_local_planner/cmake/mpc_local_plannerConfig.cmake, /home/az/arena_ws/devel/share/mpc_local_planner/cmake/mpc_local_plannerConfig.cmake)
Linked: (/home/az/arena_ws/devel/.private/mpc_local_planner/share/mpc_local_planner/cmake/mpc_local_plannerConfig-version.cmake, /home/az/arena_ws/devel/share/mpc_local_planner/cmake/mpc_local_plannerConfig-version.cmake)
Linked: (/home/az/arena_ws/devel/.private/mpc_local_planner/include/mpc_local_planner/CollisionReconfigureConfig.h, /home/az/arena_ws/devel/include/mpc_local_planner/CollisionReconfigureConfig.h)
Linked: (/home/az/arena_ws/devel/.private/mpc_local_planner/include/mpc_local_planner/FootprintReconfigureConfig.h, /home/az/arena_ws/devel/include/mpc_local_planner/FootprintReconfigureConfig.h)
Linked: (/home/az/arena_ws/devel/.private/mpc_local_planner/include/mpc_local_planner/ControllerReconfigureConfig.h, /home/az/arena_ws/devel/include/mpc_local_planner/ControllerReconfigureConfig.h)
Linked: (/home/az/arena_ws/devel/.private/mpc_local_planner/lib/libmpc_local_planner_optimal_control.so, /home/az/arena_ws/devel/lib/libmpc_local_planner_optimal_control.so)
Linked: (/home/az/arena_ws/devel/.private/mpc_local_planner/lib/libmpc_local_planner_utils.so, /home/az/arena_ws/devel/lib/libmpc_local_planner_utils.so)
Linked: (/home/az/arena_ws/devel/.private/mpc_local_planner/lib/libmpc_local_planner.so, /home/az/arena_ws/devel/lib/libmpc_local_planner.so)
Linked: (/home/az/arena_ws/devel/.private/mpc_local_planner/lib/mpc_local_planner/test_mpc_optim_node, /home/az/arena_ws/devel/lib/mpc_local_planner/test_mpc_optim_node)
Linked: (/home/az/arena_ws/devel/.private/mpc_local_planner/lib/pkgconfig/mpc_local_planner.pc, /home/az/arena_ws/devel/lib/pkgconfig/mpc_local_planner.pc)
Linked: (/home/az/arena_ws/devel/.private/mpc_local_planner/lib/python3/dist-packages/mpc_local_planner/__init__.py, /home/az/arena_ws/devel/lib/python3/dist-packages/mpc_local_planner/__init__.py)
Linked: (/home/az/arena_ws/devel/.private/mpc_local_planner/lib/python3/dist-packages/mpc_local_planner/cfg/CollisionReconfigureConfig.py, /home/az/arena_ws/devel/lib/python3/dist-packages/mpc_local_planner/cfg/CollisionReconfigureConfig.py)
Linked: (/home/az/arena_ws/devel/.private/mpc_local_planner/lib/python3/dist-packages/mpc_local_planner/cfg/__init__.py, /home/az/arena_ws/devel/lib/python3/dist-packages/mpc_local_planner/cfg/__init__.py)
Linked: (/home/az/arena_ws/devel/.private/mpc_local_planner/lib/python3/dist-packages/mpc_local_planner/cfg/FootprintReconfigureConfig.py, /home/az/arena_ws/devel/lib/python3/dist-packages/mpc_local_planner/cfg/FootprintReconfigureConfig.py)
Linked: (/home/az/arena_ws/devel/.private/mpc_local_planner/lib/python3/dist-packages/mpc_local_planner/cfg/ControllerReconfigureConfig.py, /home/az/arena_ws/devel/lib/python3/dist-packages/mpc_local_planner/cfg/ControllerReconfigureConfig.py)
