Symlinking /home/az/arena_ws/devel/share/mpc_local_planner/docs/CollisionReconfigureConfig.wikidoc
Symlinking /home/az/arena_ws/devel/share/mpc_local_planner/docs/FootprintReconfigureConfig.wikidoc
Symlinking /home/az/arena_ws/devel/share/mpc_local_planner/docs/ControllerReconfigureConfig.dox
Symlinking /home/az/arena_ws/devel/share/mpc_local_planner/docs/CollisionReconfigureConfig-usage.dox
Symlinking /home/az/arena_ws/devel/share/mpc_local_planner/docs/FootprintReconfigureConfig.dox
Symlinking /home/az/arena_ws/devel/share/mpc_local_planner/docs/ControllerReconfigureConfig-usage.dox
Symlinking /home/az/arena_ws/devel/share/mpc_local_planner/docs/CollisionReconfigureConfig.dox
Symlinking /home/az/arena_ws/devel/share/mpc_local_planner/docs/FootprintReconfigureConfig-usage.dox
Symlinking /home/az/arena_ws/devel/share/mpc_local_planner/docs/ControllerReconfigureConfig.wikidoc
Symlinking /home/az/arena_ws/devel/share/mpc_local_planner/cmake/mpc_local_plannerConfig.cmake
Symlinking /home/az/arena_ws/devel/share/mpc_local_planner/cmake/mpc_local_plannerConfig-version.cmake
Symlinking /home/az/arena_ws/devel/include/mpc_local_planner/CollisionReconfigureConfig.h
Symlinking /home/az/arena_ws/devel/include/mpc_local_planner/FootprintReconfigureConfig.h
Symlinking /home/az/arena_ws/devel/include/mpc_local_planner/ControllerReconfigureConfig.h
Symlinking /home/az/arena_ws/devel/lib/libmpc_local_planner_optimal_control.so
Symlinking /home/az/arena_ws/devel/lib/libmpc_local_planner_utils.so
Symlinking /home/az/arena_ws/devel/lib/libmpc_local_planner.so
Symlinking /home/az/arena_ws/devel/lib/mpc_local_planner/test_mpc_optim_node
Symlinking /home/az/arena_ws/devel/lib/pkgconfig/mpc_local_planner.pc
Symlinking /home/az/arena_ws/devel/lib/python3/dist-packages/mpc_local_planner/__init__.py
Symlinking /home/az/arena_ws/devel/lib/python3/dist-packages/mpc_local_planner/cfg/CollisionReconfigureConfig.py
Symlinking /home/az/arena_ws/devel/lib/python3/dist-packages/mpc_local_planner/cfg/__init__.py
Symlinking /home/az/arena_ws/devel/lib/python3/dist-packages/mpc_local_planner/cfg/FootprintReconfigureConfig.py
Symlinking /home/az/arena_ws/devel/lib/python3/dist-packages/mpc_local_planner/cfg/ControllerReconfigureConfig.py
