[35m[1mScanning dependencies of target mpc_local_planner_utils[0m
[  5%] [32mBuilding CXX object CMakeFiles/mpc_local_planner_utils.dir/src/utils/publisher.cpp.o[0m
[ 10%] [32mBuilding CXX object CMakeFiles/mpc_local_planner_utils.dir/src/utils/conversion.cpp.o[0m
[ 15%] [32mBuilding CXX object CMakeFiles/mpc_local_planner_utils.dir/src/utils/time_series_se2.cpp.o[0m
[ 20%] [32m[1mLinking CXX shared library /home/az/github_may_messed_it_up_20250124arena_try_get_rel_vel_work/arena_ws/devel/.private/mpc_local_planner/lib/libmpc_local_planner_utils.so[0m
[ 20%] Built target mpc_local_planner_utils
[35m[1mScanning dependencies of target mpc_local_planner_optimal_control[0m
[ 25%] [32mBuilding CXX object CMakeFiles/mpc_local_planner_optimal_control.dir/src/optimal_control/full_discretization_grid_base_se2.cpp.o[0m
[ 30%] [32mBuilding CXX object CMakeFiles/mpc_local_planner_optimal_control.dir/src/optimal_control/finite_differences_grid_se2.cpp.o[0m
[ 35%] [32mBuilding CXX object CMakeFiles/mpc_local_planner_optimal_control.dir/src/optimal_control/finite_differences_variable_grid_se2.cpp.o[0m
[ 40%] [32mBuilding CXX object CMakeFiles/mpc_local_planner_optimal_control.dir/src/optimal_control/stage_inequality_se2.cpp.o[0m
[ 45%] [32mBuilding CXX object CMakeFiles/mpc_local_planner_optimal_control.dir/src/optimal_control/quadratic_cost_se2.cpp.o[0m
[ 50%] [32mBuilding CXX object CMakeFiles/mpc_local_planner_optimal_control.dir/src/optimal_control/final_state_conditions_se2.cpp.o[0m
[ 55%] [32mBuilding CXX object CMakeFiles/mpc_local_planner_optimal_control.dir/src/optimal_control/min_time_via_points_cost.cpp.o[0m
[ 60%] [32m[1mLinking CXX shared library /home/az/github_may_messed_it_up_20250124arena_try_get_rel_vel_work/arena_ws/devel/.private/mpc_local_planner/lib/libmpc_local_planner_optimal_control.so[0m
[ 60%] Built target mpc_local_planner_optimal_control
[35m[1mScanning dependencies of target mpc_local_planner_gencfg[0m
[ 65%] [34m[1mGenerating dynamic reconfigure files from cfg/mpc_collision.cfg: /home/az/github_may_messed_it_up_20250124arena_try_get_rel_vel_work/arena_ws/devel/.private/mpc_local_planner/include/mpc_local_planner/mpc_collisionConfig.h /home/az/github_may_messed_it_up_20250124arena_try_get_rel_vel_work/arena_ws/devel/.private/mpc_local_planner/lib/python3/dist-packages/mpc_local_planner/cfg/mpc_collisionConfig.py[0m
Generating reconfiguration files for CollisionReconfigure in mpc_local_planner
Wrote header file in /home/az/github_may_messed_it_up_20250124arena_try_get_rel_vel_work/arena_ws/devel/.private/mpc_local_planner/include/mpc_local_planner/CollisionReconfigureConfig.h
[ 70%] [34m[1mGenerating dynamic reconfigure files from cfg/mpc_controller.cfg: /home/az/github_may_messed_it_up_20250124arena_try_get_rel_vel_work/arena_ws/devel/.private/mpc_local_planner/include/mpc_local_planner/mpc_controllerConfig.h /home/az/github_may_messed_it_up_20250124arena_try_get_rel_vel_work/arena_ws/devel/.private/mpc_local_planner/lib/python3/dist-packages/mpc_local_planner/cfg/mpc_controllerConfig.py[0m
Generating reconfiguration files for ControllerReconfigure in mpc_local_planner
Wrote header file in /home/az/github_may_messed_it_up_20250124arena_try_get_rel_vel_work/arena_ws/devel/.private/mpc_local_planner/include/mpc_local_planner/ControllerReconfigureConfig.h
[ 75%] [34m[1mGenerating dynamic reconfigure files from cfg/mpc_footprint.cfg: /home/az/github_may_messed_it_up_20250124arena_try_get_rel_vel_work/arena_ws/devel/.private/mpc_local_planner/include/mpc_local_planner/mpc_footprintConfig.h /home/az/github_may_messed_it_up_20250124arena_try_get_rel_vel_work/arena_ws/devel/.private/mpc_local_planner/lib/python3/dist-packages/mpc_local_planner/cfg/mpc_footprintConfig.py[0m
Generating reconfiguration files for FootprintReconfigure in mpc_local_planner
Wrote header file in /home/az/github_may_messed_it_up_20250124arena_try_get_rel_vel_work/arena_ws/devel/.private/mpc_local_planner/include/mpc_local_planner/FootprintReconfigureConfig.h
[ 75%] Built target mpc_local_planner_gencfg
[35m[1mScanning dependencies of target mpc_local_planner[0m
[ 80%] [32mBuilding CXX object CMakeFiles/mpc_local_planner.dir/src/controller.cpp.o[0m
[ 85%] [32mBuilding CXX object CMakeFiles/mpc_local_planner.dir/src/mpc_local_planner_ros.cpp.o[0m
[ 90%] [32m[1mLinking CXX shared library /home/az/github_may_messed_it_up_20250124arena_try_get_rel_vel_work/arena_ws/devel/.private/mpc_local_planner/lib/libmpc_local_planner.so[0m
[ 90%] Built target mpc_local_planner
[35m[1mScanning dependencies of target test_mpc_optim_node[0m
[ 95%] [32mBuilding CXX object CMakeFiles/test_mpc_optim_node.dir/src/test_mpc_optim_node.cpp.o[0m
[100%] [32m[1mLinking CXX executable /home/az/github_may_messed_it_up_20250124arena_try_get_rel_vel_work/arena_ws/devel/.private/mpc_local_planner/lib/mpc_local_planner/test_mpc_optim_node[0m
[100%] Built target test_mpc_optim_node
