Symlinking /home/az/arena_ws/devel/share/roseus/ros/spencer_tracking_msgs/manifest.l
Symlinking /home/az/arena_ws/devel/share/roseus/ros/spencer_tracking_msgs/msg/ImmDebugInfos.l
Symlinking /home/az/arena_ws/devel/share/roseus/ros/spencer_tracking_msgs/msg/ImmDebugInfo.l
Symlinking /home/az/arena_ws/devel/share/roseus/ros/spencer_tracking_msgs/msg/TrackedPersons2d.l
Symlinking /home/az/arena_ws/devel/share/roseus/ros/spencer_tracking_msgs/msg/TrackedPerson.l
Symlinking /home/az/arena_ws/devel/share/roseus/ros/spencer_tracking_msgs/msg/DetectedPersons.l
Symlinking /home/az/arena_ws/devel/share/roseus/ros/spencer_tracking_msgs/msg/TrackedPersons.l
Symlinking /home/az/arena_ws/devel/share/roseus/ros/spencer_tracking_msgs/msg/TrackedGroup.l
Symlinking /home/az/arena_ws/devel/share/roseus/ros/spencer_tracking_msgs/msg/DetectedPerson.l
Symlinking /home/az/arena_ws/devel/share/roseus/ros/spencer_tracking_msgs/msg/CompositeDetectedPersons.l
Symlinking /home/az/arena_ws/devel/share/roseus/ros/spencer_tracking_msgs/msg/TrackedPerson2d.l
Symlinking /home/az/arena_ws/devel/share/roseus/ros/spencer_tracking_msgs/msg/CompositeDetectedPerson.l
Symlinking /home/az/arena_ws/devel/share/roseus/ros/spencer_tracking_msgs/msg/TrackedGroups.l
Symlinking /home/az/arena_ws/devel/share/roseus/ros/spencer_tracking_msgs/msg/TrackingTimingMetrics.l
Symlinking /home/az/arena_ws/devel/share/roseus/ros/spencer_tracking_msgs/srv/GetPersonTrajectories.l
Symlinking /home/az/arena_ws/devel/share/common-lisp/ros/spencer_tracking_msgs/msg/_package_TrackedPersons2d.lisp
Symlinking /home/az/arena_ws/devel/share/common-lisp/ros/spencer_tracking_msgs/msg/TrackedGroup.lisp
Symlinking /home/az/arena_ws/devel/share/common-lisp/ros/spencer_tracking_msgs/msg/TrackedPerson.lisp
Symlinking /home/az/arena_ws/devel/share/common-lisp/ros/spencer_tracking_msgs/msg/TrackedPersons2d.lisp
Symlinking /home/az/arena_ws/devel/share/common-lisp/ros/spencer_tracking_msgs/msg/_package_ImmDebugInfos.lisp
Symlinking /home/az/arena_ws/devel/share/common-lisp/ros/spencer_tracking_msgs/msg/ImmDebugInfos.lisp
Symlinking /home/az/arena_ws/devel/share/common-lisp/ros/spencer_tracking_msgs/msg/ImmDebugInfo.lisp
Symlinking /home/az/arena_ws/devel/share/common-lisp/ros/spencer_tracking_msgs/msg/_package_TrackedGroup.lisp
Symlinking /home/az/arena_ws/devel/share/common-lisp/ros/spencer_tracking_msgs/msg/_package_TrackedGroups.lisp
Symlinking /home/az/arena_ws/devel/share/common-lisp/ros/spencer_tracking_msgs/msg/_package.lisp
Symlinking /home/az/arena_ws/devel/share/common-lisp/ros/spencer_tracking_msgs/msg/_package_CompositeDetectedPerson.lisp
Symlinking /home/az/arena_ws/devel/share/common-lisp/ros/spencer_tracking_msgs/msg/TrackedGroups.lisp
Symlinking /home/az/arena_ws/devel/share/common-lisp/ros/spencer_tracking_msgs/msg/_package_TrackedPerson2d.lisp
Symlinking /home/az/arena_ws/devel/share/common-lisp/ros/spencer_tracking_msgs/msg/DetectedPerson.lisp
Symlinking /home/az/arena_ws/devel/share/common-lisp/ros/spencer_tracking_msgs/msg/TrackingTimingMetrics.lisp
Symlinking /home/az/arena_ws/devel/share/common-lisp/ros/spencer_tracking_msgs/msg/_package_DetectedPersons.lisp
Symlinking /home/az/arena_ws/devel/share/common-lisp/ros/spencer_tracking_msgs/msg/_package_TrackedPerson.lisp
Symlinking /home/az/arena_ws/devel/share/common-lisp/ros/spencer_tracking_msgs/msg/_package_ImmDebugInfo.lisp
Symlinking /home/az/arena_ws/devel/share/common-lisp/ros/spencer_tracking_msgs/msg/_package_TrackingTimingMetrics.lisp
Symlinking /home/az/arena_ws/devel/share/common-lisp/ros/spencer_tracking_msgs/msg/_package_TrackedPersons.lisp
Symlinking /home/az/arena_ws/devel/share/common-lisp/ros/spencer_tracking_msgs/msg/CompositeDetectedPersons.lisp
Symlinking /home/az/arena_ws/devel/share/common-lisp/ros/spencer_tracking_msgs/msg/TrackedPerson2d.lisp
Symlinking /home/az/arena_ws/devel/share/common-lisp/ros/spencer_tracking_msgs/msg/_package_CompositeDetectedPersons.lisp
Symlinking /home/az/arena_ws/devel/share/common-lisp/ros/spencer_tracking_msgs/msg/TrackedPersons.lisp
Symlinking /home/az/arena_ws/devel/share/common-lisp/ros/spencer_tracking_msgs/msg/DetectedPersons.lisp
Symlinking /home/az/arena_ws/devel/share/common-lisp/ros/spencer_tracking_msgs/msg/_package_DetectedPerson.lisp
Symlinking /home/az/arena_ws/devel/share/common-lisp/ros/spencer_tracking_msgs/msg/spencer_tracking_msgs-msg.asd
Symlinking /home/az/arena_ws/devel/share/common-lisp/ros/spencer_tracking_msgs/msg/CompositeDetectedPerson.lisp
Symlinking /home/az/arena_ws/devel/share/common-lisp/ros/spencer_tracking_msgs/srv/_package_GetPersonTrajectories.lisp
Symlinking /home/az/arena_ws/devel/share/common-lisp/ros/spencer_tracking_msgs/srv/_package.lisp
Symlinking /home/az/arena_ws/devel/share/common-lisp/ros/spencer_tracking_msgs/srv/GetPersonTrajectories.lisp
Symlinking /home/az/arena_ws/devel/share/common-lisp/ros/spencer_tracking_msgs/srv/spencer_tracking_msgs-srv.asd
Symlinking /home/az/arena_ws/devel/share/spencer_tracking_msgs/cmake/spencer_tracking_msgsConfig.cmake
Symlinking /home/az/arena_ws/devel/share/spencer_tracking_msgs/cmake/spencer_tracking_msgsConfig-version.cmake
Symlinking /home/az/arena_ws/devel/share/spencer_tracking_msgs/cmake/spencer_tracking_msgs-msg-paths.cmake
Symlinking /home/az/arena_ws/devel/share/spencer_tracking_msgs/cmake/spencer_tracking_msgs-msg-extras.cmake
Symlinking /home/az/arena_ws/devel/share/gennodejs/ros/spencer_tracking_msgs/_index.js
Symlinking /home/az/arena_ws/devel/share/gennodejs/ros/spencer_tracking_msgs/msg/DetectedPersons.js
Symlinking /home/az/arena_ws/devel/share/gennodejs/ros/spencer_tracking_msgs/msg/_index.js
Symlinking /home/az/arena_ws/devel/share/gennodejs/ros/spencer_tracking_msgs/msg/TrackingTimingMetrics.js
Symlinking /home/az/arena_ws/devel/share/gennodejs/ros/spencer_tracking_msgs/msg/TrackedGroup.js
Symlinking /home/az/arena_ws/devel/share/gennodejs/ros/spencer_tracking_msgs/msg/TrackedPerson2d.js
Symlinking /home/az/arena_ws/devel/share/gennodejs/ros/spencer_tracking_msgs/msg/ImmDebugInfos.js
Symlinking /home/az/arena_ws/devel/share/gennodejs/ros/spencer_tracking_msgs/msg/CompositeDetectedPerson.js
Symlinking /home/az/arena_ws/devel/share/gennodejs/ros/spencer_tracking_msgs/msg/TrackedPersons.js
Symlinking /home/az/arena_ws/devel/share/gennodejs/ros/spencer_tracking_msgs/msg/TrackedPerson.js
Symlinking /home/az/arena_ws/devel/share/gennodejs/ros/spencer_tracking_msgs/msg/DetectedPerson.js
Symlinking /home/az/arena_ws/devel/share/gennodejs/ros/spencer_tracking_msgs/msg/TrackedPersons2d.js
Symlinking /home/az/arena_ws/devel/share/gennodejs/ros/spencer_tracking_msgs/msg/CompositeDetectedPersons.js
Symlinking /home/az/arena_ws/devel/share/gennodejs/ros/spencer_tracking_msgs/msg/ImmDebugInfo.js
Symlinking /home/az/arena_ws/devel/share/gennodejs/ros/spencer_tracking_msgs/msg/TrackedGroups.js
Symlinking /home/az/arena_ws/devel/share/gennodejs/ros/spencer_tracking_msgs/srv/_index.js
Symlinking /home/az/arena_ws/devel/share/gennodejs/ros/spencer_tracking_msgs/srv/GetPersonTrajectories.js
Symlinking /home/az/arena_ws/devel/include/spencer_tracking_msgs/TrackedGroups.h
Symlinking /home/az/arena_ws/devel/include/spencer_tracking_msgs/GetPersonTrajectoriesRequest.h
Symlinking /home/az/arena_ws/devel/include/spencer_tracking_msgs/TrackedPersons.h
Symlinking /home/az/arena_ws/devel/include/spencer_tracking_msgs/TrackingTimingMetrics.h
Symlinking /home/az/arena_ws/devel/include/spencer_tracking_msgs/CompositeDetectedPerson.h
Symlinking /home/az/arena_ws/devel/include/spencer_tracking_msgs/DetectedPerson.h
Symlinking /home/az/arena_ws/devel/include/spencer_tracking_msgs/ImmDebugInfo.h
Symlinking /home/az/arena_ws/devel/include/spencer_tracking_msgs/DetectedPersons.h
Symlinking /home/az/arena_ws/devel/include/spencer_tracking_msgs/CompositeDetectedPersons.h
Symlinking /home/az/arena_ws/devel/include/spencer_tracking_msgs/GetPersonTrajectories.h
Symlinking /home/az/arena_ws/devel/include/spencer_tracking_msgs/TrackedGroup.h
Symlinking /home/az/arena_ws/devel/include/spencer_tracking_msgs/GetPersonTrajectoriesResponse.h
Symlinking /home/az/arena_ws/devel/include/spencer_tracking_msgs/TrackedPerson2d.h
Symlinking /home/az/arena_ws/devel/include/spencer_tracking_msgs/TrackedPersons2d.h
Symlinking /home/az/arena_ws/devel/include/spencer_tracking_msgs/TrackedPerson.h
Symlinking /home/az/arena_ws/devel/include/spencer_tracking_msgs/ImmDebugInfos.h
Symlinking /home/az/arena_ws/devel/lib/pkgconfig/spencer_tracking_msgs.pc
Symlinking /home/az/arena_ws/devel/lib/python3/dist-packages/spencer_tracking_msgs/__init__.py
Symlinking /home/az/arena_ws/devel/lib/python3/dist-packages/spencer_tracking_msgs/msg/_TrackedPersons2d.py
Symlinking /home/az/arena_ws/devel/lib/python3/dist-packages/spencer_tracking_msgs/msg/_TrackedGroups.py
Symlinking /home/az/arena_ws/devel/lib/python3/dist-packages/spencer_tracking_msgs/msg/__init__.py
Symlinking /home/az/arena_ws/devel/lib/python3/dist-packages/spencer_tracking_msgs/msg/_ImmDebugInfos.py
Symlinking /home/az/arena_ws/devel/lib/python3/dist-packages/spencer_tracking_msgs/msg/_DetectedPerson.py
Symlinking /home/az/arena_ws/devel/lib/python3/dist-packages/spencer_tracking_msgs/msg/_DetectedPersons.py
Symlinking /home/az/arena_ws/devel/lib/python3/dist-packages/spencer_tracking_msgs/msg/_TrackingTimingMetrics.py
Symlinking /home/az/arena_ws/devel/lib/python3/dist-packages/spencer_tracking_msgs/msg/_CompositeDetectedPerson.py
Symlinking /home/az/arena_ws/devel/lib/python3/dist-packages/spencer_tracking_msgs/msg/_TrackedPersons.py
Symlinking /home/az/arena_ws/devel/lib/python3/dist-packages/spencer_tracking_msgs/msg/_ImmDebugInfo.py
Symlinking /home/az/arena_ws/devel/lib/python3/dist-packages/spencer_tracking_msgs/msg/_TrackedGroup.py
Symlinking /home/az/arena_ws/devel/lib/python3/dist-packages/spencer_tracking_msgs/msg/_TrackedPerson2d.py
Symlinking /home/az/arena_ws/devel/lib/python3/dist-packages/spencer_tracking_msgs/msg/_TrackedPerson.py
Symlinking /home/az/arena_ws/devel/lib/python3/dist-packages/spencer_tracking_msgs/msg/_CompositeDetectedPersons.py
Symlinking /home/az/arena_ws/devel/lib/python3/dist-packages/spencer_tracking_msgs/srv/__init__.py
Symlinking /home/az/arena_ws/devel/lib/python3/dist-packages/spencer_tracking_msgs/srv/_GetPersonTrajectories.py
