[35m[1mScanning dependencies of target _spencer_tracking_msgs_generate_messages_check_deps_CompositeDetectedPerson[0m
[  0%] Built target _spencer_tracking_msgs_generate_messages_check_deps_CompositeDetectedPerson
[35m[1mScanning dependencies of target _spencer_tracking_msgs_generate_messages_check_deps_ImmDebugInfos[0m
[  0%] Built target _spencer_tracking_msgs_generate_messages_check_deps_ImmDebugInfos
[35m[1mScanning dependencies of target _spencer_tracking_msgs_generate_messages_check_deps_ImmDebugInfo[0m
[  0%] Built target _spencer_tracking_msgs_generate_messages_check_deps_ImmDebugInfo
[35m[1mScanning dependencies of target _spencer_tracking_msgs_generate_messages_check_deps_TrackedGroups[0m
[  0%] Built target _spencer_tracking_msgs_generate_messages_check_deps_TrackedGroups
[35m[1mScanning dependencies of target _spencer_tracking_msgs_generate_messages_check_deps_TrackedPerson2d[0m
[  0%] Built target _spencer_tracking_msgs_generate_messages_check_deps_TrackedPerson2d
[35m[1mScanning dependencies of target _spencer_tracking_msgs_generate_messages_check_deps_TrackedPersons[0m
[  0%] Built target _spencer_tracking_msgs_generate_messages_check_deps_TrackedPersons
[35m[1mScanning dependencies of target _spencer_tracking_msgs_generate_messages_check_deps_TrackedPerson[0m
[  0%] Built target _spencer_tracking_msgs_generate_messages_check_deps_TrackedPerson
[35m[1mScanning dependencies of target std_msgs_generate_messages_eus[0m
[  0%] Built target std_msgs_generate_messages_eus
[35m[1mScanning dependencies of target _spencer_tracking_msgs_generate_messages_check_deps_CompositeDetectedPersons[0m
[  0%] Built target _spencer_tracking_msgs_generate_messages_check_deps_CompositeDetectedPersons
[35m[1mScanning dependencies of target _spencer_tracking_msgs_generate_messages_check_deps_TrackedPersons2d[0m
[  0%] Built target _spencer_tracking_msgs_generate_messages_check_deps_TrackedPersons2d
[35m[1mScanning dependencies of target _spencer_tracking_msgs_generate_messages_check_deps_TrackedGroup[0m
[  0%] Built target _spencer_tracking_msgs_generate_messages_check_deps_TrackedGroup
[35m[1mScanning dependencies of target _spencer_tracking_msgs_generate_messages_check_deps_GetPersonTrajectories[0m
[  0%] Built target _spencer_tracking_msgs_generate_messages_check_deps_GetPersonTrajectories
[35m[1mScanning dependencies of target _spencer_tracking_msgs_generate_messages_check_deps_TrackingTimingMetrics[0m
[  0%] Built target _spencer_tracking_msgs_generate_messages_check_deps_TrackingTimingMetrics
[35m[1mScanning dependencies of target geometry_msgs_generate_messages_eus[0m
[  0%] Built target geometry_msgs_generate_messages_eus
[35m[1mScanning dependencies of target _spencer_tracking_msgs_generate_messages_check_deps_DetectedPerson[0m
[  0%] Built target _spencer_tracking_msgs_generate_messages_check_deps_DetectedPerson
[35m[1mScanning dependencies of target _spencer_tracking_msgs_generate_messages_check_deps_DetectedPersons[0m
[35m[1mScanning dependencies of target geometry_msgs_generate_messages_nodejs[0m
[  0%] Built target _spencer_tracking_msgs_generate_messages_check_deps_DetectedPersons
[  0%] Built target geometry_msgs_generate_messages_nodejs
[35m[1mScanning dependencies of target std_msgs_generate_messages_nodejs[0m
[35m[1mScanning dependencies of target geometry_msgs_generate_messages_lisp[0m
[  0%] Built target std_msgs_generate_messages_nodejs
[  0%] Built target geometry_msgs_generate_messages_lisp
[35m[1mScanning dependencies of target std_msgs_generate_messages_lisp[0m
[  0%] Built target std_msgs_generate_messages_lisp
[35m[1mScanning dependencies of target geometry_msgs_generate_messages_py[0m
[  0%] Built target geometry_msgs_generate_messages_py
[35m[1mScanning dependencies of target std_msgs_generate_messages_py[0m
[  0%] Built target std_msgs_generate_messages_py
[35m[1mScanning dependencies of target geometry_msgs_generate_messages_cpp[0m
[  0%] Built target geometry_msgs_generate_messages_cpp
[35m[1mScanning dependencies of target std_msgs_generate_messages_cpp[0m
[  0%] Built target std_msgs_generate_messages_cpp
[35m[1mScanning dependencies of target spencer_tracking_msgs_generate_messages_eus[0m
[  1%] [34m[1mGenerating EusLisp code from spencer_tracking_msgs/DetectedPerson.msg[0m
[  2%] [34m[1mGenerating EusLisp code from spencer_tracking_msgs/DetectedPersons.msg[0m
[  4%] [34m[1mGenerating EusLisp code from spencer_tracking_msgs/CompositeDetectedPerson.msg[0m
[  5%] [34m[1mGenerating EusLisp code from spencer_tracking_msgs/CompositeDetectedPersons.msg[0m
[  6%] [34m[1mGenerating EusLisp code from spencer_tracking_msgs/TrackedPerson.msg[0m
[  8%] [34m[1mGenerating EusLisp code from spencer_tracking_msgs/TrackedPersons.msg[0m
[  9%] [34m[1mGenerating EusLisp code from spencer_tracking_msgs/TrackedPerson2d.msg[0m
[ 10%] [34m[1mGenerating EusLisp code from spencer_tracking_msgs/TrackedPersons2d.msg[0m
[ 12%] [34m[1mGenerating EusLisp code from spencer_tracking_msgs/TrackedGroup.msg[0m
[ 13%] [34m[1mGenerating EusLisp code from spencer_tracking_msgs/TrackedGroups.msg[0m
[ 15%] [34m[1mGenerating EusLisp code from spencer_tracking_msgs/ImmDebugInfo.msg[0m
[ 16%] [34m[1mGenerating EusLisp code from spencer_tracking_msgs/ImmDebugInfos.msg[0m
[ 17%] [34m[1mGenerating EusLisp code from spencer_tracking_msgs/TrackingTimingMetrics.msg[0m
[ 19%] [34m[1mGenerating EusLisp code from spencer_tracking_msgs/GetPersonTrajectories.srv[0m
[ 20%] [34m[1mGenerating EusLisp manifest code for spencer_tracking_msgs[0m
WARNING: Package name "LfH" does not follow the naming conventions. It should start with a lower case letter and only contain lower case letters, digits, underscores, and dashes.
WARNING: Package name "gazebo_ros_2Dmap_plugin" does not follow the naming conventions. It should start with a lower case letter and only contain lower case letters, digits, underscores, and dashes.
WARNING: Package name "LfH" does not follow the naming conventions. It should start with a lower case letter and only contain lower case letters, digits, underscores, and dashes.
WARNING: Package name "gazebo_ros_2Dmap_plugin" does not follow the naming conventions. It should start with a lower case letter and only contain lower case letters, digits, underscores, and dashes.
[ 20%] Built target spencer_tracking_msgs_generate_messages_eus
[35m[1mScanning dependencies of target spencer_tracking_msgs_generate_messages_nodejs[0m
[ 21%] [34m[1mGenerating Javascript code from spencer_tracking_msgs/DetectedPerson.msg[0m
[ 23%] [34m[1mGenerating Javascript code from spencer_tracking_msgs/DetectedPersons.msg[0m
[ 24%] [34m[1mGenerating Javascript code from spencer_tracking_msgs/CompositeDetectedPerson.msg[0m
[ 26%] [34m[1mGenerating Javascript code from spencer_tracking_msgs/CompositeDetectedPersons.msg[0m
[ 27%] [34m[1mGenerating Javascript code from spencer_tracking_msgs/TrackedPerson.msg[0m
[ 28%] [34m[1mGenerating Javascript code from spencer_tracking_msgs/TrackedPersons.msg[0m
[ 30%] [34m[1mGenerating Javascript code from spencer_tracking_msgs/TrackedPerson2d.msg[0m
[ 31%] [34m[1mGenerating Javascript code from spencer_tracking_msgs/TrackedPersons2d.msg[0m
[ 32%] [34m[1mGenerating Javascript code from spencer_tracking_msgs/TrackedGroup.msg[0m
[ 34%] [34m[1mGenerating Javascript code from spencer_tracking_msgs/TrackedGroups.msg[0m
[35m[1mScanning dependencies of target spencer_tracking_msgs_generate_messages_lisp[0m
[ 35%] [34m[1mGenerating Lisp code from spencer_tracking_msgs/DetectedPerson.msg[0m
[ 36%] [34m[1mGenerating Javascript code from spencer_tracking_msgs/ImmDebugInfo.msg[0m
[ 38%] [34m[1mGenerating Javascript code from spencer_tracking_msgs/ImmDebugInfos.msg[0m
[ 39%] [34m[1mGenerating Lisp code from spencer_tracking_msgs/DetectedPersons.msg[0m
[ 41%] [34m[1mGenerating Lisp code from spencer_tracking_msgs/CompositeDetectedPerson.msg[0m
[ 42%] [34m[1mGenerating Javascript code from spencer_tracking_msgs/TrackingTimingMetrics.msg[0m
[ 43%] [34m[1mGenerating Lisp code from spencer_tracking_msgs/CompositeDetectedPersons.msg[0m
[ 45%] [34m[1mGenerating Javascript code from spencer_tracking_msgs/GetPersonTrajectories.srv[0m
[ 46%] [34m[1mGenerating Lisp code from spencer_tracking_msgs/TrackedPerson.msg[0m
[ 46%] Built target spencer_tracking_msgs_generate_messages_nodejs
[ 47%] [34m[1mGenerating Lisp code from spencer_tracking_msgs/TrackedPersons.msg[0m
[35m[1mScanning dependencies of target spencer_tracking_msgs_generate_messages_py[0m
[ 49%] [34m[1mGenerating Python from MSG spencer_tracking_msgs/DetectedPerson[0m
[ 50%] [34m[1mGenerating Lisp code from spencer_tracking_msgs/TrackedPerson2d.msg[0m
[ 52%] [34m[1mGenerating Lisp code from spencer_tracking_msgs/TrackedPersons2d.msg[0m
[ 53%] [34m[1mGenerating Python from MSG spencer_tracking_msgs/DetectedPersons[0m
[ 54%] [34m[1mGenerating Lisp code from spencer_tracking_msgs/TrackedGroup.msg[0m
[ 56%] [34m[1mGenerating Lisp code from spencer_tracking_msgs/TrackedGroups.msg[0m
[ 57%] [34m[1mGenerating Python from MSG spencer_tracking_msgs/CompositeDetectedPerson[0m
[ 58%] [34m[1mGenerating Lisp code from spencer_tracking_msgs/ImmDebugInfo.msg[0m
[ 60%] [34m[1mGenerating Lisp code from spencer_tracking_msgs/ImmDebugInfos.msg[0m
[ 61%] [34m[1mGenerating Lisp code from spencer_tracking_msgs/TrackingTimingMetrics.msg[0m
[ 63%] [34m[1mGenerating Python from MSG spencer_tracking_msgs/CompositeDetectedPersons[0m
[ 64%] [34m[1mGenerating Lisp code from spencer_tracking_msgs/GetPersonTrajectories.srv[0m
[ 64%] Built target spencer_tracking_msgs_generate_messages_lisp
[35m[1mScanning dependencies of target spencer_tracking_msgs_generate_messages_cpp[0m
[ 65%] [34m[1mGenerating C++ code from spencer_tracking_msgs/DetectedPerson.msg[0m
[ 67%] [34m[1mGenerating Python from MSG spencer_tracking_msgs/TrackedPerson[0m
[ 68%] [34m[1mGenerating C++ code from spencer_tracking_msgs/DetectedPersons.msg[0m
[ 69%] [34m[1mGenerating Python from MSG spencer_tracking_msgs/TrackedPersons[0m
[ 71%] [34m[1mGenerating C++ code from spencer_tracking_msgs/CompositeDetectedPerson.msg[0m
[ 72%] [34m[1mGenerating Python from MSG spencer_tracking_msgs/TrackedPerson2d[0m
[ 73%] [34m[1mGenerating C++ code from spencer_tracking_msgs/CompositeDetectedPersons.msg[0m
[ 75%] [34m[1mGenerating Python from MSG spencer_tracking_msgs/TrackedPersons2d[0m
[ 76%] [34m[1mGenerating C++ code from spencer_tracking_msgs/TrackedPerson.msg[0m
[ 78%] [34m[1mGenerating Python from MSG spencer_tracking_msgs/TrackedGroup[0m
[ 79%] [34m[1mGenerating C++ code from spencer_tracking_msgs/TrackedPersons.msg[0m
[ 80%] [34m[1mGenerating Python from MSG spencer_tracking_msgs/TrackedGroups[0m
[ 82%] [34m[1mGenerating C++ code from spencer_tracking_msgs/TrackedPerson2d.msg[0m
[ 83%] [34m[1mGenerating Python from MSG spencer_tracking_msgs/ImmDebugInfo[0m
[ 84%] [34m[1mGenerating C++ code from spencer_tracking_msgs/TrackedPersons2d.msg[0m
[ 86%] [34m[1mGenerating Python from MSG spencer_tracking_msgs/ImmDebugInfos[0m
[ 87%] [34m[1mGenerating C++ code from spencer_tracking_msgs/TrackedGroup.msg[0m
[ 89%] [34m[1mGenerating Python from MSG spencer_tracking_msgs/TrackingTimingMetrics[0m
[ 90%] [34m[1mGenerating C++ code from spencer_tracking_msgs/TrackedGroups.msg[0m
[ 91%] [34m[1mGenerating Python code from SRV spencer_tracking_msgs/GetPersonTrajectories[0m
[ 93%] [34m[1mGenerating C++ code from spencer_tracking_msgs/ImmDebugInfo.msg[0m
[ 94%] [34m[1mGenerating Python msg __init__.py for spencer_tracking_msgs[0m
[ 95%] [34m[1mGenerating C++ code from spencer_tracking_msgs/ImmDebugInfos.msg[0m
[ 97%] [34m[1mGenerating C++ code from spencer_tracking_msgs/TrackingTimingMetrics.msg[0m
[ 98%] [34m[1mGenerating Python srv __init__.py for spencer_tracking_msgs[0m
[100%] [34m[1mGenerating C++ code from spencer_tracking_msgs/GetPersonTrajectories.srv[0m
[100%] Built target spencer_tracking_msgs_generate_messages_py
[100%] Built target spencer_tracking_msgs_generate_messages_cpp
[35m[1mScanning dependencies of target spencer_tracking_msgs_generate_messages[0m
[100%] Built target spencer_tracking_msgs_generate_messages
