[35m[1mScanning dependencies of target dynamic_gap[0m
[  5%] [32mBuilding CXX object CMakeFiles/dynamic_gap.dir/src/config/DynamicGapConfig.cpp.o[0m
[ 10%] [32mBuilding CXX object CMakeFiles/dynamic_gap.dir/src/gap_detection/GapDetector.cpp.o[0m
[ 15%] [32mBuilding CXX object CMakeFiles/dynamic_gap.dir/src/gap_estimation/GapAssociator.cpp.o[0m
[ 21%] [32mBuilding CXX object CMakeFiles/dynamic_gap.dir/src/gap_estimation/PerfectEstimator.cpp.o[0m
[ 26%] [32mBuilding CXX object CMakeFiles/dynamic_gap.dir/src/gap_estimation/RotatingFrameCartesianKalmanFilter.cpp.o[0m
[ 31%] [32mBuilding CXX object CMakeFiles/dynamic_gap.dir/src/gap_feasibility/GapFeasibilityChecker.cpp.o[0m
[ 36%] [32mBuilding CXX object CMakeFiles/dynamic_gap.dir/src/global_plan_management/GlobalPlanManager.cpp.o[0m
[ 42%] [32mBuilding CXX object CMakeFiles/dynamic_gap.dir/src/scan_processing/DynamicScanPropagator.cpp.o[0m
[ 47%] [32mBuilding CXX object CMakeFiles/dynamic_gap.dir/src/trajectory_generation/GapTrajectoryGenerator.cpp.o[0m
[ 52%] [32mBuilding CXX object CMakeFiles/dynamic_gap.dir/src/trajectory_generation/GapManipulator.cpp.o[0m
[01m[K/home/az/github_may_messed_it_up_20250124arena_try_get_rel_vel_work/arena_ws/src/planners/dynamic_gap/src/trajectory_generation/GapTrajectoryGenerator.cpp:[m[K In member function ‘[01m[Kdynamic_gap::Trajectory dynamic_gap::GapTrajectoryGenerator::generateTrajectory(dynamic_gap::Gap*, const PoseStamped&, const TwistStamped&, const PoseStamped&, const bool&)[m[K’:
[01m[K/home/az/github_may_messed_it_up_20250124arena_try_get_rel_vel_work/arena_ws/src/planners/dynamic_gap/src/trajectory_generation/GapTrajectoryGenerator.cpp:44:76:[m[K [01;35m[Kwarning: [m[Knarrowing conversion of ‘[01m[K(geometry_msgs::Point_<std::allocator<void> >::_x_type)globalGoalRobotFrame.geometry_msgs::PoseStamped_<std::allocator<void> >::pose.geometry_msgs::Pose_<std::allocator<void> >::position.geometry_msgs::Point_<std::allocator<void> >::x[m[K’ from ‘[01m[Kgeometry_msgs::Point_<std::allocator<void> >::_x_type[m[K’ {aka ‘[01m[Kdouble[m[K’} to ‘[01m[Kfloat[m[K’ [[01;35m[K-Wnarrowing[m[K]
   44 |                                         [01;35m[KglobalGoalRobotFrame.pose.position.x[m[K, globalGoalRobotFrame.pose.position.y};
      |                                         [01;35m[K~~~~~~~~~~~~~~~~~~~~~~~~~~~~~~~~~~~^[m[K
[01m[K/home/az/github_may_messed_it_up_20250124arena_try_get_rel_vel_work/arena_ws/src/planners/dynamic_gap/src/trajectory_generation/GapTrajectoryGenerator.cpp:44:114:[m[K [01;35m[Kwarning: [m[Knarrowing conversion of ‘[01m[K(geometry_msgs::Point_<std::allocator<void> >::_y_type)globalGoalRobotFrame.geometry_msgs::PoseStamped_<std::allocator<void> >::pose.geometry_msgs::Pose_<std::allocator<void> >::position.geometry_msgs::Point_<std::allocator<void> >::y[m[K’ from ‘[01m[Kgeometry_msgs::Point_<std::allocator<void> >::_y_type[m[K’ {aka ‘[01m[Kdouble[m[K’} to ‘[01m[Kfloat[m[K’ [[01;35m[K-Wnarrowing[m[K]
   44 |                                         globalGoalRobotFrame.pose.position.x, [01;35m[KglobalGoalRobotFrame.pose.position.y[m[K};
      |                                                                               [01;35m[K~~~~~~~~~~~~~~~~~~~~~~~~~~~~~~~~~~~^[m[K
[ 57%] [32mBuilding CXX object CMakeFiles/dynamic_gap.dir/src/trajectory_evaluation/TrajectoryEvaluator.cpp.o[0m
[ 63%] [32mBuilding CXX object CMakeFiles/dynamic_gap.dir/src/trajectory_tracking/TrajectoryController.cpp.o[0m
[ 68%] [32mBuilding CXX object CMakeFiles/dynamic_gap.dir/src/utils/Utils.cpp.o[0m
[ 73%] [32mBuilding CXX object CMakeFiles/dynamic_gap.dir/src/visualization/GapVisualizer.cpp.o[0m
[ 78%] [32mBuilding CXX object CMakeFiles/dynamic_gap.dir/src/visualization/GoalVisualizer.cpp.o[0m
[ 84%] [32mBuilding CXX object CMakeFiles/dynamic_gap.dir/src/visualization/TrajectoryVisualizer.cpp.o[0m
[ 89%] [32mBuilding CXX object CMakeFiles/dynamic_gap.dir/src/Planner.cpp.o[0m
[ 94%] [32mBuilding CXX object CMakeFiles/dynamic_gap.dir/src/DynamicGapPlanner.cpp.o[0m
[100%] [32m[1mLinking CXX shared library /home/az/github_may_messed_it_up_20250124arena_try_get_rel_vel_work/arena_ws/devel/.private/dynamic_gap/lib/libdynamic_gap.so[0m
[100%] Built target dynamic_gap
