[01m[K/home/az/arena_ws/src/planners/dynamic_gap/src/gap_estimation/PerfectEstimator.cpp:179:21:[m[K [01;31m[Kerror: [m[Kno declaration matches ‘[01m[KEigen::Vector4f dynamic_gap::PerfectEstimator::getState()[m[K’
  179 |     Eigen::Vector4f [01;31m[KPerfectEstimator[m[K::getState()
      |                     [01;31m[K^~~~~~~~~~~~~~~~[m[K
In file included from [01m[K/home/az/arena_ws/src/planners/dynamic_gap/src/gap_estimation/PerfectEstimator.cpp:1[m[K:
[01m[K/home/az/arena_ws/src/planners/dynamic_gap/include/dynamic_gap/gap_estimation/PerfectEstimator.h:53:29:[m[K [01;36m[Knote: [m[Kcandidate is: ‘[01m[Kvirtual Eigen::VectorXf dynamic_gap::PerfectEstimator::getState()[m[K’
   53 |             Eigen::VectorXf [01;36m[KgetState[m[K();
      |                             [01;36m[K^~~~~~~~[m[K
In file included from [01m[K/home/az/arena_ws/src/planners/dynamic_gap/src/gap_estimation/PerfectEstimator.cpp:1[m[K:
[01m[K/home/az/arena_ws/src/planners/dynamic_gap/include/dynamic_gap/gap_estimation/PerfectEstimator.h:25:11:[m[K [01;36m[Knote: [m[K‘[01m[Kclass dynamic_gap::PerfectEstimator[m[K’ defined here
   25 |     class [01;36m[KPerfectEstimator[m[K : public Estimator
      |           [01;36m[K^~~~~~~~~~~~~~~~[m[K
make[2]: *** [CMakeFiles/dynamic_gap.dir/build.make:102: CMakeFiles/dynamic_gap.dir/src/gap_estimation/PerfectEstimator.cpp.o] Error 1
make[2]: *** Waiting for unfinished jobs....
[01m[K/home/az/arena_ws/src/planners/dynamic_gap/src/trajectory_generation/GapTrajectoryGenerator.cpp:[m[K In member function ‘[01m[Kdynamic_gap::Trajectory dynamic_gap::GapTrajectoryGenerator::generateTrajectory(dynamic_gap::Gap*, const PoseStamped&, const TwistStamped&, const PoseStamped&, const bool&)[m[K’:
[01m[K/home/az/arena_ws/src/planners/dynamic_gap/src/trajectory_generation/GapTrajectoryGenerator.cpp:44:76:[m[K [01;35m[Kwarning: [m[Knarrowing conversion of ‘[01m[K(geometry_msgs::Point_<std::allocator<void> >::_x_type)globalGoalRobotFrame.geometry_msgs::PoseStamped_<std::allocator<void> >::pose.geometry_msgs::Pose_<std::allocator<void> >::position.geometry_msgs::Point_<std::allocator<void> >::x[m[K’ from ‘[01m[Kgeometry_msgs::Point_<std::allocator<void> >::_x_type[m[K’ {aka ‘[01m[Kdouble[m[K’} to ‘[01m[Kfloat[m[K’ [[01;35m[K-Wnarrowing[m[K]
   44 |                                         [01;35m[KglobalGoalRobotFrame.pose.position.x[m[K, globalGoalRobotFrame.pose.position.y};
      |                                         [01;35m[K~~~~~~~~~~~~~~~~~~~~~~~~~~~~~~~~~~~^[m[K
[01m[K/home/az/arena_ws/src/planners/dynamic_gap/src/trajectory_generation/GapTrajectoryGenerator.cpp:44:114:[m[K [01;35m[Kwarning: [m[Knarrowing conversion of ‘[01m[K(geometry_msgs::Point_<std::allocator<void> >::_y_type)globalGoalRobotFrame.geometry_msgs::PoseStamped_<std::allocator<void> >::pose.geometry_msgs::Pose_<std::allocator<void> >::position.geometry_msgs::Point_<std::allocator<void> >::y[m[K’ from ‘[01m[Kgeometry_msgs::Point_<std::allocator<void> >::_y_type[m[K’ {aka ‘[01m[Kdouble[m[K’} to ‘[01m[Kfloat[m[K’ [[01;35m[K-Wnarrowing[m[K]
   44 |                                         globalGoalRobotFrame.pose.position.x, [01;35m[KglobalGoalRobotFrame.pose.position.y[m[K};
      |                                                                               [01;35m[K~~~~~~~~~~~~~~~~~~~~~~~~~~~~~~~~~~~^[m[K
make[1]: *** [CMakeFiles/Makefile2:1628: CMakeFiles/dynamic_gap.dir/all] Error 2
make: *** [Makefile:141: all] Error 2
