[35m[1mScanning dependencies of target _rosnav_generate_messages_check_deps_GetAction[0m
[  0%] Built target _rosnav_generate_messages_check_deps_GetAction
[35m[1mScanning dependencies of target _rosnav_generate_messages_check_deps_ResetStackedObs[0m
[  0%] Built target _rosnav_generate_messages_check_deps_ResetStackedObs
[35m[1mScanning dependencies of target rosnav_generate_messages_nodejs[0m
[  7%] [34m[1mGenerating Javascript code from rosnav/ResetStackedObs.msg[0m
[ 15%] [34m[1mGenerating Javascript code from rosnav/GetAction.srv[0m
[ 15%] Built target rosnav_generate_messages_nodejs
[35m[1mScanning dependencies of target rosnav_generate_messages_eus[0m
[ 23%] [34m[1mGenerating EusLisp code from rosnav/ResetStackedObs.msg[0m
[ 30%] [34m[1mGenerating EusLisp code from rosnav/GetAction.srv[0m
[ 38%] [34m[1mGenerating EusLisp manifest code for rosnav[0m
WARNING: Package name "LfH" does not follow the naming conventions. It should start with a lower case letter and only contain lower case letters, digits, underscores, and dashes.
WARNING: Package name "gazebo_ros_2Dmap_plugin" does not follow the naming conventions. It should start with a lower case letter and only contain lower case letters, digits, underscores, and dashes.
WARNING: Package name "LfH" does not follow the naming conventions. It should start with a lower case letter and only contain lower case letters, digits, underscores, and dashes.
WARNING: Package name "gazebo_ros_2Dmap_plugin" does not follow the naming conventions. It should start with a lower case letter and only contain lower case letters, digits, underscores, and dashes.
[ 38%] Built target rosnav_generate_messages_eus
[35m[1mScanning dependencies of target rosnav_generate_messages_py[0m
[ 46%] [34m[1mGenerating Python from MSG rosnav/ResetStackedObs[0m
[ 53%] [34m[1mGenerating Python code from SRV rosnav/GetAction[0m
[ 61%] [34m[1mGenerating Python msg __init__.py for rosnav[0m
[ 69%] [34m[1mGenerating Python srv __init__.py for rosnav[0m
[ 69%] Built target rosnav_generate_messages_py
[35m[1mScanning dependencies of target rosnav_generate_messages_cpp[0m
[ 76%] [34m[1mGenerating C++ code from rosnav/ResetStackedObs.msg[0m
[ 84%] [34m[1mGenerating C++ code from rosnav/GetAction.srv[0m
[ 84%] Built target rosnav_generate_messages_cpp
[35m[1mScanning dependencies of target rosnav_generate_messages_lisp[0m
[ 92%] [34m[1mGenerating Lisp code from rosnav/ResetStackedObs.msg[0m
[100%] [34m[1mGenerating Lisp code from rosnav/GetAction.srv[0m
[100%] Built target rosnav_generate_messages_lisp
[35m[1mScanning dependencies of target rosnav_generate_messages[0m
[100%] Built target rosnav_generate_messages
