Symlinking /home/az/arena_ws/devel/share/rosnav/cmake/rosnav-msg-extras.cmake
Symlinking /home/az/arena_ws/devel/share/rosnav/cmake/rosnav-msg-paths.cmake
Symlinking /home/az/arena_ws/devel/share/rosnav/cmake/rosnavConfig-version.cmake
Symlinking /home/az/arena_ws/devel/share/rosnav/cmake/rosnavConfig.cmake
Symlinking /home/az/arena_ws/devel/share/roseus/ros/rosnav/manifest.l
Symlinking /home/az/arena_ws/devel/share/roseus/ros/rosnav/msg/ResetStackedObs.l
Symlinking /home/az/arena_ws/devel/share/roseus/ros/rosnav/srv/GetAction.l
Symlinking /home/az/arena_ws/devel/share/common-lisp/ros/rosnav/msg/_package.lisp
Symlinking /home/az/arena_ws/devel/share/common-lisp/ros/rosnav/msg/ResetStackedObs.lisp
Symlinking /home/az/arena_ws/devel/share/common-lisp/ros/rosnav/msg/rosnav-msg.asd
Symlinking /home/az/arena_ws/devel/share/common-lisp/ros/rosnav/msg/_package_ResetStackedObs.lisp
Symlinking /home/az/arena_ws/devel/share/common-lisp/ros/rosnav/srv/rosnav-srv.asd
Symlinking /home/az/arena_ws/devel/share/common-lisp/ros/rosnav/srv/_package.lisp
Symlinking /home/az/arena_ws/devel/share/common-lisp/ros/rosnav/srv/_package_GetAction.lisp
Symlinking /home/az/arena_ws/devel/share/common-lisp/ros/rosnav/srv/GetAction.lisp
Symlinking /home/az/arena_ws/devel/share/gennodejs/ros/rosnav/_index.js
Symlinking /home/az/arena_ws/devel/share/gennodejs/ros/rosnav/msg/_index.js
Symlinking /home/az/arena_ws/devel/share/gennodejs/ros/rosnav/msg/ResetStackedObs.js
Symlinking /home/az/arena_ws/devel/share/gennodejs/ros/rosnav/srv/_index.js
Symlinking /home/az/arena_ws/devel/share/gennodejs/ros/rosnav/srv/GetAction.js
Symlinking /home/az/arena_ws/devel/include/rosnav/GetActionResponse.h
Symlinking /home/az/arena_ws/devel/include/rosnav/GetAction.h
Symlinking /home/az/arena_ws/devel/include/rosnav/GetActionRequest.h
Symlinking /home/az/arena_ws/devel/include/rosnav/ResetStackedObs.h
Symlinking /home/az/arena_ws/devel/lib/pkgconfig/rosnav.pc
Symlinking /home/az/arena_ws/devel/lib/rosnav/cmake.lock
Symlinking /home/az/arena_ws/devel/lib/rosnav/rosnav_node.py
Symlinking /home/az/arena_ws/devel/lib/python3/dist-packages/rosnav/__init__.py
Symlinking /home/az/arena_ws/devel/lib/python3/dist-packages/rosnav/msg/__init__.py
Symlinking /home/az/arena_ws/devel/lib/python3/dist-packages/rosnav/msg/_ResetStackedObs.py
Symlinking /home/az/arena_ws/devel/lib/python3/dist-packages/rosnav/srv/__init__.py
Symlinking /home/az/arena_ws/devel/lib/python3/dist-packages/rosnav/srv/_GetAction.py
