[35m[1mScanning dependencies of target tf2_msgs_generate_messages_lisp[0m
[35m[1mScanning dependencies of target shortsighted_inter_gencfg[0m
[ 33%] [34m[1mGenerating dynamic reconfigure files from cfg/ShortsightedInter.cfg: /home/az/github_may_messed_it_up_20250124arena_try_get_rel_vel_work/arena_ws/devel/.private/shortsighted_inter/include/shortsighted_inter/ShortsightedInterConfig.h /home/az/github_may_messed_it_up_20250124arena_try_get_rel_vel_work/arena_ws/devel/.private/shortsighted_inter/lib/python3/dist-packages/shortsighted_inter/cfg/ShortsightedInterConfig.py[0m
[ 33%] Built target tf2_msgs_generate_messages_lisp
[35m[1mScanning dependencies of target pedsim_msgs_generate_messages_cpp[0m
[35m[1mScanning dependencies of target visualization_msgs_generate_messages_nodejs[0m
[ 33%] Built target pedsim_msgs_generate_messages_cpp
[ 33%] Built target visualization_msgs_generate_messages_nodejs
[35m[1mScanning dependencies of target visualization_msgs_generate_messages_lisp[0m
[35m[1mScanning dependencies of target map_msgs_generate_messages_nodejs[0m
[ 33%] Built target map_msgs_generate_messages_nodejs
[ 33%] Built target visualization_msgs_generate_messages_lisp
[35m[1mScanning dependencies of target map_msgs_generate_messages_lisp[0m
[35m[1mScanning dependencies of target map_msgs_generate_messages_cpp[0m
[ 33%] Built target map_msgs_generate_messages_lisp
Generating reconfiguration files for ShortsightedInter in shortsighted_inter
Wrote header file in /home/az/github_may_messed_it_up_20250124arena_try_get_rel_vel_work/arena_ws/devel/.private/shortsighted_inter/include/shortsighted_inter/ShortsightedInterConfig.h
[ 33%] Built target map_msgs_generate_messages_cpp
[35m[1mScanning dependencies of target dynamic_reconfigure_gencfg[0m
[35m[1mScanning dependencies of target dynamic_reconfigure_generate_messages_cpp[0m
[ 33%] Built target dynamic_reconfigure_gencfg
[ 33%] Built target dynamic_reconfigure_generate_messages_cpp
[35m[1mScanning dependencies of target costmap_2d_gencfg[0m
[35m[1mScanning dependencies of target costmap_2d_generate_messages_py[0m
[ 33%] Built target costmap_2d_gencfg
[ 33%] Built target costmap_2d_generate_messages_py
[35m[1mScanning dependencies of target costmap_2d_generate_messages_cpp[0m
[ 33%] Built target shortsighted_inter_gencfg
[35m[1mScanning dependencies of target dynamic_reconfigure_generate_messages_nodejs[0m
[ 33%] Built target costmap_2d_generate_messages_cpp
[35m[1mScanning dependencies of target tf2_msgs_generate_messages_py[0m
[ 33%] Built target dynamic_reconfigure_generate_messages_nodejs
[35m[1mScanning dependencies of target tf2_msgs_generate_messages_nodejs[0m
[ 33%] Built target tf2_msgs_generate_messages_py
[35m[1mScanning dependencies of target map_msgs_generate_messages_eus[0m
[ 33%] Built target tf2_msgs_generate_messages_nodejs
[35m[1mScanning dependencies of target _catkin_empty_exported_target[0m
[ 33%] Built target map_msgs_generate_messages_eus
[35m[1mScanning dependencies of target costmap_2d_generate_messages_lisp[0m
[ 33%] Built target _catkin_empty_exported_target
[35m[1mScanning dependencies of target roscpp_generate_messages_lisp[0m
[ 33%] Built target costmap_2d_generate_messages_lisp
[35m[1mScanning dependencies of target actionlib_generate_messages_lisp[0m
[ 33%] Built target roscpp_generate_messages_lisp
[35m[1mScanning dependencies of target actionlib_msgs_generate_messages_py[0m
[ 33%] Built target actionlib_generate_messages_lisp
[35m[1mScanning dependencies of target rosgraph_msgs_generate_messages_nodejs[0m
[ 33%] Built target actionlib_msgs_generate_messages_py
[35m[1mScanning dependencies of target pedsim_msgs_generate_messages_lisp[0m
[ 33%] Built target rosgraph_msgs_generate_messages_nodejs
[35m[1mScanning dependencies of target actionlib_generate_messages_cpp[0m
[ 33%] Built target pedsim_msgs_generate_messages_lisp
[35m[1mScanning dependencies of target actionlib_generate_messages_py[0m
[ 33%] Built target actionlib_generate_messages_cpp
[35m[1mScanning dependencies of target nav_msgs_generate_messages_eus[0m
[ 33%] Built target actionlib_generate_messages_py
[35m[1mScanning dependencies of target mbf_msgs_generate_messages_py[0m
[ 33%] Built target nav_msgs_generate_messages_eus
[35m[1mScanning dependencies of target mbf_msgs_generate_messages_nodejs[0m
[ 33%] Built target mbf_msgs_generate_messages_py
[35m[1mScanning dependencies of target mbf_msgs_generate_messages_cpp[0m
[ 33%] Built target mbf_msgs_generate_messages_nodejs
[35m[1mScanning dependencies of target dynamic_reconfigure_generate_messages_eus[0m
[ 33%] Built target mbf_msgs_generate_messages_cpp
[35m[1mScanning dependencies of target geometry_msgs_generate_messages_nodejs[0m
[ 33%] Built target dynamic_reconfigure_generate_messages_eus
[35m[1mScanning dependencies of target pedsim_msgs_generate_messages_nodejs[0m
[ 33%] Built target geometry_msgs_generate_messages_nodejs
[35m[1mScanning dependencies of target nav_msgs_generate_messages_lisp[0m
[35m[1mScanning dependencies of target visualization_msgs_generate_messages_eus[0m
[ 33%] Built target pedsim_msgs_generate_messages_nodejs
[ 33%] Built target nav_msgs_generate_messages_lisp
[ 33%] Built target visualization_msgs_generate_messages_eus
[35m[1mScanning dependencies of target nav_msgs_generate_messages_cpp[0m
[35m[1mScanning dependencies of target geometry_msgs_generate_messages_py[0m
[35m[1mScanning dependencies of target rosgraph_msgs_generate_messages_eus[0m
[ 33%] Built target nav_msgs_generate_messages_cpp
[ 33%] Built target geometry_msgs_generate_messages_py
[ 33%] Built target rosgraph_msgs_generate_messages_eus
[35m[1mScanning dependencies of target map_msgs_generate_messages_py[0m
[ 33%] Built target map_msgs_generate_messages_py
[35m[1mScanning dependencies of target mbf_msgs_generate_messages_lisp[0m
[35m[1mScanning dependencies of target visualization_msgs_generate_messages_py[0m
[35m[1mScanning dependencies of target mbf_msgs_generate_messages_eus[0m
[ 33%] Built target mbf_msgs_generate_messages_lisp
[ 33%] Built target visualization_msgs_generate_messages_py
[ 33%] Built target mbf_msgs_generate_messages_eus
[35m[1mScanning dependencies of target geometry_msgs_generate_messages_eus[0m
[35m[1mScanning dependencies of target std_msgs_generate_messages_nodejs[0m
[35m[1mScanning dependencies of target dynamic_reconfigure_generate_messages_py[0m
[ 33%] Built target geometry_msgs_generate_messages_eus
[ 33%] Built target dynamic_reconfigure_generate_messages_py
[ 33%] Built target std_msgs_generate_messages_nodejs
[35m[1mScanning dependencies of target actionlib_msgs_generate_messages_eus[0m
[35m[1mScanning dependencies of target std_msgs_generate_messages_cpp[0m
[35m[1mScanning dependencies of target rosgraph_msgs_generate_messages_py[0m
[ 33%] Built target actionlib_msgs_generate_messages_eus
[ 33%] Built target std_msgs_generate_messages_cpp
[ 33%] Built target rosgraph_msgs_generate_messages_py
[35m[1mScanning dependencies of target tf_generate_messages_eus[0m
[35m[1mScanning dependencies of target rosgraph_msgs_generate_messages_lisp[0m
[35m[1mScanning dependencies of target dynamic_reconfigure_generate_messages_lisp[0m
[ 33%] Built target rosgraph_msgs_generate_messages_lisp
[ 33%] Built target tf_generate_messages_eus
[ 33%] Built target dynamic_reconfigure_generate_messages_lisp
[35m[1mScanning dependencies of target tf2_msgs_generate_messages_cpp[0m
[35m[1mScanning dependencies of target geometry_msgs_generate_messages_lisp[0m
[35m[1mScanning dependencies of target tf_generate_messages_cpp[0m
[ 33%] Built target tf2_msgs_generate_messages_cpp
[35m[1mScanning dependencies of target actionlib_msgs_generate_messages_cpp[0m
[ 33%] Built target tf_generate_messages_cpp
[ 33%] Built target geometry_msgs_generate_messages_lisp
[35m[1mScanning dependencies of target costmap_2d_generate_messages_nodejs[0m
[ 33%] Built target actionlib_msgs_generate_messages_cpp
[35m[1mScanning dependencies of target std_msgs_generate_messages_lisp[0m
[ 33%] Built target costmap_2d_generate_messages_nodejs
[35m[1mScanning dependencies of target std_msgs_generate_messages_py[0m
[ 33%] Built target std_msgs_generate_messages_lisp
[ 33%] Built target std_msgs_generate_messages_py
[35m[1mScanning dependencies of target costmap_2d_generate_messages_eus[0m
[35m[1mScanning dependencies of target geometry_msgs_generate_messages_cpp[0m
[35m[1mScanning dependencies of target roscpp_generate_messages_cpp[0m
[ 33%] Built target costmap_2d_generate_messages_eus
[ 33%] Built target geometry_msgs_generate_messages_cpp
[ 33%] Built target roscpp_generate_messages_cpp
[35m[1mScanning dependencies of target roscpp_generate_messages_eus[0m
[35m[1mScanning dependencies of target pedsim_msgs_generate_messages_py[0m
[ 33%] Built target roscpp_generate_messages_eus
[35m[1mScanning dependencies of target sensor_msgs_generate_messages_py[0m
[ 33%] Built target pedsim_msgs_generate_messages_py
[ 33%] Built target sensor_msgs_generate_messages_py
[35m[1mScanning dependencies of target tf2_msgs_generate_messages_eus[0m
[35m[1mScanning dependencies of target roscpp_generate_messages_nodejs[0m
[35m[1mScanning dependencies of target roscpp_generate_messages_py[0m
[ 33%] Built target tf2_msgs_generate_messages_eus
[ 33%] Built target roscpp_generate_messages_nodejs
[ 33%] Built target roscpp_generate_messages_py
[35m[1mScanning dependencies of target actionlib_msgs_generate_messages_nodejs[0m
[35m[1mScanning dependencies of target std_msgs_generate_messages_eus[0m
[ 33%] Built target actionlib_msgs_generate_messages_nodejs
[35m[1mScanning dependencies of target actionlib_msgs_generate_messages_lisp[0m
[ 33%] Built target std_msgs_generate_messages_eus
[35m[1mScanning dependencies of target tf_generate_messages_py[0m
[35m[1mScanning dependencies of target actionlib_generate_messages_eus[0m
[ 33%] Built target actionlib_msgs_generate_messages_lisp
[ 33%] Built target tf_generate_messages_py
[ 33%] Built target actionlib_generate_messages_eus
[35m[1mScanning dependencies of target rosgraph_msgs_generate_messages_cpp[0m
[35m[1mScanning dependencies of target nav_msgs_generate_messages_py[0m
[ 33%] Built target rosgraph_msgs_generate_messages_cpp
[35m[1mScanning dependencies of target tf_generate_messages_lisp[0m
[ 33%] Built target nav_msgs_generate_messages_py
[35m[1mScanning dependencies of target tf_generate_messages_nodejs[0m
[35m[1mScanning dependencies of target nav_msgs_generate_messages_nodejs[0m
[ 33%] Built target tf_generate_messages_lisp
[ 33%] Built target tf_generate_messages_nodejs
[35m[1mScanning dependencies of target sensor_msgs_generate_messages_cpp[0m
[ 33%] Built target nav_msgs_generate_messages_nodejs
[35m[1mScanning dependencies of target visualization_msgs_generate_messages_cpp[0m
[ 33%] Built target sensor_msgs_generate_messages_cpp
[35m[1mScanning dependencies of target sensor_msgs_generate_messages_eus[0m
[ 33%] Built target visualization_msgs_generate_messages_cpp
[ 33%] Built target sensor_msgs_generate_messages_eus
[35m[1mScanning dependencies of target sensor_msgs_generate_messages_lisp[0m
[35m[1mScanning dependencies of target sensor_msgs_generate_messages_nodejs[0m
[ 33%] Built target sensor_msgs_generate_messages_lisp
[35m[1mScanning dependencies of target actionlib_generate_messages_nodejs[0m
[ 33%] Built target sensor_msgs_generate_messages_nodejs
[ 33%] Built target actionlib_generate_messages_nodejs
[35m[1mScanning dependencies of target pedsim_msgs_generate_messages_eus[0m
[ 33%] Built target pedsim_msgs_generate_messages_eus
[35m[1mScanning dependencies of target shortsighted_inter[0m
[ 66%] [32mBuilding CXX object CMakeFiles/shortsighted_inter.dir/src/shortsighted_inter.cpp.o[0m
[100%] [32m[1mLinking CXX shared library /home/az/github_may_messed_it_up_20250124arena_try_get_rel_vel_work/arena_ws/devel/.private/shortsighted_inter/lib/libshortsighted_inter.so[0m
[100%] Built target shortsighted_inter
