[35m[1mScanning dependencies of target _mpc_local_planner_msgs_generate_messages_check_deps_StateFeedback[0m
[  0%] Built target _mpc_local_planner_msgs_generate_messages_check_deps_StateFeedback
[35m[1mScanning dependencies of target _mpc_local_planner_msgs_generate_messages_check_deps_OptimalControlResult[0m
[  0%] Built target _mpc_local_planner_msgs_generate_messages_check_deps_OptimalControlResult
[35m[1mScanning dependencies of target std_msgs_generate_messages_py[0m
[  0%] Built target std_msgs_generate_messages_py
[35m[1mScanning dependencies of target std_msgs_generate_messages_nodejs[0m
[  0%] Built target std_msgs_generate_messages_nodejs
[35m[1mScanning dependencies of target std_msgs_generate_messages_lisp[0m
[  0%] Built target std_msgs_generate_messages_lisp
[35m[1mScanning dependencies of target std_msgs_generate_messages_eus[0m
[  0%] Built target std_msgs_generate_messages_eus
[35m[1mScanning dependencies of target std_msgs_generate_messages_cpp[0m
[  0%] Built target std_msgs_generate_messages_cpp
[35m[1mScanning dependencies of target mpc_local_planner_msgs_generate_messages_py[0m
[  8%] [34m[1mGenerating Python from MSG mpc_local_planner_msgs/StateFeedback[0m
[ 16%] [34m[1mGenerating Python from MSG mpc_local_planner_msgs/OptimalControlResult[0m
[ 25%] [34m[1mGenerating Python msg __init__.py for mpc_local_planner_msgs[0m
[ 25%] Built target mpc_local_planner_msgs_generate_messages_py
[35m[1mScanning dependencies of target mpc_local_planner_msgs_generate_messages_nodejs[0m
[ 33%] [34m[1mGenerating Javascript code from mpc_local_planner_msgs/StateFeedback.msg[0m
[35m[1mScanning dependencies of target mpc_local_planner_msgs_generate_messages_lisp[0m
[ 41%] [34m[1mGenerating Lisp code from mpc_local_planner_msgs/StateFeedback.msg[0m
[ 50%] [34m[1mGenerating Javascript code from mpc_local_planner_msgs/OptimalControlResult.msg[0m
[ 58%] [34m[1mGenerating Lisp code from mpc_local_planner_msgs/OptimalControlResult.msg[0m
[ 58%] Built target mpc_local_planner_msgs_generate_messages_nodejs
[35m[1mScanning dependencies of target mpc_local_planner_msgs_generate_messages_eus[0m
[ 66%] [34m[1mGenerating EusLisp code from mpc_local_planner_msgs/StateFeedback.msg[0m
[ 66%] Built target mpc_local_planner_msgs_generate_messages_lisp
[35m[1mScanning dependencies of target mpc_local_planner_msgs_generate_messages_cpp[0m
[ 75%] [34m[1mGenerating C++ code from mpc_local_planner_msgs/StateFeedback.msg[0m
[ 83%] [34m[1mGenerating EusLisp code from mpc_local_planner_msgs/OptimalControlResult.msg[0m
[ 91%] [34m[1mGenerating C++ code from mpc_local_planner_msgs/OptimalControlResult.msg[0m
[100%] [34m[1mGenerating EusLisp manifest code for mpc_local_planner_msgs[0m
[100%] Built target mpc_local_planner_msgs_generate_messages_cpp
WARNING: Package name "LfH" does not follow the naming conventions. It should start with a lower case letter and only contain lower case letters, digits, underscores, and dashes.
WARNING: Package name "gazebo_ros_2Dmap_plugin" does not follow the naming conventions. It should start with a lower case letter and only contain lower case letters, digits, underscores, and dashes.
WARNING: Package name "LfH" does not follow the naming conventions. It should start with a lower case letter and only contain lower case letters, digits, underscores, and dashes.
WARNING: Package name "gazebo_ros_2Dmap_plugin" does not follow the naming conventions. It should start with a lower case letter and only contain lower case letters, digits, underscores, and dashes.
[100%] Built target mpc_local_planner_msgs_generate_messages_eus
[35m[1mScanning dependencies of target mpc_local_planner_msgs_generate_messages[0m
[100%] Built target mpc_local_planner_msgs_generate_messages
