[35m[1mScanning dependencies of target tf2_msgs_generate_messages_lisp[0m
[  0%] Built target tf2_msgs_generate_messages_lisp
[35m[1mScanning dependencies of target sideways_inter_gencfg[0m
[ 33%] [34m[1mGenerating dynamic reconfigure files from cfg/SidewaysInter.cfg: /home/az/arena_ws/devel/.private/sideways_inter/include/sideways_inter/SidewaysInterConfig.h /home/az/arena_ws/devel/.private/sideways_inter/lib/python3/dist-packages/sideways_inter/cfg/SidewaysInterConfig.py[0m
Generating reconfiguration files for sidewaysInter in sideways_inter
Wrote header file in /home/az/arena_ws/devel/.private/sideways_inter/include/sideways_inter/sidewaysInterConfig.h
[ 33%] Built target sideways_inter_gencfg
[35m[1mScanning dependencies of target pedsim_msgs_generate_messages_cpp[0m
[ 33%] Built target pedsim_msgs_generate_messages_cpp
[35m[1mScanning dependencies of target visualization_msgs_generate_messages_nodejs[0m
[ 33%] Built target visualization_msgs_generate_messages_nodejs
[35m[1mScanning dependencies of target visualization_msgs_generate_messages_lisp[0m
[ 33%] Built target visualization_msgs_generate_messages_lisp
[35m[1mScanning dependencies of target map_msgs_generate_messages_nodejs[0m
[ 33%] Built target map_msgs_generate_messages_nodejs
[35m[1mScanning dependencies of target map_msgs_generate_messages_lisp[0m
[ 33%] Built target map_msgs_generate_messages_lisp
[35m[1mScanning dependencies of target map_msgs_generate_messages_cpp[0m
[ 33%] Built target map_msgs_generate_messages_cpp
[35m[1mScanning dependencies of target dynamic_reconfigure_gencfg[0m
[ 33%] Built target dynamic_reconfigure_gencfg
[35m[1mScanning dependencies of target dynamic_reconfigure_generate_messages_cpp[0m
[ 33%] Built target dynamic_reconfigure_generate_messages_cpp
[35m[1mScanning dependencies of target costmap_2d_gencfg[0m
[ 33%] Built target costmap_2d_gencfg
[35m[1mScanning dependencies of target costmap_2d_generate_messages_py[0m
[ 33%] Built target costmap_2d_generate_messages_py
[35m[1mScanning dependencies of target costmap_2d_generate_messages_cpp[0m
[ 33%] Built target costmap_2d_generate_messages_cpp
[35m[1mScanning dependencies of target dynamic_reconfigure_generate_messages_nodejs[0m
[ 33%] Built target dynamic_reconfigure_generate_messages_nodejs
[35m[1mScanning dependencies of target tf2_msgs_generate_messages_py[0m
[ 33%] Built target tf2_msgs_generate_messages_py
[35m[1mScanning dependencies of target tf2_msgs_generate_messages_nodejs[0m
[ 33%] Built target tf2_msgs_generate_messages_nodejs
[35m[1mScanning dependencies of target map_msgs_generate_messages_eus[0m
[ 33%] Built target map_msgs_generate_messages_eus
[35m[1mScanning dependencies of target _catkin_empty_exported_target[0m
[ 33%] Built target _catkin_empty_exported_target
[35m[1mScanning dependencies of target costmap_2d_generate_messages_lisp[0m
[ 33%] Built target costmap_2d_generate_messages_lisp
[35m[1mScanning dependencies of target roscpp_generate_messages_lisp[0m
[ 33%] Built target roscpp_generate_messages_lisp
[35m[1mScanning dependencies of target actionlib_generate_messages_lisp[0m
[ 33%] Built target actionlib_generate_messages_lisp
[35m[1mScanning dependencies of target actionlib_msgs_generate_messages_py[0m
[ 33%] Built target actionlib_msgs_generate_messages_py
[35m[1mScanning dependencies of target rosgraph_msgs_generate_messages_nodejs[0m
[ 33%] Built target rosgraph_msgs_generate_messages_nodejs
[35m[1mScanning dependencies of target pedsim_msgs_generate_messages_lisp[0m
[ 33%] Built target pedsim_msgs_generate_messages_lisp
[35m[1mScanning dependencies of target actionlib_generate_messages_cpp[0m
[ 33%] Built target actionlib_generate_messages_cpp
[35m[1mScanning dependencies of target actionlib_generate_messages_py[0m
[ 33%] Built target actionlib_generate_messages_py
[35m[1mScanning dependencies of target nav_msgs_generate_messages_eus[0m
[ 33%] Built target nav_msgs_generate_messages_eus
[35m[1mScanning dependencies of target mbf_msgs_generate_messages_py[0m
[ 33%] Built target mbf_msgs_generate_messages_py
[35m[1mScanning dependencies of target mbf_msgs_generate_messages_nodejs[0m
[ 33%] Built target mbf_msgs_generate_messages_nodejs
[35m[1mScanning dependencies of target mbf_msgs_generate_messages_cpp[0m
[ 33%] Built target mbf_msgs_generate_messages_cpp
[35m[1mScanning dependencies of target dynamic_reconfigure_generate_messages_eus[0m
[ 33%] Built target dynamic_reconfigure_generate_messages_eus
[35m[1mScanning dependencies of target geometry_msgs_generate_messages_nodejs[0m
[ 33%] Built target geometry_msgs_generate_messages_nodejs
[35m[1mScanning dependencies of target pedsim_msgs_generate_messages_nodejs[0m
[ 33%] Built target pedsim_msgs_generate_messages_nodejs
[35m[1mScanning dependencies of target nav_msgs_generate_messages_lisp[0m
[ 33%] Built target nav_msgs_generate_messages_lisp
[35m[1mScanning dependencies of target visualization_msgs_generate_messages_eus[0m
[ 33%] Built target visualization_msgs_generate_messages_eus
[35m[1mScanning dependencies of target nav_msgs_generate_messages_cpp[0m
[ 33%] Built target nav_msgs_generate_messages_cpp
[35m[1mScanning dependencies of target rosgraph_msgs_generate_messages_eus[0m
[ 33%] Built target rosgraph_msgs_generate_messages_eus
[35m[1mScanning dependencies of target geometry_msgs_generate_messages_py[0m
[ 33%] Built target geometry_msgs_generate_messages_py
[35m[1mScanning dependencies of target map_msgs_generate_messages_py[0m
[ 33%] Built target map_msgs_generate_messages_py
[35m[1mScanning dependencies of target visualization_msgs_generate_messages_py[0m
[ 33%] Built target visualization_msgs_generate_messages_py
[35m[1mScanning dependencies of target mbf_msgs_generate_messages_lisp[0m
[ 33%] Built target mbf_msgs_generate_messages_lisp
[35m[1mScanning dependencies of target mbf_msgs_generate_messages_eus[0m
[ 33%] Built target mbf_msgs_generate_messages_eus
[35m[1mScanning dependencies of target geometry_msgs_generate_messages_eus[0m
[ 33%] Built target geometry_msgs_generate_messages_eus
[35m[1mScanning dependencies of target std_msgs_generate_messages_nodejs[0m
[ 33%] Built target std_msgs_generate_messages_nodejs
[35m[1mScanning dependencies of target dynamic_reconfigure_generate_messages_py[0m
[ 33%] Built target dynamic_reconfigure_generate_messages_py
[35m[1mScanning dependencies of target actionlib_msgs_generate_messages_eus[0m
[ 33%] Built target actionlib_msgs_generate_messages_eus
[35m[1mScanning dependencies of target rosgraph_msgs_generate_messages_py[0m
[ 33%] Built target rosgraph_msgs_generate_messages_py
[35m[1mScanning dependencies of target std_msgs_generate_messages_cpp[0m
[ 33%] Built target std_msgs_generate_messages_cpp
[35m[1mScanning dependencies of target rosgraph_msgs_generate_messages_lisp[0m
[ 33%] Built target rosgraph_msgs_generate_messages_lisp
[35m[1mScanning dependencies of target tf_generate_messages_eus[0m
[ 33%] Built target tf_generate_messages_eus
[35m[1mScanning dependencies of target dynamic_reconfigure_generate_messages_lisp[0m
[ 33%] Built target dynamic_reconfigure_generate_messages_lisp
[35m[1mScanning dependencies of target tf2_msgs_generate_messages_cpp[0m
[ 33%] Built target tf2_msgs_generate_messages_cpp
[35m[1mScanning dependencies of target geometry_msgs_generate_messages_lisp[0m
[ 33%] Built target geometry_msgs_generate_messages_lisp
[35m[1mScanning dependencies of target tf_generate_messages_cpp[0m
[ 33%] Built target tf_generate_messages_cpp
[35m[1mScanning dependencies of target actionlib_msgs_generate_messages_cpp[0m
[ 33%] Built target actionlib_msgs_generate_messages_cpp
[35m[1mScanning dependencies of target costmap_2d_generate_messages_nodejs[0m
[ 33%] Built target costmap_2d_generate_messages_nodejs
[35m[1mScanning dependencies of target std_msgs_generate_messages_lisp[0m
[ 33%] Built target std_msgs_generate_messages_lisp
[35m[1mScanning dependencies of target std_msgs_generate_messages_py[0m
[ 33%] Built target std_msgs_generate_messages_py
[35m[1mScanning dependencies of target costmap_2d_generate_messages_eus[0m
[ 33%] Built target costmap_2d_generate_messages_eus
[35m[1mScanning dependencies of target geometry_msgs_generate_messages_cpp[0m
[ 33%] Built target geometry_msgs_generate_messages_cpp
[35m[1mScanning dependencies of target roscpp_generate_messages_cpp[0m
[ 33%] Built target roscpp_generate_messages_cpp
[35m[1mScanning dependencies of target roscpp_generate_messages_eus[0m
[ 33%] Built target roscpp_generate_messages_eus
[35m[1mScanning dependencies of target pedsim_msgs_generate_messages_py[0m
[ 33%] Built target pedsim_msgs_generate_messages_py
[35m[1mScanning dependencies of target sensor_msgs_generate_messages_py[0m
[ 33%] Built target sensor_msgs_generate_messages_py
[35m[1mScanning dependencies of target tf2_msgs_generate_messages_eus[0m
[ 33%] Built target tf2_msgs_generate_messages_eus
[35m[1mScanning dependencies of target roscpp_generate_messages_nodejs[0m
[ 33%] Built target roscpp_generate_messages_nodejs
[35m[1mScanning dependencies of target roscpp_generate_messages_py[0m
[ 33%] Built target roscpp_generate_messages_py
[35m[1mScanning dependencies of target actionlib_msgs_generate_messages_nodejs[0m
[ 33%] Built target actionlib_msgs_generate_messages_nodejs
[35m[1mScanning dependencies of target actionlib_msgs_generate_messages_lisp[0m
[ 33%] Built target actionlib_msgs_generate_messages_lisp
[35m[1mScanning dependencies of target std_msgs_generate_messages_eus[0m
[ 33%] Built target std_msgs_generate_messages_eus
[35m[1mScanning dependencies of target tf_generate_messages_py[0m
[ 33%] Built target tf_generate_messages_py
[35m[1mScanning dependencies of target actionlib_generate_messages_eus[0m
[ 33%] Built target actionlib_generate_messages_eus
[35m[1mScanning dependencies of target rosgraph_msgs_generate_messages_cpp[0m
[ 33%] Built target rosgraph_msgs_generate_messages_cpp
[35m[1mScanning dependencies of target nav_msgs_generate_messages_py[0m
[ 33%] Built target nav_msgs_generate_messages_py
[35m[1mScanning dependencies of target tf_generate_messages_lisp[0m
[ 33%] Built target tf_generate_messages_lisp
[35m[1mScanning dependencies of target tf_generate_messages_nodejs[0m
[ 33%] Built target tf_generate_messages_nodejs
[35m[1mScanning dependencies of target nav_msgs_generate_messages_nodejs[0m
[ 33%] Built target nav_msgs_generate_messages_nodejs
[35m[1mScanning dependencies of target sensor_msgs_generate_messages_cpp[0m
[ 33%] Built target sensor_msgs_generate_messages_cpp
[35m[1mScanning dependencies of target visualization_msgs_generate_messages_cpp[0m
[ 33%] Built target visualization_msgs_generate_messages_cpp
[35m[1mScanning dependencies of target sensor_msgs_generate_messages_eus[0m
[ 33%] Built target sensor_msgs_generate_messages_eus
[35m[1mScanning dependencies of target sensor_msgs_generate_messages_lisp[0m
[ 33%] Built target sensor_msgs_generate_messages_lisp
[35m[1mScanning dependencies of target sensor_msgs_generate_messages_nodejs[0m
[ 33%] Built target sensor_msgs_generate_messages_nodejs
[35m[1mScanning dependencies of target actionlib_generate_messages_nodejs[0m
[ 33%] Built target actionlib_generate_messages_nodejs
[35m[1mScanning dependencies of target pedsim_msgs_generate_messages_eus[0m
[ 33%] Built target pedsim_msgs_generate_messages_eus
[35m[1mScanning dependencies of target sideways_inter[0m
[ 66%] [32mBuilding CXX object CMakeFiles/sideways_inter.dir/src/sideways_inter.cpp.o[0m
[100%] [32m[1mLinking CXX shared library /home/az/arena_ws/devel/.private/sideways_inter/lib/libsideways_inter.so[0m
[100%] Built target sideways_inter
