[35m[1mScanning dependencies of target _all_in_one_global_planner_interface_generate_messages_check_deps_MakeNewPlan[0m
[  0%] Built target _all_in_one_global_planner_interface_generate_messages_check_deps_MakeNewPlan
[35m[1mScanning dependencies of target nav_msgs_generate_messages_cpp[0m
[  0%] Built target nav_msgs_generate_messages_cpp
[35m[1mScanning dependencies of target geometry_msgs_generate_messages_cpp[0m
[  0%] Built target geometry_msgs_generate_messages_cpp
[35m[1mScanning dependencies of target nav_msgs_generate_messages_py[0m
[  0%] Built target nav_msgs_generate_messages_py
[35m[1mScanning dependencies of target geometry_msgs_generate_messages_py[0m
[  0%] Built target geometry_msgs_generate_messages_py
[35m[1mScanning dependencies of target nav_msgs_generate_messages_nodejs[0m
[  0%] Built target nav_msgs_generate_messages_nodejs
[35m[1mScanning dependencies of target geometry_msgs_generate_messages_nodejs[0m
[  0%] Built target geometry_msgs_generate_messages_nodejs
[35m[1mScanning dependencies of target nav_msgs_generate_messages_lisp[0m
[  0%] Built target nav_msgs_generate_messages_lisp
[35m[1mScanning dependencies of target geometry_msgs_generate_messages_lisp[0m
[  0%] Built target geometry_msgs_generate_messages_lisp
[35m[1mScanning dependencies of target nav_msgs_generate_messages_eus[0m
[  0%] Built target nav_msgs_generate_messages_eus
[35m[1mScanning dependencies of target geometry_msgs_generate_messages_eus[0m
[  0%] Built target geometry_msgs_generate_messages_eus
[35m[1mScanning dependencies of target all_in_one_global_planner_interface_generate_messages_cpp[0m
[  9%] [34m[1mGenerating C++ code from all_in_one_global_planner_interface/MakeNewPlan.srv[0m
[  9%] Built target all_in_one_global_planner_interface_generate_messages_cpp
[35m[1mScanning dependencies of target all_in_one_global_planner_interface_generate_messages_py[0m
[ 18%] [34m[1mGenerating Python code from SRV all_in_one_global_planner_interface/MakeNewPlan[0m
[ 27%] [34m[1mGenerating Python srv __init__.py for all_in_one_global_planner_interface[0m
[ 27%] Built target all_in_one_global_planner_interface_generate_messages_py
[35m[1mScanning dependencies of target all_in_one_global_planner_interface_generate_messages_nodejs[0m
[ 36%] [34m[1mGenerating Javascript code from all_in_one_global_planner_interface/MakeNewPlan.srv[0m
[ 36%] Built target all_in_one_global_planner_interface_generate_messages_nodejs
[35m[1mScanning dependencies of target all_in_one_global_planner_interface_generate_messages_lisp[0m
[ 45%] [34m[1mGenerating Lisp code from all_in_one_global_planner_interface/MakeNewPlan.srv[0m
[ 45%] Built target all_in_one_global_planner_interface_generate_messages_lisp
[35m[1mScanning dependencies of target all_in_one_global_planner_interface_generate_messages_eus[0m
[ 54%] [34m[1mGenerating EusLisp code from all_in_one_global_planner_interface/MakeNewPlan.srv[0m
[ 63%] [34m[1mGenerating EusLisp manifest code for all_in_one_global_planner_interface[0m
WARNING: Package name "LfH" does not follow the naming conventions. It should start with a lower case letter and only contain lower case letters, digits, underscores, and dashes.
WARNING: Package name "gazebo_ros_2Dmap_plugin" does not follow the naming conventions. It should start with a lower case letter and only contain lower case letters, digits, underscores, and dashes.
WARNING: Package name "LfH" does not follow the naming conventions. It should start with a lower case letter and only contain lower case letters, digits, underscores, and dashes.
WARNING: Package name "gazebo_ros_2Dmap_plugin" does not follow the naming conventions. It should start with a lower case letter and only contain lower case letters, digits, underscores, and dashes.
[ 63%] Built target all_in_one_global_planner_interface_generate_messages_eus
[35m[1mScanning dependencies of target all_in_one_global_planner_interface[0m
[ 72%] [32mBuilding CXX object CMakeFiles/all_in_one_global_planner_interface.dir/src/GlobalPlannerInterface.cpp.o[0m
[35m[1mScanning dependencies of target all_in_one_global_planner_interface_generate_messages[0m
[ 72%] Built target all_in_one_global_planner_interface_generate_messages
[ 81%] [32m[1mLinking CXX shared library /home/az/arena_ws/devel/.private/all_in_one_global_planner_interface/lib/liball_in_one_global_planner_interface.so[0m
[ 81%] Built target all_in_one_global_planner_interface
[35m[1mScanning dependencies of target GlobalPlannerInterface[0m
[ 90%] [32mBuilding CXX object CMakeFiles/GlobalPlannerInterface.dir/src/GlobalPlannerInterface.cpp.o[0m
[100%] [32m[1mLinking CXX executable /home/az/arena_ws/devel/.private/all_in_one_global_planner_interface/lib/all_in_one_global_planner_interface/GlobalPlannerInterface[0m
[100%] Built target GlobalPlannerInterface
