Symlinking /home/az/arena_ws/devel/share/roseus/ros/all_in_one_global_planner_interface/manifest.l
Symlinking /home/az/arena_ws/devel/share/roseus/ros/all_in_one_global_planner_interface/srv/MakeNewPlan.l
Symlinking /home/az/arena_ws/devel/share/common-lisp/ros/all_in_one_global_planner_interface/srv/all_in_one_global_planner_interface-srv.asd
Symlinking /home/az/arena_ws/devel/share/common-lisp/ros/all_in_one_global_planner_interface/srv/_package_MakeNewPlan.lisp
Symlinking /home/az/arena_ws/devel/share/common-lisp/ros/all_in_one_global_planner_interface/srv/_package.lisp
Symlinking /home/az/arena_ws/devel/share/common-lisp/ros/all_in_one_global_planner_interface/srv/MakeNewPlan.lisp
Symlinking /home/az/arena_ws/devel/share/gennodejs/ros/all_in_one_global_planner_interface/_index.js
Symlinking /home/az/arena_ws/devel/share/gennodejs/ros/all_in_one_global_planner_interface/srv/_index.js
Symlinking /home/az/arena_ws/devel/share/gennodejs/ros/all_in_one_global_planner_interface/srv/MakeNewPlan.js
Symlinking /home/az/arena_ws/devel/share/all_in_one_global_planner_interface/cmake/all_in_one_global_planner_interfaceConfig-version.cmake
Symlinking /home/az/arena_ws/devel/share/all_in_one_global_planner_interface/cmake/all_in_one_global_planner_interface-msg-paths.cmake
Symlinking /home/az/arena_ws/devel/share/all_in_one_global_planner_interface/cmake/all_in_one_global_planner_interfaceConfig.cmake
Symlinking /home/az/arena_ws/devel/share/all_in_one_global_planner_interface/cmake/all_in_one_global_planner_interface-msg-extras.cmake
Symlinking /home/az/arena_ws/devel/include/all_in_one_global_planner_interface/MakeNewPlanRequest.h
Symlinking /home/az/arena_ws/devel/include/all_in_one_global_planner_interface/MakeNewPlanResponse.h
Symlinking /home/az/arena_ws/devel/include/all_in_one_global_planner_interface/MakeNewPlan.h
Symlinking /home/az/arena_ws/devel/lib/liball_in_one_global_planner_interface.so
Symlinking /home/az/arena_ws/devel/lib/pkgconfig/all_in_one_global_planner_interface.pc
Symlinking /home/az/arena_ws/devel/lib/python3/dist-packages/all_in_one_global_planner_interface/__init__.py
Symlinking /home/az/arena_ws/devel/lib/python3/dist-packages/all_in_one_global_planner_interface/srv/__init__.py
Symlinking /home/az/arena_ws/devel/lib/python3/dist-packages/all_in_one_global_planner_interface/srv/_MakeNewPlan.py
Symlinking /home/az/arena_ws/devel/lib/all_in_one_global_planner_interface/GlobalPlannerInterface
