Linked: (/home/az/arena_ws/devel/.private/all_in_one_global_planner_interface/share/roseus/ros/all_in_one_global_planner_interface/manifest.l, /home/az/arena_ws/devel/share/roseus/ros/all_in_one_global_planner_interface/manifest.l)
Linked: (/home/az/arena_ws/devel/.private/all_in_one_global_planner_interface/share/roseus/ros/all_in_one_global_planner_interface/srv/MakeNewPlan.l, /home/az/arena_ws/devel/share/roseus/ros/all_in_one_global_planner_interface/srv/MakeNewPlan.l)
Linked: (/home/az/arena_ws/devel/.private/all_in_one_global_planner_interface/share/common-lisp/ros/all_in_one_global_planner_interface/srv/all_in_one_global_planner_interface-srv.asd, /home/az/arena_ws/devel/share/common-lisp/ros/all_in_one_global_planner_interface/srv/all_in_one_global_planner_interface-srv.asd)
Linked: (/home/az/arena_ws/devel/.private/all_in_one_global_planner_interface/share/common-lisp/ros/all_in_one_global_planner_interface/srv/_package_MakeNewPlan.lisp, /home/az/arena_ws/devel/share/common-lisp/ros/all_in_one_global_planner_interface/srv/_package_MakeNewPlan.lisp)
Linked: (/home/az/arena_ws/devel/.private/all_in_one_global_planner_interface/share/common-lisp/ros/all_in_one_global_planner_interface/srv/_package.lisp, /home/az/arena_ws/devel/share/common-lisp/ros/all_in_one_global_planner_interface/srv/_package.lisp)
Linked: (/home/az/arena_ws/devel/.private/all_in_one_global_planner_interface/share/common-lisp/ros/all_in_one_global_planner_interface/srv/MakeNewPlan.lisp, /home/az/arena_ws/devel/share/common-lisp/ros/all_in_one_global_planner_interface/srv/MakeNewPlan.lisp)
Linked: (/home/az/arena_ws/devel/.private/all_in_one_global_planner_interface/share/gennodejs/ros/all_in_one_global_planner_interface/_index.js, /home/az/arena_ws/devel/share/gennodejs/ros/all_in_one_global_planner_interface/_index.js)
Linked: (/home/az/arena_ws/devel/.private/all_in_one_global_planner_interface/share/gennodejs/ros/all_in_one_global_planner_interface/srv/_index.js, /home/az/arena_ws/devel/share/gennodejs/ros/all_in_one_global_planner_interface/srv/_index.js)
Linked: (/home/az/arena_ws/devel/.private/all_in_one_global_planner_interface/share/gennodejs/ros/all_in_one_global_planner_interface/srv/MakeNewPlan.js, /home/az/arena_ws/devel/share/gennodejs/ros/all_in_one_global_planner_interface/srv/MakeNewPlan.js)
Linked: (/home/az/arena_ws/devel/.private/all_in_one_global_planner_interface/share/all_in_one_global_planner_interface/cmake/all_in_one_global_planner_interfaceConfig-version.cmake, /home/az/arena_ws/devel/share/all_in_one_global_planner_interface/cmake/all_in_one_global_planner_interfaceConfig-version.cmake)
Linked: (/home/az/arena_ws/devel/.private/all_in_one_global_planner_interface/share/all_in_one_global_planner_interface/cmake/all_in_one_global_planner_interface-msg-paths.cmake, /home/az/arena_ws/devel/share/all_in_one_global_planner_interface/cmake/all_in_one_global_planner_interface-msg-paths.cmake)
Linked: (/home/az/arena_ws/devel/.private/all_in_one_global_planner_interface/share/all_in_one_global_planner_interface/cmake/all_in_one_global_planner_interfaceConfig.cmake, /home/az/arena_ws/devel/share/all_in_one_global_planner_interface/cmake/all_in_one_global_planner_interfaceConfig.cmake)
Linked: (/home/az/arena_ws/devel/.private/all_in_one_global_planner_interface/share/all_in_one_global_planner_interface/cmake/all_in_one_global_planner_interface-msg-extras.cmake, /home/az/arena_ws/devel/share/all_in_one_global_planner_interface/cmake/all_in_one_global_planner_interface-msg-extras.cmake)
Linked: (/home/az/arena_ws/devel/.private/all_in_one_global_planner_interface/include/all_in_one_global_planner_interface/MakeNewPlanRequest.h, /home/az/arena_ws/devel/include/all_in_one_global_planner_interface/MakeNewPlanRequest.h)
Linked: (/home/az/arena_ws/devel/.private/all_in_one_global_planner_interface/include/all_in_one_global_planner_interface/MakeNewPlanResponse.h, /home/az/arena_ws/devel/include/all_in_one_global_planner_interface/MakeNewPlanResponse.h)
Linked: (/home/az/arena_ws/devel/.private/all_in_one_global_planner_interface/include/all_in_one_global_planner_interface/MakeNewPlan.h, /home/az/arena_ws/devel/include/all_in_one_global_planner_interface/MakeNewPlan.h)
Linked: (/home/az/arena_ws/devel/.private/all_in_one_global_planner_interface/lib/liball_in_one_global_planner_interface.so, /home/az/arena_ws/devel/lib/liball_in_one_global_planner_interface.so)
Linked: (/home/az/arena_ws/devel/.private/all_in_one_global_planner_interface/lib/pkgconfig/all_in_one_global_planner_interface.pc, /home/az/arena_ws/devel/lib/pkgconfig/all_in_one_global_planner_interface.pc)
Linked: (/home/az/arena_ws/devel/.private/all_in_one_global_planner_interface/lib/python3/dist-packages/all_in_one_global_planner_interface/__init__.py, /home/az/arena_ws/devel/lib/python3/dist-packages/all_in_one_global_planner_interface/__init__.py)
Linked: (/home/az/arena_ws/devel/.private/all_in_one_global_planner_interface/lib/python3/dist-packages/all_in_one_global_planner_interface/srv/__init__.py, /home/az/arena_ws/devel/lib/python3/dist-packages/all_in_one_global_planner_interface/srv/__init__.py)
Linked: (/home/az/arena_ws/devel/.private/all_in_one_global_planner_interface/lib/python3/dist-packages/all_in_one_global_planner_interface/srv/_MakeNewPlan.py, /home/az/arena_ws/devel/lib/python3/dist-packages/all_in_one_global_planner_interface/srv/_MakeNewPlan.py)
Linked: (/home/az/arena_ws/devel/.private/all_in_one_global_planner_interface/lib/all_in_one_global_planner_interface/GlobalPlannerInterface, /home/az/arena_ws/devel/lib/all_in_one_global_planner_interface/GlobalPlannerInterface)
