Symlinking /home/az/github_may_messed_it_up_20250124arena_try_get_rel_vel_work/arena_ws/devel/share/roseus/ros/pedsim_msgs/manifest.l
Symlinking /home/az/github_may_messed_it_up_20250124arena_try_get_rel_vel_work/arena_ws/devel/share/roseus/ros/pedsim_msgs/msg/SocialActivities.l
Symlinking /home/az/github_may_messed_it_up_20250124arena_try_get_rel_vel_work/arena_ws/devel/share/roseus/ros/pedsim_msgs/msg/Obstacle.l
Symlinking /home/az/github_may_messed_it_up_20250124arena_try_get_rel_vel_work/arena_ws/devel/share/roseus/ros/pedsim_msgs/msg/AgentForce.l
Symlinking /home/az/github_may_messed_it_up_20250124arena_try_get_rel_vel_work/arena_ws/devel/share/roseus/ros/pedsim_msgs/msg/Walls.l
Symlinking /home/az/github_may_messed_it_up_20250124arena_try_get_rel_vel_work/arena_ws/devel/share/roseus/ros/pedsim_msgs/msg/SocialRelation.l
Symlinking /home/az/github_may_messed_it_up_20250124arena_try_get_rel_vel_work/arena_ws/devel/share/roseus/ros/pedsim_msgs/msg/SemanticDatum.l
Symlinking /home/az/github_may_messed_it_up_20250124arena_try_get_rel_vel_work/arena_ws/devel/share/roseus/ros/pedsim_msgs/msg/Wall.l
Symlinking /home/az/github_may_messed_it_up_20250124arena_try_get_rel_vel_work/arena_ws/devel/share/roseus/ros/pedsim_msgs/msg/AgentStates.l
Symlinking /home/az/github_may_messed_it_up_20250124arena_try_get_rel_vel_work/arena_ws/devel/share/roseus/ros/pedsim_msgs/msg/PedsimAgentsDataframe.l
Symlinking /home/az/github_may_messed_it_up_20250124arena_try_get_rel_vel_work/arena_ws/devel/share/roseus/ros/pedsim_msgs/msg/SocialActivity.l
Symlinking /home/az/github_may_messed_it_up_20250124arena_try_get_rel_vel_work/arena_ws/devel/share/roseus/ros/pedsim_msgs/msg/Obstacles.l
Symlinking /home/az/github_may_messed_it_up_20250124arena_try_get_rel_vel_work/arena_ws/devel/share/roseus/ros/pedsim_msgs/msg/TrackedPerson.l
Symlinking /home/az/github_may_messed_it_up_20250124arena_try_get_rel_vel_work/arena_ws/devel/share/roseus/ros/pedsim_msgs/msg/AgentGroup.l
Symlinking /home/az/github_may_messed_it_up_20250124arena_try_get_rel_vel_work/arena_ws/devel/share/roseus/ros/pedsim_msgs/msg/TrackedPersons.l
Symlinking /home/az/github_may_messed_it_up_20250124arena_try_get_rel_vel_work/arena_ws/devel/share/roseus/ros/pedsim_msgs/msg/Ped.l
Symlinking /home/az/github_may_messed_it_up_20250124arena_try_get_rel_vel_work/arena_ws/devel/share/roseus/ros/pedsim_msgs/msg/TrackedGroup.l
Symlinking /home/az/github_may_messed_it_up_20250124arena_try_get_rel_vel_work/arena_ws/devel/share/roseus/ros/pedsim_msgs/msg/AgentGroups.l
Symlinking /home/az/github_may_messed_it_up_20250124arena_try_get_rel_vel_work/arena_ws/devel/share/roseus/ros/pedsim_msgs/msg/Waypoint.l
Symlinking /home/az/github_may_messed_it_up_20250124arena_try_get_rel_vel_work/arena_ws/devel/share/roseus/ros/pedsim_msgs/msg/Waypoints.l
Symlinking /home/az/github_may_messed_it_up_20250124arena_try_get_rel_vel_work/arena_ws/devel/share/roseus/ros/pedsim_msgs/msg/AgentState.l
Symlinking /home/az/github_may_messed_it_up_20250124arena_try_get_rel_vel_work/arena_ws/devel/share/roseus/ros/pedsim_msgs/msg/AgentFeedbacks.l
Symlinking /home/az/github_may_messed_it_up_20250124arena_try_get_rel_vel_work/arena_ws/devel/share/roseus/ros/pedsim_msgs/msg/SocialRelations.l
Symlinking /home/az/github_may_messed_it_up_20250124arena_try_get_rel_vel_work/arena_ws/devel/share/roseus/ros/pedsim_msgs/msg/RobotState.l
Symlinking /home/az/github_may_messed_it_up_20250124arena_try_get_rel_vel_work/arena_ws/devel/share/roseus/ros/pedsim_msgs/msg/AgentFeedback.l
Symlinking /home/az/github_may_messed_it_up_20250124arena_try_get_rel_vel_work/arena_ws/devel/share/roseus/ros/pedsim_msgs/msg/SemanticData.l
Symlinking /home/az/github_may_messed_it_up_20250124arena_try_get_rel_vel_work/arena_ws/devel/share/roseus/ros/pedsim_msgs/msg/TrackedGroups.l
Symlinking /home/az/github_may_messed_it_up_20250124arena_try_get_rel_vel_work/arena_ws/devel/share/common-lisp/ros/pedsim_msgs/msg/Waypoint.lisp
Symlinking /home/az/github_may_messed_it_up_20250124arena_try_get_rel_vel_work/arena_ws/devel/share/common-lisp/ros/pedsim_msgs/msg/SemanticDatum.lisp
Symlinking /home/az/github_may_messed_it_up_20250124arena_try_get_rel_vel_work/arena_ws/devel/share/common-lisp/ros/pedsim_msgs/msg/_package_Ped.lisp
Symlinking /home/az/github_may_messed_it_up_20250124arena_try_get_rel_vel_work/arena_ws/devel/share/common-lisp/ros/pedsim_msgs/msg/TrackedGroup.lisp
Symlinking /home/az/github_may_messed_it_up_20250124arena_try_get_rel_vel_work/arena_ws/devel/share/common-lisp/ros/pedsim_msgs/msg/_package_AgentFeedbacks.lisp
Symlinking /home/az/github_may_messed_it_up_20250124arena_try_get_rel_vel_work/arena_ws/devel/share/common-lisp/ros/pedsim_msgs/msg/TrackedPerson.lisp
Symlinking /home/az/github_may_messed_it_up_20250124arena_try_get_rel_vel_work/arena_ws/devel/share/common-lisp/ros/pedsim_msgs/msg/_package_AgentForce.lisp
Symlinking /home/az/github_may_messed_it_up_20250124arena_try_get_rel_vel_work/arena_ws/devel/share/common-lisp/ros/pedsim_msgs/msg/SocialRelation.lisp
Symlinking /home/az/github_may_messed_it_up_20250124arena_try_get_rel_vel_work/arena_ws/devel/share/common-lisp/ros/pedsim_msgs/msg/_package_SocialActivity.lisp
Symlinking /home/az/github_may_messed_it_up_20250124arena_try_get_rel_vel_work/arena_ws/devel/share/common-lisp/ros/pedsim_msgs/msg/Ped.lisp
Symlinking /home/az/github_may_messed_it_up_20250124arena_try_get_rel_vel_work/arena_ws/devel/share/common-lisp/ros/pedsim_msgs/msg/_package_TrackedGroup.lisp
Symlinking /home/az/github_may_messed_it_up_20250124arena_try_get_rel_vel_work/arena_ws/devel/share/common-lisp/ros/pedsim_msgs/msg/_package_TrackedGroups.lisp
Symlinking /home/az/github_may_messed_it_up_20250124arena_try_get_rel_vel_work/arena_ws/devel/share/common-lisp/ros/pedsim_msgs/msg/_package.lisp
Symlinking /home/az/github_may_messed_it_up_20250124arena_try_get_rel_vel_work/arena_ws/devel/share/common-lisp/ros/pedsim_msgs/msg/_package_SemanticData.lisp
Symlinking /home/az/github_may_messed_it_up_20250124arena_try_get_rel_vel_work/arena_ws/devel/share/common-lisp/ros/pedsim_msgs/msg/SocialRelations.lisp
Symlinking /home/az/github_may_messed_it_up_20250124arena_try_get_rel_vel_work/arena_ws/devel/share/common-lisp/ros/pedsim_msgs/msg/SocialActivity.lisp
Symlinking /home/az/github_may_messed_it_up_20250124arena_try_get_rel_vel_work/arena_ws/devel/share/common-lisp/ros/pedsim_msgs/msg/TrackedGroups.lisp
Symlinking /home/az/github_may_messed_it_up_20250124arena_try_get_rel_vel_work/arena_ws/devel/share/common-lisp/ros/pedsim_msgs/msg/SemanticData.lisp
Symlinking /home/az/github_may_messed_it_up_20250124arena_try_get_rel_vel_work/arena_ws/devel/share/common-lisp/ros/pedsim_msgs/msg/_package_Waypoints.lisp
Symlinking /home/az/github_may_messed_it_up_20250124arena_try_get_rel_vel_work/arena_ws/devel/share/common-lisp/ros/pedsim_msgs/msg/AgentState.lisp
Symlinking /home/az/github_may_messed_it_up_20250124arena_try_get_rel_vel_work/arena_ws/devel/share/common-lisp/ros/pedsim_msgs/msg/_package_Walls.lisp
Symlinking /home/az/github_may_messed_it_up_20250124arena_try_get_rel_vel_work/arena_ws/devel/share/common-lisp/ros/pedsim_msgs/msg/_package_Obstacle.lisp
Symlinking /home/az/github_may_messed_it_up_20250124arena_try_get_rel_vel_work/arena_ws/devel/share/common-lisp/ros/pedsim_msgs/msg/_package_AgentState.lisp
Symlinking /home/az/github_may_messed_it_up_20250124arena_try_get_rel_vel_work/arena_ws/devel/share/common-lisp/ros/pedsim_msgs/msg/RobotState.lisp
Symlinking /home/az/github_may_messed_it_up_20250124arena_try_get_rel_vel_work/arena_ws/devel/share/common-lisp/ros/pedsim_msgs/msg/_package_SemanticDatum.lisp
Symlinking /home/az/github_may_messed_it_up_20250124arena_try_get_rel_vel_work/arena_ws/devel/share/common-lisp/ros/pedsim_msgs/msg/_package_Waypoint.lisp
Symlinking /home/az/github_may_messed_it_up_20250124arena_try_get_rel_vel_work/arena_ws/devel/share/common-lisp/ros/pedsim_msgs/msg/_package_SocialRelation.lisp
Symlinking /home/az/github_may_messed_it_up_20250124arena_try_get_rel_vel_work/arena_ws/devel/share/common-lisp/ros/pedsim_msgs/msg/_package_TrackedPerson.lisp
Symlinking /home/az/github_may_messed_it_up_20250124arena_try_get_rel_vel_work/arena_ws/devel/share/common-lisp/ros/pedsim_msgs/msg/Obstacles.lisp
Symlinking /home/az/github_may_messed_it_up_20250124arena_try_get_rel_vel_work/arena_ws/devel/share/common-lisp/ros/pedsim_msgs/msg/AgentForce.lisp
Symlinking /home/az/github_may_messed_it_up_20250124arena_try_get_rel_vel_work/arena_ws/devel/share/common-lisp/ros/pedsim_msgs/msg/_package_TrackedPersons.lisp
Symlinking /home/az/github_may_messed_it_up_20250124arena_try_get_rel_vel_work/arena_ws/devel/share/common-lisp/ros/pedsim_msgs/msg/_package_RobotState.lisp
Symlinking /home/az/github_may_messed_it_up_20250124arena_try_get_rel_vel_work/arena_ws/devel/share/common-lisp/ros/pedsim_msgs/msg/_package_SocialActivities.lisp
Symlinking /home/az/github_may_messed_it_up_20250124arena_try_get_rel_vel_work/arena_ws/devel/share/common-lisp/ros/pedsim_msgs/msg/AgentFeedback.lisp
Symlinking /home/az/github_may_messed_it_up_20250124arena_try_get_rel_vel_work/arena_ws/devel/share/common-lisp/ros/pedsim_msgs/msg/_package_AgentGroups.lisp
Symlinking /home/az/github_may_messed_it_up_20250124arena_try_get_rel_vel_work/arena_ws/devel/share/common-lisp/ros/pedsim_msgs/msg/Obstacle.lisp
Symlinking /home/az/github_may_messed_it_up_20250124arena_try_get_rel_vel_work/arena_ws/devel/share/common-lisp/ros/pedsim_msgs/msg/Waypoints.lisp
Symlinking /home/az/github_may_messed_it_up_20250124arena_try_get_rel_vel_work/arena_ws/devel/share/common-lisp/ros/pedsim_msgs/msg/AgentFeedbacks.lisp
Symlinking /home/az/github_may_messed_it_up_20250124arena_try_get_rel_vel_work/arena_ws/devel/share/common-lisp/ros/pedsim_msgs/msg/Wall.lisp
Symlinking /home/az/github_may_messed_it_up_20250124arena_try_get_rel_vel_work/arena_ws/devel/share/common-lisp/ros/pedsim_msgs/msg/Walls.lisp
Symlinking /home/az/github_may_messed_it_up_20250124arena_try_get_rel_vel_work/arena_ws/devel/share/common-lisp/ros/pedsim_msgs/msg/_package_PedsimAgentsDataframe.lisp
Symlinking /home/az/github_may_messed_it_up_20250124arena_try_get_rel_vel_work/arena_ws/devel/share/common-lisp/ros/pedsim_msgs/msg/_package_Obstacles.lisp
Symlinking /home/az/github_may_messed_it_up_20250124arena_try_get_rel_vel_work/arena_ws/devel/share/common-lisp/ros/pedsim_msgs/msg/_package_SocialRelations.lisp
Symlinking /home/az/github_may_messed_it_up_20250124arena_try_get_rel_vel_work/arena_ws/devel/share/common-lisp/ros/pedsim_msgs/msg/_package_Wall.lisp
Symlinking /home/az/github_may_messed_it_up_20250124arena_try_get_rel_vel_work/arena_ws/devel/share/common-lisp/ros/pedsim_msgs/msg/pedsim_msgs-msg.asd
Symlinking /home/az/github_may_messed_it_up_20250124arena_try_get_rel_vel_work/arena_ws/devel/share/common-lisp/ros/pedsim_msgs/msg/AgentGroups.lisp
Symlinking /home/az/github_may_messed_it_up_20250124arena_try_get_rel_vel_work/arena_ws/devel/share/common-lisp/ros/pedsim_msgs/msg/PedsimAgentsDataframe.lisp
Symlinking /home/az/github_may_messed_it_up_20250124arena_try_get_rel_vel_work/arena_ws/devel/share/common-lisp/ros/pedsim_msgs/msg/_package_AgentStates.lisp
Symlinking /home/az/github_may_messed_it_up_20250124arena_try_get_rel_vel_work/arena_ws/devel/share/common-lisp/ros/pedsim_msgs/msg/TrackedPersons.lisp
Symlinking /home/az/github_may_messed_it_up_20250124arena_try_get_rel_vel_work/arena_ws/devel/share/common-lisp/ros/pedsim_msgs/msg/AgentStates.lisp
Symlinking /home/az/github_may_messed_it_up_20250124arena_try_get_rel_vel_work/arena_ws/devel/share/common-lisp/ros/pedsim_msgs/msg/AgentGroup.lisp
Symlinking /home/az/github_may_messed_it_up_20250124arena_try_get_rel_vel_work/arena_ws/devel/share/common-lisp/ros/pedsim_msgs/msg/_package_AgentFeedback.lisp
Symlinking /home/az/github_may_messed_it_up_20250124arena_try_get_rel_vel_work/arena_ws/devel/share/common-lisp/ros/pedsim_msgs/msg/_package_AgentGroup.lisp
Symlinking /home/az/github_may_messed_it_up_20250124arena_try_get_rel_vel_work/arena_ws/devel/share/common-lisp/ros/pedsim_msgs/msg/SocialActivities.lisp
Symlinking /home/az/github_may_messed_it_up_20250124arena_try_get_rel_vel_work/arena_ws/devel/share/gennodejs/ros/pedsim_msgs/_index.js
Symlinking /home/az/github_may_messed_it_up_20250124arena_try_get_rel_vel_work/arena_ws/devel/share/gennodejs/ros/pedsim_msgs/msg/Ped.js
Symlinking /home/az/github_may_messed_it_up_20250124arena_try_get_rel_vel_work/arena_ws/devel/share/gennodejs/ros/pedsim_msgs/msg/AgentState.js
Symlinking /home/az/github_may_messed_it_up_20250124arena_try_get_rel_vel_work/arena_ws/devel/share/gennodejs/ros/pedsim_msgs/msg/RobotState.js
Symlinking /home/az/github_may_messed_it_up_20250124arena_try_get_rel_vel_work/arena_ws/devel/share/gennodejs/ros/pedsim_msgs/msg/SocialRelations.js
Symlinking /home/az/github_may_messed_it_up_20250124arena_try_get_rel_vel_work/arena_ws/devel/share/gennodejs/ros/pedsim_msgs/msg/_index.js
Symlinking /home/az/github_may_messed_it_up_20250124arena_try_get_rel_vel_work/arena_ws/devel/share/gennodejs/ros/pedsim_msgs/msg/AgentForce.js
Symlinking /home/az/github_may_messed_it_up_20250124arena_try_get_rel_vel_work/arena_ws/devel/share/gennodejs/ros/pedsim_msgs/msg/PedsimAgentsDataframe.js
Symlinking /home/az/github_may_messed_it_up_20250124arena_try_get_rel_vel_work/arena_ws/devel/share/gennodejs/ros/pedsim_msgs/msg/TrackedGroup.js
Symlinking /home/az/github_may_messed_it_up_20250124arena_try_get_rel_vel_work/arena_ws/devel/share/gennodejs/ros/pedsim_msgs/msg/AgentStates.js
Symlinking /home/az/github_may_messed_it_up_20250124arena_try_get_rel_vel_work/arena_ws/devel/share/gennodejs/ros/pedsim_msgs/msg/AgentFeedback.js
Symlinking /home/az/github_may_messed_it_up_20250124arena_try_get_rel_vel_work/arena_ws/devel/share/gennodejs/ros/pedsim_msgs/msg/AgentFeedbacks.js
Symlinking /home/az/github_may_messed_it_up_20250124arena_try_get_rel_vel_work/arena_ws/devel/share/gennodejs/ros/pedsim_msgs/msg/Obstacle.js
Symlinking /home/az/github_may_messed_it_up_20250124arena_try_get_rel_vel_work/arena_ws/devel/share/gennodejs/ros/pedsim_msgs/msg/TrackedPersons.js
Symlinking /home/az/github_may_messed_it_up_20250124arena_try_get_rel_vel_work/arena_ws/devel/share/gennodejs/ros/pedsim_msgs/msg/SemanticDatum.js
Symlinking /home/az/github_may_messed_it_up_20250124arena_try_get_rel_vel_work/arena_ws/devel/share/gennodejs/ros/pedsim_msgs/msg/TrackedPerson.js
Symlinking /home/az/github_may_messed_it_up_20250124arena_try_get_rel_vel_work/arena_ws/devel/share/gennodejs/ros/pedsim_msgs/msg/Waypoint.js
Symlinking /home/az/github_may_messed_it_up_20250124arena_try_get_rel_vel_work/arena_ws/devel/share/gennodejs/ros/pedsim_msgs/msg/Obstacles.js
Symlinking /home/az/github_may_messed_it_up_20250124arena_try_get_rel_vel_work/arena_ws/devel/share/gennodejs/ros/pedsim_msgs/msg/Waypoints.js
Symlinking /home/az/github_may_messed_it_up_20250124arena_try_get_rel_vel_work/arena_ws/devel/share/gennodejs/ros/pedsim_msgs/msg/AgentGroup.js
Symlinking /home/az/github_may_messed_it_up_20250124arena_try_get_rel_vel_work/arena_ws/devel/share/gennodejs/ros/pedsim_msgs/msg/SocialRelation.js
Symlinking /home/az/github_may_messed_it_up_20250124arena_try_get_rel_vel_work/arena_ws/devel/share/gennodejs/ros/pedsim_msgs/msg/AgentGroups.js
Symlinking /home/az/github_may_messed_it_up_20250124arena_try_get_rel_vel_work/arena_ws/devel/share/gennodejs/ros/pedsim_msgs/msg/SocialActivities.js
Symlinking /home/az/github_may_messed_it_up_20250124arena_try_get_rel_vel_work/arena_ws/devel/share/gennodejs/ros/pedsim_msgs/msg/Walls.js
Symlinking /home/az/github_may_messed_it_up_20250124arena_try_get_rel_vel_work/arena_ws/devel/share/gennodejs/ros/pedsim_msgs/msg/SocialActivity.js
Symlinking /home/az/github_may_messed_it_up_20250124arena_try_get_rel_vel_work/arena_ws/devel/share/gennodejs/ros/pedsim_msgs/msg/SemanticData.js
Symlinking /home/az/github_may_messed_it_up_20250124arena_try_get_rel_vel_work/arena_ws/devel/share/gennodejs/ros/pedsim_msgs/msg/TrackedGroups.js
Symlinking /home/az/github_may_messed_it_up_20250124arena_try_get_rel_vel_work/arena_ws/devel/share/gennodejs/ros/pedsim_msgs/msg/Wall.js
Symlinking /home/az/github_may_messed_it_up_20250124arena_try_get_rel_vel_work/arena_ws/devel/share/pedsim_msgs/cmake/pedsim_msgs-msg-extras.cmake
Symlinking /home/az/github_may_messed_it_up_20250124arena_try_get_rel_vel_work/arena_ws/devel/share/pedsim_msgs/cmake/pedsim_msgsConfig-version.cmake
Symlinking /home/az/github_may_messed_it_up_20250124arena_try_get_rel_vel_work/arena_ws/devel/share/pedsim_msgs/cmake/pedsim_msgs-msg-paths.cmake
Symlinking /home/az/github_may_messed_it_up_20250124arena_try_get_rel_vel_work/arena_ws/devel/share/pedsim_msgs/cmake/pedsim_msgsConfig.cmake
Symlinking /home/az/github_may_messed_it_up_20250124arena_try_get_rel_vel_work/arena_ws/devel/include/pedsim_msgs/AgentForce.h
Symlinking /home/az/github_may_messed_it_up_20250124arena_try_get_rel_vel_work/arena_ws/devel/include/pedsim_msgs/AgentGroups.h
Symlinking /home/az/github_may_messed_it_up_20250124arena_try_get_rel_vel_work/arena_ws/devel/include/pedsim_msgs/SemanticData.h
Symlinking /home/az/github_may_messed_it_up_20250124arena_try_get_rel_vel_work/arena_ws/devel/include/pedsim_msgs/AgentGroup.h
Symlinking /home/az/github_may_messed_it_up_20250124arena_try_get_rel_vel_work/arena_ws/devel/include/pedsim_msgs/TrackedGroups.h
Symlinking /home/az/github_may_messed_it_up_20250124arena_try_get_rel_vel_work/arena_ws/devel/include/pedsim_msgs/SocialRelation.h
Symlinking /home/az/github_may_messed_it_up_20250124arena_try_get_rel_vel_work/arena_ws/devel/include/pedsim_msgs/SemanticDatum.h
Symlinking /home/az/github_may_messed_it_up_20250124arena_try_get_rel_vel_work/arena_ws/devel/include/pedsim_msgs/TrackedPersons.h
Symlinking /home/az/github_may_messed_it_up_20250124arena_try_get_rel_vel_work/arena_ws/devel/include/pedsim_msgs/AgentStates.h
Symlinking /home/az/github_may_messed_it_up_20250124arena_try_get_rel_vel_work/arena_ws/devel/include/pedsim_msgs/Wall.h
Symlinking /home/az/github_may_messed_it_up_20250124arena_try_get_rel_vel_work/arena_ws/devel/include/pedsim_msgs/SocialRelations.h
Symlinking /home/az/github_may_messed_it_up_20250124arena_try_get_rel_vel_work/arena_ws/devel/include/pedsim_msgs/Obstacle.h
Symlinking /home/az/github_may_messed_it_up_20250124arena_try_get_rel_vel_work/arena_ws/devel/include/pedsim_msgs/SocialActivities.h
Symlinking /home/az/github_may_messed_it_up_20250124arena_try_get_rel_vel_work/arena_ws/devel/include/pedsim_msgs/RobotState.h
Symlinking /home/az/github_may_messed_it_up_20250124arena_try_get_rel_vel_work/arena_ws/devel/include/pedsim_msgs/Ped.h
Symlinking /home/az/github_may_messed_it_up_20250124arena_try_get_rel_vel_work/arena_ws/devel/include/pedsim_msgs/Walls.h
Symlinking /home/az/github_may_messed_it_up_20250124arena_try_get_rel_vel_work/arena_ws/devel/include/pedsim_msgs/Obstacles.h
Symlinking /home/az/github_may_messed_it_up_20250124arena_try_get_rel_vel_work/arena_ws/devel/include/pedsim_msgs/AgentState.h
Symlinking /home/az/github_may_messed_it_up_20250124arena_try_get_rel_vel_work/arena_ws/devel/include/pedsim_msgs/Waypoints.h
Symlinking /home/az/github_may_messed_it_up_20250124arena_try_get_rel_vel_work/arena_ws/devel/include/pedsim_msgs/SocialActivity.h
Symlinking /home/az/github_may_messed_it_up_20250124arena_try_get_rel_vel_work/arena_ws/devel/include/pedsim_msgs/PedsimAgentsDataframe.h
Symlinking /home/az/github_may_messed_it_up_20250124arena_try_get_rel_vel_work/arena_ws/devel/include/pedsim_msgs/Waypoint.h
Symlinking /home/az/github_may_messed_it_up_20250124arena_try_get_rel_vel_work/arena_ws/devel/include/pedsim_msgs/TrackedGroup.h
Symlinking /home/az/github_may_messed_it_up_20250124arena_try_get_rel_vel_work/arena_ws/devel/include/pedsim_msgs/TrackedPerson.h
Symlinking /home/az/github_may_messed_it_up_20250124arena_try_get_rel_vel_work/arena_ws/devel/include/pedsim_msgs/AgentFeedbacks.h
Symlinking /home/az/github_may_messed_it_up_20250124arena_try_get_rel_vel_work/arena_ws/devel/include/pedsim_msgs/AgentFeedback.h
Symlinking /home/az/github_may_messed_it_up_20250124arena_try_get_rel_vel_work/arena_ws/devel/lib/pkgconfig/pedsim_msgs.pc
Symlinking /home/az/github_may_messed_it_up_20250124arena_try_get_rel_vel_work/arena_ws/devel/lib/python3/dist-packages/pedsim_msgs/__init__.py
Symlinking /home/az/github_may_messed_it_up_20250124arena_try_get_rel_vel_work/arena_ws/devel/lib/python3/dist-packages/pedsim_msgs/msg/_SocialRelation.py
Symlinking /home/az/github_may_messed_it_up_20250124arena_try_get_rel_vel_work/arena_ws/devel/lib/python3/dist-packages/pedsim_msgs/msg/_RobotState.py
Symlinking /home/az/github_may_messed_it_up_20250124arena_try_get_rel_vel_work/arena_ws/devel/lib/python3/dist-packages/pedsim_msgs/msg/_SocialActivities.py
Symlinking /home/az/github_may_messed_it_up_20250124arena_try_get_rel_vel_work/arena_ws/devel/lib/python3/dist-packages/pedsim_msgs/msg/_SemanticData.py
Symlinking /home/az/github_may_messed_it_up_20250124arena_try_get_rel_vel_work/arena_ws/devel/lib/python3/dist-packages/pedsim_msgs/msg/_AgentFeedback.py
Symlinking /home/az/github_may_messed_it_up_20250124arena_try_get_rel_vel_work/arena_ws/devel/lib/python3/dist-packages/pedsim_msgs/msg/_Waypoints.py
Symlinking /home/az/github_may_messed_it_up_20250124arena_try_get_rel_vel_work/arena_ws/devel/lib/python3/dist-packages/pedsim_msgs/msg/_PedsimAgentsDataframe.py
Symlinking /home/az/github_may_messed_it_up_20250124arena_try_get_rel_vel_work/arena_ws/devel/lib/python3/dist-packages/pedsim_msgs/msg/_TrackedGroups.py
Symlinking /home/az/github_may_messed_it_up_20250124arena_try_get_rel_vel_work/arena_ws/devel/lib/python3/dist-packages/pedsim_msgs/msg/__init__.py
Symlinking /home/az/github_may_messed_it_up_20250124arena_try_get_rel_vel_work/arena_ws/devel/lib/python3/dist-packages/pedsim_msgs/msg/_Ped.py
Symlinking /home/az/github_may_messed_it_up_20250124arena_try_get_rel_vel_work/arena_ws/devel/lib/python3/dist-packages/pedsim_msgs/msg/_AgentFeedbacks.py
Symlinking /home/az/github_may_messed_it_up_20250124arena_try_get_rel_vel_work/arena_ws/devel/lib/python3/dist-packages/pedsim_msgs/msg/_Obstacles.py
Symlinking /home/az/github_may_messed_it_up_20250124arena_try_get_rel_vel_work/arena_ws/devel/lib/python3/dist-packages/pedsim_msgs/msg/_AgentGroup.py
Symlinking /home/az/github_may_messed_it_up_20250124arena_try_get_rel_vel_work/arena_ws/devel/lib/python3/dist-packages/pedsim_msgs/msg/_SemanticDatum.py
Symlinking /home/az/github_may_messed_it_up_20250124arena_try_get_rel_vel_work/arena_ws/devel/lib/python3/dist-packages/pedsim_msgs/msg/_AgentGroups.py
Symlinking /home/az/github_may_messed_it_up_20250124arena_try_get_rel_vel_work/arena_ws/devel/lib/python3/dist-packages/pedsim_msgs/msg/_Waypoint.py
Symlinking /home/az/github_may_messed_it_up_20250124arena_try_get_rel_vel_work/arena_ws/devel/lib/python3/dist-packages/pedsim_msgs/msg/_TrackedPersons.py
Symlinking /home/az/github_may_messed_it_up_20250124arena_try_get_rel_vel_work/arena_ws/devel/lib/python3/dist-packages/pedsim_msgs/msg/_Obstacle.py
Symlinking /home/az/github_may_messed_it_up_20250124arena_try_get_rel_vel_work/arena_ws/devel/lib/python3/dist-packages/pedsim_msgs/msg/_AgentState.py
Symlinking /home/az/github_may_messed_it_up_20250124arena_try_get_rel_vel_work/arena_ws/devel/lib/python3/dist-packages/pedsim_msgs/msg/_SocialRelations.py
Symlinking /home/az/github_may_messed_it_up_20250124arena_try_get_rel_vel_work/arena_ws/devel/lib/python3/dist-packages/pedsim_msgs/msg/_TrackedGroup.py
Symlinking /home/az/github_may_messed_it_up_20250124arena_try_get_rel_vel_work/arena_ws/devel/lib/python3/dist-packages/pedsim_msgs/msg/_TrackedPerson.py
Symlinking /home/az/github_may_messed_it_up_20250124arena_try_get_rel_vel_work/arena_ws/devel/lib/python3/dist-packages/pedsim_msgs/msg/_Wall.py
Symlinking /home/az/github_may_messed_it_up_20250124arena_try_get_rel_vel_work/arena_ws/devel/lib/python3/dist-packages/pedsim_msgs/msg/_Walls.py
Symlinking /home/az/github_may_messed_it_up_20250124arena_try_get_rel_vel_work/arena_ws/devel/lib/python3/dist-packages/pedsim_msgs/msg/_SocialActivity.py
Symlinking /home/az/github_may_messed_it_up_20250124arena_try_get_rel_vel_work/arena_ws/devel/lib/python3/dist-packages/pedsim_msgs/msg/_AgentForce.py
Symlinking /home/az/github_may_messed_it_up_20250124arena_try_get_rel_vel_work/arena_ws/devel/lib/python3/dist-packages/pedsim_msgs/msg/_AgentStates.py
