Linked: (/home/az/arena_ws/devel/.private/pedsim_msgs/share/roseus/ros/pedsim_msgs/manifest.l, /home/az/arena_ws/devel/share/roseus/ros/pedsim_msgs/manifest.l)
Linked: (/home/az/arena_ws/devel/.private/pedsim_msgs/share/roseus/ros/pedsim_msgs/msg/SocialActivities.l, /home/az/arena_ws/devel/share/roseus/ros/pedsim_msgs/msg/SocialActivities.l)
Linked: (/home/az/arena_ws/devel/.private/pedsim_msgs/share/roseus/ros/pedsim_msgs/msg/Obstacle.l, /home/az/arena_ws/devel/share/roseus/ros/pedsim_msgs/msg/Obstacle.l)
Linked: (/home/az/arena_ws/devel/.private/pedsim_msgs/share/roseus/ros/pedsim_msgs/msg/AgentForce.l, /home/az/arena_ws/devel/share/roseus/ros/pedsim_msgs/msg/AgentForce.l)
Linked: (/home/az/arena_ws/devel/.private/pedsim_msgs/share/roseus/ros/pedsim_msgs/msg/Walls.l, /home/az/arena_ws/devel/share/roseus/ros/pedsim_msgs/msg/Walls.l)
Linked: (/home/az/arena_ws/devel/.private/pedsim_msgs/share/roseus/ros/pedsim_msgs/msg/SocialRelation.l, /home/az/arena_ws/devel/share/roseus/ros/pedsim_msgs/msg/SocialRelation.l)
Linked: (/home/az/arena_ws/devel/.private/pedsim_msgs/share/roseus/ros/pedsim_msgs/msg/SemanticDatum.l, /home/az/arena_ws/devel/share/roseus/ros/pedsim_msgs/msg/SemanticDatum.l)
Linked: (/home/az/arena_ws/devel/.private/pedsim_msgs/share/roseus/ros/pedsim_msgs/msg/Wall.l, /home/az/arena_ws/devel/share/roseus/ros/pedsim_msgs/msg/Wall.l)
Linked: (/home/az/arena_ws/devel/.private/pedsim_msgs/share/roseus/ros/pedsim_msgs/msg/AgentStates.l, /home/az/arena_ws/devel/share/roseus/ros/pedsim_msgs/msg/AgentStates.l)
Linked: (/home/az/arena_ws/devel/.private/pedsim_msgs/share/roseus/ros/pedsim_msgs/msg/PedsimAgentsDataframe.l, /home/az/arena_ws/devel/share/roseus/ros/pedsim_msgs/msg/PedsimAgentsDataframe.l)
Linked: (/home/az/arena_ws/devel/.private/pedsim_msgs/share/roseus/ros/pedsim_msgs/msg/SocialActivity.l, /home/az/arena_ws/devel/share/roseus/ros/pedsim_msgs/msg/SocialActivity.l)
Linked: (/home/az/arena_ws/devel/.private/pedsim_msgs/share/roseus/ros/pedsim_msgs/msg/Obstacles.l, /home/az/arena_ws/devel/share/roseus/ros/pedsim_msgs/msg/Obstacles.l)
Linked: (/home/az/arena_ws/devel/.private/pedsim_msgs/share/roseus/ros/pedsim_msgs/msg/TrackedPerson.l, /home/az/arena_ws/devel/share/roseus/ros/pedsim_msgs/msg/TrackedPerson.l)
Linked: (/home/az/arena_ws/devel/.private/pedsim_msgs/share/roseus/ros/pedsim_msgs/msg/AgentGroup.l, /home/az/arena_ws/devel/share/roseus/ros/pedsim_msgs/msg/AgentGroup.l)
Linked: (/home/az/arena_ws/devel/.private/pedsim_msgs/share/roseus/ros/pedsim_msgs/msg/TrackedPersons.l, /home/az/arena_ws/devel/share/roseus/ros/pedsim_msgs/msg/TrackedPersons.l)
Linked: (/home/az/arena_ws/devel/.private/pedsim_msgs/share/roseus/ros/pedsim_msgs/msg/Ped.l, /home/az/arena_ws/devel/share/roseus/ros/pedsim_msgs/msg/Ped.l)
Linked: (/home/az/arena_ws/devel/.private/pedsim_msgs/share/roseus/ros/pedsim_msgs/msg/TrackedGroup.l, /home/az/arena_ws/devel/share/roseus/ros/pedsim_msgs/msg/TrackedGroup.l)
Linked: (/home/az/arena_ws/devel/.private/pedsim_msgs/share/roseus/ros/pedsim_msgs/msg/AgentGroups.l, /home/az/arena_ws/devel/share/roseus/ros/pedsim_msgs/msg/AgentGroups.l)
Linked: (/home/az/arena_ws/devel/.private/pedsim_msgs/share/roseus/ros/pedsim_msgs/msg/Waypoint.l, /home/az/arena_ws/devel/share/roseus/ros/pedsim_msgs/msg/Waypoint.l)
Linked: (/home/az/arena_ws/devel/.private/pedsim_msgs/share/roseus/ros/pedsim_msgs/msg/Waypoints.l, /home/az/arena_ws/devel/share/roseus/ros/pedsim_msgs/msg/Waypoints.l)
Linked: (/home/az/arena_ws/devel/.private/pedsim_msgs/share/roseus/ros/pedsim_msgs/msg/AgentState.l, /home/az/arena_ws/devel/share/roseus/ros/pedsim_msgs/msg/AgentState.l)
Linked: (/home/az/arena_ws/devel/.private/pedsim_msgs/share/roseus/ros/pedsim_msgs/msg/AgentFeedbacks.l, /home/az/arena_ws/devel/share/roseus/ros/pedsim_msgs/msg/AgentFeedbacks.l)
Linked: (/home/az/arena_ws/devel/.private/pedsim_msgs/share/roseus/ros/pedsim_msgs/msg/SocialRelations.l, /home/az/arena_ws/devel/share/roseus/ros/pedsim_msgs/msg/SocialRelations.l)
Linked: (/home/az/arena_ws/devel/.private/pedsim_msgs/share/roseus/ros/pedsim_msgs/msg/RobotState.l, /home/az/arena_ws/devel/share/roseus/ros/pedsim_msgs/msg/RobotState.l)
Linked: (/home/az/arena_ws/devel/.private/pedsim_msgs/share/roseus/ros/pedsim_msgs/msg/AgentFeedback.l, /home/az/arena_ws/devel/share/roseus/ros/pedsim_msgs/msg/AgentFeedback.l)
Linked: (/home/az/arena_ws/devel/.private/pedsim_msgs/share/roseus/ros/pedsim_msgs/msg/SemanticData.l, /home/az/arena_ws/devel/share/roseus/ros/pedsim_msgs/msg/SemanticData.l)
Linked: (/home/az/arena_ws/devel/.private/pedsim_msgs/share/roseus/ros/pedsim_msgs/msg/TrackedGroups.l, /home/az/arena_ws/devel/share/roseus/ros/pedsim_msgs/msg/TrackedGroups.l)
Linked: (/home/az/arena_ws/devel/.private/pedsim_msgs/share/common-lisp/ros/pedsim_msgs/msg/Waypoint.lisp, /home/az/arena_ws/devel/share/common-lisp/ros/pedsim_msgs/msg/Waypoint.lisp)
Linked: (/home/az/arena_ws/devel/.private/pedsim_msgs/share/common-lisp/ros/pedsim_msgs/msg/SemanticDatum.lisp, /home/az/arena_ws/devel/share/common-lisp/ros/pedsim_msgs/msg/SemanticDatum.lisp)
Linked: (/home/az/arena_ws/devel/.private/pedsim_msgs/share/common-lisp/ros/pedsim_msgs/msg/_package_Ped.lisp, /home/az/arena_ws/devel/share/common-lisp/ros/pedsim_msgs/msg/_package_Ped.lisp)
Linked: (/home/az/arena_ws/devel/.private/pedsim_msgs/share/common-lisp/ros/pedsim_msgs/msg/TrackedGroup.lisp, /home/az/arena_ws/devel/share/common-lisp/ros/pedsim_msgs/msg/TrackedGroup.lisp)
Linked: (/home/az/arena_ws/devel/.private/pedsim_msgs/share/common-lisp/ros/pedsim_msgs/msg/_package_AgentFeedbacks.lisp, /home/az/arena_ws/devel/share/common-lisp/ros/pedsim_msgs/msg/_package_AgentFeedbacks.lisp)
Linked: (/home/az/arena_ws/devel/.private/pedsim_msgs/share/common-lisp/ros/pedsim_msgs/msg/TrackedPerson.lisp, /home/az/arena_ws/devel/share/common-lisp/ros/pedsim_msgs/msg/TrackedPerson.lisp)
Linked: (/home/az/arena_ws/devel/.private/pedsim_msgs/share/common-lisp/ros/pedsim_msgs/msg/_package_AgentForce.lisp, /home/az/arena_ws/devel/share/common-lisp/ros/pedsim_msgs/msg/_package_AgentForce.lisp)
Linked: (/home/az/arena_ws/devel/.private/pedsim_msgs/share/common-lisp/ros/pedsim_msgs/msg/SocialRelation.lisp, /home/az/arena_ws/devel/share/common-lisp/ros/pedsim_msgs/msg/SocialRelation.lisp)
Linked: (/home/az/arena_ws/devel/.private/pedsim_msgs/share/common-lisp/ros/pedsim_msgs/msg/_package_SocialActivity.lisp, /home/az/arena_ws/devel/share/common-lisp/ros/pedsim_msgs/msg/_package_SocialActivity.lisp)
Linked: (/home/az/arena_ws/devel/.private/pedsim_msgs/share/common-lisp/ros/pedsim_msgs/msg/Ped.lisp, /home/az/arena_ws/devel/share/common-lisp/ros/pedsim_msgs/msg/Ped.lisp)
Linked: (/home/az/arena_ws/devel/.private/pedsim_msgs/share/common-lisp/ros/pedsim_msgs/msg/_package_TrackedGroup.lisp, /home/az/arena_ws/devel/share/common-lisp/ros/pedsim_msgs/msg/_package_TrackedGroup.lisp)
Linked: (/home/az/arena_ws/devel/.private/pedsim_msgs/share/common-lisp/ros/pedsim_msgs/msg/_package_TrackedGroups.lisp, /home/az/arena_ws/devel/share/common-lisp/ros/pedsim_msgs/msg/_package_TrackedGroups.lisp)
Linked: (/home/az/arena_ws/devel/.private/pedsim_msgs/share/common-lisp/ros/pedsim_msgs/msg/_package.lisp, /home/az/arena_ws/devel/share/common-lisp/ros/pedsim_msgs/msg/_package.lisp)
Linked: (/home/az/arena_ws/devel/.private/pedsim_msgs/share/common-lisp/ros/pedsim_msgs/msg/_package_SemanticData.lisp, /home/az/arena_ws/devel/share/common-lisp/ros/pedsim_msgs/msg/_package_SemanticData.lisp)
Linked: (/home/az/arena_ws/devel/.private/pedsim_msgs/share/common-lisp/ros/pedsim_msgs/msg/SocialRelations.lisp, /home/az/arena_ws/devel/share/common-lisp/ros/pedsim_msgs/msg/SocialRelations.lisp)
Linked: (/home/az/arena_ws/devel/.private/pedsim_msgs/share/common-lisp/ros/pedsim_msgs/msg/SocialActivity.lisp, /home/az/arena_ws/devel/share/common-lisp/ros/pedsim_msgs/msg/SocialActivity.lisp)
Linked: (/home/az/arena_ws/devel/.private/pedsim_msgs/share/common-lisp/ros/pedsim_msgs/msg/TrackedGroups.lisp, /home/az/arena_ws/devel/share/common-lisp/ros/pedsim_msgs/msg/TrackedGroups.lisp)
Linked: (/home/az/arena_ws/devel/.private/pedsim_msgs/share/common-lisp/ros/pedsim_msgs/msg/SemanticData.lisp, /home/az/arena_ws/devel/share/common-lisp/ros/pedsim_msgs/msg/SemanticData.lisp)
Linked: (/home/az/arena_ws/devel/.private/pedsim_msgs/share/common-lisp/ros/pedsim_msgs/msg/_package_Waypoints.lisp, /home/az/arena_ws/devel/share/common-lisp/ros/pedsim_msgs/msg/_package_Waypoints.lisp)
Linked: (/home/az/arena_ws/devel/.private/pedsim_msgs/share/common-lisp/ros/pedsim_msgs/msg/AgentState.lisp, /home/az/arena_ws/devel/share/common-lisp/ros/pedsim_msgs/msg/AgentState.lisp)
Linked: (/home/az/arena_ws/devel/.private/pedsim_msgs/share/common-lisp/ros/pedsim_msgs/msg/_package_Walls.lisp, /home/az/arena_ws/devel/share/common-lisp/ros/pedsim_msgs/msg/_package_Walls.lisp)
Linked: (/home/az/arena_ws/devel/.private/pedsim_msgs/share/common-lisp/ros/pedsim_msgs/msg/_package_Obstacle.lisp, /home/az/arena_ws/devel/share/common-lisp/ros/pedsim_msgs/msg/_package_Obstacle.lisp)
Linked: (/home/az/arena_ws/devel/.private/pedsim_msgs/share/common-lisp/ros/pedsim_msgs/msg/_package_AgentState.lisp, /home/az/arena_ws/devel/share/common-lisp/ros/pedsim_msgs/msg/_package_AgentState.lisp)
Linked: (/home/az/arena_ws/devel/.private/pedsim_msgs/share/common-lisp/ros/pedsim_msgs/msg/RobotState.lisp, /home/az/arena_ws/devel/share/common-lisp/ros/pedsim_msgs/msg/RobotState.lisp)
Linked: (/home/az/arena_ws/devel/.private/pedsim_msgs/share/common-lisp/ros/pedsim_msgs/msg/_package_SemanticDatum.lisp, /home/az/arena_ws/devel/share/common-lisp/ros/pedsim_msgs/msg/_package_SemanticDatum.lisp)
Linked: (/home/az/arena_ws/devel/.private/pedsim_msgs/share/common-lisp/ros/pedsim_msgs/msg/_package_Waypoint.lisp, /home/az/arena_ws/devel/share/common-lisp/ros/pedsim_msgs/msg/_package_Waypoint.lisp)
Linked: (/home/az/arena_ws/devel/.private/pedsim_msgs/share/common-lisp/ros/pedsim_msgs/msg/_package_SocialRelation.lisp, /home/az/arena_ws/devel/share/common-lisp/ros/pedsim_msgs/msg/_package_SocialRelation.lisp)
Linked: (/home/az/arena_ws/devel/.private/pedsim_msgs/share/common-lisp/ros/pedsim_msgs/msg/_package_TrackedPerson.lisp, /home/az/arena_ws/devel/share/common-lisp/ros/pedsim_msgs/msg/_package_TrackedPerson.lisp)
Linked: (/home/az/arena_ws/devel/.private/pedsim_msgs/share/common-lisp/ros/pedsim_msgs/msg/Obstacles.lisp, /home/az/arena_ws/devel/share/common-lisp/ros/pedsim_msgs/msg/Obstacles.lisp)
Linked: (/home/az/arena_ws/devel/.private/pedsim_msgs/share/common-lisp/ros/pedsim_msgs/msg/AgentForce.lisp, /home/az/arena_ws/devel/share/common-lisp/ros/pedsim_msgs/msg/AgentForce.lisp)
Linked: (/home/az/arena_ws/devel/.private/pedsim_msgs/share/common-lisp/ros/pedsim_msgs/msg/_package_TrackedPersons.lisp, /home/az/arena_ws/devel/share/common-lisp/ros/pedsim_msgs/msg/_package_TrackedPersons.lisp)
Linked: (/home/az/arena_ws/devel/.private/pedsim_msgs/share/common-lisp/ros/pedsim_msgs/msg/_package_RobotState.lisp, /home/az/arena_ws/devel/share/common-lisp/ros/pedsim_msgs/msg/_package_RobotState.lisp)
Linked: (/home/az/arena_ws/devel/.private/pedsim_msgs/share/common-lisp/ros/pedsim_msgs/msg/_package_SocialActivities.lisp, /home/az/arena_ws/devel/share/common-lisp/ros/pedsim_msgs/msg/_package_SocialActivities.lisp)
Linked: (/home/az/arena_ws/devel/.private/pedsim_msgs/share/common-lisp/ros/pedsim_msgs/msg/AgentFeedback.lisp, /home/az/arena_ws/devel/share/common-lisp/ros/pedsim_msgs/msg/AgentFeedback.lisp)
Linked: (/home/az/arena_ws/devel/.private/pedsim_msgs/share/common-lisp/ros/pedsim_msgs/msg/_package_AgentGroups.lisp, /home/az/arena_ws/devel/share/common-lisp/ros/pedsim_msgs/msg/_package_AgentGroups.lisp)
Linked: (/home/az/arena_ws/devel/.private/pedsim_msgs/share/common-lisp/ros/pedsim_msgs/msg/Obstacle.lisp, /home/az/arena_ws/devel/share/common-lisp/ros/pedsim_msgs/msg/Obstacle.lisp)
Linked: (/home/az/arena_ws/devel/.private/pedsim_msgs/share/common-lisp/ros/pedsim_msgs/msg/Waypoints.lisp, /home/az/arena_ws/devel/share/common-lisp/ros/pedsim_msgs/msg/Waypoints.lisp)
Linked: (/home/az/arena_ws/devel/.private/pedsim_msgs/share/common-lisp/ros/pedsim_msgs/msg/AgentFeedbacks.lisp, /home/az/arena_ws/devel/share/common-lisp/ros/pedsim_msgs/msg/AgentFeedbacks.lisp)
Linked: (/home/az/arena_ws/devel/.private/pedsim_msgs/share/common-lisp/ros/pedsim_msgs/msg/Wall.lisp, /home/az/arena_ws/devel/share/common-lisp/ros/pedsim_msgs/msg/Wall.lisp)
Linked: (/home/az/arena_ws/devel/.private/pedsim_msgs/share/common-lisp/ros/pedsim_msgs/msg/Walls.lisp, /home/az/arena_ws/devel/share/common-lisp/ros/pedsim_msgs/msg/Walls.lisp)
Linked: (/home/az/arena_ws/devel/.private/pedsim_msgs/share/common-lisp/ros/pedsim_msgs/msg/_package_PedsimAgentsDataframe.lisp, /home/az/arena_ws/devel/share/common-lisp/ros/pedsim_msgs/msg/_package_PedsimAgentsDataframe.lisp)
Linked: (/home/az/arena_ws/devel/.private/pedsim_msgs/share/common-lisp/ros/pedsim_msgs/msg/_package_Obstacles.lisp, /home/az/arena_ws/devel/share/common-lisp/ros/pedsim_msgs/msg/_package_Obstacles.lisp)
Linked: (/home/az/arena_ws/devel/.private/pedsim_msgs/share/common-lisp/ros/pedsim_msgs/msg/_package_SocialRelations.lisp, /home/az/arena_ws/devel/share/common-lisp/ros/pedsim_msgs/msg/_package_SocialRelations.lisp)
Linked: (/home/az/arena_ws/devel/.private/pedsim_msgs/share/common-lisp/ros/pedsim_msgs/msg/_package_Wall.lisp, /home/az/arena_ws/devel/share/common-lisp/ros/pedsim_msgs/msg/_package_Wall.lisp)
Linked: (/home/az/arena_ws/devel/.private/pedsim_msgs/share/common-lisp/ros/pedsim_msgs/msg/pedsim_msgs-msg.asd, /home/az/arena_ws/devel/share/common-lisp/ros/pedsim_msgs/msg/pedsim_msgs-msg.asd)
Linked: (/home/az/arena_ws/devel/.private/pedsim_msgs/share/common-lisp/ros/pedsim_msgs/msg/AgentGroups.lisp, /home/az/arena_ws/devel/share/common-lisp/ros/pedsim_msgs/msg/AgentGroups.lisp)
Linked: (/home/az/arena_ws/devel/.private/pedsim_msgs/share/common-lisp/ros/pedsim_msgs/msg/PedsimAgentsDataframe.lisp, /home/az/arena_ws/devel/share/common-lisp/ros/pedsim_msgs/msg/PedsimAgentsDataframe.lisp)
Linked: (/home/az/arena_ws/devel/.private/pedsim_msgs/share/common-lisp/ros/pedsim_msgs/msg/_package_AgentStates.lisp, /home/az/arena_ws/devel/share/common-lisp/ros/pedsim_msgs/msg/_package_AgentStates.lisp)
Linked: (/home/az/arena_ws/devel/.private/pedsim_msgs/share/common-lisp/ros/pedsim_msgs/msg/TrackedPersons.lisp, /home/az/arena_ws/devel/share/common-lisp/ros/pedsim_msgs/msg/TrackedPersons.lisp)
Linked: (/home/az/arena_ws/devel/.private/pedsim_msgs/share/common-lisp/ros/pedsim_msgs/msg/AgentStates.lisp, /home/az/arena_ws/devel/share/common-lisp/ros/pedsim_msgs/msg/AgentStates.lisp)
Linked: (/home/az/arena_ws/devel/.private/pedsim_msgs/share/common-lisp/ros/pedsim_msgs/msg/AgentGroup.lisp, /home/az/arena_ws/devel/share/common-lisp/ros/pedsim_msgs/msg/AgentGroup.lisp)
Linked: (/home/az/arena_ws/devel/.private/pedsim_msgs/share/common-lisp/ros/pedsim_msgs/msg/_package_AgentFeedback.lisp, /home/az/arena_ws/devel/share/common-lisp/ros/pedsim_msgs/msg/_package_AgentFeedback.lisp)
Linked: (/home/az/arena_ws/devel/.private/pedsim_msgs/share/common-lisp/ros/pedsim_msgs/msg/_package_AgentGroup.lisp, /home/az/arena_ws/devel/share/common-lisp/ros/pedsim_msgs/msg/_package_AgentGroup.lisp)
Linked: (/home/az/arena_ws/devel/.private/pedsim_msgs/share/common-lisp/ros/pedsim_msgs/msg/SocialActivities.lisp, /home/az/arena_ws/devel/share/common-lisp/ros/pedsim_msgs/msg/SocialActivities.lisp)
Linked: (/home/az/arena_ws/devel/.private/pedsim_msgs/share/gennodejs/ros/pedsim_msgs/_index.js, /home/az/arena_ws/devel/share/gennodejs/ros/pedsim_msgs/_index.js)
Linked: (/home/az/arena_ws/devel/.private/pedsim_msgs/share/gennodejs/ros/pedsim_msgs/msg/Ped.js, /home/az/arena_ws/devel/share/gennodejs/ros/pedsim_msgs/msg/Ped.js)
Linked: (/home/az/arena_ws/devel/.private/pedsim_msgs/share/gennodejs/ros/pedsim_msgs/msg/AgentState.js, /home/az/arena_ws/devel/share/gennodejs/ros/pedsim_msgs/msg/AgentState.js)
Linked: (/home/az/arena_ws/devel/.private/pedsim_msgs/share/gennodejs/ros/pedsim_msgs/msg/RobotState.js, /home/az/arena_ws/devel/share/gennodejs/ros/pedsim_msgs/msg/RobotState.js)
Linked: (/home/az/arena_ws/devel/.private/pedsim_msgs/share/gennodejs/ros/pedsim_msgs/msg/SocialRelations.js, /home/az/arena_ws/devel/share/gennodejs/ros/pedsim_msgs/msg/SocialRelations.js)
Linked: (/home/az/arena_ws/devel/.private/pedsim_msgs/share/gennodejs/ros/pedsim_msgs/msg/_index.js, /home/az/arena_ws/devel/share/gennodejs/ros/pedsim_msgs/msg/_index.js)
Linked: (/home/az/arena_ws/devel/.private/pedsim_msgs/share/gennodejs/ros/pedsim_msgs/msg/AgentForce.js, /home/az/arena_ws/devel/share/gennodejs/ros/pedsim_msgs/msg/AgentForce.js)
Linked: (/home/az/arena_ws/devel/.private/pedsim_msgs/share/gennodejs/ros/pedsim_msgs/msg/PedsimAgentsDataframe.js, /home/az/arena_ws/devel/share/gennodejs/ros/pedsim_msgs/msg/PedsimAgentsDataframe.js)
Linked: (/home/az/arena_ws/devel/.private/pedsim_msgs/share/gennodejs/ros/pedsim_msgs/msg/TrackedGroup.js, /home/az/arena_ws/devel/share/gennodejs/ros/pedsim_msgs/msg/TrackedGroup.js)
Linked: (/home/az/arena_ws/devel/.private/pedsim_msgs/share/gennodejs/ros/pedsim_msgs/msg/AgentStates.js, /home/az/arena_ws/devel/share/gennodejs/ros/pedsim_msgs/msg/AgentStates.js)
Linked: (/home/az/arena_ws/devel/.private/pedsim_msgs/share/gennodejs/ros/pedsim_msgs/msg/AgentFeedback.js, /home/az/arena_ws/devel/share/gennodejs/ros/pedsim_msgs/msg/AgentFeedback.js)
Linked: (/home/az/arena_ws/devel/.private/pedsim_msgs/share/gennodejs/ros/pedsim_msgs/msg/AgentFeedbacks.js, /home/az/arena_ws/devel/share/gennodejs/ros/pedsim_msgs/msg/AgentFeedbacks.js)
Linked: (/home/az/arena_ws/devel/.private/pedsim_msgs/share/gennodejs/ros/pedsim_msgs/msg/Obstacle.js, /home/az/arena_ws/devel/share/gennodejs/ros/pedsim_msgs/msg/Obstacle.js)
Linked: (/home/az/arena_ws/devel/.private/pedsim_msgs/share/gennodejs/ros/pedsim_msgs/msg/TrackedPersons.js, /home/az/arena_ws/devel/share/gennodejs/ros/pedsim_msgs/msg/TrackedPersons.js)
Linked: (/home/az/arena_ws/devel/.private/pedsim_msgs/share/gennodejs/ros/pedsim_msgs/msg/SemanticDatum.js, /home/az/arena_ws/devel/share/gennodejs/ros/pedsim_msgs/msg/SemanticDatum.js)
Linked: (/home/az/arena_ws/devel/.private/pedsim_msgs/share/gennodejs/ros/pedsim_msgs/msg/TrackedPerson.js, /home/az/arena_ws/devel/share/gennodejs/ros/pedsim_msgs/msg/TrackedPerson.js)
Linked: (/home/az/arena_ws/devel/.private/pedsim_msgs/share/gennodejs/ros/pedsim_msgs/msg/Waypoint.js, /home/az/arena_ws/devel/share/gennodejs/ros/pedsim_msgs/msg/Waypoint.js)
Linked: (/home/az/arena_ws/devel/.private/pedsim_msgs/share/gennodejs/ros/pedsim_msgs/msg/Obstacles.js, /home/az/arena_ws/devel/share/gennodejs/ros/pedsim_msgs/msg/Obstacles.js)
Linked: (/home/az/arena_ws/devel/.private/pedsim_msgs/share/gennodejs/ros/pedsim_msgs/msg/Waypoints.js, /home/az/arena_ws/devel/share/gennodejs/ros/pedsim_msgs/msg/Waypoints.js)
Linked: (/home/az/arena_ws/devel/.private/pedsim_msgs/share/gennodejs/ros/pedsim_msgs/msg/AgentGroup.js, /home/az/arena_ws/devel/share/gennodejs/ros/pedsim_msgs/msg/AgentGroup.js)
Linked: (/home/az/arena_ws/devel/.private/pedsim_msgs/share/gennodejs/ros/pedsim_msgs/msg/SocialRelation.js, /home/az/arena_ws/devel/share/gennodejs/ros/pedsim_msgs/msg/SocialRelation.js)
Linked: (/home/az/arena_ws/devel/.private/pedsim_msgs/share/gennodejs/ros/pedsim_msgs/msg/AgentGroups.js, /home/az/arena_ws/devel/share/gennodejs/ros/pedsim_msgs/msg/AgentGroups.js)
Linked: (/home/az/arena_ws/devel/.private/pedsim_msgs/share/gennodejs/ros/pedsim_msgs/msg/SocialActivities.js, /home/az/arena_ws/devel/share/gennodejs/ros/pedsim_msgs/msg/SocialActivities.js)
Linked: (/home/az/arena_ws/devel/.private/pedsim_msgs/share/gennodejs/ros/pedsim_msgs/msg/Walls.js, /home/az/arena_ws/devel/share/gennodejs/ros/pedsim_msgs/msg/Walls.js)
Linked: (/home/az/arena_ws/devel/.private/pedsim_msgs/share/gennodejs/ros/pedsim_msgs/msg/SocialActivity.js, /home/az/arena_ws/devel/share/gennodejs/ros/pedsim_msgs/msg/SocialActivity.js)
Linked: (/home/az/arena_ws/devel/.private/pedsim_msgs/share/gennodejs/ros/pedsim_msgs/msg/SemanticData.js, /home/az/arena_ws/devel/share/gennodejs/ros/pedsim_msgs/msg/SemanticData.js)
Linked: (/home/az/arena_ws/devel/.private/pedsim_msgs/share/gennodejs/ros/pedsim_msgs/msg/TrackedGroups.js, /home/az/arena_ws/devel/share/gennodejs/ros/pedsim_msgs/msg/TrackedGroups.js)
Linked: (/home/az/arena_ws/devel/.private/pedsim_msgs/share/gennodejs/ros/pedsim_msgs/msg/Wall.js, /home/az/arena_ws/devel/share/gennodejs/ros/pedsim_msgs/msg/Wall.js)
Linked: (/home/az/arena_ws/devel/.private/pedsim_msgs/share/pedsim_msgs/cmake/pedsim_msgs-msg-extras.cmake, /home/az/arena_ws/devel/share/pedsim_msgs/cmake/pedsim_msgs-msg-extras.cmake)
Linked: (/home/az/arena_ws/devel/.private/pedsim_msgs/share/pedsim_msgs/cmake/pedsim_msgsConfig-version.cmake, /home/az/arena_ws/devel/share/pedsim_msgs/cmake/pedsim_msgsConfig-version.cmake)
Linked: (/home/az/arena_ws/devel/.private/pedsim_msgs/share/pedsim_msgs/cmake/pedsim_msgs-msg-paths.cmake, /home/az/arena_ws/devel/share/pedsim_msgs/cmake/pedsim_msgs-msg-paths.cmake)
Linked: (/home/az/arena_ws/devel/.private/pedsim_msgs/share/pedsim_msgs/cmake/pedsim_msgsConfig.cmake, /home/az/arena_ws/devel/share/pedsim_msgs/cmake/pedsim_msgsConfig.cmake)
Linked: (/home/az/arena_ws/devel/.private/pedsim_msgs/include/pedsim_msgs/AgentForce.h, /home/az/arena_ws/devel/include/pedsim_msgs/AgentForce.h)
Linked: (/home/az/arena_ws/devel/.private/pedsim_msgs/include/pedsim_msgs/AgentGroups.h, /home/az/arena_ws/devel/include/pedsim_msgs/AgentGroups.h)
Linked: (/home/az/arena_ws/devel/.private/pedsim_msgs/include/pedsim_msgs/SemanticData.h, /home/az/arena_ws/devel/include/pedsim_msgs/SemanticData.h)
Linked: (/home/az/arena_ws/devel/.private/pedsim_msgs/include/pedsim_msgs/AgentGroup.h, /home/az/arena_ws/devel/include/pedsim_msgs/AgentGroup.h)
Linked: (/home/az/arena_ws/devel/.private/pedsim_msgs/include/pedsim_msgs/TrackedGroups.h, /home/az/arena_ws/devel/include/pedsim_msgs/TrackedGroups.h)
Linked: (/home/az/arena_ws/devel/.private/pedsim_msgs/include/pedsim_msgs/SocialRelation.h, /home/az/arena_ws/devel/include/pedsim_msgs/SocialRelation.h)
Linked: (/home/az/arena_ws/devel/.private/pedsim_msgs/include/pedsim_msgs/SemanticDatum.h, /home/az/arena_ws/devel/include/pedsim_msgs/SemanticDatum.h)
Linked: (/home/az/arena_ws/devel/.private/pedsim_msgs/include/pedsim_msgs/TrackedPersons.h, /home/az/arena_ws/devel/include/pedsim_msgs/TrackedPersons.h)
Linked: (/home/az/arena_ws/devel/.private/pedsim_msgs/include/pedsim_msgs/AgentStates.h, /home/az/arena_ws/devel/include/pedsim_msgs/AgentStates.h)
Linked: (/home/az/arena_ws/devel/.private/pedsim_msgs/include/pedsim_msgs/Wall.h, /home/az/arena_ws/devel/include/pedsim_msgs/Wall.h)
Linked: (/home/az/arena_ws/devel/.private/pedsim_msgs/include/pedsim_msgs/SocialRelations.h, /home/az/arena_ws/devel/include/pedsim_msgs/SocialRelations.h)
Linked: (/home/az/arena_ws/devel/.private/pedsim_msgs/include/pedsim_msgs/Obstacle.h, /home/az/arena_ws/devel/include/pedsim_msgs/Obstacle.h)
Linked: (/home/az/arena_ws/devel/.private/pedsim_msgs/include/pedsim_msgs/SocialActivities.h, /home/az/arena_ws/devel/include/pedsim_msgs/SocialActivities.h)
Linked: (/home/az/arena_ws/devel/.private/pedsim_msgs/include/pedsim_msgs/RobotState.h, /home/az/arena_ws/devel/include/pedsim_msgs/RobotState.h)
Linked: (/home/az/arena_ws/devel/.private/pedsim_msgs/include/pedsim_msgs/Ped.h, /home/az/arena_ws/devel/include/pedsim_msgs/Ped.h)
Linked: (/home/az/arena_ws/devel/.private/pedsim_msgs/include/pedsim_msgs/Walls.h, /home/az/arena_ws/devel/include/pedsim_msgs/Walls.h)
Linked: (/home/az/arena_ws/devel/.private/pedsim_msgs/include/pedsim_msgs/Obstacles.h, /home/az/arena_ws/devel/include/pedsim_msgs/Obstacles.h)
Linked: (/home/az/arena_ws/devel/.private/pedsim_msgs/include/pedsim_msgs/AgentState.h, /home/az/arena_ws/devel/include/pedsim_msgs/AgentState.h)
Linked: (/home/az/arena_ws/devel/.private/pedsim_msgs/include/pedsim_msgs/Waypoints.h, /home/az/arena_ws/devel/include/pedsim_msgs/Waypoints.h)
Linked: (/home/az/arena_ws/devel/.private/pedsim_msgs/include/pedsim_msgs/SocialActivity.h, /home/az/arena_ws/devel/include/pedsim_msgs/SocialActivity.h)
Linked: (/home/az/arena_ws/devel/.private/pedsim_msgs/include/pedsim_msgs/PedsimAgentsDataframe.h, /home/az/arena_ws/devel/include/pedsim_msgs/PedsimAgentsDataframe.h)
Linked: (/home/az/arena_ws/devel/.private/pedsim_msgs/include/pedsim_msgs/Waypoint.h, /home/az/arena_ws/devel/include/pedsim_msgs/Waypoint.h)
Linked: (/home/az/arena_ws/devel/.private/pedsim_msgs/include/pedsim_msgs/TrackedGroup.h, /home/az/arena_ws/devel/include/pedsim_msgs/TrackedGroup.h)
Linked: (/home/az/arena_ws/devel/.private/pedsim_msgs/include/pedsim_msgs/TrackedPerson.h, /home/az/arena_ws/devel/include/pedsim_msgs/TrackedPerson.h)
Linked: (/home/az/arena_ws/devel/.private/pedsim_msgs/include/pedsim_msgs/AgentFeedbacks.h, /home/az/arena_ws/devel/include/pedsim_msgs/AgentFeedbacks.h)
Linked: (/home/az/arena_ws/devel/.private/pedsim_msgs/include/pedsim_msgs/AgentFeedback.h, /home/az/arena_ws/devel/include/pedsim_msgs/AgentFeedback.h)
Linked: (/home/az/arena_ws/devel/.private/pedsim_msgs/lib/pkgconfig/pedsim_msgs.pc, /home/az/arena_ws/devel/lib/pkgconfig/pedsim_msgs.pc)
Linked: (/home/az/arena_ws/devel/.private/pedsim_msgs/lib/python3/dist-packages/pedsim_msgs/__init__.py, /home/az/arena_ws/devel/lib/python3/dist-packages/pedsim_msgs/__init__.py)
Linked: (/home/az/arena_ws/devel/.private/pedsim_msgs/lib/python3/dist-packages/pedsim_msgs/msg/_SocialRelation.py, /home/az/arena_ws/devel/lib/python3/dist-packages/pedsim_msgs/msg/_SocialRelation.py)
Linked: (/home/az/arena_ws/devel/.private/pedsim_msgs/lib/python3/dist-packages/pedsim_msgs/msg/_RobotState.py, /home/az/arena_ws/devel/lib/python3/dist-packages/pedsim_msgs/msg/_RobotState.py)
Linked: (/home/az/arena_ws/devel/.private/pedsim_msgs/lib/python3/dist-packages/pedsim_msgs/msg/_SocialActivities.py, /home/az/arena_ws/devel/lib/python3/dist-packages/pedsim_msgs/msg/_SocialActivities.py)
Linked: (/home/az/arena_ws/devel/.private/pedsim_msgs/lib/python3/dist-packages/pedsim_msgs/msg/_SemanticData.py, /home/az/arena_ws/devel/lib/python3/dist-packages/pedsim_msgs/msg/_SemanticData.py)
Linked: (/home/az/arena_ws/devel/.private/pedsim_msgs/lib/python3/dist-packages/pedsim_msgs/msg/_AgentFeedback.py, /home/az/arena_ws/devel/lib/python3/dist-packages/pedsim_msgs/msg/_AgentFeedback.py)
Linked: (/home/az/arena_ws/devel/.private/pedsim_msgs/lib/python3/dist-packages/pedsim_msgs/msg/_Waypoints.py, /home/az/arena_ws/devel/lib/python3/dist-packages/pedsim_msgs/msg/_Waypoints.py)
Linked: (/home/az/arena_ws/devel/.private/pedsim_msgs/lib/python3/dist-packages/pedsim_msgs/msg/_PedsimAgentsDataframe.py, /home/az/arena_ws/devel/lib/python3/dist-packages/pedsim_msgs/msg/_PedsimAgentsDataframe.py)
Linked: (/home/az/arena_ws/devel/.private/pedsim_msgs/lib/python3/dist-packages/pedsim_msgs/msg/_TrackedGroups.py, /home/az/arena_ws/devel/lib/python3/dist-packages/pedsim_msgs/msg/_TrackedGroups.py)
Linked: (/home/az/arena_ws/devel/.private/pedsim_msgs/lib/python3/dist-packages/pedsim_msgs/msg/__init__.py, /home/az/arena_ws/devel/lib/python3/dist-packages/pedsim_msgs/msg/__init__.py)
Linked: (/home/az/arena_ws/devel/.private/pedsim_msgs/lib/python3/dist-packages/pedsim_msgs/msg/_Ped.py, /home/az/arena_ws/devel/lib/python3/dist-packages/pedsim_msgs/msg/_Ped.py)
Linked: (/home/az/arena_ws/devel/.private/pedsim_msgs/lib/python3/dist-packages/pedsim_msgs/msg/_AgentFeedbacks.py, /home/az/arena_ws/devel/lib/python3/dist-packages/pedsim_msgs/msg/_AgentFeedbacks.py)
Linked: (/home/az/arena_ws/devel/.private/pedsim_msgs/lib/python3/dist-packages/pedsim_msgs/msg/_Obstacles.py, /home/az/arena_ws/devel/lib/python3/dist-packages/pedsim_msgs/msg/_Obstacles.py)
Linked: (/home/az/arena_ws/devel/.private/pedsim_msgs/lib/python3/dist-packages/pedsim_msgs/msg/_AgentGroup.py, /home/az/arena_ws/devel/lib/python3/dist-packages/pedsim_msgs/msg/_AgentGroup.py)
Linked: (/home/az/arena_ws/devel/.private/pedsim_msgs/lib/python3/dist-packages/pedsim_msgs/msg/_SemanticDatum.py, /home/az/arena_ws/devel/lib/python3/dist-packages/pedsim_msgs/msg/_SemanticDatum.py)
Linked: (/home/az/arena_ws/devel/.private/pedsim_msgs/lib/python3/dist-packages/pedsim_msgs/msg/_AgentGroups.py, /home/az/arena_ws/devel/lib/python3/dist-packages/pedsim_msgs/msg/_AgentGroups.py)
Linked: (/home/az/arena_ws/devel/.private/pedsim_msgs/lib/python3/dist-packages/pedsim_msgs/msg/_Waypoint.py, /home/az/arena_ws/devel/lib/python3/dist-packages/pedsim_msgs/msg/_Waypoint.py)
Linked: (/home/az/arena_ws/devel/.private/pedsim_msgs/lib/python3/dist-packages/pedsim_msgs/msg/_TrackedPersons.py, /home/az/arena_ws/devel/lib/python3/dist-packages/pedsim_msgs/msg/_TrackedPersons.py)
Linked: (/home/az/arena_ws/devel/.private/pedsim_msgs/lib/python3/dist-packages/pedsim_msgs/msg/_Obstacle.py, /home/az/arena_ws/devel/lib/python3/dist-packages/pedsim_msgs/msg/_Obstacle.py)
Linked: (/home/az/arena_ws/devel/.private/pedsim_msgs/lib/python3/dist-packages/pedsim_msgs/msg/_AgentState.py, /home/az/arena_ws/devel/lib/python3/dist-packages/pedsim_msgs/msg/_AgentState.py)
Linked: (/home/az/arena_ws/devel/.private/pedsim_msgs/lib/python3/dist-packages/pedsim_msgs/msg/_SocialRelations.py, /home/az/arena_ws/devel/lib/python3/dist-packages/pedsim_msgs/msg/_SocialRelations.py)
Linked: (/home/az/arena_ws/devel/.private/pedsim_msgs/lib/python3/dist-packages/pedsim_msgs/msg/_TrackedGroup.py, /home/az/arena_ws/devel/lib/python3/dist-packages/pedsim_msgs/msg/_TrackedGroup.py)
Linked: (/home/az/arena_ws/devel/.private/pedsim_msgs/lib/python3/dist-packages/pedsim_msgs/msg/_TrackedPerson.py, /home/az/arena_ws/devel/lib/python3/dist-packages/pedsim_msgs/msg/_TrackedPerson.py)
Linked: (/home/az/arena_ws/devel/.private/pedsim_msgs/lib/python3/dist-packages/pedsim_msgs/msg/_Wall.py, /home/az/arena_ws/devel/lib/python3/dist-packages/pedsim_msgs/msg/_Wall.py)
Linked: (/home/az/arena_ws/devel/.private/pedsim_msgs/lib/python3/dist-packages/pedsim_msgs/msg/_Walls.py, /home/az/arena_ws/devel/lib/python3/dist-packages/pedsim_msgs/msg/_Walls.py)
Linked: (/home/az/arena_ws/devel/.private/pedsim_msgs/lib/python3/dist-packages/pedsim_msgs/msg/_SocialActivity.py, /home/az/arena_ws/devel/lib/python3/dist-packages/pedsim_msgs/msg/_SocialActivity.py)
Linked: (/home/az/arena_ws/devel/.private/pedsim_msgs/lib/python3/dist-packages/pedsim_msgs/msg/_AgentForce.py, /home/az/arena_ws/devel/lib/python3/dist-packages/pedsim_msgs/msg/_AgentForce.py)
Linked: (/home/az/arena_ws/devel/.private/pedsim_msgs/lib/python3/dist-packages/pedsim_msgs/msg/_AgentStates.py, /home/az/arena_ws/devel/lib/python3/dist-packages/pedsim_msgs/msg/_AgentStates.py)
