[35m[1mScanning dependencies of target _pedsim_msgs_generate_messages_check_deps_AgentFeedbacks[0m
[  0%] Built target _pedsim_msgs_generate_messages_check_deps_AgentFeedbacks
[35m[1mScanning dependencies of target _pedsim_msgs_generate_messages_check_deps_SemanticDatum[0m
[  0%] Built target _pedsim_msgs_generate_messages_check_deps_SemanticDatum
[35m[1mScanning dependencies of target geometry_msgs_generate_messages_py[0m
[  0%] Built target geometry_msgs_generate_messages_py
[35m[1mScanning dependencies of target sensor_msgs_generate_messages_py[0m
[  0%] Built target sensor_msgs_generate_messages_py
[35m[1mScanning dependencies of target _pedsim_msgs_generate_messages_check_deps_AgentGroup[0m
[  0%] Built target _pedsim_msgs_generate_messages_check_deps_AgentGroup
[35m[1mScanning dependencies of target _pedsim_msgs_generate_messages_check_deps_AgentStates[0m
[  0%] Built target _pedsim_msgs_generate_messages_check_deps_AgentStates
[35m[1mScanning dependencies of target _pedsim_msgs_generate_messages_check_deps_TrackedPersons[0m
[  0%] Built target _pedsim_msgs_generate_messages_check_deps_TrackedPersons
[35m[1mScanning dependencies of target _pedsim_msgs_generate_messages_check_deps_SocialRelations[0m
[  0%] Built target _pedsim_msgs_generate_messages_check_deps_SocialRelations
[35m[1mScanning dependencies of target _pedsim_msgs_generate_messages_check_deps_Wall[0m
[  0%] Built target _pedsim_msgs_generate_messages_check_deps_Wall
[35m[1mScanning dependencies of target _pedsim_msgs_generate_messages_check_deps_Ped[0m
[  0%] Built target _pedsim_msgs_generate_messages_check_deps_Ped
[35m[1mScanning dependencies of target _pedsim_msgs_generate_messages_check_deps_Obstacle[0m
[  0%] Built target _pedsim_msgs_generate_messages_check_deps_Obstacle
[35m[1mScanning dependencies of target _pedsim_msgs_generate_messages_check_deps_SocialRelation[0m
[  0%] Built target _pedsim_msgs_generate_messages_check_deps_SocialRelation
[35m[1mScanning dependencies of target std_msgs_generate_messages_py[0m
[  0%] Built target std_msgs_generate_messages_py
[35m[1mScanning dependencies of target _pedsim_msgs_generate_messages_check_deps_SocialActivities[0m
[  0%] Built target _pedsim_msgs_generate_messages_check_deps_SocialActivities
[35m[1mScanning dependencies of target nav_msgs_generate_messages_py[0m
[  0%] Built target nav_msgs_generate_messages_py
[35m[1mScanning dependencies of target _pedsim_msgs_generate_messages_check_deps_TrackedGroup[0m
[  0%] Built target _pedsim_msgs_generate_messages_check_deps_TrackedGroup
[35m[1mScanning dependencies of target _pedsim_msgs_generate_messages_check_deps_AgentState[0m
[  0%] Built target _pedsim_msgs_generate_messages_check_deps_AgentState
[35m[1mScanning dependencies of target _pedsim_msgs_generate_messages_check_deps_AgentGroups[0m
[  0%] Built target _pedsim_msgs_generate_messages_check_deps_AgentGroups
[35m[1mScanning dependencies of target _pedsim_msgs_generate_messages_check_deps_SocialActivity[0m
[  0%] Built target _pedsim_msgs_generate_messages_check_deps_SocialActivity
[35m[1mScanning dependencies of target _pedsim_msgs_generate_messages_check_deps_SemanticData[0m
[  0%] Built target _pedsim_msgs_generate_messages_check_deps_SemanticData
[35m[1mScanning dependencies of target _pedsim_msgs_generate_messages_check_deps_AgentForce[0m
[  0%] Built target _pedsim_msgs_generate_messages_check_deps_AgentForce
[35m[1mScanning dependencies of target _pedsim_msgs_generate_messages_check_deps_Walls[0m
[  0%] Built target _pedsim_msgs_generate_messages_check_deps_Walls
[35m[1mScanning dependencies of target _pedsim_msgs_generate_messages_check_deps_TrackedPerson[0m
[  0%] Built target _pedsim_msgs_generate_messages_check_deps_TrackedPerson
[35m[1mScanning dependencies of target _pedsim_msgs_generate_messages_check_deps_TrackedGroups[0m
[  0%] Built target _pedsim_msgs_generate_messages_check_deps_TrackedGroups
[35m[1mScanning dependencies of target _pedsim_msgs_generate_messages_check_deps_Waypoint[0m
[  0%] Built target _pedsim_msgs_generate_messages_check_deps_Waypoint
[35m[1mScanning dependencies of target _pedsim_msgs_generate_messages_check_deps_Waypoints[0m
[  0%] Built target _pedsim_msgs_generate_messages_check_deps_Waypoints
[35m[1mScanning dependencies of target _pedsim_msgs_generate_messages_check_deps_Obstacles[0m
[  0%] Built target _pedsim_msgs_generate_messages_check_deps_Obstacles
[35m[1mScanning dependencies of target _pedsim_msgs_generate_messages_check_deps_RobotState[0m
[  0%] Built target _pedsim_msgs_generate_messages_check_deps_RobotState
[35m[1mScanning dependencies of target _pedsim_msgs_generate_messages_check_deps_PedsimAgentsDataframe[0m
[35m[1mScanning dependencies of target _pedsim_msgs_generate_messages_check_deps_AgentFeedback[0m
[  0%] Built target _pedsim_msgs_generate_messages_check_deps_PedsimAgentsDataframe
[  0%] Built target _pedsim_msgs_generate_messages_check_deps_AgentFeedback
[35m[1mScanning dependencies of target nav_msgs_generate_messages_lisp[0m
[  0%] Built target nav_msgs_generate_messages_lisp
[35m[1mScanning dependencies of target sensor_msgs_generate_messages_lisp[0m
[  0%] Built target sensor_msgs_generate_messages_lisp
[35m[1mScanning dependencies of target geometry_msgs_generate_messages_lisp[0m
[  0%] Built target geometry_msgs_generate_messages_lisp
[35m[1mScanning dependencies of target std_msgs_generate_messages_lisp[0m
[  0%] Built target std_msgs_generate_messages_lisp
[35m[1mScanning dependencies of target nav_msgs_generate_messages_eus[0m
[  0%] Built target nav_msgs_generate_messages_eus
[35m[1mScanning dependencies of target sensor_msgs_generate_messages_eus[0m
[  0%] Built target sensor_msgs_generate_messages_eus
[35m[1mScanning dependencies of target geometry_msgs_generate_messages_eus[0m
[  0%] Built target geometry_msgs_generate_messages_eus
[35m[1mScanning dependencies of target std_msgs_generate_messages_eus[0m
[  0%] Built target std_msgs_generate_messages_eus
[35m[1mScanning dependencies of target std_msgs_generate_messages_nodejs[0m
[  0%] Built target std_msgs_generate_messages_nodejs
[35m[1mScanning dependencies of target geometry_msgs_generate_messages_nodejs[0m
[  0%] Built target geometry_msgs_generate_messages_nodejs
[35m[1mScanning dependencies of target nav_msgs_generate_messages_nodejs[0m
[  0%] Built target nav_msgs_generate_messages_nodejs
[35m[1mScanning dependencies of target sensor_msgs_generate_messages_nodejs[0m
[  0%] Built target sensor_msgs_generate_messages_nodejs
[35m[1mScanning dependencies of target nav_msgs_generate_messages_cpp[0m
[  0%] Built target nav_msgs_generate_messages_cpp
[35m[1mScanning dependencies of target geometry_msgs_generate_messages_cpp[0m
[  0%] Built target geometry_msgs_generate_messages_cpp
[35m[1mScanning dependencies of target std_msgs_generate_messages_cpp[0m
[  0%] Built target std_msgs_generate_messages_cpp
[35m[1mScanning dependencies of target sensor_msgs_generate_messages_cpp[0m
[  0%] Built target sensor_msgs_generate_messages_cpp
[35m[1mScanning dependencies of target pedsim_msgs_generate_messages_py[0m
[  1%] [34m[1mGenerating Python from MSG pedsim_msgs/AgentState[0m
[  2%] [34m[1mGenerating Python from MSG pedsim_msgs/AgentStates[0m
[  2%] [34m[1mGenerating Python from MSG pedsim_msgs/AgentGroup[0m
[  3%] [34m[1mGenerating Python from MSG pedsim_msgs/AgentGroups[0m
[  4%] [34m[1mGenerating Python from MSG pedsim_msgs/AgentForce[0m
[  5%] [34m[1mGenerating Python from MSG pedsim_msgs/Wall[0m
[  5%] [34m[1mGenerating Python from MSG pedsim_msgs/Walls[0m
[35m[1mScanning dependencies of target pedsim_msgs_generate_messages_lisp[0m
[  6%] [34m[1mGenerating Lisp code from pedsim_msgs/AgentState.msg[0m
[  7%] [34m[1mGenerating Lisp code from pedsim_msgs/AgentStates.msg[0m
[  8%] [34m[1mGenerating Python from MSG pedsim_msgs/TrackedPerson[0m
[  8%] [34m[1mGenerating Lisp code from pedsim_msgs/AgentGroup.msg[0m
[35m[1mScanning dependencies of target pedsim_msgs_generate_messages_eus[0m
[  9%] [34m[1mGenerating EusLisp code from pedsim_msgs/AgentState.msg[0m
[ 10%] [34m[1mGenerating Lisp code from pedsim_msgs/AgentGroups.msg[0m
[ 10%] [34m[1mGenerating EusLisp code from pedsim_msgs/AgentStates.msg[0m
[ 11%] [34m[1mGenerating Lisp code from pedsim_msgs/AgentForce.msg[0m
[ 12%] [34m[1mGenerating Python from MSG pedsim_msgs/TrackedPersons[0m
[ 13%] [34m[1mGenerating EusLisp code from pedsim_msgs/AgentGroup.msg[0m
[ 13%] [34m[1mGenerating Lisp code from pedsim_msgs/Wall.msg[0m
[ 14%] [34m[1mGenerating Lisp code from pedsim_msgs/Walls.msg[0m
[ 15%] [34m[1mGenerating EusLisp code from pedsim_msgs/AgentGroups.msg[0m
[ 16%] [34m[1mGenerating Lisp code from pedsim_msgs/TrackedPerson.msg[0m
[ 16%] [34m[1mGenerating Python from MSG pedsim_msgs/TrackedGroup[0m
[ 17%] [34m[1mGenerating Lisp code from pedsim_msgs/TrackedPersons.msg[0m
[ 17%] [34m[1mGenerating EusLisp code from pedsim_msgs/AgentForce.msg[0m
[ 17%] [34m[1mGenerating Lisp code from pedsim_msgs/TrackedGroup.msg[0m
[ 18%] [34m[1mGenerating Python from MSG pedsim_msgs/TrackedGroups[0m
[ 20%] [34m[1mGenerating EusLisp code from pedsim_msgs/Wall.msg[0m
[ 21%] [34m[1mGenerating Lisp code from pedsim_msgs/TrackedGroups.msg[0m
[ 22%] [34m[1mGenerating Lisp code from pedsim_msgs/SocialRelation.msg[0m
[ 23%] [34m[1mGenerating EusLisp code from pedsim_msgs/Walls.msg[0m
[ 24%] [34m[1mGenerating Python from MSG pedsim_msgs/SocialRelation[0m
[ 24%] [34m[1mGenerating Lisp code from pedsim_msgs/SocialRelations.msg[0m
[ 25%] [34m[1mGenerating Lisp code from pedsim_msgs/SocialActivity.msg[0m
[ 26%] [34m[1mGenerating EusLisp code from pedsim_msgs/TrackedPerson.msg[0m
[ 27%] [34m[1mGenerating Lisp code from pedsim_msgs/SocialActivities.msg[0m
[ 28%] [34m[1mGenerating Python from MSG pedsim_msgs/SocialRelations[0m
[ 29%] [34m[1mGenerating Lisp code from pedsim_msgs/Waypoint.msg[0m
[ 29%] [34m[1mGenerating EusLisp code from pedsim_msgs/TrackedPersons.msg[0m
[ 29%] [34m[1mGenerating Lisp code from pedsim_msgs/Waypoints.msg[0m
[ 30%] [34m[1mGenerating Lisp code from pedsim_msgs/Ped.msg[0m
[ 31%] [34m[1mGenerating EusLisp code from pedsim_msgs/TrackedGroup.msg[0m
[ 31%] [34m[1mGenerating Python from MSG pedsim_msgs/SocialActivity[0m
[ 32%] [34m[1mGenerating Lisp code from pedsim_msgs/Obstacle.msg[0m
[ 33%] [34m[1mGenerating EusLisp code from pedsim_msgs/TrackedGroups.msg[0m
[ 33%] [34m[1mGenerating Lisp code from pedsim_msgs/Obstacles.msg[0m
[ 34%] [34m[1mGenerating Python from MSG pedsim_msgs/SocialActivities[0m
[ 35%] [34m[1mGenerating Lisp code from pedsim_msgs/RobotState.msg[0m
[ 35%] [34m[1mGenerating EusLisp code from pedsim_msgs/SocialRelation.msg[0m
[ 36%] [34m[1mGenerating Lisp code from pedsim_msgs/PedsimAgentsDataframe.msg[0m
[ 37%] [34m[1mGenerating Lisp code from pedsim_msgs/AgentFeedback.msg[0m
[ 38%] [34m[1mGenerating EusLisp code from pedsim_msgs/SocialRelations.msg[0m
[ 40%] [34m[1mGenerating Python from MSG pedsim_msgs/Waypoint[0m
[ 40%] [34m[1mGenerating Lisp code from pedsim_msgs/AgentFeedbacks.msg[0m
[ 41%] [34m[1mGenerating Lisp code from pedsim_msgs/SemanticDatum.msg[0m
[ 42%] [34m[1mGenerating EusLisp code from pedsim_msgs/SocialActivity.msg[0m
[ 43%] [34m[1mGenerating Lisp code from pedsim_msgs/SemanticData.msg[0m
[ 43%] [34m[1mGenerating Python from MSG pedsim_msgs/Waypoints[0m
[ 44%] [34m[1mGenerating EusLisp code from pedsim_msgs/SocialActivities.msg[0m
[ 44%] Built target pedsim_msgs_generate_messages_lisp
[35m[1mScanning dependencies of target pedsim_msgs_generate_messages_nodejs[0m
[ 44%] [34m[1mGenerating Javascript code from pedsim_msgs/AgentState.msg[0m
[ 45%] [34m[1mGenerating Python from MSG pedsim_msgs/Ped[0m
[ 46%] [34m[1mGenerating EusLisp code from pedsim_msgs/Waypoint.msg[0m
[ 46%] [34m[1mGenerating Javascript code from pedsim_msgs/AgentStates.msg[0m
[ 47%] [34m[1mGenerating Javascript code from pedsim_msgs/AgentGroup.msg[0m
[ 48%] [34m[1mGenerating EusLisp code from pedsim_msgs/Waypoints.msg[0m
[ 49%] [34m[1mGenerating Python from MSG pedsim_msgs/Obstacle[0m
[ 50%] [34m[1mGenerating Javascript code from pedsim_msgs/AgentGroups.msg[0m
[ 50%] [34m[1mGenerating Javascript code from pedsim_msgs/AgentForce.msg[0m
[ 51%] [34m[1mGenerating EusLisp code from pedsim_msgs/Ped.msg[0m
[ 52%] [34m[1mGenerating Python from MSG pedsim_msgs/Obstacles[0m
[ 53%] [34m[1mGenerating Javascript code from pedsim_msgs/Wall.msg[0m
[ 53%] [34m[1mGenerating EusLisp code from pedsim_msgs/Obstacle.msg[0m
[ 54%] [34m[1mGenerating Javascript code from pedsim_msgs/Walls.msg[0m
[ 54%] [34m[1mGenerating Javascript code from pedsim_msgs/TrackedPerson.msg[0m
[ 54%] [34m[1mGenerating Python from MSG pedsim_msgs/RobotState[0m
[ 55%] [34m[1mGenerating EusLisp code from pedsim_msgs/Obstacles.msg[0m
[ 56%] [34m[1mGenerating Python from MSG pedsim_msgs/PedsimAgentsDataframe[0m
[ 57%] [34m[1mGenerating Javascript code from pedsim_msgs/TrackedPersons.msg[0m
[ 58%] [34m[1mGenerating EusLisp code from pedsim_msgs/RobotState.msg[0m
[ 60%] [34m[1mGenerating Javascript code from pedsim_msgs/TrackedGroup.msg[0m
[ 61%] [34m[1mGenerating EusLisp code from pedsim_msgs/PedsimAgentsDataframe.msg[0m
[ 62%] [34m[1mGenerating Javascript code from pedsim_msgs/TrackedGroups.msg[0m
[ 63%] [34m[1mGenerating Python from MSG pedsim_msgs/AgentFeedback[0m
[ 63%] [34m[1mGenerating Javascript code from pedsim_msgs/SocialRelation.msg[0m
[ 63%] [34m[1mGenerating EusLisp code from pedsim_msgs/AgentFeedback.msg[0m
[ 64%] [34m[1mGenerating Javascript code from pedsim_msgs/SocialRelations.msg[0m
[ 65%] [34m[1mGenerating Javascript code from pedsim_msgs/SocialActivity.msg[0m
[ 66%] [34m[1mGenerating EusLisp code from pedsim_msgs/AgentFeedbacks.msg[0m
[ 67%] [34m[1mGenerating EusLisp code from pedsim_msgs/SemanticDatum.msg[0m
[ 67%] [34m[1mGenerating Python from MSG pedsim_msgs/AgentFeedbacks[0m
[ 67%] [34m[1mGenerating Javascript code from pedsim_msgs/SocialActivities.msg[0m
[ 67%] [34m[1mGenerating EusLisp code from pedsim_msgs/SemanticData.msg[0m
[ 68%] [34m[1mGenerating Javascript code from pedsim_msgs/Waypoint.msg[0m
[ 69%] [34m[1mGenerating EusLisp manifest code for pedsim_msgs[0m
[ 70%] [34m[1mGenerating Javascript code from pedsim_msgs/Waypoints.msg[0m
[ 71%] [34m[1mGenerating Python from MSG pedsim_msgs/SemanticDatum[0m
WARNING: Package name "LfH" does not follow the naming conventions. It should start with a lower case letter and only contain lower case letters, digits, underscores, and dashes.
[ 72%] [34m[1mGenerating Python from MSG pedsim_msgs/SemanticData[0m
[ 73%] [34m[1mGenerating Javascript code from pedsim_msgs/Ped.msg[0m
WARNING: Package name "gazebo_ros_2Dmap_plugin" does not follow the naming conventions. It should start with a lower case letter and only contain lower case letters, digits, underscores, and dashes.
[ 73%] [34m[1mGenerating Javascript code from pedsim_msgs/Obstacle.msg[0m
[ 74%] [34m[1mGenerating Javascript code from pedsim_msgs/Obstacles.msg[0m
[ 75%] [34m[1mGenerating Python msg __init__.py for pedsim_msgs[0m
[ 76%] [34m[1mGenerating Javascript code from pedsim_msgs/RobotState.msg[0m
[ 76%] [34m[1mGenerating Javascript code from pedsim_msgs/PedsimAgentsDataframe.msg[0m
[ 77%] [34m[1mGenerating Javascript code from pedsim_msgs/AgentFeedback.msg[0m
[ 78%] [34m[1mGenerating Javascript code from pedsim_msgs/AgentFeedbacks.msg[0m
[ 78%] Built target pedsim_msgs_generate_messages_py
[35m[1mScanning dependencies of target pedsim_msgs_generate_messages_cpp[0m
[ 80%] [34m[1mGenerating Javascript code from pedsim_msgs/SemanticDatum.msg[0m
[ 81%] [34m[1mGenerating C++ code from pedsim_msgs/AgentState.msg[0m
[ 81%] [34m[1mGenerating Javascript code from pedsim_msgs/SemanticData.msg[0m
[ 82%] [34m[1mGenerating C++ code from pedsim_msgs/AgentStates.msg[0m
[ 82%] Built target pedsim_msgs_generate_messages_nodejs
WARNING: Package name "LfH" does not follow the naming conventions. It should start with a lower case letter and only contain lower case letters, digits, underscores, and dashes.
[ 82%] [34m[1mGenerating C++ code from pedsim_msgs/AgentGroup.msg[0m
WARNING: Package name "gazebo_ros_2Dmap_plugin" does not follow the naming conventions. It should start with a lower case letter and only contain lower case letters, digits, underscores, and dashes.
[ 83%] [34m[1mGenerating C++ code from pedsim_msgs/AgentGroups.msg[0m
[ 84%] [34m[1mGenerating C++ code from pedsim_msgs/AgentForce.msg[0m
[ 85%] [34m[1mGenerating C++ code from pedsim_msgs/Wall.msg[0m
[ 85%] [34m[1mGenerating C++ code from pedsim_msgs/Walls.msg[0m
[ 86%] [34m[1mGenerating C++ code from pedsim_msgs/TrackedPerson.msg[0m
[ 86%] Built target pedsim_msgs_generate_messages_eus
[ 87%] [34m[1mGenerating C++ code from pedsim_msgs/TrackedPersons.msg[0m
[ 87%] [34m[1mGenerating C++ code from pedsim_msgs/TrackedGroup.msg[0m
[ 88%] [34m[1mGenerating C++ code from pedsim_msgs/TrackedGroups.msg[0m
[ 89%] [34m[1mGenerating C++ code from pedsim_msgs/SocialRelation.msg[0m
[ 90%] [34m[1mGenerating C++ code from pedsim_msgs/SocialRelations.msg[0m
[ 90%] [34m[1mGenerating C++ code from pedsim_msgs/SocialActivity.msg[0m
[ 91%] [34m[1mGenerating C++ code from pedsim_msgs/SocialActivities.msg[0m
[ 92%] [34m[1mGenerating C++ code from pedsim_msgs/Waypoint.msg[0m
[ 92%] [34m[1mGenerating C++ code from pedsim_msgs/Waypoints.msg[0m
[ 93%] [34m[1mGenerating C++ code from pedsim_msgs/Ped.msg[0m
[ 94%] [34m[1mGenerating C++ code from pedsim_msgs/Obstacle.msg[0m
[ 95%] [34m[1mGenerating C++ code from pedsim_msgs/Obstacles.msg[0m
[ 95%] [34m[1mGenerating C++ code from pedsim_msgs/RobotState.msg[0m
[ 96%] [34m[1mGenerating C++ code from pedsim_msgs/PedsimAgentsDataframe.msg[0m
[ 97%] [34m[1mGenerating C++ code from pedsim_msgs/AgentFeedback.msg[0m
[ 97%] [34m[1mGenerating C++ code from pedsim_msgs/AgentFeedbacks.msg[0m
[ 98%] [34m[1mGenerating C++ code from pedsim_msgs/SemanticDatum.msg[0m
[100%] [34m[1mGenerating C++ code from pedsim_msgs/SemanticData.msg[0m
[100%] Built target pedsim_msgs_generate_messages_cpp
[35m[1mScanning dependencies of target pedsim_msgs_generate_messages[0m
[100%] Built target pedsim_msgs_generate_messages
