[  0%] Built target geometry_msgs_generate_messages_py
[  0%] Built target sensor_msgs_generate_messages_py
[  0%] Built target _pedsim_msgs_generate_messages_check_deps_AgentFeedbacks
[  0%] Built target _pedsim_msgs_generate_messages_check_deps_SemanticDatum
[  0%] Built target _pedsim_msgs_generate_messages_check_deps_AgentGroup
[  0%] Built target _pedsim_msgs_generate_messages_check_deps_AgentStates
[  0%] Built target _pedsim_msgs_generate_messages_check_deps_TrackedPersons
[  0%] Built target _pedsim_msgs_generate_messages_check_deps_SocialRelations
[  0%] Built target _pedsim_msgs_generate_messages_check_deps_Wall
[  0%] Built target _pedsim_msgs_generate_messages_check_deps_Obstacle
[  0%] Built target std_msgs_generate_messages_py
[  0%] Built target _pedsim_msgs_generate_messages_check_deps_Ped
[  0%] Built target nav_msgs_generate_messages_py
[  0%] Built target _pedsim_msgs_generate_messages_check_deps_SocialRelation
[  0%] Built target _pedsim_msgs_generate_messages_check_deps_SocialActivities
[  0%] Built target _pedsim_msgs_generate_messages_check_deps_TrackedGroup
[  0%] Built target _pedsim_msgs_generate_messages_check_deps_AgentState
[  0%] Built target _pedsim_msgs_generate_messages_check_deps_AgentGroups
[  0%] Built target _pedsim_msgs_generate_messages_check_deps_SocialActivity
[  0%] Built target _pedsim_msgs_generate_messages_check_deps_SemanticData
[  0%] Built target _pedsim_msgs_generate_messages_check_deps_AgentForce
[  0%] Built target _pedsim_msgs_generate_messages_check_deps_Walls
[  0%] Built target _pedsim_msgs_generate_messages_check_deps_TrackedPerson
[  0%] Built target _pedsim_msgs_generate_messages_check_deps_TrackedGroups
[  0%] Built target _pedsim_msgs_generate_messages_check_deps_Waypoint
[  0%] Built target _pedsim_msgs_generate_messages_check_deps_Obstacles
[  0%] Built target _pedsim_msgs_generate_messages_check_deps_Waypoints
[  0%] Built target _pedsim_msgs_generate_messages_check_deps_RobotState
[  0%] Built target nav_msgs_generate_messages_lisp
[  0%] Built target sensor_msgs_generate_messages_lisp
[  0%] Built target _pedsim_msgs_generate_messages_check_deps_PedsimAgentsDataframe
[  0%] Built target _pedsim_msgs_generate_messages_check_deps_AgentFeedback
[  0%] Built target geometry_msgs_generate_messages_lisp
[  0%] Built target std_msgs_generate_messages_lisp
[  0%] Built target nav_msgs_generate_messages_eus
[  0%] Built target sensor_msgs_generate_messages_eus
[  0%] Built target geometry_msgs_generate_messages_eus
[  0%] Built target std_msgs_generate_messages_eus
[  0%] Built target std_msgs_generate_messages_nodejs
[  0%] Built target nav_msgs_generate_messages_nodejs
[  0%] Built target geometry_msgs_generate_messages_nodejs
[  0%] Built target sensor_msgs_generate_messages_nodejs
[  0%] Built target nav_msgs_generate_messages_cpp
[  0%] Built target geometry_msgs_generate_messages_cpp
[  0%] Built target std_msgs_generate_messages_cpp
[  0%] Built target sensor_msgs_generate_messages_cpp
[ 21%] Built target pedsim_msgs_generate_messages_py
[ 41%] Built target pedsim_msgs_generate_messages_lisp
[ 66%] Built target pedsim_msgs_generate_messages_nodejs
[ 80%] Built target pedsim_msgs_generate_messages_eus
[100%] Built target pedsim_msgs_generate_messages_cpp
[100%] Built target pedsim_msgs_generate_messages
