[ 66%] Built target flatland_Box2D
[ 66%] Built target tf2_msgs_generate_messages_cpp
[ 66%] Built target geometry_msgs_generate_messages_eus
[ 66%] Built target std_msgs_generate_messages_nodejs
[ 66%] Built target std_msgs_generate_messages_py
[ 66%] Built target rosgraph_msgs_generate_messages_nodejs
[ 66%] Built target actionlib_generate_messages_cpp
[ 66%] Built target std_msgs_generate_messages_cpp
[ 66%] Built target rosgraph_msgs_generate_messages_lisp
[ 66%] Built target actionlib_msgs_generate_messages_eus
[ 66%] Built target tf2_msgs_generate_messages_eus
[ 66%] Built target roscpp_generate_messages_eus
[ 66%] Built target flatland_msgs_generate_messages_lisp
[ 66%] Built target roscpp_generate_messages_lisp
[ 66%] Built target _catkin_empty_exported_target
[ 66%] Built target actionlib_generate_messages_lisp
[ 66%] Built target std_msgs_generate_messages_lisp
[ 66%] Built target flatland_msgs_generate_messages_nodejs
[ 66%] Built target rosgraph_msgs_generate_messages_py
[ 66%] Built target roscpp_generate_messages_py
[ 66%] Built target geometry_msgs_generate_messages_py
[ 66%] Built target roscpp_generate_messages_cpp
[ 66%] Built target actionlib_msgs_generate_messages_py
[ 66%] Built target tf2_msgs_generate_messages_lisp
[ 66%] Built target geometry_msgs_generate_messages_nodejs
[ 66%] Built target geometry_msgs_generate_messages_cpp
[ 66%] Built target tf2_msgs_generate_messages_py
[ 66%] Built target visualization_msgs_generate_messages_eus
[ 66%] Built target geometry_msgs_generate_messages_lisp
[ 66%] Built target roscpp_generate_messages_nodejs
[ 66%] Built target rosgraph_msgs_generate_messages_eus
[ 66%] Built target tf2_msgs_generate_messages_nodejs
[ 66%] Built target actionlib_msgs_generate_messages_cpp
[ 66%] Built target rosgraph_msgs_generate_messages_cpp
[ 66%] Built target actionlib_generate_messages_eus
[ 66%] Built target visualization_msgs_generate_messages_cpp
[ 66%] Built target std_msgs_generate_messages_eus
[ 66%] Built target actionlib_msgs_generate_messages_lisp
[ 66%] Built target actionlib_msgs_generate_messages_nodejs
[ 66%] Built target actionlib_generate_messages_py
[ 66%] Built target visualization_msgs_generate_messages_nodejs
[ 66%] Built target visualization_msgs_generate_messages_py
[ 66%] Built target flatland_msgs_generate_messages_cpp
[ 66%] Built target flatland_msgs_generate_messages_eus
[ 66%] Built target visualization_msgs_generate_messages_lisp
[ 66%] Built target flatland_msgs_generate_messages_py
[ 66%] Built target actionlib_generate_messages_nodejs
[ 97%] Built target flatland_lib
[100%] Built target flatland_server
