Linked: (/home/az/arena_ws/devel/.private/map_distance_server/share/map_distance_server/cmake/map_distance_server-msg-extras.cmake, /home/az/arena_ws/devel/share/map_distance_server/cmake/map_distance_server-msg-extras.cmake)
Linked: (/home/az/arena_ws/devel/.private/map_distance_server/share/map_distance_server/cmake/map_distance_serverConfig.cmake, /home/az/arena_ws/devel/share/map_distance_server/cmake/map_distance_serverConfig.cmake)
Linked: (/home/az/arena_ws/devel/.private/map_distance_server/share/map_distance_server/cmake/map_distance_server-msg-paths.cmake, /home/az/arena_ws/devel/share/map_distance_server/cmake/map_distance_server-msg-paths.cmake)
Linked: (/home/az/arena_ws/devel/.private/map_distance_server/share/map_distance_server/cmake/map_distance_serverConfig-version.cmake, /home/az/arena_ws/devel/share/map_distance_server/cmake/map_distance_serverConfig-version.cmake)
Linked: (/home/az/arena_ws/devel/.private/map_distance_server/share/roseus/ros/map_distance_server/manifest.l, /home/az/arena_ws/devel/share/roseus/ros/map_distance_server/manifest.l)
Linked: (/home/az/arena_ws/devel/.private/map_distance_server/share/roseus/ros/map_distance_server/srv/GetDistanceMap.l, /home/az/arena_ws/devel/share/roseus/ros/map_distance_server/srv/GetDistanceMap.l)
Linked: (/home/az/arena_ws/devel/.private/map_distance_server/share/common-lisp/ros/map_distance_server/srv/_package.lisp, /home/az/arena_ws/devel/share/common-lisp/ros/map_distance_server/srv/_package.lisp)
Linked: (/home/az/arena_ws/devel/.private/map_distance_server/share/common-lisp/ros/map_distance_server/srv/map_distance_server-srv.asd, /home/az/arena_ws/devel/share/common-lisp/ros/map_distance_server/srv/map_distance_server-srv.asd)
Linked: (/home/az/arena_ws/devel/.private/map_distance_server/share/common-lisp/ros/map_distance_server/srv/GetDistanceMap.lisp, /home/az/arena_ws/devel/share/common-lisp/ros/map_distance_server/srv/GetDistanceMap.lisp)
Linked: (/home/az/arena_ws/devel/.private/map_distance_server/share/common-lisp/ros/map_distance_server/srv/_package_GetDistanceMap.lisp, /home/az/arena_ws/devel/share/common-lisp/ros/map_distance_server/srv/_package_GetDistanceMap.lisp)
Linked: (/home/az/arena_ws/devel/.private/map_distance_server/share/gennodejs/ros/map_distance_server/_index.js, /home/az/arena_ws/devel/share/gennodejs/ros/map_distance_server/_index.js)
Linked: (/home/az/arena_ws/devel/.private/map_distance_server/share/gennodejs/ros/map_distance_server/srv/_index.js, /home/az/arena_ws/devel/share/gennodejs/ros/map_distance_server/srv/_index.js)
Linked: (/home/az/arena_ws/devel/.private/map_distance_server/share/gennodejs/ros/map_distance_server/srv/GetDistanceMap.js, /home/az/arena_ws/devel/share/gennodejs/ros/map_distance_server/srv/GetDistanceMap.js)
Linked: (/home/az/arena_ws/devel/.private/map_distance_server/include/map_distance_server/GetDistanceMapResponse.h, /home/az/arena_ws/devel/include/map_distance_server/GetDistanceMapResponse.h)
Linked: (/home/az/arena_ws/devel/.private/map_distance_server/include/map_distance_server/GetDistanceMap.h, /home/az/arena_ws/devel/include/map_distance_server/GetDistanceMap.h)
Linked: (/home/az/arena_ws/devel/.private/map_distance_server/include/map_distance_server/GetDistanceMapRequest.h, /home/az/arena_ws/devel/include/map_distance_server/GetDistanceMapRequest.h)
Linked: (/home/az/arena_ws/devel/.private/map_distance_server/lib/pkgconfig/map_distance_server.pc, /home/az/arena_ws/devel/lib/pkgconfig/map_distance_server.pc)
Linked: (/home/az/arena_ws/devel/.private/map_distance_server/lib/map_distance_server/map_distance_node.py, /home/az/arena_ws/devel/lib/map_distance_server/map_distance_node.py)
Linked: (/home/az/arena_ws/devel/.private/map_distance_server/lib/map_distance_server/cmake.lock, /home/az/arena_ws/devel/lib/map_distance_server/cmake.lock)
Linked: (/home/az/arena_ws/devel/.private/map_distance_server/lib/python3/dist-packages/map_distance_server/__init__.py, /home/az/arena_ws/devel/lib/python3/dist-packages/map_distance_server/__init__.py)
Linked: (/home/az/arena_ws/devel/.private/map_distance_server/lib/python3/dist-packages/map_distance_server/srv/__init__.py, /home/az/arena_ws/devel/lib/python3/dist-packages/map_distance_server/srv/__init__.py)
Linked: (/home/az/arena_ws/devel/.private/map_distance_server/lib/python3/dist-packages/map_distance_server/srv/_GetDistanceMap.py, /home/az/arena_ws/devel/lib/python3/dist-packages/map_distance_server/srv/_GetDistanceMap.py)
