Symlinking /home/az/arena_ws/devel/share/map_distance_server/cmake/map_distance_server-msg-extras.cmake
Symlinking /home/az/arena_ws/devel/share/map_distance_server/cmake/map_distance_serverConfig.cmake
Symlinking /home/az/arena_ws/devel/share/map_distance_server/cmake/map_distance_server-msg-paths.cmake
Symlinking /home/az/arena_ws/devel/share/map_distance_server/cmake/map_distance_serverConfig-version.cmake
Symlinking /home/az/arena_ws/devel/share/roseus/ros/map_distance_server/manifest.l
Symlinking /home/az/arena_ws/devel/share/roseus/ros/map_distance_server/srv/GetDistanceMap.l
Symlinking /home/az/arena_ws/devel/share/common-lisp/ros/map_distance_server/srv/_package.lisp
Symlinking /home/az/arena_ws/devel/share/common-lisp/ros/map_distance_server/srv/map_distance_server-srv.asd
Symlinking /home/az/arena_ws/devel/share/common-lisp/ros/map_distance_server/srv/GetDistanceMap.lisp
Symlinking /home/az/arena_ws/devel/share/common-lisp/ros/map_distance_server/srv/_package_GetDistanceMap.lisp
Symlinking /home/az/arena_ws/devel/share/gennodejs/ros/map_distance_server/_index.js
Symlinking /home/az/arena_ws/devel/share/gennodejs/ros/map_distance_server/srv/_index.js
Symlinking /home/az/arena_ws/devel/share/gennodejs/ros/map_distance_server/srv/GetDistanceMap.js
Symlinking /home/az/arena_ws/devel/include/map_distance_server/GetDistanceMapResponse.h
Symlinking /home/az/arena_ws/devel/include/map_distance_server/GetDistanceMap.h
Symlinking /home/az/arena_ws/devel/include/map_distance_server/GetDistanceMapRequest.h
Symlinking /home/az/arena_ws/devel/lib/pkgconfig/map_distance_server.pc
Symlinking /home/az/arena_ws/devel/lib/map_distance_server/map_distance_node.py
Symlinking /home/az/arena_ws/devel/lib/map_distance_server/cmake.lock
Symlinking /home/az/arena_ws/devel/lib/python3/dist-packages/map_distance_server/__init__.py
Symlinking /home/az/arena_ws/devel/lib/python3/dist-packages/map_distance_server/srv/__init__.py
Symlinking /home/az/arena_ws/devel/lib/python3/dist-packages/map_distance_server/srv/_GetDistanceMap.py
