[35m[1mScanning dependencies of target intermediate_planner[0m
[ 50%] [32mBuilding CXX object CMakeFiles/intermediate_planner.dir/src/intermediate_planner.cpp.o[0m
In file included from [01m[K/home/az/arena_ws/src/arena/arena-rosnav/utils/ros/rosnodes/intermediate_planner/include/intermediate_planner/intermediate_planner.h:6[m[K,
                 from [01m[K/home/az/arena_ws/src/arena/arena-rosnav/utils/ros/rosnodes/intermediate_planner/src/intermediate_planner.cpp:1[m[K:
[01m[K/home/az/arena_ws/src/arena/arena-rosnav/utils/misc/path_search/include/path_search/dyn_astar.h:[m[K In member function ‘[01m[Kbool AStar::Coord2Index(const Vector2d&, Eigen::Vector2i&) const[m[K’:
[01m[K/home/az/arena_ws/src/arena/arena-rosnav/utils/misc/path_search/include/path_search/dyn_astar.h:109:13:[m[K [01;35m[Kwarning: [m[Kformat ‘[01m[K%d[m[K’ expects a matching ‘[01m[Kint[m[K’ argument [[01;35m[K-Wformat=[m[K]
  109 |   ROS_ERROR([01;35m[K"Ran out of pool, index=%d %d %d"[m[K, idx(0), idx(1));
      |             [01;35m[K^~~~~~~~~~~~~~~~~~~~~~~~~~~~~~~~~[m[K
[01m[K/opt/ros/noetic/include/ros/console.h:351:165:[m[K [01;36m[Knote: [m[Kin definition of macro ‘[01m[KROSCONSOLE_PRINT_AT_LOCATION_WITH_FILTER[m[K’
  351 |     ::ros::console::print(filter, __rosconsole_define_location__loc.logger_, __rosconsole_define_location__loc.level_, __FILE__, __LINE__, __ROSCONSOLE_FUNCTION__, [01;36m[K__VA_ARGS__[m[K)
      |                                                                                                                                                                     [01;36m[K^~~~~~~~~~~[m[K
[01m[K/opt/ros/noetic/include/ros/console.h:390:7:[m[K [01;36m[Knote: [m[Kin expansion of macro ‘[01m[KROSCONSOLE_PRINT_AT_LOCATION[m[K’
  390 |       [01;36m[KROSCONSOLE_PRINT_AT_LOCATION[m[K(__VA_ARGS__); \
      |       [01;36m[K^~~~~~~~~~~~~~~~~~~~~~~~~~~~[m[K
[01m[K/opt/ros/noetic/include/ros/console.h:575:35:[m[K [01;36m[Knote: [m[Kin expansion of macro ‘[01m[KROS_LOG_COND[m[K’
  575 | #define ROS_LOG(level, name, ...) [01;36m[KROS_LOG_COND[m[K(true, level, name, __VA_ARGS__)
      |                                   [01;36m[K^~~~~~~~~~~~[m[K
[01m[K/opt/ros/noetic/include/rosconsole/macros_generated.h:214:24:[m[K [01;36m[Knote: [m[Kin expansion of macro ‘[01m[KROS_LOG[m[K’
  214 | #define ROS_ERROR(...) [01;36m[KROS_LOG[m[K(::ros::console::levels::Error, ROSCONSOLE_DEFAULT_NAME, __VA_ARGS__)
      |                        [01;36m[K^~~~~~~[m[K
[01m[K/home/az/arena_ws/src/arena/arena-rosnav/utils/misc/path_search/include/path_search/dyn_astar.h:109:3:[m[K [01;36m[Knote: [m[Kin expansion of macro ‘[01m[KROS_ERROR[m[K’
  109 |   [01;36m[KROS_ERROR[m[K("Ran out of pool, index=%d %d %d", idx(0), idx(1));
      |   [01;36m[K^~~~~~~~~[m[K
In file included from [01m[K/home/az/arena_ws/src/arena/arena-rosnav/utils/misc/traj_planner/include/traj_planner/bspline_optimizer_astar.h:6[m[K,
                 from [01m[K/home/az/arena_ws/src/arena/arena-rosnav/utils/ros/rosnodes/intermediate_planner/include/intermediate_planner/intermediate_planner.h:24[m[K,
                 from [01m[K/home/az/arena_ws/src/arena/arena-rosnav/utils/ros/rosnodes/intermediate_planner/src/intermediate_planner.cpp:1[m[K:
[01m[K/home/az/arena_ws/src/arena/arena-rosnav/utils/misc/path_search/include/path_search/dyn_astar.h:109:44:[m[K [01;36m[Knote: [m[Kformat string is defined here
  109 |   ROS_ERROR("Ran out of pool, index=%d %d [01;36m[K%d[m[K", idx(0), idx(1));
      |                                           [01;36m[K~^[m[K
      |                                            [01;36m[K|[m[K
      |                                            [01;36m[Kint[m[K
In file included from [01m[K/home/az/arena_ws/src/arena/arena-rosnav/utils/ros/rosnodes/intermediate_planner/include/intermediate_planner/intermediate_planner.h:25[m[K,
                 from [01m[K/home/az/arena_ws/src/arena/arena-rosnav/utils/ros/rosnodes/intermediate_planner/src/intermediate_planner.cpp:1[m[K:
[01m[K/home/az/arena_ws/src/arena/arena-rosnav/utils/misc/traj_planner/include/traj_planner/polynomial_traj.h:[m[K In member function ‘[01m[Kvoid PolynomialTraj::init()[m[K’:
[01m[K/home/az/arena_ws/src/arena/arena-rosnav/utils/misc/traj_planner/include/traj_planner/polynomial_traj.h:49:23:[m[K [01;35m[Kwarning: [m[Kcomparison of integer expressions of different signedness: ‘[01m[Kint[m[K’ and ‘[01m[Kstd::vector<double>::size_type[m[K’ {aka ‘[01m[Klong unsigned int[m[K’} [[01;35m[K-Wsign-compare[m[K]
   49 |     for (int i = 0; [01;35m[Ki < times.size()[m[K; ++i)
      |                     [01;35m[K~~^~~~~~~~~~~~~~[m[K
[01m[K/home/az/arena_ws/src/arena/arena-rosnav/utils/misc/traj_planner/include/traj_planner/polynomial_traj.h:[m[K In member function ‘[01m[Kdouble PolynomialTraj::getLength()[m[K’:
[01m[K/home/az/arena_ws/src/arena/arena-rosnav/utils/misc/traj_planner/include/traj_planner/polynomial_traj.h:185:23:[m[K [01;35m[Kwarning: [m[Kcomparison of integer expressions of different signedness: ‘[01m[Kint[m[K’ and ‘[01m[Kstd::vector<Eigen::Matrix<double, 2, 1> >::size_type[m[K’ {aka ‘[01m[Klong unsigned int[m[K’} [[01;35m[K-Wsign-compare[m[K]
  185 |     for (int i = 1; [01;35m[Ki < traj_vec2d.size()[m[K; ++i)
      |                     [01;35m[K~~^~~~~~~~~~~~~~~~~~~[m[K
[01m[K/home/az/arena_ws/src/arena/arena-rosnav/utils/misc/traj_planner/include/traj_planner/polynomial_traj.h:[m[K In member function ‘[01m[Kdouble PolynomialTraj::getMeanVel()[m[K’:
[01m[K/home/az/arena_ws/src/arena/arena-rosnav/utils/misc/traj_planner/include/traj_planner/polynomial_traj.h:196:12:[m[K [01;35m[Kwarning: [m[Kunused variable ‘[01m[Kmean_vel[m[K’ [[01;35m[K-Wunused-variable[m[K]
  196 |     double [01;35m[Kmean_vel[m[K = length / time_sum;
      |            [01;35m[K^~~~~~~~[m[K
[01m[K/home/az/arena_ws/src/arena/arena-rosnav/utils/misc/traj_planner/include/traj_planner/polynomial_traj.h:197:3:[m[K [01;35m[Kwarning: [m[Kno return statement in function returning non-void [[01;35m[K-Wreturn-type[m[K]
  197 |   [01;35m[K}[m[K
      |   [01;35m[K^[m[K
[01m[K/home/az/arena_ws/src/arena/arena-rosnav/utils/misc/traj_planner/include/traj_planner/polynomial_traj.h:[m[K In member function ‘[01m[Kdouble PolynomialTraj::getAccCost()[m[K’:
[01m[K/home/az/arena_ws/src/arena/arena-rosnav/utils/misc/traj_planner/include/traj_planner/polynomial_traj.h:204:23:[m[K [01;35m[Kwarning: [m[Kcomparison of integer expressions of different signedness: ‘[01m[Kint[m[K’ and ‘[01m[Kstd::vector<double>::size_type[m[K’ {aka ‘[01m[Klong unsigned int[m[K’} [[01;35m[K-Wsign-compare[m[K]
  204 |     for (int s = 0; [01;35m[Ks < times.size()[m[K; ++s)
      |                     [01;35m[K~~^~~~~~~~~~~~~~[m[K
[01m[K/home/az/arena_ws/src/arena/arena-rosnav/utils/misc/traj_planner/include/traj_planner/polynomial_traj.h:[m[K In member function ‘[01m[Kdouble PolynomialTraj::getJerk()[m[K’:
[01m[K/home/az/arena_ws/src/arena/arena-rosnav/utils/misc/traj_planner/include/traj_planner/polynomial_traj.h:219:23:[m[K [01;35m[Kwarning: [m[Kcomparison of integer expressions of different signedness: ‘[01m[Kint[m[K’ and ‘[01m[Kstd::vector<double>::size_type[m[K’ {aka ‘[01m[Klong unsigned int[m[K’} [[01;35m[K-Wsign-compare[m[K]
  219 |     for (int s = 0; [01;35m[Ks < times.size()[m[K; ++s)
      |                     [01;35m[K~~^~~~~~~~~~~~~~[m[K
[01m[K/home/az/arena_ws/src/arena/arena-rosnav/utils/misc/traj_planner/include/traj_planner/polynomial_traj.h:[m[K In member function ‘[01m[Kvoid PolynomialTraj::getMeanAndMaxVel(double&, double&)[m[K’:
[01m[K/home/az/arena_ws/src/arena/arena-rosnav/utils/misc/traj_planner/include/traj_planner/polynomial_traj.h:251:23:[m[K [01;35m[Kwarning: [m[Kcomparison of integer expressions of different signedness: ‘[01m[Kint[m[K’ and ‘[01m[Kstd::vector<double>::size_type[m[K’ {aka ‘[01m[Klong unsigned int[m[K’} [[01;35m[K-Wsign-compare[m[K]
  251 |     for (int s = 0; [01;35m[Ks < times.size()[m[K; ++s)
      |                     [01;35m[K~~^~~~~~~~~~~~~~[m[K
[01m[K/home/az/arena_ws/src/arena/arena-rosnav/utils/misc/traj_planner/include/traj_planner/polynomial_traj.h:[m[K In member function ‘[01m[Kvoid PolynomialTraj::getMeanAndMaxAcc(double&, double&)[m[K’:
[01m[K/home/az/arena_ws/src/arena/arena-rosnav/utils/misc/traj_planner/include/traj_planner/polynomial_traj.h:290:23:[m[K [01;35m[Kwarning: [m[Kcomparison of integer expressions of different signedness: ‘[01m[Kint[m[K’ and ‘[01m[Kstd::vector<double>::size_type[m[K’ {aka ‘[01m[Klong unsigned int[m[K’} [[01;35m[K-Wsign-compare[m[K]
  290 |     for (int s = 0; [01;35m[Ks < times.size()[m[K; ++s)
      |                     [01;35m[K~~^~~~~~~~~~~~~~[m[K
In file included from [01m[K/home/az/arena_ws/src/arena/arena-rosnav/utils/ros/rosnodes/intermediate_planner/include/intermediate_planner/intermediate_planner.h:28[m[K,
                 from [01m[K/home/az/arena_ws/src/arena/arena-rosnav/utils/ros/rosnodes/intermediate_planner/src/intermediate_planner.cpp:1[m[K:
[01m[K/home/az/arena_ws/src/arena/arena-rosnav/utils/ros/rosnodes/intermediate_planner/include/intermediate_planner/plan_container_mid.hpp:[m[K In member function ‘[01m[Kvoid GlobalData::getLandmarks(std::vector<Eigen::Matrix<double, 2, 1> >&)[m[K’:
[01m[K/home/az/arena_ws/src/arena/arena-rosnav/utils/ros/rosnodes/intermediate_planner/include/intermediate_planner/plan_container_mid.hpp:172:19:[m[K [01;35m[Kwarning: [m[Kcomparison of integer expressions of different signedness: ‘[01m[Kint[m[K’ and ‘[01m[Kstd::vector<LandmarkPoint>::size_type[m[K’ {aka ‘[01m[Klong unsigned int[m[K’} [[01;35m[K-Wsign-compare[m[K]
  172 |      for(int i=0;[01;35m[Ki<landmark_points_.size()[m[K;i++){
      |                  [01;35m[K~^~~~~~~~~~~~~~~~~~~~~~~~[m[K
[01m[K/home/az/arena_ws/src/arena/arena-rosnav/utils/ros/rosnodes/intermediate_planner/include/intermediate_planner/plan_container_mid.hpp:[m[K In member function ‘[01m[KEigen::Vector2d GlobalData::getLocalTarget(Eigen::Vector2d&)[m[K’:
[01m[K/home/az/arena_ws/src/arena/arena-rosnav/utils/ros/rosnodes/intermediate_planner/include/intermediate_planner/plan_container_mid.hpp:188:27:[m[K [01;35m[Kwarning: [m[Kcomparison of integer expressions of different signedness: ‘[01m[Kint[m[K’ and ‘[01m[Kstd::vector<LandmarkPoint>::size_type[m[K’ {aka ‘[01m[Klong unsigned int[m[K’} [[01;35m[K-Wsign-compare[m[K]
  188 |       if([01;35m[Kid_last_landmark_>=landmark_points_.size()[m[K){
      |          [01;35m[K~~~~~~~~~~~~~~~~~^~~~~~~~~~~~~~~~~~~~~~~~~[m[K
[01m[K/home/az/arena_ws/src/arena/arena-rosnav/utils/ros/rosnodes/intermediate_planner/src/intermediate_planner.cpp:[m[K In member function ‘[01m[Kbool InterPlanner::makeGlobalPlan(plan_msgs::MakeGlobalPlan::Request&, plan_msgs::MakeGlobalPlan::Response&)[m[K’:
[01m[K/home/az/arena_ws/src/arena/arena-rosnav/utils/ros/rosnodes/intermediate_planner/src/intermediate_planner.cpp:178:18:[m[K [01;35m[Kwarning: [m[Kcomparison of integer expressions of different signedness: ‘[01m[Kint[m[K’ and ‘[01m[Kstd::vector<Eigen::Matrix<double, 2, 1> >::size_type[m[K’ {aka ‘[01m[Klong unsigned int[m[K’} [[01;35m[K-Wsign-compare[m[K]
  178 |     for(int i=0;[01;35m[Ki<global_path.size()[m[K;i++){
      |                 [01;35m[K~^~~~~~~~~~~~~~~~~~~[m[K
[01m[K/home/az/arena_ws/src/arena/arena-rosnav/utils/ros/rosnodes/intermediate_planner/src/intermediate_planner.cpp:[m[K In member function ‘[01m[Kbool InterPlanner::optimizePath(double, std::vector<Eigen::Matrix<double, 2, 1> >, std::vector<Eigen::Matrix<double, 2, 1> >, UniformBspline&, InterPlanner::OptimizerType)[m[K’:
[01m[K/home/az/arena_ws/src/arena/arena-rosnav/utils/ros/rosnodes/intermediate_planner/src/intermediate_planner.cpp:270:21:[m[K [01;35m[Kwarning: [m[Kcontrol reaches end of non-void function [[01;35m[K-Wreturn-type[m[K]
  270 |     Eigen::MatrixXd [01;35m[Kctrl_pts[m[K;
      |                     [01;35m[K^~~~~~~~[m[K
[100%] [32m[1mLinking CXX executable /home/az/arena_ws/devel/.private/intermediate_planner/lib/intermediate_planner/intermediate_planner[0m
[100%] Built target intermediate_planner
