[  0%] Built target sensor_msgs_generate_messages_cpp
[  0%] Built target _observations_generate_messages_check_deps_Observation
[  0%] Built target geometry_msgs_generate_messages_cpp
[  0%] Built target std_msgs_generate_messages_cpp
[  0%] Built target geometry_msgs_generate_messages_py
[  0%] Built target std_msgs_generate_messages_py
[  0%] Built target sensor_msgs_generate_messages_py
[  0%] Built target std_msgs_generate_messages_nodejs
[  0%] Built target geometry_msgs_generate_messages_nodejs
[  0%] Built target sensor_msgs_generate_messages_nodejs
[  0%] Built target geometry_msgs_generate_messages_eus
[  0%] Built target std_msgs_generate_messages_eus
[  0%] Built target sensor_msgs_generate_messages_eus
[  0%] Built target std_msgs_generate_messages_lisp
[  0%] Built target geometry_msgs_generate_messages_lisp
[  0%] Built target sensor_msgs_generate_messages_lisp
[  9%] Built target observations_generate_messages_cpp
[ 27%] Built target observations_generate_messages_py
[ 36%] Built target observations_generate_messages_nodejs
[ 54%] Built target observations_generate_messages_eus
[ 63%] Built target observations_generate_messages_lisp
[100%] Built target observation_packer
[100%] Built target observations_generate_messages
