[35m[1mScanning dependencies of target _unitree_legged_msgs_generate_messages_check_deps_IMU[0m
[  0%] Built target _unitree_legged_msgs_generate_messages_check_deps_IMU
[35m[1mScanning dependencies of target _unitree_legged_msgs_generate_messages_check_deps_HighState[0m
[  0%] Built target _unitree_legged_msgs_generate_messages_check_deps_HighState
[35m[1mScanning dependencies of target _unitree_legged_msgs_generate_messages_check_deps_HighCmd[0m
[  0%] Built target _unitree_legged_msgs_generate_messages_check_deps_HighCmd
[35m[1mScanning dependencies of target _unitree_legged_msgs_generate_messages_check_deps_LowState[0m
[  0%] Built target _unitree_legged_msgs_generate_messages_check_deps_LowState
[35m[1mScanning dependencies of target _unitree_legged_msgs_generate_messages_check_deps_BmsState[0m
[  0%] Built target _unitree_legged_msgs_generate_messages_check_deps_BmsState
[35m[1mScanning dependencies of target std_msgs_generate_messages_eus[0m
[  0%] Built target std_msgs_generate_messages_eus
[35m[1mScanning dependencies of target _unitree_legged_msgs_generate_messages_check_deps_LowCmd[0m
[  0%] Built target _unitree_legged_msgs_generate_messages_check_deps_LowCmd
[35m[1mScanning dependencies of target _unitree_legged_msgs_generate_messages_check_deps_LED[0m
[  0%] Built target _unitree_legged_msgs_generate_messages_check_deps_LED
[35m[1mScanning dependencies of target geometry_msgs_generate_messages_eus[0m
[  0%] Built target geometry_msgs_generate_messages_eus
[35m[1mScanning dependencies of target _unitree_legged_msgs_generate_messages_check_deps_MotorCmd[0m
[  0%] Built target _unitree_legged_msgs_generate_messages_check_deps_MotorCmd
[35m[1mScanning dependencies of target sensor_msgs_generate_messages_eus[0m
[  0%] Built target sensor_msgs_generate_messages_eus
[35m[1mScanning dependencies of target _unitree_legged_msgs_generate_messages_check_deps_MotorState[0m
[  0%] Built target _unitree_legged_msgs_generate_messages_check_deps_MotorState
[35m[1mScanning dependencies of target _unitree_legged_msgs_generate_messages_check_deps_BmsCmd[0m
[  0%] Built target _unitree_legged_msgs_generate_messages_check_deps_BmsCmd
[35m[1mScanning dependencies of target _unitree_legged_msgs_generate_messages_check_deps_Cartesian[0m
[  0%] Built target _unitree_legged_msgs_generate_messages_check_deps_Cartesian
[35m[1mScanning dependencies of target std_msgs_generate_messages_lisp[0m
[  0%] Built target std_msgs_generate_messages_lisp
[35m[1mScanning dependencies of target geometry_msgs_generate_messages_lisp[0m
[  0%] Built target geometry_msgs_generate_messages_lisp
[35m[1mScanning dependencies of target sensor_msgs_generate_messages_lisp[0m
[  0%] Built target sensor_msgs_generate_messages_lisp
[35m[1mScanning dependencies of target sensor_msgs_generate_messages_cpp[0m
[  0%] Built target sensor_msgs_generate_messages_cpp
[35m[1mScanning dependencies of target std_msgs_generate_messages_cpp[0m
[  0%] Built target std_msgs_generate_messages_cpp
[35m[1mScanning dependencies of target geometry_msgs_generate_messages_cpp[0m
[  0%] Built target geometry_msgs_generate_messages_cpp
[35m[1mScanning dependencies of target std_msgs_generate_messages_py[0m
[  0%] Built target std_msgs_generate_messages_py
[35m[1mScanning dependencies of target sensor_msgs_generate_messages_py[0m
[  0%] Built target sensor_msgs_generate_messages_py
[35m[1mScanning dependencies of target geometry_msgs_generate_messages_py[0m
[  0%] Built target geometry_msgs_generate_messages_py
[35m[1mScanning dependencies of target std_msgs_generate_messages_nodejs[0m
[  0%] Built target std_msgs_generate_messages_nodejs
[35m[1mScanning dependencies of target sensor_msgs_generate_messages_nodejs[0m
[  0%] Built target sensor_msgs_generate_messages_nodejs
[35m[1mScanning dependencies of target geometry_msgs_generate_messages_nodejs[0m
[  0%] Built target geometry_msgs_generate_messages_nodejs
[35m[1mScanning dependencies of target unitree_legged_msgs_generate_messages_eus[0m
[  1%] [34m[1mGenerating EusLisp code from unitree_legged_msgs/MotorCmd.msg[0m
[  3%] [34m[1mGenerating EusLisp code from unitree_legged_msgs/MotorState.msg[0m
[  5%] [34m[1mGenerating EusLisp code from unitree_legged_msgs/BmsCmd.msg[0m
[  7%] [34m[1mGenerating EusLisp code from unitree_legged_msgs/BmsState.msg[0m
[  8%] [34m[1mGenerating EusLisp code from unitree_legged_msgs/Cartesian.msg[0m
[ 10%] [34m[1mGenerating EusLisp code from unitree_legged_msgs/IMU.msg[0m
[35m[1mScanning dependencies of target unitree_legged_msgs_generate_messages_lisp[0m
[ 12%] [34m[1mGenerating Lisp code from unitree_legged_msgs/MotorCmd.msg[0m
[ 14%] [34m[1mGenerating EusLisp code from unitree_legged_msgs/LED.msg[0m
[ 15%] [34m[1mGenerating Lisp code from unitree_legged_msgs/MotorState.msg[0m
[ 17%] [34m[1mGenerating Lisp code from unitree_legged_msgs/BmsCmd.msg[0m
[ 19%] [34m[1mGenerating EusLisp code from unitree_legged_msgs/LowCmd.msg[0m
[ 21%] [34m[1mGenerating Lisp code from unitree_legged_msgs/BmsState.msg[0m
[ 22%] [34m[1mGenerating Lisp code from unitree_legged_msgs/Cartesian.msg[0m
[ 24%] [34m[1mGenerating EusLisp code from unitree_legged_msgs/LowState.msg[0m
[ 26%] [34m[1mGenerating Lisp code from unitree_legged_msgs/IMU.msg[0m
[ 28%] [34m[1mGenerating Lisp code from unitree_legged_msgs/LED.msg[0m
[ 29%] [34m[1mGenerating EusLisp code from unitree_legged_msgs/HighCmd.msg[0m
[ 31%] [34m[1mGenerating Lisp code from unitree_legged_msgs/LowCmd.msg[0m
[ 33%] [34m[1mGenerating Lisp code from unitree_legged_msgs/LowState.msg[0m
[ 35%] [34m[1mGenerating EusLisp code from unitree_legged_msgs/HighState.msg[0m
[ 36%] [34m[1mGenerating Lisp code from unitree_legged_msgs/HighCmd.msg[0m
[ 38%] [34m[1mGenerating EusLisp manifest code for unitree_legged_msgs[0m
[ 40%] [34m[1mGenerating Lisp code from unitree_legged_msgs/HighState.msg[0m
[ 40%] Built target unitree_legged_msgs_generate_messages_lisp
[35m[1mScanning dependencies of target unitree_legged_msgs_generate_messages_cpp[0m
[ 42%] [34m[1mGenerating C++ code from unitree_legged_msgs/MotorCmd.msg[0m
WARNING: Package name "LfH" does not follow the naming conventions. It should start with a lower case letter and only contain lower case letters, digits, underscores, and dashes.
WARNING: Package name "gazebo_ros_2Dmap_plugin" does not follow the naming conventions. It should start with a lower case letter and only contain lower case letters, digits, underscores, and dashes.
[ 43%] [34m[1mGenerating C++ code from unitree_legged_msgs/MotorState.msg[0m
[ 45%] [34m[1mGenerating C++ code from unitree_legged_msgs/BmsCmd.msg[0m
[ 47%] [34m[1mGenerating C++ code from unitree_legged_msgs/BmsState.msg[0m
WARNING: Package name "LfH" does not follow the naming conventions. It should start with a lower case letter and only contain lower case letters, digits, underscores, and dashes.
WARNING: Package name "gazebo_ros_2Dmap_plugin" does not follow the naming conventions. It should start with a lower case letter and only contain lower case letters, digits, underscores, and dashes.
[ 49%] [34m[1mGenerating C++ code from unitree_legged_msgs/Cartesian.msg[0m
[ 50%] [34m[1mGenerating C++ code from unitree_legged_msgs/IMU.msg[0m
[ 52%] [34m[1mGenerating C++ code from unitree_legged_msgs/LED.msg[0m
[ 52%] Built target unitree_legged_msgs_generate_messages_eus
[35m[1mScanning dependencies of target unitree_legged_msgs_generate_messages_py[0m
[ 54%] [34m[1mGenerating Python from MSG unitree_legged_msgs/MotorCmd[0m
[ 56%] [34m[1mGenerating C++ code from unitree_legged_msgs/LowCmd.msg[0m
[ 57%] [34m[1mGenerating Python from MSG unitree_legged_msgs/MotorState[0m
[ 59%] [34m[1mGenerating C++ code from unitree_legged_msgs/LowState.msg[0m
[ 61%] [34m[1mGenerating Python from MSG unitree_legged_msgs/BmsCmd[0m
[ 63%] [34m[1mGenerating C++ code from unitree_legged_msgs/HighCmd.msg[0m
[ 64%] [34m[1mGenerating Python from MSG unitree_legged_msgs/BmsState[0m
[ 66%] [34m[1mGenerating C++ code from unitree_legged_msgs/HighState.msg[0m
[ 68%] [34m[1mGenerating Python from MSG unitree_legged_msgs/Cartesian[0m
[ 68%] Built target unitree_legged_msgs_generate_messages_cpp
[35m[1mScanning dependencies of target unitree_legged_msgs_generate_messages_nodejs[0m
[ 70%] [34m[1mGenerating Javascript code from unitree_legged_msgs/MotorCmd.msg[0m
[ 71%] [34m[1mGenerating Javascript code from unitree_legged_msgs/MotorState.msg[0m
[ 73%] [34m[1mGenerating Python from MSG unitree_legged_msgs/IMU[0m
[ 75%] [34m[1mGenerating Javascript code from unitree_legged_msgs/BmsCmd.msg[0m
[ 77%] [34m[1mGenerating Javascript code from unitree_legged_msgs/BmsState.msg[0m
[ 78%] [34m[1mGenerating Python from MSG unitree_legged_msgs/LED[0m
[ 80%] [34m[1mGenerating Javascript code from unitree_legged_msgs/Cartesian.msg[0m
[ 82%] [34m[1mGenerating Javascript code from unitree_legged_msgs/IMU.msg[0m
[ 84%] [34m[1mGenerating Javascript code from unitree_legged_msgs/LED.msg[0m
[ 85%] [34m[1mGenerating Python from MSG unitree_legged_msgs/LowCmd[0m
[ 87%] [34m[1mGenerating Javascript code from unitree_legged_msgs/LowCmd.msg[0m
[ 89%] [34m[1mGenerating Javascript code from unitree_legged_msgs/LowState.msg[0m
[ 91%] [34m[1mGenerating Python from MSG unitree_legged_msgs/LowState[0m
[ 92%] [34m[1mGenerating Javascript code from unitree_legged_msgs/HighCmd.msg[0m
[ 94%] [34m[1mGenerating Javascript code from unitree_legged_msgs/HighState.msg[0m
[ 96%] [34m[1mGenerating Python from MSG unitree_legged_msgs/HighCmd[0m
[ 96%] Built target unitree_legged_msgs_generate_messages_nodejs
[ 98%] [34m[1mGenerating Python from MSG unitree_legged_msgs/HighState[0m
[100%] [34m[1mGenerating Python msg __init__.py for unitree_legged_msgs[0m
[100%] Built target unitree_legged_msgs_generate_messages_py
[35m[1mScanning dependencies of target unitree_legged_msgs_generate_messages[0m
[100%] Built target unitree_legged_msgs_generate_messages
