Linked: (/home/az/arena_ws/devel/.private/navfn/share/roseus/ros/navfn/manifest.l, /home/az/arena_ws/devel/share/roseus/ros/navfn/manifest.l)
Linked: (/home/az/arena_ws/devel/.private/navfn/share/roseus/ros/navfn/srv/MakeNavPlan.l, /home/az/arena_ws/devel/share/roseus/ros/navfn/srv/MakeNavPlan.l)
Linked: (/home/az/arena_ws/devel/.private/navfn/share/roseus/ros/navfn/srv/SetCostmap.l, /home/az/arena_ws/devel/share/roseus/ros/navfn/srv/SetCostmap.l)
Linked: (/home/az/arena_ws/devel/.private/navfn/share/common-lisp/ros/navfn/srv/navfn-srv.asd, /home/az/arena_ws/devel/share/common-lisp/ros/navfn/srv/navfn-srv.asd)
Linked: (/home/az/arena_ws/devel/.private/navfn/share/common-lisp/ros/navfn/srv/_package.lisp, /home/az/arena_ws/devel/share/common-lisp/ros/navfn/srv/_package.lisp)
Linked: (/home/az/arena_ws/devel/.private/navfn/share/common-lisp/ros/navfn/srv/_package_SetCostmap.lisp, /home/az/arena_ws/devel/share/common-lisp/ros/navfn/srv/_package_SetCostmap.lisp)
Linked: (/home/az/arena_ws/devel/.private/navfn/share/common-lisp/ros/navfn/srv/_package_MakeNavPlan.lisp, /home/az/arena_ws/devel/share/common-lisp/ros/navfn/srv/_package_MakeNavPlan.lisp)
Linked: (/home/az/arena_ws/devel/.private/navfn/share/common-lisp/ros/navfn/srv/SetCostmap.lisp, /home/az/arena_ws/devel/share/common-lisp/ros/navfn/srv/SetCostmap.lisp)
Linked: (/home/az/arena_ws/devel/.private/navfn/share/common-lisp/ros/navfn/srv/MakeNavPlan.lisp, /home/az/arena_ws/devel/share/common-lisp/ros/navfn/srv/MakeNavPlan.lisp)
Linked: (/home/az/arena_ws/devel/.private/navfn/share/gennodejs/ros/navfn/_index.js, /home/az/arena_ws/devel/share/gennodejs/ros/navfn/_index.js)
Linked: (/home/az/arena_ws/devel/.private/navfn/share/gennodejs/ros/navfn/srv/SetCostmap.js, /home/az/arena_ws/devel/share/gennodejs/ros/navfn/srv/SetCostmap.js)
Linked: (/home/az/arena_ws/devel/.private/navfn/share/gennodejs/ros/navfn/srv/_index.js, /home/az/arena_ws/devel/share/gennodejs/ros/navfn/srv/_index.js)
Linked: (/home/az/arena_ws/devel/.private/navfn/share/gennodejs/ros/navfn/srv/MakeNavPlan.js, /home/az/arena_ws/devel/share/gennodejs/ros/navfn/srv/MakeNavPlan.js)
Linked: (/home/az/arena_ws/devel/.private/navfn/share/navfn/cmake/navfn-msg-paths.cmake, /home/az/arena_ws/devel/share/navfn/cmake/navfn-msg-paths.cmake)
Linked: (/home/az/arena_ws/devel/.private/navfn/share/navfn/cmake/navfnConfig-version.cmake, /home/az/arena_ws/devel/share/navfn/cmake/navfnConfig-version.cmake)
Linked: (/home/az/arena_ws/devel/.private/navfn/share/navfn/cmake/navfnConfig.cmake, /home/az/arena_ws/devel/share/navfn/cmake/navfnConfig.cmake)
Linked: (/home/az/arena_ws/devel/.private/navfn/share/navfn/cmake/navfn-msg-extras.cmake, /home/az/arena_ws/devel/share/navfn/cmake/navfn-msg-extras.cmake)
Linked: (/home/az/arena_ws/devel/.private/navfn/include/navfn/MakeNavPlanRequest.h, /home/az/arena_ws/devel/include/navfn/MakeNavPlanRequest.h)
Linked: (/home/az/arena_ws/devel/.private/navfn/include/navfn/MakeNavPlanResponse.h, /home/az/arena_ws/devel/include/navfn/MakeNavPlanResponse.h)
Linked: (/home/az/arena_ws/devel/.private/navfn/include/navfn/MakeNavPlan.h, /home/az/arena_ws/devel/include/navfn/MakeNavPlan.h)
Linked: (/home/az/arena_ws/devel/.private/navfn/include/navfn/SetCostmapRequest.h, /home/az/arena_ws/devel/include/navfn/SetCostmapRequest.h)
Linked: (/home/az/arena_ws/devel/.private/navfn/include/navfn/SetCostmap.h, /home/az/arena_ws/devel/include/navfn/SetCostmap.h)
Linked: (/home/az/arena_ws/devel/.private/navfn/include/navfn/SetCostmapResponse.h, /home/az/arena_ws/devel/include/navfn/SetCostmapResponse.h)
Linked: (/home/az/arena_ws/devel/.private/navfn/lib/libnavfn.so, /home/az/arena_ws/devel/lib/libnavfn.so)
Linked: (/home/az/arena_ws/devel/.private/navfn/lib/pkgconfig/navfn.pc, /home/az/arena_ws/devel/lib/pkgconfig/navfn.pc)
Linked: (/home/az/arena_ws/devel/.private/navfn/lib/python3/dist-packages/navfn/__init__.py, /home/az/arena_ws/devel/lib/python3/dist-packages/navfn/__init__.py)
Linked: (/home/az/arena_ws/devel/.private/navfn/lib/python3/dist-packages/navfn/srv/_MakeNavPlan.py, /home/az/arena_ws/devel/lib/python3/dist-packages/navfn/srv/_MakeNavPlan.py)
Linked: (/home/az/arena_ws/devel/.private/navfn/lib/python3/dist-packages/navfn/srv/__init__.py, /home/az/arena_ws/devel/lib/python3/dist-packages/navfn/srv/__init__.py)
Linked: (/home/az/arena_ws/devel/.private/navfn/lib/python3/dist-packages/navfn/srv/_SetCostmap.py, /home/az/arena_ws/devel/lib/python3/dist-packages/navfn/srv/_SetCostmap.py)
Linked: (/home/az/arena_ws/devel/.private/navfn/lib/navfn/navtest, /home/az/arena_ws/devel/lib/navfn/navtest)
Linked: (/home/az/arena_ws/devel/.private/navfn/lib/navfn/navfn_node, /home/az/arena_ws/devel/lib/navfn/navfn_node)
