[  1%] Built target pedsim_simulator_gencfg
[  1%] Built target tf_generate_messages_nodejs
[  1%] Built target flatland_msgs_generate_messages_py
[  1%] Built target flatland_msgs_generate_messages_nodejs
[  1%] Built target flatland_msgs_generate_messages_lisp
[  1%] Built target flatland_msgs_generate_messages_cpp
[  1%] Built target dynamic_reconfigure_gencfg
[  1%] Built target dynamic_reconfigure_generate_messages_cpp
[  1%] Built target dynamic_reconfigure_generate_messages_nodejs
[  1%] Built target tf2_msgs_generate_messages_py
[  1%] Built target tf2_msgs_generate_messages_nodejs
[  1%] Built target actionlib_generate_messages_py
[  1%] Built target actionlib_generate_messages_nodejs
[  1%] Built target geometry_msgs_generate_messages_eus
[  1%] Built target std_msgs_generate_messages_nodejs
[  1%] Built target tf2_msgs_generate_messages_lisp
[  1%] Built target pedsim_msgs_generate_messages_eus
[  1%] Built target std_msgs_generate_messages_py
[  1%] Built target pedsim_msgs_generate_messages_cpp
[  1%] Built target pedsim_msgs_generate_messages_nodejs
[  1%] Built target nav_msgs_generate_messages_lisp
[  1%] Built target std_msgs_generate_messages_cpp
[  1%] Built target actionlib_generate_messages_cpp
[  1%] Built target pedsim_msgs_generate_messages_lisp
[  1%] Built target rosgraph_msgs_generate_messages_nodejs
[  1%] Built target actionlib_msgs_generate_messages_py
[  1%] Built target actionlib_generate_messages_lisp
[  1%] Built target roscpp_generate_messages_lisp
[  1%] Built target std_msgs_generate_messages_lisp
[  1%] Built target pedsim_srvs_generate_messages_nodejs
[  1%] Built target std_srvs_generate_messages_cpp
[  1%] Built target std_srvs_generate_messages_nodejs
[  1%] Built target tf_generate_messages_eus
[  1%] Built target rosgraph_msgs_generate_messages_lisp
[  1%] Built target dynamic_reconfigure_generate_messages_py
[  1%] Built target actionlib_msgs_generate_messages_eus
[  1%] Built target rosgraph_msgs_generate_messages_py
[  1%] Built target roscpp_generate_messages_py
[  1%] Built target roscpp_generate_messages_cpp
[  1%] Built target sensor_msgs_generate_messages_lisp
[  1%] Built target sensor_msgs_generate_messages_eus
[  1%] Built target roscpp_generate_messages_eus
[  1%] Built target dynamic_reconfigure_generate_messages_eus
[  1%] Built target geometry_msgs_generate_messages_nodejs
[  1%] Built target geometry_msgs_generate_messages_cpp
[  1%] Built target pedsim_srvs_generate_messages_lisp
[  1%] Built target geometry_msgs_generate_messages_lisp
[  1%] Built target tf_generate_messages_cpp
[  1%] Built target roscpp_generate_messages_nodejs
[  1%] Built target actionlib_generate_messages_eus
[  1%] Built target rosgraph_msgs_generate_messages_cpp
[  1%] Built target std_srvs_generate_messages_py
[  1%] Built target rosgraph_msgs_generate_messages_eus
[  1%] Built target nav_msgs_generate_messages_cpp
[  1%] Built target geometry_msgs_generate_messages_py
[  1%] Built target tf2_msgs_generate_messages_eus
[  1%] Built target pedsim_msgs_generate_messages_py
[  1%] Built target sensor_msgs_generate_messages_py
[  1%] Built target sensor_msgs_generate_messages_cpp
[  1%] Built target nav_msgs_generate_messages_nodejs
[  1%] Built target sensor_msgs_generate_messages_nodejs
[  1%] Built target nav_msgs_generate_messages_eus
[  1%] Built target std_msgs_generate_messages_eus
[  1%] Built target actionlib_msgs_generate_messages_cpp
[  1%] Built target actionlib_msgs_generate_messages_lisp
[  1%] Built target tf_generate_messages_py
[  1%] Built target actionlib_msgs_generate_messages_nodejs
[  1%] Built target dynamic_reconfigure_generate_messages_lisp
[  1%] Built target pedsim_srvs_generate_messages_py
[  1%] Built target tf2_msgs_generate_messages_cpp
[  1%] Built target flatland_msgs_generate_messages_eus
[  1%] Built target std_srvs_generate_messages_eus
[  1%] Built target pedsim_srvs_generate_messages_cpp
[  1%] Built target pedsim_srvs_generate_messages_eus
[  1%] Built target std_srvs_generate_messages_lisp
[  1%] Built target nav_msgs_generate_messages_py
[  1%] Built target tf_generate_messages_lisp
[  3%] [34m[1mAutomatic MOC and UIC for target pedsim_simulator[0m
[  3%] [34m[1mAutomatic MOC and UIC for target simulate_diff_drive_robot[0m
[  3%] Built target simulate_diff_drive_robot_autogen
[  3%] Built target pedsim_simulator_autogen
[  6%] Built target simulate_diff_drive_robot
[100%] Built target pedsim_simulator
