Symlinking /home/az/github_may_messed_it_up_20250124arena_try_get_rel_vel_work/arena_ws/devel/share/roseus/ros/spencer_vision_msgs/manifest.l
Symlinking /home/az/github_may_messed_it_up_20250124arena_try_get_rel_vel_work/arena_ws/devel/share/roseus/ros/spencer_vision_msgs/msg/PersonImage.l
Symlinking /home/az/github_may_messed_it_up_20250124arena_try_get_rel_vel_work/arena_ws/devel/share/roseus/ros/spencer_vision_msgs/msg/PersonROI.l
Symlinking /home/az/github_may_messed_it_up_20250124arena_try_get_rel_vel_work/arena_ws/devel/share/roseus/ros/spencer_vision_msgs/msg/PersonROIs.l
Symlinking /home/az/github_may_messed_it_up_20250124arena_try_get_rel_vel_work/arena_ws/devel/share/roseus/ros/spencer_vision_msgs/msg/PersonImages.l
Symlinking /home/az/github_may_messed_it_up_20250124arena_try_get_rel_vel_work/arena_ws/devel/share/common-lisp/ros/spencer_vision_msgs/msg/_package_PersonImage.lisp
Symlinking /home/az/github_may_messed_it_up_20250124arena_try_get_rel_vel_work/arena_ws/devel/share/common-lisp/ros/spencer_vision_msgs/msg/PersonImages.lisp
Symlinking /home/az/github_may_messed_it_up_20250124arena_try_get_rel_vel_work/arena_ws/devel/share/common-lisp/ros/spencer_vision_msgs/msg/spencer_vision_msgs-msg.asd
Symlinking /home/az/github_may_messed_it_up_20250124arena_try_get_rel_vel_work/arena_ws/devel/share/common-lisp/ros/spencer_vision_msgs/msg/PersonROI.lisp
Symlinking /home/az/github_may_messed_it_up_20250124arena_try_get_rel_vel_work/arena_ws/devel/share/common-lisp/ros/spencer_vision_msgs/msg/_package.lisp
Symlinking /home/az/github_may_messed_it_up_20250124arena_try_get_rel_vel_work/arena_ws/devel/share/common-lisp/ros/spencer_vision_msgs/msg/_package_PersonROIs.lisp
Symlinking /home/az/github_may_messed_it_up_20250124arena_try_get_rel_vel_work/arena_ws/devel/share/common-lisp/ros/spencer_vision_msgs/msg/PersonImage.lisp
Symlinking /home/az/github_may_messed_it_up_20250124arena_try_get_rel_vel_work/arena_ws/devel/share/common-lisp/ros/spencer_vision_msgs/msg/_package_PersonImages.lisp
Symlinking /home/az/github_may_messed_it_up_20250124arena_try_get_rel_vel_work/arena_ws/devel/share/common-lisp/ros/spencer_vision_msgs/msg/_package_PersonROI.lisp
Symlinking /home/az/github_may_messed_it_up_20250124arena_try_get_rel_vel_work/arena_ws/devel/share/common-lisp/ros/spencer_vision_msgs/msg/PersonROIs.lisp
Symlinking /home/az/github_may_messed_it_up_20250124arena_try_get_rel_vel_work/arena_ws/devel/share/gennodejs/ros/spencer_vision_msgs/_index.js
Symlinking /home/az/github_may_messed_it_up_20250124arena_try_get_rel_vel_work/arena_ws/devel/share/gennodejs/ros/spencer_vision_msgs/msg/PersonROIs.js
Symlinking /home/az/github_may_messed_it_up_20250124arena_try_get_rel_vel_work/arena_ws/devel/share/gennodejs/ros/spencer_vision_msgs/msg/_index.js
Symlinking /home/az/github_may_messed_it_up_20250124arena_try_get_rel_vel_work/arena_ws/devel/share/gennodejs/ros/spencer_vision_msgs/msg/PersonImages.js
Symlinking /home/az/github_may_messed_it_up_20250124arena_try_get_rel_vel_work/arena_ws/devel/share/gennodejs/ros/spencer_vision_msgs/msg/PersonImage.js
Symlinking /home/az/github_may_messed_it_up_20250124arena_try_get_rel_vel_work/arena_ws/devel/share/gennodejs/ros/spencer_vision_msgs/msg/PersonROI.js
Symlinking /home/az/github_may_messed_it_up_20250124arena_try_get_rel_vel_work/arena_ws/devel/share/spencer_vision_msgs/cmake/spencer_vision_msgsConfig-version.cmake
Symlinking /home/az/github_may_messed_it_up_20250124arena_try_get_rel_vel_work/arena_ws/devel/share/spencer_vision_msgs/cmake/spencer_vision_msgs-msg-paths.cmake
Symlinking /home/az/github_may_messed_it_up_20250124arena_try_get_rel_vel_work/arena_ws/devel/share/spencer_vision_msgs/cmake/spencer_vision_msgs-msg-extras.cmake
Symlinking /home/az/github_may_messed_it_up_20250124arena_try_get_rel_vel_work/arena_ws/devel/share/spencer_vision_msgs/cmake/spencer_vision_msgsConfig.cmake
Symlinking /home/az/github_may_messed_it_up_20250124arena_try_get_rel_vel_work/arena_ws/devel/include/spencer_vision_msgs/PersonImages.h
Symlinking /home/az/github_may_messed_it_up_20250124arena_try_get_rel_vel_work/arena_ws/devel/include/spencer_vision_msgs/PersonImage.h
Symlinking /home/az/github_may_messed_it_up_20250124arena_try_get_rel_vel_work/arena_ws/devel/include/spencer_vision_msgs/PersonROIs.h
Symlinking /home/az/github_may_messed_it_up_20250124arena_try_get_rel_vel_work/arena_ws/devel/include/spencer_vision_msgs/PersonROI.h
Symlinking /home/az/github_may_messed_it_up_20250124arena_try_get_rel_vel_work/arena_ws/devel/lib/pkgconfig/spencer_vision_msgs.pc
Symlinking /home/az/github_may_messed_it_up_20250124arena_try_get_rel_vel_work/arena_ws/devel/lib/python3/dist-packages/spencer_vision_msgs/__init__.py
Symlinking /home/az/github_may_messed_it_up_20250124arena_try_get_rel_vel_work/arena_ws/devel/lib/python3/dist-packages/spencer_vision_msgs/msg/__init__.py
Symlinking /home/az/github_may_messed_it_up_20250124arena_try_get_rel_vel_work/arena_ws/devel/lib/python3/dist-packages/spencer_vision_msgs/msg/_PersonROI.py
Symlinking /home/az/github_may_messed_it_up_20250124arena_try_get_rel_vel_work/arena_ws/devel/lib/python3/dist-packages/spencer_vision_msgs/msg/_PersonImage.py
Symlinking /home/az/github_may_messed_it_up_20250124arena_try_get_rel_vel_work/arena_ws/devel/lib/python3/dist-packages/spencer_vision_msgs/msg/_PersonImages.py
Symlinking /home/az/github_may_messed_it_up_20250124arena_try_get_rel_vel_work/arena_ws/devel/lib/python3/dist-packages/spencer_vision_msgs/msg/_PersonROIs.py
