[  0%] Built target roscpp_generate_messages_py
[  0%] Built target visualization_msgs_generate_messages_py
[  0%] Built target visualization_msgs_generate_messages_nodejs
[  2%] Built target cob_twist_controller_gencfg
[  2%] Built target visualization_msgs_generate_messages_lisp
[  2%] Built target tf2_msgs_generate_messages_lisp
[  2%] Built target tf2_msgs_generate_messages_nodejs
[  2%] Built target actionlib_generate_messages_py
[  2%] Built target actionlib_generate_messages_nodejs
[  2%] Built target sensor_msgs_generate_messages_nodejs
[  2%] Built target actionlib_generate_messages_cpp
[  2%] Built target tf2_msgs_generate_messages_eus
[  2%] Built target tf_generate_messages_nodejs
[  2%] Built target tf_generate_messages_lisp
[  2%] Built target sensor_msgs_generate_messages_py
[  2%] Built target nav_msgs_generate_messages_py
[  2%] Built target visualization_msgs_generate_messages_cpp
[  2%] Built target sensor_msgs_generate_messages_cpp
[  2%] Built target nav_msgs_generate_messages_nodejs
[  2%] Built target sensor_msgs_generate_messages_lisp
[  2%] Built target control_msgs_generate_messages_lisp
[  2%] Built target sensor_msgs_generate_messages_eus
[  2%] Built target rosgraph_msgs_generate_messages_eus
[  2%] Built target visualization_msgs_generate_messages_eus
[  2%] Built target nav_msgs_generate_messages_cpp
[  2%] Built target cob_srvs_generate_messages_eus
[  2%] Built target geometry_msgs_generate_messages_lisp
[  2%] Built target geometry_msgs_generate_messages_py
[  2%] Built target std_msgs_generate_messages_cpp
[  2%] Built target control_msgs_generate_messages_cpp
[  2%] Built target cob_srvs_generate_messages_py
[  2%] Built target actionlib_generate_messages_lisp
[  2%] Built target roscpp_generate_messages_lisp
[  2%] Built target tf_generate_messages_cpp
[  2%] Built target std_msgs_generate_messages_nodejs
[  2%] Built target geometry_msgs_generate_messages_eus
[  2%] Built target trajectory_msgs_generate_messages_nodejs
[  2%] Built target control_msgs_generate_messages_eus
[  2%] Built target std_msgs_generate_messages_lisp
[  2%] Built target tf_generate_messages_eus
[  2%] Built target rosgraph_msgs_generate_messages_py
[  2%] Built target rosgraph_msgs_generate_messages_lisp
[  2%] Built target cob_control_msgs_generate_messages_cpp
[  2%] Built target nav_msgs_generate_messages_lisp
[  2%] Built target geometry_msgs_generate_messages_cpp
[  2%] Built target cob_srvs_generate_messages_cpp
[  2%] Built target cob_control_msgs_generate_messages_lisp
[  2%] Built target control_msgs_generate_messages_py
[  2%] Built target actionlib_msgs_generate_messages_eus
[  2%] Built target cob_control_msgs_generate_messages_nodejs
[  2%] Built target cob_srvs_generate_messages_lisp
[  2%] Built target cob_control_msgs_generate_messages_eus
[  2%] Built target control_msgs_generate_messages_nodejs
[  2%] Built target dynamic_reconfigure_generate_messages_py
[  2%] Built target std_msgs_generate_messages_py
[  2%] Built target cob_control_msgs_generate_messages_py
[  2%] Built target nav_msgs_generate_messages_eus
[  2%] Built target tf_generate_messages_py
[  2%] Built target actionlib_msgs_generate_messages_cpp
[  2%] Built target cob_srvs_generate_messages_nodejs
[  2%] Built target std_msgs_generate_messages_eus
[  2%] Built target actionlib_msgs_generate_messages_lisp
[  2%] Built target actionlib_msgs_generate_messages_nodejs
[  2%] Built target trajectory_msgs_generate_messages_cpp
[  2%] Built target actionlib_msgs_generate_messages_py
[  2%] Built target trajectory_msgs_generate_messages_lisp
[  2%] Built target rosgraph_msgs_generate_messages_nodejs
[  2%] Built target actionlib_generate_messages_eus
[  2%] Built target rosgraph_msgs_generate_messages_cpp
[  2%] Built target trajectory_msgs_generate_messages_py
[  2%] Built target dynamic_reconfigure_generate_messages_cpp
[  2%] Built target geometry_msgs_generate_messages_nodejs
[  2%] Built target dynamic_reconfigure_gencfg
[  2%] Built target dynamic_reconfigure_generate_messages_eus
[  2%] Built target dynamic_reconfigure_generate_messages_lisp
[  2%] Built target tf2_msgs_generate_messages_py
[  2%] Built target tf2_msgs_generate_messages_cpp
[  2%] Built target dynamic_reconfigure_generate_messages_nodejs
[  2%] Built target roscpp_generate_messages_cpp
[  2%] Built target roscpp_generate_messages_nodejs
[  2%] Built target trajectory_msgs_generate_messages_eus
[  2%] Built target roscpp_generate_messages_eus
[  6%] Built target test_moving_average_node
[ 11%] Built target debug_trajectory_marker_node
[ 18%] Built target inv_calculations
[ 25%] Built target controller_interfaces
[ 25%] Built target damping_methods
[ 29%] Built target test_twist_command_sine_node
[ 34%] Built target limiters
[ 45%] Built target kinematic_extensions
[ 50%] Built target test_trajectory_command_sine_node
[ 54%] Built target test_forward_command_sine_node
[ 59%] Built target test_simpson_integrator_node
[ 63%] Built target debug_fk_vel_recursive_node
[ 84%] Built target constraint_solvers
[ 90%] Built target inverse_differential_kinematics_solver
[ 95%] Built target twist_controller
[100%] Built target cob_twist_controller_node
