[35m[1mScanning dependencies of target mbf_abstract_nav_gencfg[0m
[  7%] [34m[1mGenerating dynamic reconfigure files from cfg/MoveBaseFlex.cfg: /home/az/github_may_messed_it_up_20250124arena_try_get_rel_vel_work/arena_ws/devel/.private/mbf_abstract_nav/include/mbf_abstract_nav/MoveBaseFlexConfig.h /home/az/github_may_messed_it_up_20250124arena_try_get_rel_vel_work/arena_ws/devel/.private/mbf_abstract_nav/lib/python3/dist-packages/mbf_abstract_nav/cfg/MoveBaseFlexConfig.py[0m
Generating reconfiguration files for MoveBaseFlex in mbf_abstract_nav
Wrote header file in /home/az/github_may_messed_it_up_20250124arena_try_get_rel_vel_work/arena_ws/devel/.private/mbf_abstract_nav/include/mbf_abstract_nav/MoveBaseFlexConfig.h
[  7%] Built target mbf_abstract_nav_gencfg
[35m[1mScanning dependencies of target tf_generate_messages_nodejs[0m
[  7%] Built target tf_generate_messages_nodejs
[35m[1mScanning dependencies of target std_srvs_generate_messages_nodejs[0m
[  7%] Built target std_srvs_generate_messages_nodejs
[35m[1mScanning dependencies of target std_srvs_generate_messages_lisp[0m
[  7%] Built target std_srvs_generate_messages_lisp
[35m[1mScanning dependencies of target std_srvs_generate_messages_eus[0m
[  7%] Built target std_srvs_generate_messages_eus
[35m[1mScanning dependencies of target tf2_msgs_generate_messages_nodejs[0m
[  7%] Built target tf2_msgs_generate_messages_nodejs
[35m[1mScanning dependencies of target tf2_msgs_generate_messages_lisp[0m
[  7%] Built target tf2_msgs_generate_messages_lisp
[35m[1mScanning dependencies of target tf2_msgs_generate_messages_eus[0m
[  7%] Built target tf2_msgs_generate_messages_eus
[35m[1mScanning dependencies of target sensor_msgs_generate_messages_py[0m
[  7%] Built target sensor_msgs_generate_messages_py
[35m[1mScanning dependencies of target sensor_msgs_generate_messages_nodejs[0m
[  7%] Built target sensor_msgs_generate_messages_nodejs
[35m[1mScanning dependencies of target roscpp_generate_messages_eus[0m
[  7%] Built target roscpp_generate_messages_eus
[35m[1mScanning dependencies of target roscpp_generate_messages_cpp[0m
[  7%] Built target roscpp_generate_messages_cpp
[35m[1mScanning dependencies of target sensor_msgs_generate_messages_lisp[0m
[  7%] Built target sensor_msgs_generate_messages_lisp
[35m[1mScanning dependencies of target sensor_msgs_generate_messages_eus[0m
[  7%] Built target sensor_msgs_generate_messages_eus
[35m[1mScanning dependencies of target std_msgs_generate_messages_py[0m
[  7%] Built target std_msgs_generate_messages_py
[35m[1mScanning dependencies of target std_msgs_generate_messages_nodejs[0m
[  7%] Built target std_msgs_generate_messages_nodejs
[35m[1mScanning dependencies of target geometry_msgs_generate_messages_eus[0m
[  7%] Built target geometry_msgs_generate_messages_eus
[35m[1mScanning dependencies of target roscpp_generate_messages_nodejs[0m
[  7%] Built target roscpp_generate_messages_nodejs
[35m[1mScanning dependencies of target std_msgs_generate_messages_cpp[0m
[  7%] Built target std_msgs_generate_messages_cpp
[35m[1mScanning dependencies of target actionlib_msgs_generate_messages_py[0m
[  7%] Built target actionlib_msgs_generate_messages_py
[35m[1mScanning dependencies of target actionlib_generate_messages_cpp[0m
[  7%] Built target actionlib_generate_messages_cpp
[35m[1mScanning dependencies of target rosgraph_msgs_generate_messages_nodejs[0m
[  7%] Built target rosgraph_msgs_generate_messages_nodejs
[35m[1mScanning dependencies of target tf_generate_messages_eus[0m
[  7%] Built target tf_generate_messages_eus
[35m[1mScanning dependencies of target rosgraph_msgs_generate_messages_lisp[0m
[  7%] Built target rosgraph_msgs_generate_messages_lisp
[35m[1mScanning dependencies of target actionlib_generate_messages_py[0m
[  7%] Built target actionlib_generate_messages_py
[35m[1mScanning dependencies of target actionlib_generate_messages_lisp[0m
[  7%] Built target actionlib_generate_messages_lisp
[35m[1mScanning dependencies of target _catkin_empty_exported_target[0m
[  7%] Built target _catkin_empty_exported_target
[35m[1mScanning dependencies of target roscpp_generate_messages_lisp[0m
[  7%] Built target roscpp_generate_messages_lisp
[35m[1mScanning dependencies of target actionlib_generate_messages_nodejs[0m
[  7%] Built target actionlib_generate_messages_nodejs
[35m[1mScanning dependencies of target rosgraph_msgs_generate_messages_py[0m
[  7%] Built target rosgraph_msgs_generate_messages_py
[35m[1mScanning dependencies of target nav_msgs_generate_messages_eus[0m
[  7%] Built target nav_msgs_generate_messages_eus
[35m[1mScanning dependencies of target mbf_msgs_generate_messages_lisp[0m
[  7%] Built target mbf_msgs_generate_messages_lisp
[35m[1mScanning dependencies of target rosgraph_msgs_generate_messages_cpp[0m
[  7%] Built target rosgraph_msgs_generate_messages_cpp
[35m[1mScanning dependencies of target actionlib_generate_messages_eus[0m
[  7%] Built target actionlib_generate_messages_eus
[35m[1mScanning dependencies of target actionlib_msgs_generate_messages_cpp[0m
[  7%] Built target actionlib_msgs_generate_messages_cpp
[35m[1mScanning dependencies of target roscpp_generate_messages_py[0m
[  7%] Built target roscpp_generate_messages_py
[35m[1mScanning dependencies of target std_msgs_generate_messages_eus[0m
[  7%] Built target std_msgs_generate_messages_eus
[35m[1mScanning dependencies of target actionlib_msgs_generate_messages_nodejs[0m
[35m[1mScanning dependencies of target actionlib_msgs_generate_messages_lisp[0m
[  7%] Built target actionlib_msgs_generate_messages_nodejs
[  7%] Built target actionlib_msgs_generate_messages_lisp
[35m[1mScanning dependencies of target tf_generate_messages_py[0m
[  7%] Built target tf_generate_messages_py
[35m[1mScanning dependencies of target std_srvs_generate_messages_py[0m
[  7%] Built target std_srvs_generate_messages_py
[35m[1mScanning dependencies of target rosgraph_msgs_generate_messages_eus[0m
[  7%] Built target rosgraph_msgs_generate_messages_eus
[35m[1mScanning dependencies of target nav_msgs_generate_messages_cpp[0m
[  7%] Built target nav_msgs_generate_messages_cpp
[35m[1mScanning dependencies of target std_msgs_generate_messages_lisp[0m
[  7%] Built target std_msgs_generate_messages_lisp
[35m[1mScanning dependencies of target actionlib_msgs_generate_messages_eus[0m
[35m[1mScanning dependencies of target dynamic_reconfigure_generate_messages_py[0m
[  7%] Built target actionlib_msgs_generate_messages_eus
[  7%] Built target dynamic_reconfigure_generate_messages_py
[35m[1mScanning dependencies of target std_srvs_generate_messages_cpp[0m
[  7%] Built target std_srvs_generate_messages_cpp
[35m[1mScanning dependencies of target dynamic_reconfigure_generate_messages_cpp[0m
[  7%] Built target dynamic_reconfigure_generate_messages_cpp
[35m[1mScanning dependencies of target dynamic_reconfigure_gencfg[0m
[  7%] Built target dynamic_reconfigure_gencfg
[35m[1mScanning dependencies of target tf2_msgs_generate_messages_cpp[0m
[  7%] Built target tf2_msgs_generate_messages_cpp
[35m[1mScanning dependencies of target dynamic_reconfigure_generate_messages_lisp[0m
[  7%] Built target dynamic_reconfigure_generate_messages_lisp
[35m[1mScanning dependencies of target tf2_msgs_generate_messages_py[0m
[35m[1mScanning dependencies of target dynamic_reconfigure_generate_messages_nodejs[0m
[  7%] Built target tf2_msgs_generate_messages_py
[  7%] Built target dynamic_reconfigure_generate_messages_nodejs
[35m[1mScanning dependencies of target nav_msgs_generate_messages_nodejs[0m
[  7%] Built target nav_msgs_generate_messages_nodejs
[35m[1mScanning dependencies of target sensor_msgs_generate_messages_cpp[0m
[  7%] Built target sensor_msgs_generate_messages_cpp
[35m[1mScanning dependencies of target geometry_msgs_generate_messages_cpp[0m
[  7%] Built target geometry_msgs_generate_messages_cpp
[35m[1mScanning dependencies of target geometry_msgs_generate_messages_lisp[0m
[  7%] Built target geometry_msgs_generate_messages_lisp
[35m[1mScanning dependencies of target tf_generate_messages_cpp[0m
[35m[1mScanning dependencies of target dynamic_reconfigure_generate_messages_eus[0m
[  7%] Built target tf_generate_messages_cpp
[  7%] Built target dynamic_reconfigure_generate_messages_eus
[35m[1mScanning dependencies of target geometry_msgs_generate_messages_nodejs[0m
[35m[1mScanning dependencies of target mbf_msgs_generate_messages_cpp[0m
[  7%] Built target geometry_msgs_generate_messages_nodejs
[  7%] Built target mbf_msgs_generate_messages_cpp
[35m[1mScanning dependencies of target geometry_msgs_generate_messages_py[0m
[  7%] Built target geometry_msgs_generate_messages_py
[35m[1mScanning dependencies of target tf_generate_messages_lisp[0m
[  7%] Built target tf_generate_messages_lisp
[35m[1mScanning dependencies of target nav_msgs_generate_messages_py[0m
[  7%] Built target nav_msgs_generate_messages_py
[35m[1mScanning dependencies of target mbf_msgs_generate_messages_eus[0m
[  7%] Built target mbf_msgs_generate_messages_eus
[35m[1mScanning dependencies of target mbf_msgs_generate_messages_nodejs[0m
[  7%] Built target mbf_msgs_generate_messages_nodejs
[35m[1mScanning dependencies of target mbf_msgs_generate_messages_py[0m
[  7%] Built target mbf_msgs_generate_messages_py
[35m[1mScanning dependencies of target nav_msgs_generate_messages_lisp[0m
[  7%] Built target nav_msgs_generate_messages_lisp
[35m[1mScanning dependencies of target mbf_abstract_server[0m
[ 15%] [32mBuilding CXX object CMakeFiles/mbf_abstract_server.dir/src/controller_action.cpp.o[0m
[ 23%] [32mBuilding CXX object CMakeFiles/mbf_abstract_server.dir/src/inter_action.cpp.o[0m
[ 30%] [32mBuilding CXX object CMakeFiles/mbf_abstract_server.dir/src/planner_action.cpp.o[0m
[ 38%] [32mBuilding CXX object CMakeFiles/mbf_abstract_server.dir/src/recovery_action.cpp.o[0m
[ 46%] [32mBuilding CXX object CMakeFiles/mbf_abstract_server.dir/src/move_base_action.cpp.o[0m
[ 53%] [32mBuilding CXX object CMakeFiles/mbf_abstract_server.dir/src/abstract_execution_base.cpp.o[0m
[ 61%] [32mBuilding CXX object CMakeFiles/mbf_abstract_server.dir/src/abstract_navigation_server.cpp.o[0m
[ 69%] [32mBuilding CXX object CMakeFiles/mbf_abstract_server.dir/src/abstract_planner_execution.cpp.o[0m
[ 76%] [32mBuilding CXX object CMakeFiles/mbf_abstract_server.dir/src/abstract_inter_execution.cpp.o[0m
[ 84%] [32mBuilding CXX object CMakeFiles/mbf_abstract_server.dir/src/abstract_controller_execution.cpp.o[0m
[ 92%] [32mBuilding CXX object CMakeFiles/mbf_abstract_server.dir/src/abstract_recovery_execution.cpp.o[0m
[100%] [32m[1mLinking CXX shared library /home/az/github_may_messed_it_up_20250124arena_try_get_rel_vel_work/arena_ws/devel/.private/mbf_abstract_nav/lib/libmbf_abstract_server.so[0m
[100%] Built target mbf_abstract_server
