[  7%] Built target mbf_abstract_nav_gencfg
[  7%] Built target tf_generate_messages_nodejs
[  7%] Built target std_srvs_generate_messages_nodejs
[  7%] Built target std_srvs_generate_messages_lisp
[  7%] Built target std_srvs_generate_messages_eus
[  7%] Built target tf2_msgs_generate_messages_nodejs
[  7%] Built target tf2_msgs_generate_messages_lisp
[  7%] Built target tf2_msgs_generate_messages_eus
[  7%] Built target sensor_msgs_generate_messages_py
[  7%] Built target sensor_msgs_generate_messages_nodejs
[  7%] Built target roscpp_generate_messages_eus
[  7%] Built target roscpp_generate_messages_cpp
[  7%] Built target sensor_msgs_generate_messages_lisp
[  7%] Built target sensor_msgs_generate_messages_eus
[  7%] Built target std_msgs_generate_messages_py
[  7%] Built target std_msgs_generate_messages_nodejs
[  7%] Built target geometry_msgs_generate_messages_eus
[  7%] Built target roscpp_generate_messages_nodejs
[  7%] Built target std_msgs_generate_messages_cpp
[  7%] Built target actionlib_msgs_generate_messages_py
[  7%] Built target actionlib_generate_messages_cpp
[  7%] Built target rosgraph_msgs_generate_messages_nodejs
[  7%] Built target tf_generate_messages_eus
[  7%] Built target rosgraph_msgs_generate_messages_lisp
[  7%] Built target actionlib_generate_messages_py
[  7%] Built target actionlib_generate_messages_lisp
[  7%] Built target _catkin_empty_exported_target
[  7%] Built target roscpp_generate_messages_lisp
[  7%] Built target actionlib_generate_messages_nodejs
[  7%] Built target rosgraph_msgs_generate_messages_py
[  7%] Built target nav_msgs_generate_messages_eus
[  7%] Built target mbf_msgs_generate_messages_lisp
[  7%] Built target rosgraph_msgs_generate_messages_cpp
[  7%] Built target actionlib_generate_messages_eus
[  7%] Built target actionlib_msgs_generate_messages_cpp
[  7%] Built target roscpp_generate_messages_py
[  7%] Built target std_msgs_generate_messages_eus
[  7%] Built target actionlib_msgs_generate_messages_nodejs
[  7%] Built target actionlib_msgs_generate_messages_lisp
[  7%] Built target tf_generate_messages_py
[  7%] Built target std_srvs_generate_messages_py
[  7%] Built target rosgraph_msgs_generate_messages_eus
[  7%] Built target nav_msgs_generate_messages_cpp
[  7%] Built target std_msgs_generate_messages_lisp
[  7%] Built target actionlib_msgs_generate_messages_eus
[  7%] Built target dynamic_reconfigure_generate_messages_py
[  7%] Built target std_srvs_generate_messages_cpp
[  7%] Built target dynamic_reconfigure_generate_messages_cpp
[  7%] Built target dynamic_reconfigure_gencfg
[  7%] Built target tf2_msgs_generate_messages_cpp
[  7%] Built target dynamic_reconfigure_generate_messages_lisp
[  7%] Built target tf2_msgs_generate_messages_py
[  7%] Built target dynamic_reconfigure_generate_messages_nodejs
[  7%] Built target nav_msgs_generate_messages_nodejs
[  7%] Built target sensor_msgs_generate_messages_cpp
[  7%] Built target geometry_msgs_generate_messages_cpp
[  7%] Built target geometry_msgs_generate_messages_lisp
[  7%] Built target tf_generate_messages_cpp
[  7%] Built target dynamic_reconfigure_generate_messages_eus
[  7%] Built target geometry_msgs_generate_messages_nodejs
[  7%] Built target mbf_msgs_generate_messages_cpp
[  7%] Built target geometry_msgs_generate_messages_py
[  7%] Built target tf_generate_messages_lisp
[  7%] Built target nav_msgs_generate_messages_py
[  7%] Built target mbf_msgs_generate_messages_eus
[  7%] Built target mbf_msgs_generate_messages_nodejs
[  7%] Built target mbf_msgs_generate_messages_py
[  7%] Built target nav_msgs_generate_messages_lisp
[100%] Built target mbf_abstract_server
