Symlinking /home/az/arena_ws/devel/share/roseus/ros/training/manifest.l
Symlinking /home/az/arena_ws/devel/share/roseus/ros/training/srv/String.l
Symlinking /home/az/arena_ws/devel/share/common-lisp/ros/training/srv/_package_String.lisp
Symlinking /home/az/arena_ws/devel/share/common-lisp/ros/training/srv/_package.lisp
Symlinking /home/az/arena_ws/devel/share/common-lisp/ros/training/srv/training-srv.asd
Symlinking /home/az/arena_ws/devel/share/common-lisp/ros/training/srv/String.lisp
Symlinking /home/az/arena_ws/devel/share/gennodejs/ros/training/_index.js
Symlinking /home/az/arena_ws/devel/share/gennodejs/ros/training/srv/_index.js
Symlinking /home/az/arena_ws/devel/share/gennodejs/ros/training/srv/String.js
Symlinking /home/az/arena_ws/devel/share/training/cmake/trainingConfig-version.cmake
Symlinking /home/az/arena_ws/devel/share/training/cmake/training-msg-extras.cmake
Symlinking /home/az/arena_ws/devel/share/training/cmake/training-msg-paths.cmake
Symlinking /home/az/arena_ws/devel/share/training/cmake/trainingConfig.cmake
Symlinking /home/az/arena_ws/devel/include/training/StringRequest.h
Symlinking /home/az/arena_ws/devel/include/training/StringResponse.h
Symlinking /home/az/arena_ws/devel/include/training/String.h
Symlinking /home/az/arena_ws/devel/lib/pkgconfig/training.pc
Symlinking /home/az/arena_ws/devel/lib/python3/dist-packages/training/__init__.py
Symlinking /home/az/arena_ws/devel/lib/python3/dist-packages/training/srv/__init__.py
Symlinking /home/az/arena_ws/devel/lib/python3/dist-packages/training/srv/_String.py
Symlinking /home/az/arena_ws/devel/lib/python3/dist-packages/tools/__init__.py
Symlinking /home/az/arena_ws/devel/lib/training/cmake.lock
Symlinking /home/az/arena_ws/devel/lib/training/train_agent.py
