[35m[1mScanning dependencies of target tf2_msgs_generate_messages_lisp[0m
[  0%] Built target tf2_msgs_generate_messages_lisp
[35m[1mScanning dependencies of target unitree_legged_msgs_generate_messages_py[0m
[  0%] Built target unitree_legged_msgs_generate_messages_py
[35m[1mScanning dependencies of target unitree_legged_msgs_generate_messages_nodejs[0m
[  0%] Built target unitree_legged_msgs_generate_messages_nodejs
[35m[1mScanning dependencies of target unitree_legged_msgs_generate_messages_cpp[0m
[  0%] Built target unitree_legged_msgs_generate_messages_cpp
[35m[1mScanning dependencies of target unitree_legged_msgs_generate_messages_eus[0m
[  0%] Built target unitree_legged_msgs_generate_messages_eus
[35m[1mScanning dependencies of target tf2_msgs_generate_messages_py[0m
[  0%] Built target tf2_msgs_generate_messages_py
[35m[1mScanning dependencies of target tf2_msgs_generate_messages_nodejs[0m
[  0%] Built target tf2_msgs_generate_messages_nodejs
[35m[1mScanning dependencies of target sensor_msgs_generate_messages_nodejs[0m
[  0%] Built target sensor_msgs_generate_messages_nodejs
[35m[1mScanning dependencies of target actionlib_generate_messages_lisp[0m
[  0%] Built target actionlib_generate_messages_lisp
[35m[1mScanning dependencies of target sensor_msgs_generate_messages_cpp[0m
[  0%] Built target sensor_msgs_generate_messages_cpp
[35m[1mScanning dependencies of target std_msgs_generate_messages_py[0m
[  0%] Built target std_msgs_generate_messages_py
[35m[1mScanning dependencies of target std_msgs_generate_messages_nodejs[0m
[  0%] Built target std_msgs_generate_messages_nodejs
[35m[1mScanning dependencies of target geometry_msgs_generate_messages_eus[0m
[  0%] Built target geometry_msgs_generate_messages_eus
[35m[1mScanning dependencies of target std_msgs_generate_messages_cpp[0m
[  0%] Built target std_msgs_generate_messages_cpp
[35m[1mScanning dependencies of target tf2_msgs_generate_messages_cpp[0m
[  0%] Built target tf2_msgs_generate_messages_cpp
[35m[1mScanning dependencies of target roscpp_generate_messages_lisp[0m
[  0%] Built target roscpp_generate_messages_lisp
[35m[1mScanning dependencies of target roscpp_generate_messages_py[0m
[  0%] Built target roscpp_generate_messages_py
[35m[1mScanning dependencies of target rosgraph_msgs_generate_messages_nodejs[0m
[  0%] Built target rosgraph_msgs_generate_messages_nodejs
[35m[1mScanning dependencies of target actionlib_generate_messages_cpp[0m
[  0%] Built target actionlib_generate_messages_cpp
[35m[1mScanning dependencies of target actionlib_msgs_generate_messages_py[0m
[  0%] Built target actionlib_msgs_generate_messages_py
[35m[1mScanning dependencies of target std_msgs_generate_messages_lisp[0m
[  0%] Built target std_msgs_generate_messages_lisp
[35m[1mScanning dependencies of target tf_generate_messages_eus[0m
[  0%] Built target tf_generate_messages_eus
[35m[1mScanning dependencies of target rosgraph_msgs_generate_messages_lisp[0m
[  0%] Built target rosgraph_msgs_generate_messages_lisp
[35m[1mScanning dependencies of target actionlib_msgs_generate_messages_eus[0m
[  0%] Built target actionlib_msgs_generate_messages_eus
[35m[1mScanning dependencies of target rosgraph_msgs_generate_messages_py[0m
[  0%] Built target rosgraph_msgs_generate_messages_py
[35m[1mScanning dependencies of target roscpp_generate_messages_cpp[0m
[  0%] Built target roscpp_generate_messages_cpp
[35m[1mScanning dependencies of target sensor_msgs_generate_messages_eus[0m
[  0%] Built target sensor_msgs_generate_messages_eus
[35m[1mScanning dependencies of target sensor_msgs_generate_messages_lisp[0m
[  0%] Built target sensor_msgs_generate_messages_lisp
[35m[1mScanning dependencies of target roscpp_generate_messages_eus[0m
[  0%] Built target roscpp_generate_messages_eus
[35m[1mScanning dependencies of target roscpp_generate_messages_nodejs[0m
[  0%] Built target roscpp_generate_messages_nodejs
[35m[1mScanning dependencies of target rosgraph_msgs_generate_messages_eus[0m
[  0%] Built target rosgraph_msgs_generate_messages_eus
[35m[1mScanning dependencies of target tf2_msgs_generate_messages_eus[0m
[  0%] Built target tf2_msgs_generate_messages_eus
[35m[1mScanning dependencies of target sensor_msgs_generate_messages_py[0m
[  0%] Built target sensor_msgs_generate_messages_py
[35m[1mScanning dependencies of target geometry_msgs_generate_messages_cpp[0m
[  0%] Built target geometry_msgs_generate_messages_cpp
[35m[1mScanning dependencies of target geometry_msgs_generate_messages_lisp[0m
[  0%] Built target geometry_msgs_generate_messages_lisp
[35m[1mScanning dependencies of target tf_generate_messages_cpp[0m
[  0%] Built target tf_generate_messages_cpp
[35m[1mScanning dependencies of target geometry_msgs_generate_messages_nodejs[0m
[  0%] Built target geometry_msgs_generate_messages_nodejs
[35m[1mScanning dependencies of target geometry_msgs_generate_messages_py[0m
[  0%] Built target geometry_msgs_generate_messages_py
[35m[1mScanning dependencies of target tf_generate_messages_lisp[0m
[  0%] Built target tf_generate_messages_lisp
[35m[1mScanning dependencies of target tf_generate_messages_nodejs[0m
[  0%] Built target tf_generate_messages_nodejs
[35m[1mScanning dependencies of target rosgraph_msgs_generate_messages_cpp[0m
[  0%] Built target rosgraph_msgs_generate_messages_cpp
[35m[1mScanning dependencies of target actionlib_generate_messages_eus[0m
[  0%] Built target actionlib_generate_messages_eus
[35m[1mScanning dependencies of target actionlib_msgs_generate_messages_cpp[0m
[  0%] Built target actionlib_msgs_generate_messages_cpp
[35m[1mScanning dependencies of target actionlib_generate_messages_nodejs[0m
[  0%] Built target actionlib_generate_messages_nodejs
[35m[1mScanning dependencies of target actionlib_generate_messages_py[0m
[  0%] Built target actionlib_generate_messages_py
[35m[1mScanning dependencies of target tf_generate_messages_py[0m
[  0%] Built target tf_generate_messages_py
[35m[1mScanning dependencies of target std_msgs_generate_messages_eus[0m
[  0%] Built target std_msgs_generate_messages_eus
[35m[1mScanning dependencies of target actionlib_msgs_generate_messages_nodejs[0m
[  0%] Built target actionlib_msgs_generate_messages_nodejs
[35m[1mScanning dependencies of target actionlib_msgs_generate_messages_lisp[0m
[  0%] Built target actionlib_msgs_generate_messages_lisp
[35m[1mScanning dependencies of target unitree_legged_msgs_generate_messages_lisp[0m
[  0%] Built target unitree_legged_msgs_generate_messages_lisp
[35m[1mScanning dependencies of target unitree_controller_go1[0m
[  3%] [32mBuilding CXX object CMakeFiles/unitree_controller_go1.dir/src/main.cpp.o[0m
[  7%] [32mBuilding CXX object CMakeFiles/unitree_controller_go1.dir/src/FSM/FSM.cpp.o[0m
[ 10%] [32mBuilding CXX object CMakeFiles/unitree_controller_go1.dir/src/FSM/FSMState.cpp.o[0m
[ 14%] [32mBuilding CXX object CMakeFiles/unitree_controller_go1.dir/src/FSM/State_BalanceTest.cpp.o[0m
[ 17%] [32mBuilding CXX object CMakeFiles/unitree_controller_go1.dir/src/FSM/State_Danger.cpp.o[0m
[ 21%] [32mBuilding CXX object CMakeFiles/unitree_controller_go1.dir/src/FSM/State_FixedStand.cpp.o[0m
[ 25%] [32mBuilding CXX object CMakeFiles/unitree_controller_go1.dir/src/FSM/State_FreeStand.cpp.o[0m
[ 28%] [32mBuilding CXX object CMakeFiles/unitree_controller_go1.dir/src/FSM/State_Passive.cpp.o[0m
[ 32%] [32mBuilding CXX object CMakeFiles/unitree_controller_go1.dir/src/FSM/State_StepTest.cpp.o[0m
[ 35%] [32mBuilding CXX object CMakeFiles/unitree_controller_go1.dir/src/FSM/State_SwingTest.cpp.o[0m
[ 39%] [32mBuilding CXX object CMakeFiles/unitree_controller_go1.dir/src/FSM/State_Trotting.cpp.o[0m
[ 42%] [32mBuilding CXX object CMakeFiles/unitree_controller_go1.dir/src/FSM/State_move_base.cpp.o[0m
[ 46%] [32mBuilding CXX object CMakeFiles/unitree_controller_go1.dir/src/Gait/FeetEndCal.cpp.o[0m
[ 50%] [32mBuilding CXX object CMakeFiles/unitree_controller_go1.dir/src/Gait/GaitGenerator.cpp.o[0m
[ 53%] [32mBuilding CXX object CMakeFiles/unitree_controller_go1.dir/src/Gait/WaveGenerator.cpp.o[0m
[ 57%] [32mBuilding CXX object CMakeFiles/unitree_controller_go1.dir/src/common/LowPassFilter.cpp.o[0m
[ 60%] [32mBuilding CXX object CMakeFiles/unitree_controller_go1.dir/src/common/unitreeLeg.cpp.o[0m
[ 64%] [32mBuilding CXX object CMakeFiles/unitree_controller_go1.dir/src/common/unitreeRobot.cpp.o[0m
[ 67%] [32mBuilding CXX object CMakeFiles/unitree_controller_go1.dir/src/control/BalanceCtrl.cpp.o[0m
[ 71%] [32mBuilding CXX object CMakeFiles/unitree_controller_go1.dir/src/control/ControlFrame.cpp.o[0m
[ 75%] [32mBuilding CXX object CMakeFiles/unitree_controller_go1.dir/src/control/Estimator.cpp.o[0m
[ 78%] [32mBuilding CXX object CMakeFiles/unitree_controller_go1.dir/src/interface/IOROS.cpp.o[0m
[ 82%] [32mBuilding CXX object CMakeFiles/unitree_controller_go1.dir/src/interface/IOSDK.cpp.o[0m
[ 85%] [32mBuilding CXX object CMakeFiles/unitree_controller_go1.dir/src/interface/KeyBoard.cpp.o[0m
[ 89%] [32mBuilding CXX object CMakeFiles/unitree_controller_go1.dir/src/interface/WirelessHandle.cpp.o[0m
[ 92%] [32mBuilding CXX object CMakeFiles/unitree_controller_go1.dir/src/quadProgpp/Array.cc.o[0m
[ 96%] [32mBuilding CXX object CMakeFiles/unitree_controller_go1.dir/src/quadProgpp/QuadProg++.cc.o[0m
[100%] [32m[1mLinking CXX executable /home/az/github_may_messed_it_up_20250124arena_try_get_rel_vel_work/arena_ws/devel/.private/unitree_controller_go1/lib/unitree_controller_go1/unitree_controller_go1[0m
[100%] Built target unitree_controller_go1
