[35m[1mScanning dependencies of target hateb_local_planner_gencfg[0m
[  1%] [34m[1mGenerating dynamic reconfigure files from cfg/HATebLocalPlannerReconfigure.cfg: /home/az/github_may_messed_it_up_20250124arena_try_get_rel_vel_work/arena_ws/devel/.private/hateb_local_planner/include/hateb_local_planner/HATebLocalPlannerReconfigureConfig.h /home/az/github_may_messed_it_up_20250124arena_try_get_rel_vel_work/arena_ws/devel/.private/hateb_local_planner/lib/python3/dist-packages/hateb_local_planner/cfg/HATebLocalPlannerReconfigureConfig.py[0m
Generating reconfiguration files for HATebLocalPlannerReconfigure in hateb_local_planner
Wrote header file in /home/az/github_may_messed_it_up_20250124arena_try_get_rel_vel_work/arena_ws/devel/.private/hateb_local_planner/include/hateb_local_planner/HATebLocalPlannerReconfigureConfig.h
[35m[1mScanning dependencies of target _hateb_local_planner_generate_messages_check_deps_Optimize[0m
[  1%] Built target hateb_local_planner_gencfg
[35m[1mScanning dependencies of target _hateb_local_planner_generate_messages_check_deps_FeedbackMsg[0m
[  1%] Built target _hateb_local_planner_generate_messages_check_deps_Optimize
[  1%] Built target _hateb_local_planner_generate_messages_check_deps_FeedbackMsg
[35m[1mScanning dependencies of target _hateb_local_planner_generate_messages_check_deps_ObstacleMsg[0m
[  1%] Built target _hateb_local_planner_generate_messages_check_deps_ObstacleMsg
[35m[1mScanning dependencies of target geometry_msgs_generate_messages_cpp[0m
[  1%] Built target geometry_msgs_generate_messages_cpp
[35m[1mScanning dependencies of target _hateb_local_planner_generate_messages_check_deps_getOptimVel[0m
[  1%] Built target _hateb_local_planner_generate_messages_check_deps_getOptimVel
[35m[1mScanning dependencies of target _hateb_local_planner_generate_messages_check_deps_OptimizationCostArray[0m
[  1%] Built target _hateb_local_planner_generate_messages_check_deps_OptimizationCostArray
[35m[1mScanning dependencies of target _hateb_local_planner_generate_messages_check_deps_setPlanning[0m
[  1%] Built target _hateb_local_planner_generate_messages_check_deps_setPlanning
[35m[1mScanning dependencies of target std_msgs_generate_messages_cpp[0m
[  1%] Built target std_msgs_generate_messages_cpp
[35m[1mScanning dependencies of target _hateb_local_planner_generate_messages_check_deps_TrajectoryPointMsg[0m
[  1%] Built target _hateb_local_planner_generate_messages_check_deps_TrajectoryPointMsg
[35m[1mScanning dependencies of target _hateb_local_planner_generate_messages_check_deps_getPlanning[0m
[  1%] Built target _hateb_local_planner_generate_messages_check_deps_getPlanning
[35m[1mScanning dependencies of target costmap_converter_generate_messages_cpp[0m
[  1%] Built target costmap_converter_generate_messages_cpp
[35m[1mScanning dependencies of target cohan_msgs_generate_messages_cpp[0m
[  1%] Built target cohan_msgs_generate_messages_cpp
[35m[1mScanning dependencies of target _hateb_local_planner_generate_messages_check_deps_TrajectoryMsg[0m
[  1%] Built target _hateb_local_planner_generate_messages_check_deps_TrajectoryMsg
[35m[1mScanning dependencies of target _hateb_local_planner_generate_messages_check_deps_OptimizationCost[0m
[  1%] Built target _hateb_local_planner_generate_messages_check_deps_OptimizationCost
[35m[1mScanning dependencies of target _hateb_local_planner_generate_messages_check_deps_Approach[0m
[  1%] Built target _hateb_local_planner_generate_messages_check_deps_Approach
[35m[1mScanning dependencies of target costmap_converter_generate_messages_lisp[0m
[  1%] Built target costmap_converter_generate_messages_lisp
[35m[1mScanning dependencies of target geometry_msgs_generate_messages_lisp[0m
[  1%] Built target geometry_msgs_generate_messages_lisp
[35m[1mScanning dependencies of target std_msgs_generate_messages_lisp[0m
[  1%] Built target std_msgs_generate_messages_lisp
[35m[1mScanning dependencies of target cohan_msgs_generate_messages_lisp[0m
[  1%] Built target cohan_msgs_generate_messages_lisp
[35m[1mScanning dependencies of target std_msgs_generate_messages_py[0m
[  1%] Built target std_msgs_generate_messages_py
[35m[1mScanning dependencies of target cohan_msgs_generate_messages_py[0m
[  1%] Built target cohan_msgs_generate_messages_py
[35m[1mScanning dependencies of target costmap_converter_generate_messages_py[0m
[  1%] Built target costmap_converter_generate_messages_py
[35m[1mScanning dependencies of target geometry_msgs_generate_messages_py[0m
[  1%] Built target geometry_msgs_generate_messages_py
[35m[1mScanning dependencies of target geometry_msgs_generate_messages_nodejs[0m
[  1%] Built target geometry_msgs_generate_messages_nodejs
[35m[1mScanning dependencies of target std_msgs_generate_messages_nodejs[0m
[  1%] Built target std_msgs_generate_messages_nodejs
[35m[1mScanning dependencies of target costmap_converter_generate_messages_nodejs[0m
[  1%] Built target costmap_converter_generate_messages_nodejs
[35m[1mScanning dependencies of target cohan_msgs_generate_messages_nodejs[0m
[  1%] Built target cohan_msgs_generate_messages_nodejs
[35m[1mScanning dependencies of target geometry_msgs_generate_messages_eus[0m
[  1%] Built target geometry_msgs_generate_messages_eus
[35m[1mScanning dependencies of target costmap_converter_generate_messages_eus[0m
[  1%] Built target costmap_converter_generate_messages_eus
[35m[1mScanning dependencies of target std_msgs_generate_messages_eus[0m
[  1%] Built target std_msgs_generate_messages_eus
[35m[1mScanning dependencies of target cohan_msgs_generate_messages_eus[0m
[  1%] Built target cohan_msgs_generate_messages_eus
[35m[1mScanning dependencies of target hateb_local_planner_generate_messages_cpp[0m
[  2%] [34m[1mGenerating C++ code from hateb_local_planner/ObstacleMsg.msg[0m
[  3%] [34m[1mGenerating C++ code from hateb_local_planner/OptimizationCost.msg[0m
[  5%] [34m[1mGenerating C++ code from hateb_local_planner/OptimizationCostArray.msg[0m
[  6%] [34m[1mGenerating C++ code from hateb_local_planner/TrajectoryPointMsg.msg[0m
[  7%] [34m[1mGenerating C++ code from hateb_local_planner/TrajectoryMsg.msg[0m
[  8%] [34m[1mGenerating C++ code from hateb_local_planner/FeedbackMsg.msg[0m
[ 10%] [34m[1mGenerating C++ code from hateb_local_planner/Approach.srv[0m
[ 11%] [34m[1mGenerating C++ code from hateb_local_planner/Optimize.srv[0m
[ 12%] [34m[1mGenerating C++ code from hateb_local_planner/getPlanning.srv[0m
[ 14%] [34m[1mGenerating C++ code from hateb_local_planner/setPlanning.srv[0m
[ 15%] [34m[1mGenerating C++ code from hateb_local_planner/getOptimVel.srv[0m
[ 15%] Built target hateb_local_planner_generate_messages_cpp
[35m[1mScanning dependencies of target hateb_local_planner_generate_messages_lisp[0m
[ 16%] [34m[1mGenerating Lisp code from hateb_local_planner/ObstacleMsg.msg[0m
[ 17%] [34m[1mGenerating Lisp code from hateb_local_planner/OptimizationCost.msg[0m
[ 19%] [34m[1mGenerating Lisp code from hateb_local_planner/OptimizationCostArray.msg[0m
[ 20%] [34m[1mGenerating Lisp code from hateb_local_planner/TrajectoryPointMsg.msg[0m
[ 21%] [34m[1mGenerating Lisp code from hateb_local_planner/TrajectoryMsg.msg[0m
[ 23%] [34m[1mGenerating Lisp code from hateb_local_planner/FeedbackMsg.msg[0m
[ 24%] [34m[1mGenerating Lisp code from hateb_local_planner/Approach.srv[0m
[ 25%] [34m[1mGenerating Lisp code from hateb_local_planner/Optimize.srv[0m
[ 26%] [34m[1mGenerating Lisp code from hateb_local_planner/getPlanning.srv[0m
[ 28%] [34m[1mGenerating Lisp code from hateb_local_planner/setPlanning.srv[0m
[ 29%] [34m[1mGenerating Lisp code from hateb_local_planner/getOptimVel.srv[0m
[ 29%] Built target hateb_local_planner_generate_messages_lisp
[35m[1mScanning dependencies of target hateb_local_planner_generate_messages_py[0m
[ 30%] [34m[1mGenerating Python from MSG hateb_local_planner/ObstacleMsg[0m
[ 32%] [34m[1mGenerating Python from MSG hateb_local_planner/OptimizationCost[0m
[ 33%] [34m[1mGenerating Python from MSG hateb_local_planner/OptimizationCostArray[0m
[ 34%] [34m[1mGenerating Python from MSG hateb_local_planner/TrajectoryPointMsg[0m
[35m[1mScanning dependencies of target hateb_local_planner_generate_messages_nodejs[0m
[ 35%] [34m[1mGenerating Javascript code from hateb_local_planner/ObstacleMsg.msg[0m
[ 37%] [34m[1mGenerating Python from MSG hateb_local_planner/TrajectoryMsg[0m
[ 38%] [34m[1mGenerating Javascript code from hateb_local_planner/OptimizationCost.msg[0m
[ 39%] [34m[1mGenerating Javascript code from hateb_local_planner/OptimizationCostArray.msg[0m
[ 41%] [34m[1mGenerating Javascript code from hateb_local_planner/TrajectoryPointMsg.msg[0m
[ 42%] [34m[1mGenerating Python from MSG hateb_local_planner/FeedbackMsg[0m
[ 43%] [34m[1mGenerating Javascript code from hateb_local_planner/TrajectoryMsg.msg[0m
[ 44%] [34m[1mGenerating Javascript code from hateb_local_planner/FeedbackMsg.msg[0m
[ 46%] [34m[1mGenerating Python code from SRV hateb_local_planner/Approach[0m
[ 47%] [34m[1mGenerating Javascript code from hateb_local_planner/Approach.srv[0m
[ 48%] [34m[1mGenerating Javascript code from hateb_local_planner/Optimize.srv[0m
[ 50%] [34m[1mGenerating Javascript code from hateb_local_planner/getPlanning.srv[0m
[ 51%] [34m[1mGenerating Python code from SRV hateb_local_planner/Optimize[0m
[ 52%] [34m[1mGenerating Javascript code from hateb_local_planner/setPlanning.srv[0m
[ 53%] [34m[1mGenerating Javascript code from hateb_local_planner/getOptimVel.srv[0m
[ 55%] [34m[1mGenerating Python code from SRV hateb_local_planner/getPlanning[0m
[ 55%] Built target hateb_local_planner_generate_messages_nodejs
[35m[1mScanning dependencies of target hateb_local_planner_generate_messages_eus[0m
[ 56%] [34m[1mGenerating EusLisp code from hateb_local_planner/ObstacleMsg.msg[0m
[ 57%] [34m[1mGenerating EusLisp code from hateb_local_planner/OptimizationCost.msg[0m
[ 58%] [34m[1mGenerating Python code from SRV hateb_local_planner/setPlanning[0m
[ 60%] [34m[1mGenerating EusLisp code from hateb_local_planner/OptimizationCostArray.msg[0m
[ 61%] [34m[1mGenerating EusLisp code from hateb_local_planner/TrajectoryPointMsg.msg[0m
[ 62%] [34m[1mGenerating Python code from SRV hateb_local_planner/getOptimVel[0m
[ 64%] [34m[1mGenerating EusLisp code from hateb_local_planner/TrajectoryMsg.msg[0m
[ 65%] [34m[1mGenerating Python msg __init__.py for hateb_local_planner[0m
[ 66%] [34m[1mGenerating EusLisp code from hateb_local_planner/FeedbackMsg.msg[0m
[ 67%] [34m[1mGenerating EusLisp code from hateb_local_planner/Approach.srv[0m
[ 69%] [34m[1mGenerating Python srv __init__.py for hateb_local_planner[0m
[ 70%] [34m[1mGenerating EusLisp code from hateb_local_planner/Optimize.srv[0m
[ 71%] [34m[1mGenerating EusLisp code from hateb_local_planner/getPlanning.srv[0m
[ 71%] Built target hateb_local_planner_generate_messages_py
[35m[1mScanning dependencies of target hateb_local_planner[0m
[ 73%] [34m[1mGenerating EusLisp code from hateb_local_planner/setPlanning.srv[0m
[ 74%] [34m[1mGenerating EusLisp code from hateb_local_planner/getOptimVel.srv[0m
[ 75%] [34m[1mGenerating EusLisp manifest code for hateb_local_planner[0m
[ 76%] [32mBuilding CXX object CMakeFiles/hateb_local_planner.dir/src/timed_elastic_band.cpp.o[0m
WARNING: Package name "LfH" does not follow the naming conventions. It should start with a lower case letter and only contain lower case letters, digits, underscores, and dashes.
WARNING: Package name "gazebo_ros_2Dmap_plugin" does not follow the naming conventions. It should start with a lower case letter and only contain lower case letters, digits, underscores, and dashes.
[ 78%] [32mBuilding CXX object CMakeFiles/hateb_local_planner.dir/src/optimal_planner.cpp.o[0m
WARNING: Package name "LfH" does not follow the naming conventions. It should start with a lower case letter and only contain lower case letters, digits, underscores, and dashes.
WARNING: Package name "gazebo_ros_2Dmap_plugin" does not follow the naming conventions. It should start with a lower case letter and only contain lower case letters, digits, underscores, and dashes.
[ 78%] Built target hateb_local_planner_generate_messages_eus
[35m[1mScanning dependencies of target hateb_local_planner_generate_messages[0m
[ 78%] Built target hateb_local_planner_generate_messages
[ 79%] [32mBuilding CXX object CMakeFiles/hateb_local_planner.dir/src/obstacles.cpp.o[0m
[01m[K/home/az/github_may_messed_it_up_20250124arena_try_get_rel_vel_work/arena_ws/src/planners/cohan/hateb_local_planner/src/optimal_planner.cpp:[m[K In member function ‘[01m[Kbool hateb_local_planner::TebOptimalPlanner::optimizeTEB(int, int, bool, double, double, bool, hateb_local_planner::OptimizationCostArray*)[m[K’:
[01m[K/home/az/github_may_messed_it_up_20250124arena_try_get_rel_vel_work/arena_ws/src/planners/cohan/hateb_local_planner/src/optimal_planner.cpp:214:1:[m[K [01;35m[Kwarning: [m[Kno return statement in function returning non-void [[01;35m[K-Wreturn-type[m[K]
  214 | [01;35m[K}[m[K
      | [01;35m[K^[m[K
In file included from [01m[K/home/az/github_may_messed_it_up_20250124arena_try_get_rel_vel_work/arena_ws/src/planners/cohan/hateb_local_planner/include/hateb_local_planner/hateb_config.h:43[m[K,
                 from [01m[K/home/az/github_may_messed_it_up_20250124arena_try_get_rel_vel_work/arena_ws/src/planners/cohan/hateb_local_planner/include/hateb_local_planner/optimal_planner.h:47[m[K,
                 from [01m[K/home/az/github_may_messed_it_up_20250124arena_try_get_rel_vel_work/arena_ws/src/planners/cohan/hateb_local_planner/src/optimal_planner.cpp:44[m[K:
[01m[K/home/az/github_may_messed_it_up_20250124arena_try_get_rel_vel_work/arena_ws/src/planners/cohan/hateb_local_planner/src/optimal_planner.cpp:[m[K In member function ‘[01m[Kvirtual bool hateb_local_planner::TebOptimalPlanner::plan(const std::vector<geometry_msgs::PoseStamped_<std::allocator<void> > >&, const Twist*, bool, const AgentPlanVelMap*, hateb_local_planner::OptimizationCostArray*, double, double, int)[m[K’:
[01m[K/home/az/github_may_messed_it_up_20250124arena_try_get_rel_vel_work/arena_ws/src/planners/cohan/hateb_local_planner/src/optimal_planner.cpp:457:16:[m[K [01;35m[Kwarning: [m[Kformat ‘[01m[K%d[m[K’ expects argument of type ‘[01m[Kint[m[K’, but argument 8 has type ‘[01m[Kstd::map<long unsigned int, hateb_local_planner::PlanStartVelGoalVel>::size_type[m[K’ {aka ‘[01m[Klong unsigned int[m[K’} [[01;35m[K-Wformat=[m[K]
  457 |       ROS_INFO([01;35m[K"no or multiple agents for approaching %d"[m[K, [32m[Kinitial_agent_plan_vel_map->size()[m[K);
      |                [01;35m[K^~~~~~~~~~~~~~~~~~~~~~~~~~~~~~~~~~~~~~~~~~[m[K  [32m[K~~~~~~~~~~~~~~~~~~~~~~~~~~~~~~~~~~[m[K
      |                                                                                            [32m[K|[m[K
      |                                                                                            [32m[Kstd::map<long unsigned int, hateb_local_planner::PlanStartVelGoalVel>::size_type {aka long unsigned int}[m[K
[01m[K/opt/ros/noetic/include/ros/console.h:351:165:[m[K [01;36m[Knote: [m[Kin definition of macro ‘[01m[KROSCONSOLE_PRINT_AT_LOCATION_WITH_FILTER[m[K’
  351 |     ::ros::console::print(filter, __rosconsole_define_location__loc.logger_, __rosconsole_define_location__loc.level_, __FILE__, __LINE__, __ROSCONSOLE_FUNCTION__, [01;36m[K__VA_ARGS__[m[K)
      |                                                                                                                                                                     [01;36m[K^~~~~~~~~~~[m[K
[01m[K/opt/ros/noetic/include/ros/console.h:390:7:[m[K [01;36m[Knote: [m[Kin expansion of macro ‘[01m[KROSCONSOLE_PRINT_AT_LOCATION[m[K’
  390 |       [01;36m[KROSCONSOLE_PRINT_AT_LOCATION[m[K(__VA_ARGS__); \
      |       [01;36m[K^~~~~~~~~~~~~~~~~~~~~~~~~~~~[m[K
[01m[K/opt/ros/noetic/include/ros/console.h:575:35:[m[K [01;36m[Knote: [m[Kin expansion of macro ‘[01m[KROS_LOG_COND[m[K’
  575 | #define ROS_LOG(level, name, ...) [01;36m[KROS_LOG_COND[m[K(true, level, name, __VA_ARGS__)
      |                                   [01;36m[K^~~~~~~~~~~~[m[K
[01m[K/opt/ros/noetic/include/rosconsole/macros_generated.h:110:23:[m[K [01;36m[Knote: [m[Kin expansion of macro ‘[01m[KROS_LOG[m[K’
  110 | #define ROS_INFO(...) [01;36m[KROS_LOG[m[K(::ros::console::levels::Info, ROSCONSOLE_DEFAULT_NAME, __VA_ARGS__)
      |                       [01;36m[K^~~~~~~[m[K
[01m[K/home/az/github_may_messed_it_up_20250124arena_try_get_rel_vel_work/arena_ws/src/planners/cohan/hateb_local_planner/src/optimal_planner.cpp:457:7:[m[K [01;36m[Knote: [m[Kin expansion of macro ‘[01m[KROS_INFO[m[K’
  457 |       [01;36m[KROS_INFO[m[K("no or multiple agents for approaching %d", initial_agent_plan_vel_map->size());
      |       [01;36m[K^~~~~~~~[m[K
[01m[K/home/az/github_may_messed_it_up_20250124arena_try_get_rel_vel_work/arena_ws/src/planners/cohan/hateb_local_planner/src/optimal_planner.cpp:457:56:[m[K [01;36m[Knote: [m[Kformat string is defined here
  457 |       ROS_INFO("no or multiple agents for approaching [01;36m[K%d[m[K", initial_agent_plan_vel_map->size());
      |                                                       [01;36m[K~^[m[K
      |                                                        [01;36m[K|[m[K
      |                                                        [01;36m[Kint[m[K
      |                                                       [32m[K%ld[m[K
[ 80%] [32mBuilding CXX object CMakeFiles/hateb_local_planner.dir/src/visualization.cpp.o[0m
[ 82%] [32mBuilding CXX object CMakeFiles/hateb_local_planner.dir/src/recovery_behaviors.cpp.o[0m
[ 83%] [32mBuilding CXX object CMakeFiles/hateb_local_planner.dir/src/hateb_config.cpp.o[0m
[ 84%] [32mBuilding CXX object CMakeFiles/hateb_local_planner.dir/src/homotopy_class_planner.cpp.o[0m
[ 85%] [32mBuilding CXX object CMakeFiles/hateb_local_planner.dir/src/hateb_local_planner_ros.cpp.o[0m
[ 87%] [32mBuilding CXX object CMakeFiles/hateb_local_planner.dir/src/graph_search.cpp.o[0m
[ 88%] [32mBuilding CXX object CMakeFiles/hateb_local_planner.dir/src/backoff.cpp.o[0m
[ 89%] [32m[1mLinking CXX shared library /home/az/github_may_messed_it_up_20250124arena_try_get_rel_vel_work/arena_ws/devel/.private/hateb_local_planner/lib/libhateb_local_planner.so[0m
[ 89%] Built target hateb_local_planner
[35m[1mScanning dependencies of target local_planner[0m
[35m[1mScanning dependencies of target static_visualize[0m
[35m[1mScanning dependencies of target get_optim_vel[0m
[35m[1mScanning dependencies of target test_optim_node[0m
[ 91%] [32mBuilding CXX object CMakeFiles/get_optim_vel.dir/src/optimized_vel.cpp.o[0m
[ 92%] [32mBuilding CXX object CMakeFiles/static_visualize.dir/src/static_plan_visualizer.cpp.o[0m
[ 93%] [32mBuilding CXX object CMakeFiles/local_planner.dir/src/local_planner_node.cpp.o[0m
[ 94%] [32mBuilding CXX object CMakeFiles/test_optim_node.dir/src/test_optim_node.cpp.o[0m
[ 96%] [32m[1mLinking CXX executable /home/az/github_may_messed_it_up_20250124arena_try_get_rel_vel_work/arena_ws/devel/.private/hateb_local_planner/lib/hateb_local_planner/get_optim_vel[0m
[ 96%] Built target get_optim_vel
[ 97%] [32m[1mLinking CXX executable /home/az/github_may_messed_it_up_20250124arena_try_get_rel_vel_work/arena_ws/devel/.private/hateb_local_planner/lib/hateb_local_planner/static_visualize[0m
[ 97%] Built target static_visualize
[ 98%] [32m[1mLinking CXX executable /home/az/github_may_messed_it_up_20250124arena_try_get_rel_vel_work/arena_ws/devel/.private/hateb_local_planner/lib/hateb_local_planner/local_planner[0m
[ 98%] Built target local_planner
[100%] [32m[1mLinking CXX executable /home/az/github_may_messed_it_up_20250124arena_try_get_rel_vel_work/arena_ws/devel/.private/hateb_local_planner/lib/hateb_local_planner/test_optim_node[0m
[100%] Built target test_optim_node
