Linked: (/home/az/arena_ws/devel/.private/hateb_local_planner/share/roseus/ros/hateb_local_planner/manifest.l, /home/az/arena_ws/devel/share/roseus/ros/hateb_local_planner/manifest.l)
Linked: (/home/az/arena_ws/devel/.private/hateb_local_planner/share/roseus/ros/hateb_local_planner/msg/OptimizationCostArray.l, /home/az/arena_ws/devel/share/roseus/ros/hateb_local_planner/msg/OptimizationCostArray.l)
Linked: (/home/az/arena_ws/devel/.private/hateb_local_planner/share/roseus/ros/hateb_local_planner/msg/ObstacleMsg.l, /home/az/arena_ws/devel/share/roseus/ros/hateb_local_planner/msg/ObstacleMsg.l)
Linked: (/home/az/arena_ws/devel/.private/hateb_local_planner/share/roseus/ros/hateb_local_planner/msg/OptimizationCost.l, /home/az/arena_ws/devel/share/roseus/ros/hateb_local_planner/msg/OptimizationCost.l)
Linked: (/home/az/arena_ws/devel/.private/hateb_local_planner/share/roseus/ros/hateb_local_planner/msg/TrajectoryPointMsg.l, /home/az/arena_ws/devel/share/roseus/ros/hateb_local_planner/msg/TrajectoryPointMsg.l)
Linked: (/home/az/arena_ws/devel/.private/hateb_local_planner/share/roseus/ros/hateb_local_planner/msg/TrajectoryMsg.l, /home/az/arena_ws/devel/share/roseus/ros/hateb_local_planner/msg/TrajectoryMsg.l)
Linked: (/home/az/arena_ws/devel/.private/hateb_local_planner/share/roseus/ros/hateb_local_planner/msg/FeedbackMsg.l, /home/az/arena_ws/devel/share/roseus/ros/hateb_local_planner/msg/FeedbackMsg.l)
Linked: (/home/az/arena_ws/devel/.private/hateb_local_planner/share/roseus/ros/hateb_local_planner/srv/getOptimVel.l, /home/az/arena_ws/devel/share/roseus/ros/hateb_local_planner/srv/getOptimVel.l)
Linked: (/home/az/arena_ws/devel/.private/hateb_local_planner/share/roseus/ros/hateb_local_planner/srv/Approach.l, /home/az/arena_ws/devel/share/roseus/ros/hateb_local_planner/srv/Approach.l)
Linked: (/home/az/arena_ws/devel/.private/hateb_local_planner/share/roseus/ros/hateb_local_planner/srv/setPlanning.l, /home/az/arena_ws/devel/share/roseus/ros/hateb_local_planner/srv/setPlanning.l)
Linked: (/home/az/arena_ws/devel/.private/hateb_local_planner/share/roseus/ros/hateb_local_planner/srv/getPlanning.l, /home/az/arena_ws/devel/share/roseus/ros/hateb_local_planner/srv/getPlanning.l)
Linked: (/home/az/arena_ws/devel/.private/hateb_local_planner/share/roseus/ros/hateb_local_planner/srv/Optimize.l, /home/az/arena_ws/devel/share/roseus/ros/hateb_local_planner/srv/Optimize.l)
Linked: (/home/az/arena_ws/devel/.private/hateb_local_planner/share/common-lisp/ros/hateb_local_planner/msg/_package_OptimizationCost.lisp, /home/az/arena_ws/devel/share/common-lisp/ros/hateb_local_planner/msg/_package_OptimizationCost.lisp)
Linked: (/home/az/arena_ws/devel/.private/hateb_local_planner/share/common-lisp/ros/hateb_local_planner/msg/OptimizationCost.lisp, /home/az/arena_ws/devel/share/common-lisp/ros/hateb_local_planner/msg/OptimizationCost.lisp)
Linked: (/home/az/arena_ws/devel/.private/hateb_local_planner/share/common-lisp/ros/hateb_local_planner/msg/_package_ObstacleMsg.lisp, /home/az/arena_ws/devel/share/common-lisp/ros/hateb_local_planner/msg/_package_ObstacleMsg.lisp)
Linked: (/home/az/arena_ws/devel/.private/hateb_local_planner/share/common-lisp/ros/hateb_local_planner/msg/_package_OptimizationCostArray.lisp, /home/az/arena_ws/devel/share/common-lisp/ros/hateb_local_planner/msg/_package_OptimizationCostArray.lisp)
Linked: (/home/az/arena_ws/devel/.private/hateb_local_planner/share/common-lisp/ros/hateb_local_planner/msg/_package.lisp, /home/az/arena_ws/devel/share/common-lisp/ros/hateb_local_planner/msg/_package.lisp)
Linked: (/home/az/arena_ws/devel/.private/hateb_local_planner/share/common-lisp/ros/hateb_local_planner/msg/TrajectoryPointMsg.lisp, /home/az/arena_ws/devel/share/common-lisp/ros/hateb_local_planner/msg/TrajectoryPointMsg.lisp)
Linked: (/home/az/arena_ws/devel/.private/hateb_local_planner/share/common-lisp/ros/hateb_local_planner/msg/OptimizationCostArray.lisp, /home/az/arena_ws/devel/share/common-lisp/ros/hateb_local_planner/msg/OptimizationCostArray.lisp)
Linked: (/home/az/arena_ws/devel/.private/hateb_local_planner/share/common-lisp/ros/hateb_local_planner/msg/FeedbackMsg.lisp, /home/az/arena_ws/devel/share/common-lisp/ros/hateb_local_planner/msg/FeedbackMsg.lisp)
Linked: (/home/az/arena_ws/devel/.private/hateb_local_planner/share/common-lisp/ros/hateb_local_planner/msg/ObstacleMsg.lisp, /home/az/arena_ws/devel/share/common-lisp/ros/hateb_local_planner/msg/ObstacleMsg.lisp)
Linked: (/home/az/arena_ws/devel/.private/hateb_local_planner/share/common-lisp/ros/hateb_local_planner/msg/_package_TrajectoryPointMsg.lisp, /home/az/arena_ws/devel/share/common-lisp/ros/hateb_local_planner/msg/_package_TrajectoryPointMsg.lisp)
Linked: (/home/az/arena_ws/devel/.private/hateb_local_planner/share/common-lisp/ros/hateb_local_planner/msg/_package_TrajectoryMsg.lisp, /home/az/arena_ws/devel/share/common-lisp/ros/hateb_local_planner/msg/_package_TrajectoryMsg.lisp)
Linked: (/home/az/arena_ws/devel/.private/hateb_local_planner/share/common-lisp/ros/hateb_local_planner/msg/hateb_local_planner-msg.asd, /home/az/arena_ws/devel/share/common-lisp/ros/hateb_local_planner/msg/hateb_local_planner-msg.asd)
Linked: (/home/az/arena_ws/devel/.private/hateb_local_planner/share/common-lisp/ros/hateb_local_planner/msg/TrajectoryMsg.lisp, /home/az/arena_ws/devel/share/common-lisp/ros/hateb_local_planner/msg/TrajectoryMsg.lisp)
Linked: (/home/az/arena_ws/devel/.private/hateb_local_planner/share/common-lisp/ros/hateb_local_planner/msg/_package_FeedbackMsg.lisp, /home/az/arena_ws/devel/share/common-lisp/ros/hateb_local_planner/msg/_package_FeedbackMsg.lisp)
Linked: (/home/az/arena_ws/devel/.private/hateb_local_planner/share/common-lisp/ros/hateb_local_planner/srv/getOptimVel.lisp, /home/az/arena_ws/devel/share/common-lisp/ros/hateb_local_planner/srv/getOptimVel.lisp)
Linked: (/home/az/arena_ws/devel/.private/hateb_local_planner/share/common-lisp/ros/hateb_local_planner/srv/Approach.lisp, /home/az/arena_ws/devel/share/common-lisp/ros/hateb_local_planner/srv/Approach.lisp)
Linked: (/home/az/arena_ws/devel/.private/hateb_local_planner/share/common-lisp/ros/hateb_local_planner/srv/_package_getOptimVel.lisp, /home/az/arena_ws/devel/share/common-lisp/ros/hateb_local_planner/srv/_package_getOptimVel.lisp)
Linked: (/home/az/arena_ws/devel/.private/hateb_local_planner/share/common-lisp/ros/hateb_local_planner/srv/getPlanning.lisp, /home/az/arena_ws/devel/share/common-lisp/ros/hateb_local_planner/srv/getPlanning.lisp)
Linked: (/home/az/arena_ws/devel/.private/hateb_local_planner/share/common-lisp/ros/hateb_local_planner/srv/_package.lisp, /home/az/arena_ws/devel/share/common-lisp/ros/hateb_local_planner/srv/_package.lisp)
Linked: (/home/az/arena_ws/devel/.private/hateb_local_planner/share/common-lisp/ros/hateb_local_planner/srv/_package_getPlanning.lisp, /home/az/arena_ws/devel/share/common-lisp/ros/hateb_local_planner/srv/_package_getPlanning.lisp)
Linked: (/home/az/arena_ws/devel/.private/hateb_local_planner/share/common-lisp/ros/hateb_local_planner/srv/setPlanning.lisp, /home/az/arena_ws/devel/share/common-lisp/ros/hateb_local_planner/srv/setPlanning.lisp)
Linked: (/home/az/arena_ws/devel/.private/hateb_local_planner/share/common-lisp/ros/hateb_local_planner/srv/_package_setPlanning.lisp, /home/az/arena_ws/devel/share/common-lisp/ros/hateb_local_planner/srv/_package_setPlanning.lisp)
Linked: (/home/az/arena_ws/devel/.private/hateb_local_planner/share/common-lisp/ros/hateb_local_planner/srv/hateb_local_planner-srv.asd, /home/az/arena_ws/devel/share/common-lisp/ros/hateb_local_planner/srv/hateb_local_planner-srv.asd)
Linked: (/home/az/arena_ws/devel/.private/hateb_local_planner/share/common-lisp/ros/hateb_local_planner/srv/_package_Approach.lisp, /home/az/arena_ws/devel/share/common-lisp/ros/hateb_local_planner/srv/_package_Approach.lisp)
Linked: (/home/az/arena_ws/devel/.private/hateb_local_planner/share/common-lisp/ros/hateb_local_planner/srv/_package_Optimize.lisp, /home/az/arena_ws/devel/share/common-lisp/ros/hateb_local_planner/srv/_package_Optimize.lisp)
Linked: (/home/az/arena_ws/devel/.private/hateb_local_planner/share/common-lisp/ros/hateb_local_planner/srv/Optimize.lisp, /home/az/arena_ws/devel/share/common-lisp/ros/hateb_local_planner/srv/Optimize.lisp)
Linked: (/home/az/arena_ws/devel/.private/hateb_local_planner/share/gennodejs/ros/hateb_local_planner/_index.js, /home/az/arena_ws/devel/share/gennodejs/ros/hateb_local_planner/_index.js)
Linked: (/home/az/arena_ws/devel/.private/hateb_local_planner/share/gennodejs/ros/hateb_local_planner/msg/FeedbackMsg.js, /home/az/arena_ws/devel/share/gennodejs/ros/hateb_local_planner/msg/FeedbackMsg.js)
Linked: (/home/az/arena_ws/devel/.private/hateb_local_planner/share/gennodejs/ros/hateb_local_planner/msg/_index.js, /home/az/arena_ws/devel/share/gennodejs/ros/hateb_local_planner/msg/_index.js)
Linked: (/home/az/arena_ws/devel/.private/hateb_local_planner/share/gennodejs/ros/hateb_local_planner/msg/OptimizationCostArray.js, /home/az/arena_ws/devel/share/gennodejs/ros/hateb_local_planner/msg/OptimizationCostArray.js)
Linked: (/home/az/arena_ws/devel/.private/hateb_local_planner/share/gennodejs/ros/hateb_local_planner/msg/OptimizationCost.js, /home/az/arena_ws/devel/share/gennodejs/ros/hateb_local_planner/msg/OptimizationCost.js)
Linked: (/home/az/arena_ws/devel/.private/hateb_local_planner/share/gennodejs/ros/hateb_local_planner/msg/TrajectoryPointMsg.js, /home/az/arena_ws/devel/share/gennodejs/ros/hateb_local_planner/msg/TrajectoryPointMsg.js)
Linked: (/home/az/arena_ws/devel/.private/hateb_local_planner/share/gennodejs/ros/hateb_local_planner/msg/TrajectoryMsg.js, /home/az/arena_ws/devel/share/gennodejs/ros/hateb_local_planner/msg/TrajectoryMsg.js)
Linked: (/home/az/arena_ws/devel/.private/hateb_local_planner/share/gennodejs/ros/hateb_local_planner/msg/ObstacleMsg.js, /home/az/arena_ws/devel/share/gennodejs/ros/hateb_local_planner/msg/ObstacleMsg.js)
Linked: (/home/az/arena_ws/devel/.private/hateb_local_planner/share/gennodejs/ros/hateb_local_planner/srv/_index.js, /home/az/arena_ws/devel/share/gennodejs/ros/hateb_local_planner/srv/_index.js)
Linked: (/home/az/arena_ws/devel/.private/hateb_local_planner/share/gennodejs/ros/hateb_local_planner/srv/Approach.js, /home/az/arena_ws/devel/share/gennodejs/ros/hateb_local_planner/srv/Approach.js)
Linked: (/home/az/arena_ws/devel/.private/hateb_local_planner/share/gennodejs/ros/hateb_local_planner/srv/getOptimVel.js, /home/az/arena_ws/devel/share/gennodejs/ros/hateb_local_planner/srv/getOptimVel.js)
Linked: (/home/az/arena_ws/devel/.private/hateb_local_planner/share/gennodejs/ros/hateb_local_planner/srv/Optimize.js, /home/az/arena_ws/devel/share/gennodejs/ros/hateb_local_planner/srv/Optimize.js)
Linked: (/home/az/arena_ws/devel/.private/hateb_local_planner/share/gennodejs/ros/hateb_local_planner/srv/getPlanning.js, /home/az/arena_ws/devel/share/gennodejs/ros/hateb_local_planner/srv/getPlanning.js)
Linked: (/home/az/arena_ws/devel/.private/hateb_local_planner/share/gennodejs/ros/hateb_local_planner/srv/setPlanning.js, /home/az/arena_ws/devel/share/gennodejs/ros/hateb_local_planner/srv/setPlanning.js)
Linked: (/home/az/arena_ws/devel/.private/hateb_local_planner/share/hateb_local_planner/docs/HATebLocalPlannerReconfigureConfig.wikidoc, /home/az/arena_ws/devel/share/hateb_local_planner/docs/HATebLocalPlannerReconfigureConfig.wikidoc)
Linked: (/home/az/arena_ws/devel/.private/hateb_local_planner/share/hateb_local_planner/docs/HATebLocalPlannerReconfigureConfig-usage.dox, /home/az/arena_ws/devel/share/hateb_local_planner/docs/HATebLocalPlannerReconfigureConfig-usage.dox)
Linked: (/home/az/arena_ws/devel/.private/hateb_local_planner/share/hateb_local_planner/docs/HATebLocalPlannerReconfigureConfig.dox, /home/az/arena_ws/devel/share/hateb_local_planner/docs/HATebLocalPlannerReconfigureConfig.dox)
Linked: (/home/az/arena_ws/devel/.private/hateb_local_planner/share/hateb_local_planner/cmake/hateb_local_planner-msg-paths.cmake, /home/az/arena_ws/devel/share/hateb_local_planner/cmake/hateb_local_planner-msg-paths.cmake)
Linked: (/home/az/arena_ws/devel/.private/hateb_local_planner/share/hateb_local_planner/cmake/hateb_local_planner-msg-extras.cmake, /home/az/arena_ws/devel/share/hateb_local_planner/cmake/hateb_local_planner-msg-extras.cmake)
Linked: (/home/az/arena_ws/devel/.private/hateb_local_planner/share/hateb_local_planner/cmake/hateb_local_plannerConfig.cmake, /home/az/arena_ws/devel/share/hateb_local_planner/cmake/hateb_local_plannerConfig.cmake)
Linked: (/home/az/arena_ws/devel/.private/hateb_local_planner/share/hateb_local_planner/cmake/hateb_local_plannerConfig-version.cmake, /home/az/arena_ws/devel/share/hateb_local_planner/cmake/hateb_local_plannerConfig-version.cmake)
Linked: (/home/az/arena_ws/devel/.private/hateb_local_planner/include/hateb_local_planner/ObstacleMsg.h, /home/az/arena_ws/devel/include/hateb_local_planner/ObstacleMsg.h)
Linked: (/home/az/arena_ws/devel/.private/hateb_local_planner/include/hateb_local_planner/getOptimVel.h, /home/az/arena_ws/devel/include/hateb_local_planner/getOptimVel.h)
Linked: (/home/az/arena_ws/devel/.private/hateb_local_planner/include/hateb_local_planner/getOptimVelResponse.h, /home/az/arena_ws/devel/include/hateb_local_planner/getOptimVelResponse.h)
Linked: (/home/az/arena_ws/devel/.private/hateb_local_planner/include/hateb_local_planner/setPlanning.h, /home/az/arena_ws/devel/include/hateb_local_planner/setPlanning.h)
Linked: (/home/az/arena_ws/devel/.private/hateb_local_planner/include/hateb_local_planner/OptimizeResponse.h, /home/az/arena_ws/devel/include/hateb_local_planner/OptimizeResponse.h)
Linked: (/home/az/arena_ws/devel/.private/hateb_local_planner/include/hateb_local_planner/Approach.h, /home/az/arena_ws/devel/include/hateb_local_planner/Approach.h)
Linked: (/home/az/arena_ws/devel/.private/hateb_local_planner/include/hateb_local_planner/getPlanning.h, /home/az/arena_ws/devel/include/hateb_local_planner/getPlanning.h)
Linked: (/home/az/arena_ws/devel/.private/hateb_local_planner/include/hateb_local_planner/getPlanningResponse.h, /home/az/arena_ws/devel/include/hateb_local_planner/getPlanningResponse.h)
Linked: (/home/az/arena_ws/devel/.private/hateb_local_planner/include/hateb_local_planner/setPlanningResponse.h, /home/az/arena_ws/devel/include/hateb_local_planner/setPlanningResponse.h)
Linked: (/home/az/arena_ws/devel/.private/hateb_local_planner/include/hateb_local_planner/HATebLocalPlannerReconfigureConfig.h, /home/az/arena_ws/devel/include/hateb_local_planner/HATebLocalPlannerReconfigureConfig.h)
Linked: (/home/az/arena_ws/devel/.private/hateb_local_planner/include/hateb_local_planner/TrajectoryPointMsg.h, /home/az/arena_ws/devel/include/hateb_local_planner/TrajectoryPointMsg.h)
Linked: (/home/az/arena_ws/devel/.private/hateb_local_planner/include/hateb_local_planner/OptimizationCost.h, /home/az/arena_ws/devel/include/hateb_local_planner/OptimizationCost.h)
Linked: (/home/az/arena_ws/devel/.private/hateb_local_planner/include/hateb_local_planner/Optimize.h, /home/az/arena_ws/devel/include/hateb_local_planner/Optimize.h)
Linked: (/home/az/arena_ws/devel/.private/hateb_local_planner/include/hateb_local_planner/setPlanningRequest.h, /home/az/arena_ws/devel/include/hateb_local_planner/setPlanningRequest.h)
Linked: (/home/az/arena_ws/devel/.private/hateb_local_planner/include/hateb_local_planner/FeedbackMsg.h, /home/az/arena_ws/devel/include/hateb_local_planner/FeedbackMsg.h)
Linked: (/home/az/arena_ws/devel/.private/hateb_local_planner/include/hateb_local_planner/OptimizeRequest.h, /home/az/arena_ws/devel/include/hateb_local_planner/OptimizeRequest.h)
Linked: (/home/az/arena_ws/devel/.private/hateb_local_planner/include/hateb_local_planner/getOptimVelRequest.h, /home/az/arena_ws/devel/include/hateb_local_planner/getOptimVelRequest.h)
Linked: (/home/az/arena_ws/devel/.private/hateb_local_planner/include/hateb_local_planner/getPlanningRequest.h, /home/az/arena_ws/devel/include/hateb_local_planner/getPlanningRequest.h)
Linked: (/home/az/arena_ws/devel/.private/hateb_local_planner/include/hateb_local_planner/TrajectoryMsg.h, /home/az/arena_ws/devel/include/hateb_local_planner/TrajectoryMsg.h)
Linked: (/home/az/arena_ws/devel/.private/hateb_local_planner/include/hateb_local_planner/OptimizationCostArray.h, /home/az/arena_ws/devel/include/hateb_local_planner/OptimizationCostArray.h)
Linked: (/home/az/arena_ws/devel/.private/hateb_local_planner/include/hateb_local_planner/ApproachResponse.h, /home/az/arena_ws/devel/include/hateb_local_planner/ApproachResponse.h)
Linked: (/home/az/arena_ws/devel/.private/hateb_local_planner/include/hateb_local_planner/ApproachRequest.h, /home/az/arena_ws/devel/include/hateb_local_planner/ApproachRequest.h)
Linked: (/home/az/arena_ws/devel/.private/hateb_local_planner/lib/libhateb_local_planner.so, /home/az/arena_ws/devel/lib/libhateb_local_planner.so)
Linked: (/home/az/arena_ws/devel/.private/hateb_local_planner/lib/pkgconfig/hateb_local_planner.pc, /home/az/arena_ws/devel/lib/pkgconfig/hateb_local_planner.pc)
Linked: (/home/az/arena_ws/devel/.private/hateb_local_planner/lib/python3/dist-packages/hateb_local_planner/__init__.py, /home/az/arena_ws/devel/lib/python3/dist-packages/hateb_local_planner/__init__.py)
Linked: (/home/az/arena_ws/devel/.private/hateb_local_planner/lib/python3/dist-packages/hateb_local_planner/msg/_TrajectoryMsg.py, /home/az/arena_ws/devel/lib/python3/dist-packages/hateb_local_planner/msg/_TrajectoryMsg.py)
Linked: (/home/az/arena_ws/devel/.private/hateb_local_planner/lib/python3/dist-packages/hateb_local_planner/msg/_TrajectoryPointMsg.py, /home/az/arena_ws/devel/lib/python3/dist-packages/hateb_local_planner/msg/_TrajectoryPointMsg.py)
Linked: (/home/az/arena_ws/devel/.private/hateb_local_planner/lib/python3/dist-packages/hateb_local_planner/msg/_OptimizationCost.py, /home/az/arena_ws/devel/lib/python3/dist-packages/hateb_local_planner/msg/_OptimizationCost.py)
Linked: (/home/az/arena_ws/devel/.private/hateb_local_planner/lib/python3/dist-packages/hateb_local_planner/msg/__init__.py, /home/az/arena_ws/devel/lib/python3/dist-packages/hateb_local_planner/msg/__init__.py)
Linked: (/home/az/arena_ws/devel/.private/hateb_local_planner/lib/python3/dist-packages/hateb_local_planner/msg/_FeedbackMsg.py, /home/az/arena_ws/devel/lib/python3/dist-packages/hateb_local_planner/msg/_FeedbackMsg.py)
Linked: (/home/az/arena_ws/devel/.private/hateb_local_planner/lib/python3/dist-packages/hateb_local_planner/msg/_ObstacleMsg.py, /home/az/arena_ws/devel/lib/python3/dist-packages/hateb_local_planner/msg/_ObstacleMsg.py)
Linked: (/home/az/arena_ws/devel/.private/hateb_local_planner/lib/python3/dist-packages/hateb_local_planner/msg/_OptimizationCostArray.py, /home/az/arena_ws/devel/lib/python3/dist-packages/hateb_local_planner/msg/_OptimizationCostArray.py)
Linked: (/home/az/arena_ws/devel/.private/hateb_local_planner/lib/python3/dist-packages/hateb_local_planner/srv/_getPlanning.py, /home/az/arena_ws/devel/lib/python3/dist-packages/hateb_local_planner/srv/_getPlanning.py)
Linked: (/home/az/arena_ws/devel/.private/hateb_local_planner/lib/python3/dist-packages/hateb_local_planner/srv/_setPlanning.py, /home/az/arena_ws/devel/lib/python3/dist-packages/hateb_local_planner/srv/_setPlanning.py)
Linked: (/home/az/arena_ws/devel/.private/hateb_local_planner/lib/python3/dist-packages/hateb_local_planner/srv/__init__.py, /home/az/arena_ws/devel/lib/python3/dist-packages/hateb_local_planner/srv/__init__.py)
Linked: (/home/az/arena_ws/devel/.private/hateb_local_planner/lib/python3/dist-packages/hateb_local_planner/srv/_getOptimVel.py, /home/az/arena_ws/devel/lib/python3/dist-packages/hateb_local_planner/srv/_getOptimVel.py)
Linked: (/home/az/arena_ws/devel/.private/hateb_local_planner/lib/python3/dist-packages/hateb_local_planner/srv/_Optimize.py, /home/az/arena_ws/devel/lib/python3/dist-packages/hateb_local_planner/srv/_Optimize.py)
Linked: (/home/az/arena_ws/devel/.private/hateb_local_planner/lib/python3/dist-packages/hateb_local_planner/srv/_Approach.py, /home/az/arena_ws/devel/lib/python3/dist-packages/hateb_local_planner/srv/_Approach.py)
Linked: (/home/az/arena_ws/devel/.private/hateb_local_planner/lib/python3/dist-packages/hateb_local_planner/cfg/__init__.py, /home/az/arena_ws/devel/lib/python3/dist-packages/hateb_local_planner/cfg/__init__.py)
Linked: (/home/az/arena_ws/devel/.private/hateb_local_planner/lib/python3/dist-packages/hateb_local_planner/cfg/HATebLocalPlannerReconfigureConfig.py, /home/az/arena_ws/devel/lib/python3/dist-packages/hateb_local_planner/cfg/HATebLocalPlannerReconfigureConfig.py)
Linked: (/home/az/arena_ws/devel/.private/hateb_local_planner/lib/hateb_local_planner/get_optim_vel, /home/az/arena_ws/devel/lib/hateb_local_planner/get_optim_vel)
Linked: (/home/az/arena_ws/devel/.private/hateb_local_planner/lib/hateb_local_planner/static_visualize, /home/az/arena_ws/devel/lib/hateb_local_planner/static_visualize)
Linked: (/home/az/arena_ws/devel/.private/hateb_local_planner/lib/hateb_local_planner/test_optim_node, /home/az/arena_ws/devel/lib/hateb_local_planner/test_optim_node)
Linked: (/home/az/arena_ws/devel/.private/hateb_local_planner/lib/hateb_local_planner/local_planner, /home/az/arena_ws/devel/lib/hateb_local_planner/local_planner)
