Linked: (/home/az/arena_ws/devel/.private/all_in_one_local_planner_interface/share/roseus/ros/all_in_one_local_planner_interface/manifest.l, /home/az/arena_ws/devel/share/roseus/ros/all_in_one_local_planner_interface/manifest.l)
Linked: (/home/az/arena_ws/devel/.private/all_in_one_local_planner_interface/share/roseus/ros/all_in_one_local_planner_interface/srv/GetVelCmd.l, /home/az/arena_ws/devel/share/roseus/ros/all_in_one_local_planner_interface/srv/GetVelCmd.l)
Linked: (/home/az/arena_ws/devel/.private/all_in_one_local_planner_interface/share/roseus/ros/all_in_one_local_planner_interface/srv/ResetCostmap.l, /home/az/arena_ws/devel/share/roseus/ros/all_in_one_local_planner_interface/srv/ResetCostmap.l)
Linked: (/home/az/arena_ws/devel/.private/all_in_one_local_planner_interface/share/roseus/ros/all_in_one_local_planner_interface/srv/SetGlobalPlan.l, /home/az/arena_ws/devel/share/roseus/ros/all_in_one_local_planner_interface/srv/SetGlobalPlan.l)
Linked: (/home/az/arena_ws/devel/.private/all_in_one_local_planner_interface/share/roseus/ros/all_in_one_local_planner_interface/srv/GetVelCmdWithGlobalPlan.l, /home/az/arena_ws/devel/share/roseus/ros/all_in_one_local_planner_interface/srv/GetVelCmdWithGlobalPlan.l)
Linked: (/home/az/arena_ws/devel/.private/all_in_one_local_planner_interface/share/common-lisp/ros/all_in_one_local_planner_interface/srv/GetVelCmd.lisp, /home/az/arena_ws/devel/share/common-lisp/ros/all_in_one_local_planner_interface/srv/GetVelCmd.lisp)
Linked: (/home/az/arena_ws/devel/.private/all_in_one_local_planner_interface/share/common-lisp/ros/all_in_one_local_planner_interface/srv/_package_ResetCostmap.lisp, /home/az/arena_ws/devel/share/common-lisp/ros/all_in_one_local_planner_interface/srv/_package_ResetCostmap.lisp)
Linked: (/home/az/arena_ws/devel/.private/all_in_one_local_planner_interface/share/common-lisp/ros/all_in_one_local_planner_interface/srv/GetVelCmdWithGlobalPlan.lisp, /home/az/arena_ws/devel/share/common-lisp/ros/all_in_one_local_planner_interface/srv/GetVelCmdWithGlobalPlan.lisp)
Linked: (/home/az/arena_ws/devel/.private/all_in_one_local_planner_interface/share/common-lisp/ros/all_in_one_local_planner_interface/srv/all_in_one_local_planner_interface-srv.asd, /home/az/arena_ws/devel/share/common-lisp/ros/all_in_one_local_planner_interface/srv/all_in_one_local_planner_interface-srv.asd)
Linked: (/home/az/arena_ws/devel/.private/all_in_one_local_planner_interface/share/common-lisp/ros/all_in_one_local_planner_interface/srv/ResetCostmap.lisp, /home/az/arena_ws/devel/share/common-lisp/ros/all_in_one_local_planner_interface/srv/ResetCostmap.lisp)
Linked: (/home/az/arena_ws/devel/.private/all_in_one_local_planner_interface/share/common-lisp/ros/all_in_one_local_planner_interface/srv/SetGlobalPlan.lisp, /home/az/arena_ws/devel/share/common-lisp/ros/all_in_one_local_planner_interface/srv/SetGlobalPlan.lisp)
Linked: (/home/az/arena_ws/devel/.private/all_in_one_local_planner_interface/share/common-lisp/ros/all_in_one_local_planner_interface/srv/_package_GetVelCmd.lisp, /home/az/arena_ws/devel/share/common-lisp/ros/all_in_one_local_planner_interface/srv/_package_GetVelCmd.lisp)
Linked: (/home/az/arena_ws/devel/.private/all_in_one_local_planner_interface/share/common-lisp/ros/all_in_one_local_planner_interface/srv/_package.lisp, /home/az/arena_ws/devel/share/common-lisp/ros/all_in_one_local_planner_interface/srv/_package.lisp)
Linked: (/home/az/arena_ws/devel/.private/all_in_one_local_planner_interface/share/common-lisp/ros/all_in_one_local_planner_interface/srv/_package_SetGlobalPlan.lisp, /home/az/arena_ws/devel/share/common-lisp/ros/all_in_one_local_planner_interface/srv/_package_SetGlobalPlan.lisp)
Linked: (/home/az/arena_ws/devel/.private/all_in_one_local_planner_interface/share/common-lisp/ros/all_in_one_local_planner_interface/srv/_package_GetVelCmdWithGlobalPlan.lisp, /home/az/arena_ws/devel/share/common-lisp/ros/all_in_one_local_planner_interface/srv/_package_GetVelCmdWithGlobalPlan.lisp)
Linked: (/home/az/arena_ws/devel/.private/all_in_one_local_planner_interface/share/gennodejs/ros/all_in_one_local_planner_interface/_index.js, /home/az/arena_ws/devel/share/gennodejs/ros/all_in_one_local_planner_interface/_index.js)
Linked: (/home/az/arena_ws/devel/.private/all_in_one_local_planner_interface/share/gennodejs/ros/all_in_one_local_planner_interface/srv/SetGlobalPlan.js, /home/az/arena_ws/devel/share/gennodejs/ros/all_in_one_local_planner_interface/srv/SetGlobalPlan.js)
Linked: (/home/az/arena_ws/devel/.private/all_in_one_local_planner_interface/share/gennodejs/ros/all_in_one_local_planner_interface/srv/ResetCostmap.js, /home/az/arena_ws/devel/share/gennodejs/ros/all_in_one_local_planner_interface/srv/ResetCostmap.js)
Linked: (/home/az/arena_ws/devel/.private/all_in_one_local_planner_interface/share/gennodejs/ros/all_in_one_local_planner_interface/srv/_index.js, /home/az/arena_ws/devel/share/gennodejs/ros/all_in_one_local_planner_interface/srv/_index.js)
Linked: (/home/az/arena_ws/devel/.private/all_in_one_local_planner_interface/share/gennodejs/ros/all_in_one_local_planner_interface/srv/GetVelCmd.js, /home/az/arena_ws/devel/share/gennodejs/ros/all_in_one_local_planner_interface/srv/GetVelCmd.js)
Linked: (/home/az/arena_ws/devel/.private/all_in_one_local_planner_interface/share/gennodejs/ros/all_in_one_local_planner_interface/srv/GetVelCmdWithGlobalPlan.js, /home/az/arena_ws/devel/share/gennodejs/ros/all_in_one_local_planner_interface/srv/GetVelCmdWithGlobalPlan.js)
Linked: (/home/az/arena_ws/devel/.private/all_in_one_local_planner_interface/share/all_in_one_local_planner_interface/cmake/all_in_one_local_planner_interfaceConfig-version.cmake, /home/az/arena_ws/devel/share/all_in_one_local_planner_interface/cmake/all_in_one_local_planner_interfaceConfig-version.cmake)
Linked: (/home/az/arena_ws/devel/.private/all_in_one_local_planner_interface/share/all_in_one_local_planner_interface/cmake/all_in_one_local_planner_interface-msg-paths.cmake, /home/az/arena_ws/devel/share/all_in_one_local_planner_interface/cmake/all_in_one_local_planner_interface-msg-paths.cmake)
Linked: (/home/az/arena_ws/devel/.private/all_in_one_local_planner_interface/share/all_in_one_local_planner_interface/cmake/all_in_one_local_planner_interface-msg-extras.cmake, /home/az/arena_ws/devel/share/all_in_one_local_planner_interface/cmake/all_in_one_local_planner_interface-msg-extras.cmake)
Linked: (/home/az/arena_ws/devel/.private/all_in_one_local_planner_interface/share/all_in_one_local_planner_interface/cmake/all_in_one_local_planner_interfaceConfig.cmake, /home/az/arena_ws/devel/share/all_in_one_local_planner_interface/cmake/all_in_one_local_planner_interfaceConfig.cmake)
Linked: (/home/az/arena_ws/devel/.private/all_in_one_local_planner_interface/include/all_in_one_local_planner_interface/GetVelCmdWithGlobalPlanResponse.h, /home/az/arena_ws/devel/include/all_in_one_local_planner_interface/GetVelCmdWithGlobalPlanResponse.h)
Linked: (/home/az/arena_ws/devel/.private/all_in_one_local_planner_interface/include/all_in_one_local_planner_interface/ResetCostmap.h, /home/az/arena_ws/devel/include/all_in_one_local_planner_interface/ResetCostmap.h)
Linked: (/home/az/arena_ws/devel/.private/all_in_one_local_planner_interface/include/all_in_one_local_planner_interface/GetVelCmdWithGlobalPlanRequest.h, /home/az/arena_ws/devel/include/all_in_one_local_planner_interface/GetVelCmdWithGlobalPlanRequest.h)
Linked: (/home/az/arena_ws/devel/.private/all_in_one_local_planner_interface/include/all_in_one_local_planner_interface/GetVelCmd.h, /home/az/arena_ws/devel/include/all_in_one_local_planner_interface/GetVelCmd.h)
Linked: (/home/az/arena_ws/devel/.private/all_in_one_local_planner_interface/include/all_in_one_local_planner_interface/SetGlobalPlanRequest.h, /home/az/arena_ws/devel/include/all_in_one_local_planner_interface/SetGlobalPlanRequest.h)
Linked: (/home/az/arena_ws/devel/.private/all_in_one_local_planner_interface/include/all_in_one_local_planner_interface/GetVelCmdWithGlobalPlan.h, /home/az/arena_ws/devel/include/all_in_one_local_planner_interface/GetVelCmdWithGlobalPlan.h)
Linked: (/home/az/arena_ws/devel/.private/all_in_one_local_planner_interface/include/all_in_one_local_planner_interface/SetGlobalPlan.h, /home/az/arena_ws/devel/include/all_in_one_local_planner_interface/SetGlobalPlan.h)
Linked: (/home/az/arena_ws/devel/.private/all_in_one_local_planner_interface/include/all_in_one_local_planner_interface/ResetCostmapRequest.h, /home/az/arena_ws/devel/include/all_in_one_local_planner_interface/ResetCostmapRequest.h)
Linked: (/home/az/arena_ws/devel/.private/all_in_one_local_planner_interface/include/all_in_one_local_planner_interface/ResetCostmapResponse.h, /home/az/arena_ws/devel/include/all_in_one_local_planner_interface/ResetCostmapResponse.h)
Linked: (/home/az/arena_ws/devel/.private/all_in_one_local_planner_interface/include/all_in_one_local_planner_interface/GetVelCmdResponse.h, /home/az/arena_ws/devel/include/all_in_one_local_planner_interface/GetVelCmdResponse.h)
Linked: (/home/az/arena_ws/devel/.private/all_in_one_local_planner_interface/include/all_in_one_local_planner_interface/SetGlobalPlanResponse.h, /home/az/arena_ws/devel/include/all_in_one_local_planner_interface/SetGlobalPlanResponse.h)
Linked: (/home/az/arena_ws/devel/.private/all_in_one_local_planner_interface/include/all_in_one_local_planner_interface/GetVelCmdRequest.h, /home/az/arena_ws/devel/include/all_in_one_local_planner_interface/GetVelCmdRequest.h)
Linked: (/home/az/arena_ws/devel/.private/all_in_one_local_planner_interface/lib/liball_in_one_local_planner_interface.so, /home/az/arena_ws/devel/lib/liball_in_one_local_planner_interface.so)
Linked: (/home/az/arena_ws/devel/.private/all_in_one_local_planner_interface/lib/pkgconfig/all_in_one_local_planner_interface.pc, /home/az/arena_ws/devel/lib/pkgconfig/all_in_one_local_planner_interface.pc)
Linked: (/home/az/arena_ws/devel/.private/all_in_one_local_planner_interface/lib/python3/dist-packages/all_in_one_local_planner_interface/__init__.py, /home/az/arena_ws/devel/lib/python3/dist-packages/all_in_one_local_planner_interface/__init__.py)
Linked: (/home/az/arena_ws/devel/.private/all_in_one_local_planner_interface/lib/python3/dist-packages/all_in_one_local_planner_interface/srv/__init__.py, /home/az/arena_ws/devel/lib/python3/dist-packages/all_in_one_local_planner_interface/srv/__init__.py)
Linked: (/home/az/arena_ws/devel/.private/all_in_one_local_planner_interface/lib/python3/dist-packages/all_in_one_local_planner_interface/srv/_ResetCostmap.py, /home/az/arena_ws/devel/lib/python3/dist-packages/all_in_one_local_planner_interface/srv/_ResetCostmap.py)
Linked: (/home/az/arena_ws/devel/.private/all_in_one_local_planner_interface/lib/python3/dist-packages/all_in_one_local_planner_interface/srv/_GetVelCmdWithGlobalPlan.py, /home/az/arena_ws/devel/lib/python3/dist-packages/all_in_one_local_planner_interface/srv/_GetVelCmdWithGlobalPlan.py)
Linked: (/home/az/arena_ws/devel/.private/all_in_one_local_planner_interface/lib/python3/dist-packages/all_in_one_local_planner_interface/srv/_SetGlobalPlan.py, /home/az/arena_ws/devel/lib/python3/dist-packages/all_in_one_local_planner_interface/srv/_SetGlobalPlan.py)
Linked: (/home/az/arena_ws/devel/.private/all_in_one_local_planner_interface/lib/python3/dist-packages/all_in_one_local_planner_interface/srv/_GetVelCmd.py, /home/az/arena_ws/devel/lib/python3/dist-packages/all_in_one_local_planner_interface/srv/_GetVelCmd.py)
Linked: (/home/az/arena_ws/devel/.private/all_in_one_local_planner_interface/lib/all_in_one_local_planner_interface/all_in_one_local_planner_node, /home/az/arena_ws/devel/lib/all_in_one_local_planner_interface/all_in_one_local_planner_node)
