Symlinking /home/az/github_may_messed_it_up_20250124arena_try_get_rel_vel_work/arena_ws/devel/share/roseus/ros/all_in_one_local_planner_interface/manifest.l
Symlinking /home/az/github_may_messed_it_up_20250124arena_try_get_rel_vel_work/arena_ws/devel/share/roseus/ros/all_in_one_local_planner_interface/srv/GetVelCmd.l
Symlinking /home/az/github_may_messed_it_up_20250124arena_try_get_rel_vel_work/arena_ws/devel/share/roseus/ros/all_in_one_local_planner_interface/srv/ResetCostmap.l
Symlinking /home/az/github_may_messed_it_up_20250124arena_try_get_rel_vel_work/arena_ws/devel/share/roseus/ros/all_in_one_local_planner_interface/srv/SetGlobalPlan.l
Symlinking /home/az/github_may_messed_it_up_20250124arena_try_get_rel_vel_work/arena_ws/devel/share/roseus/ros/all_in_one_local_planner_interface/srv/GetVelCmdWithGlobalPlan.l
Symlinking /home/az/github_may_messed_it_up_20250124arena_try_get_rel_vel_work/arena_ws/devel/share/common-lisp/ros/all_in_one_local_planner_interface/srv/GetVelCmd.lisp
Symlinking /home/az/github_may_messed_it_up_20250124arena_try_get_rel_vel_work/arena_ws/devel/share/common-lisp/ros/all_in_one_local_planner_interface/srv/_package_ResetCostmap.lisp
Symlinking /home/az/github_may_messed_it_up_20250124arena_try_get_rel_vel_work/arena_ws/devel/share/common-lisp/ros/all_in_one_local_planner_interface/srv/GetVelCmdWithGlobalPlan.lisp
Symlinking /home/az/github_may_messed_it_up_20250124arena_try_get_rel_vel_work/arena_ws/devel/share/common-lisp/ros/all_in_one_local_planner_interface/srv/all_in_one_local_planner_interface-srv.asd
Symlinking /home/az/github_may_messed_it_up_20250124arena_try_get_rel_vel_work/arena_ws/devel/share/common-lisp/ros/all_in_one_local_planner_interface/srv/ResetCostmap.lisp
Symlinking /home/az/github_may_messed_it_up_20250124arena_try_get_rel_vel_work/arena_ws/devel/share/common-lisp/ros/all_in_one_local_planner_interface/srv/SetGlobalPlan.lisp
Symlinking /home/az/github_may_messed_it_up_20250124arena_try_get_rel_vel_work/arena_ws/devel/share/common-lisp/ros/all_in_one_local_planner_interface/srv/_package_GetVelCmd.lisp
Symlinking /home/az/github_may_messed_it_up_20250124arena_try_get_rel_vel_work/arena_ws/devel/share/common-lisp/ros/all_in_one_local_planner_interface/srv/_package.lisp
Symlinking /home/az/github_may_messed_it_up_20250124arena_try_get_rel_vel_work/arena_ws/devel/share/common-lisp/ros/all_in_one_local_planner_interface/srv/_package_SetGlobalPlan.lisp
Symlinking /home/az/github_may_messed_it_up_20250124arena_try_get_rel_vel_work/arena_ws/devel/share/common-lisp/ros/all_in_one_local_planner_interface/srv/_package_GetVelCmdWithGlobalPlan.lisp
Symlinking /home/az/github_may_messed_it_up_20250124arena_try_get_rel_vel_work/arena_ws/devel/share/gennodejs/ros/all_in_one_local_planner_interface/_index.js
Symlinking /home/az/github_may_messed_it_up_20250124arena_try_get_rel_vel_work/arena_ws/devel/share/gennodejs/ros/all_in_one_local_planner_interface/srv/SetGlobalPlan.js
Symlinking /home/az/github_may_messed_it_up_20250124arena_try_get_rel_vel_work/arena_ws/devel/share/gennodejs/ros/all_in_one_local_planner_interface/srv/ResetCostmap.js
Symlinking /home/az/github_may_messed_it_up_20250124arena_try_get_rel_vel_work/arena_ws/devel/share/gennodejs/ros/all_in_one_local_planner_interface/srv/_index.js
Symlinking /home/az/github_may_messed_it_up_20250124arena_try_get_rel_vel_work/arena_ws/devel/share/gennodejs/ros/all_in_one_local_planner_interface/srv/GetVelCmd.js
Symlinking /home/az/github_may_messed_it_up_20250124arena_try_get_rel_vel_work/arena_ws/devel/share/gennodejs/ros/all_in_one_local_planner_interface/srv/GetVelCmdWithGlobalPlan.js
Symlinking /home/az/github_may_messed_it_up_20250124arena_try_get_rel_vel_work/arena_ws/devel/share/all_in_one_local_planner_interface/cmake/all_in_one_local_planner_interfaceConfig-version.cmake
Symlinking /home/az/github_may_messed_it_up_20250124arena_try_get_rel_vel_work/arena_ws/devel/share/all_in_one_local_planner_interface/cmake/all_in_one_local_planner_interface-msg-paths.cmake
Symlinking /home/az/github_may_messed_it_up_20250124arena_try_get_rel_vel_work/arena_ws/devel/share/all_in_one_local_planner_interface/cmake/all_in_one_local_planner_interface-msg-extras.cmake
Symlinking /home/az/github_may_messed_it_up_20250124arena_try_get_rel_vel_work/arena_ws/devel/share/all_in_one_local_planner_interface/cmake/all_in_one_local_planner_interfaceConfig.cmake
Symlinking /home/az/github_may_messed_it_up_20250124arena_try_get_rel_vel_work/arena_ws/devel/include/all_in_one_local_planner_interface/GetVelCmdWithGlobalPlanResponse.h
Symlinking /home/az/github_may_messed_it_up_20250124arena_try_get_rel_vel_work/arena_ws/devel/include/all_in_one_local_planner_interface/ResetCostmap.h
Symlinking /home/az/github_may_messed_it_up_20250124arena_try_get_rel_vel_work/arena_ws/devel/include/all_in_one_local_planner_interface/GetVelCmdWithGlobalPlanRequest.h
Symlinking /home/az/github_may_messed_it_up_20250124arena_try_get_rel_vel_work/arena_ws/devel/include/all_in_one_local_planner_interface/GetVelCmd.h
Symlinking /home/az/github_may_messed_it_up_20250124arena_try_get_rel_vel_work/arena_ws/devel/include/all_in_one_local_planner_interface/SetGlobalPlanRequest.h
Symlinking /home/az/github_may_messed_it_up_20250124arena_try_get_rel_vel_work/arena_ws/devel/include/all_in_one_local_planner_interface/GetVelCmdWithGlobalPlan.h
Symlinking /home/az/github_may_messed_it_up_20250124arena_try_get_rel_vel_work/arena_ws/devel/include/all_in_one_local_planner_interface/SetGlobalPlan.h
Symlinking /home/az/github_may_messed_it_up_20250124arena_try_get_rel_vel_work/arena_ws/devel/include/all_in_one_local_planner_interface/ResetCostmapRequest.h
Symlinking /home/az/github_may_messed_it_up_20250124arena_try_get_rel_vel_work/arena_ws/devel/include/all_in_one_local_planner_interface/ResetCostmapResponse.h
Symlinking /home/az/github_may_messed_it_up_20250124arena_try_get_rel_vel_work/arena_ws/devel/include/all_in_one_local_planner_interface/GetVelCmdResponse.h
Symlinking /home/az/github_may_messed_it_up_20250124arena_try_get_rel_vel_work/arena_ws/devel/include/all_in_one_local_planner_interface/SetGlobalPlanResponse.h
Symlinking /home/az/github_may_messed_it_up_20250124arena_try_get_rel_vel_work/arena_ws/devel/include/all_in_one_local_planner_interface/GetVelCmdRequest.h
Symlinking /home/az/github_may_messed_it_up_20250124arena_try_get_rel_vel_work/arena_ws/devel/lib/liball_in_one_local_planner_interface.so
Symlinking /home/az/github_may_messed_it_up_20250124arena_try_get_rel_vel_work/arena_ws/devel/lib/pkgconfig/all_in_one_local_planner_interface.pc
Symlinking /home/az/github_may_messed_it_up_20250124arena_try_get_rel_vel_work/arena_ws/devel/lib/python3/dist-packages/all_in_one_local_planner_interface/__init__.py
Symlinking /home/az/github_may_messed_it_up_20250124arena_try_get_rel_vel_work/arena_ws/devel/lib/python3/dist-packages/all_in_one_local_planner_interface/srv/__init__.py
Symlinking /home/az/github_may_messed_it_up_20250124arena_try_get_rel_vel_work/arena_ws/devel/lib/python3/dist-packages/all_in_one_local_planner_interface/srv/_ResetCostmap.py
Symlinking /home/az/github_may_messed_it_up_20250124arena_try_get_rel_vel_work/arena_ws/devel/lib/python3/dist-packages/all_in_one_local_planner_interface/srv/_GetVelCmdWithGlobalPlan.py
Symlinking /home/az/github_may_messed_it_up_20250124arena_try_get_rel_vel_work/arena_ws/devel/lib/python3/dist-packages/all_in_one_local_planner_interface/srv/_SetGlobalPlan.py
Symlinking /home/az/github_may_messed_it_up_20250124arena_try_get_rel_vel_work/arena_ws/devel/lib/python3/dist-packages/all_in_one_local_planner_interface/srv/_GetVelCmd.py
Symlinking /home/az/github_may_messed_it_up_20250124arena_try_get_rel_vel_work/arena_ws/devel/lib/all_in_one_local_planner_interface/all_in_one_local_planner_node
