Linked: (/home/az/arena_ws/devel/.private/flatland_msgs/share/roseus/ros/flatland_msgs/manifest.l, /home/az/arena_ws/devel/share/roseus/ros/flatland_msgs/manifest.l)
Linked: (/home/az/arena_ws/devel/.private/flatland_msgs/share/roseus/ros/flatland_msgs/msg/StepWorld.l, /home/az/arena_ws/devel/share/roseus/ros/flatland_msgs/msg/StepWorld.l)
Linked: (/home/az/arena_ws/devel/.private/flatland_msgs/share/roseus/ros/flatland_msgs/msg/DebugTopicList.l, /home/az/arena_ws/devel/share/roseus/ros/flatland_msgs/msg/DebugTopicList.l)
Linked: (/home/az/arena_ws/devel/.private/flatland_msgs/share/roseus/ros/flatland_msgs/msg/DangerZone.l, /home/az/arena_ws/devel/share/roseus/ros/flatland_msgs/msg/DangerZone.l)
Linked: (/home/az/arena_ws/devel/.private/flatland_msgs/share/roseus/ros/flatland_msgs/msg/Model.l, /home/az/arena_ws/devel/share/roseus/ros/flatland_msgs/msg/Model.l)
Linked: (/home/az/arena_ws/devel/.private/flatland_msgs/share/roseus/ros/flatland_msgs/msg/Vector2.l, /home/az/arena_ws/devel/share/roseus/ros/flatland_msgs/msg/Vector2.l)
Linked: (/home/az/arena_ws/devel/.private/flatland_msgs/share/roseus/ros/flatland_msgs/msg/Collisions.l, /home/az/arena_ws/devel/share/roseus/ros/flatland_msgs/msg/Collisions.l)
Linked: (/home/az/arena_ws/devel/.private/flatland_msgs/share/roseus/ros/flatland_msgs/msg/MoveModelMsg.l, /home/az/arena_ws/devel/share/roseus/ros/flatland_msgs/msg/MoveModelMsg.l)
Linked: (/home/az/arena_ws/devel/.private/flatland_msgs/share/roseus/ros/flatland_msgs/msg/Collision.l, /home/az/arena_ws/devel/share/roseus/ros/flatland_msgs/msg/Collision.l)
Linked: (/home/az/arena_ws/devel/.private/flatland_msgs/share/roseus/ros/flatland_msgs/srv/DeleteModel.l, /home/az/arena_ws/devel/share/roseus/ros/flatland_msgs/srv/DeleteModel.l)
Linked: (/home/az/arena_ws/devel/.private/flatland_msgs/share/roseus/ros/flatland_msgs/srv/MoveModel.l, /home/az/arena_ws/devel/share/roseus/ros/flatland_msgs/srv/MoveModel.l)
Linked: (/home/az/arena_ws/devel/.private/flatland_msgs/share/roseus/ros/flatland_msgs/srv/DeleteModels.l, /home/az/arena_ws/devel/share/roseus/ros/flatland_msgs/srv/DeleteModels.l)
Linked: (/home/az/arena_ws/devel/.private/flatland_msgs/share/roseus/ros/flatland_msgs/srv/SpawnModel.l, /home/az/arena_ws/devel/share/roseus/ros/flatland_msgs/srv/SpawnModel.l)
Linked: (/home/az/arena_ws/devel/.private/flatland_msgs/share/roseus/ros/flatland_msgs/srv/SpawnModels.l, /home/az/arena_ws/devel/share/roseus/ros/flatland_msgs/srv/SpawnModels.l)
Linked: (/home/az/arena_ws/devel/.private/flatland_msgs/share/common-lisp/ros/flatland_msgs/msg/Vector2.lisp, /home/az/arena_ws/devel/share/common-lisp/ros/flatland_msgs/msg/Vector2.lisp)
Linked: (/home/az/arena_ws/devel/.private/flatland_msgs/share/common-lisp/ros/flatland_msgs/msg/flatland_msgs-msg.asd, /home/az/arena_ws/devel/share/common-lisp/ros/flatland_msgs/msg/flatland_msgs-msg.asd)
Linked: (/home/az/arena_ws/devel/.private/flatland_msgs/share/common-lisp/ros/flatland_msgs/msg/_package_Collision.lisp, /home/az/arena_ws/devel/share/common-lisp/ros/flatland_msgs/msg/_package_Collision.lisp)
Linked: (/home/az/arena_ws/devel/.private/flatland_msgs/share/common-lisp/ros/flatland_msgs/msg/_package_MoveModelMsg.lisp, /home/az/arena_ws/devel/share/common-lisp/ros/flatland_msgs/msg/_package_MoveModelMsg.lisp)
Linked: (/home/az/arena_ws/devel/.private/flatland_msgs/share/common-lisp/ros/flatland_msgs/msg/StepWorld.lisp, /home/az/arena_ws/devel/share/common-lisp/ros/flatland_msgs/msg/StepWorld.lisp)
Linked: (/home/az/arena_ws/devel/.private/flatland_msgs/share/common-lisp/ros/flatland_msgs/msg/_package.lisp, /home/az/arena_ws/devel/share/common-lisp/ros/flatland_msgs/msg/_package.lisp)
Linked: (/home/az/arena_ws/devel/.private/flatland_msgs/share/common-lisp/ros/flatland_msgs/msg/_package_StepWorld.lisp, /home/az/arena_ws/devel/share/common-lisp/ros/flatland_msgs/msg/_package_StepWorld.lisp)
Linked: (/home/az/arena_ws/devel/.private/flatland_msgs/share/common-lisp/ros/flatland_msgs/msg/_package_DangerZone.lisp, /home/az/arena_ws/devel/share/common-lisp/ros/flatland_msgs/msg/_package_DangerZone.lisp)
Linked: (/home/az/arena_ws/devel/.private/flatland_msgs/share/common-lisp/ros/flatland_msgs/msg/_package_Collisions.lisp, /home/az/arena_ws/devel/share/common-lisp/ros/flatland_msgs/msg/_package_Collisions.lisp)
Linked: (/home/az/arena_ws/devel/.private/flatland_msgs/share/common-lisp/ros/flatland_msgs/msg/Model.lisp, /home/az/arena_ws/devel/share/common-lisp/ros/flatland_msgs/msg/Model.lisp)
Linked: (/home/az/arena_ws/devel/.private/flatland_msgs/share/common-lisp/ros/flatland_msgs/msg/_package_Vector2.lisp, /home/az/arena_ws/devel/share/common-lisp/ros/flatland_msgs/msg/_package_Vector2.lisp)
Linked: (/home/az/arena_ws/devel/.private/flatland_msgs/share/common-lisp/ros/flatland_msgs/msg/DebugTopicList.lisp, /home/az/arena_ws/devel/share/common-lisp/ros/flatland_msgs/msg/DebugTopicList.lisp)
Linked: (/home/az/arena_ws/devel/.private/flatland_msgs/share/common-lisp/ros/flatland_msgs/msg/MoveModelMsg.lisp, /home/az/arena_ws/devel/share/common-lisp/ros/flatland_msgs/msg/MoveModelMsg.lisp)
Linked: (/home/az/arena_ws/devel/.private/flatland_msgs/share/common-lisp/ros/flatland_msgs/msg/DangerZone.lisp, /home/az/arena_ws/devel/share/common-lisp/ros/flatland_msgs/msg/DangerZone.lisp)
Linked: (/home/az/arena_ws/devel/.private/flatland_msgs/share/common-lisp/ros/flatland_msgs/msg/_package_Model.lisp, /home/az/arena_ws/devel/share/common-lisp/ros/flatland_msgs/msg/_package_Model.lisp)
Linked: (/home/az/arena_ws/devel/.private/flatland_msgs/share/common-lisp/ros/flatland_msgs/msg/Collision.lisp, /home/az/arena_ws/devel/share/common-lisp/ros/flatland_msgs/msg/Collision.lisp)
Linked: (/home/az/arena_ws/devel/.private/flatland_msgs/share/common-lisp/ros/flatland_msgs/msg/Collisions.lisp, /home/az/arena_ws/devel/share/common-lisp/ros/flatland_msgs/msg/Collisions.lisp)
Linked: (/home/az/arena_ws/devel/.private/flatland_msgs/share/common-lisp/ros/flatland_msgs/msg/_package_DebugTopicList.lisp, /home/az/arena_ws/devel/share/common-lisp/ros/flatland_msgs/msg/_package_DebugTopicList.lisp)
Linked: (/home/az/arena_ws/devel/.private/flatland_msgs/share/common-lisp/ros/flatland_msgs/srv/_package_DeleteModels.lisp, /home/az/arena_ws/devel/share/common-lisp/ros/flatland_msgs/srv/_package_DeleteModels.lisp)
Linked: (/home/az/arena_ws/devel/.private/flatland_msgs/share/common-lisp/ros/flatland_msgs/srv/SpawnModels.lisp, /home/az/arena_ws/devel/share/common-lisp/ros/flatland_msgs/srv/SpawnModels.lisp)
Linked: (/home/az/arena_ws/devel/.private/flatland_msgs/share/common-lisp/ros/flatland_msgs/srv/_package_MoveModel.lisp, /home/az/arena_ws/devel/share/common-lisp/ros/flatland_msgs/srv/_package_MoveModel.lisp)
Linked: (/home/az/arena_ws/devel/.private/flatland_msgs/share/common-lisp/ros/flatland_msgs/srv/_package.lisp, /home/az/arena_ws/devel/share/common-lisp/ros/flatland_msgs/srv/_package.lisp)
Linked: (/home/az/arena_ws/devel/.private/flatland_msgs/share/common-lisp/ros/flatland_msgs/srv/MoveModel.lisp, /home/az/arena_ws/devel/share/common-lisp/ros/flatland_msgs/srv/MoveModel.lisp)
Linked: (/home/az/arena_ws/devel/.private/flatland_msgs/share/common-lisp/ros/flatland_msgs/srv/SpawnModel.lisp, /home/az/arena_ws/devel/share/common-lisp/ros/flatland_msgs/srv/SpawnModel.lisp)
Linked: (/home/az/arena_ws/devel/.private/flatland_msgs/share/common-lisp/ros/flatland_msgs/srv/_package_SpawnModel.lisp, /home/az/arena_ws/devel/share/common-lisp/ros/flatland_msgs/srv/_package_SpawnModel.lisp)
Linked: (/home/az/arena_ws/devel/.private/flatland_msgs/share/common-lisp/ros/flatland_msgs/srv/DeleteModel.lisp, /home/az/arena_ws/devel/share/common-lisp/ros/flatland_msgs/srv/DeleteModel.lisp)
Linked: (/home/az/arena_ws/devel/.private/flatland_msgs/share/common-lisp/ros/flatland_msgs/srv/_package_SpawnModels.lisp, /home/az/arena_ws/devel/share/common-lisp/ros/flatland_msgs/srv/_package_SpawnModels.lisp)
Linked: (/home/az/arena_ws/devel/.private/flatland_msgs/share/common-lisp/ros/flatland_msgs/srv/DeleteModels.lisp, /home/az/arena_ws/devel/share/common-lisp/ros/flatland_msgs/srv/DeleteModels.lisp)
Linked: (/home/az/arena_ws/devel/.private/flatland_msgs/share/common-lisp/ros/flatland_msgs/srv/_package_DeleteModel.lisp, /home/az/arena_ws/devel/share/common-lisp/ros/flatland_msgs/srv/_package_DeleteModel.lisp)
Linked: (/home/az/arena_ws/devel/.private/flatland_msgs/share/common-lisp/ros/flatland_msgs/srv/flatland_msgs-srv.asd, /home/az/arena_ws/devel/share/common-lisp/ros/flatland_msgs/srv/flatland_msgs-srv.asd)
Linked: (/home/az/arena_ws/devel/.private/flatland_msgs/share/gennodejs/ros/flatland_msgs/_index.js, /home/az/arena_ws/devel/share/gennodejs/ros/flatland_msgs/_index.js)
Linked: (/home/az/arena_ws/devel/.private/flatland_msgs/share/gennodejs/ros/flatland_msgs/msg/_index.js, /home/az/arena_ws/devel/share/gennodejs/ros/flatland_msgs/msg/_index.js)
Linked: (/home/az/arena_ws/devel/.private/flatland_msgs/share/gennodejs/ros/flatland_msgs/msg/DebugTopicList.js, /home/az/arena_ws/devel/share/gennodejs/ros/flatland_msgs/msg/DebugTopicList.js)
Linked: (/home/az/arena_ws/devel/.private/flatland_msgs/share/gennodejs/ros/flatland_msgs/msg/Collision.js, /home/az/arena_ws/devel/share/gennodejs/ros/flatland_msgs/msg/Collision.js)
Linked: (/home/az/arena_ws/devel/.private/flatland_msgs/share/gennodejs/ros/flatland_msgs/msg/Model.js, /home/az/arena_ws/devel/share/gennodejs/ros/flatland_msgs/msg/Model.js)
Linked: (/home/az/arena_ws/devel/.private/flatland_msgs/share/gennodejs/ros/flatland_msgs/msg/MoveModelMsg.js, /home/az/arena_ws/devel/share/gennodejs/ros/flatland_msgs/msg/MoveModelMsg.js)
Linked: (/home/az/arena_ws/devel/.private/flatland_msgs/share/gennodejs/ros/flatland_msgs/msg/StepWorld.js, /home/az/arena_ws/devel/share/gennodejs/ros/flatland_msgs/msg/StepWorld.js)
Linked: (/home/az/arena_ws/devel/.private/flatland_msgs/share/gennodejs/ros/flatland_msgs/msg/Vector2.js, /home/az/arena_ws/devel/share/gennodejs/ros/flatland_msgs/msg/Vector2.js)
Linked: (/home/az/arena_ws/devel/.private/flatland_msgs/share/gennodejs/ros/flatland_msgs/msg/DangerZone.js, /home/az/arena_ws/devel/share/gennodejs/ros/flatland_msgs/msg/DangerZone.js)
Linked: (/home/az/arena_ws/devel/.private/flatland_msgs/share/gennodejs/ros/flatland_msgs/msg/Collisions.js, /home/az/arena_ws/devel/share/gennodejs/ros/flatland_msgs/msg/Collisions.js)
Linked: (/home/az/arena_ws/devel/.private/flatland_msgs/share/gennodejs/ros/flatland_msgs/srv/_index.js, /home/az/arena_ws/devel/share/gennodejs/ros/flatland_msgs/srv/_index.js)
Linked: (/home/az/arena_ws/devel/.private/flatland_msgs/share/gennodejs/ros/flatland_msgs/srv/SpawnModels.js, /home/az/arena_ws/devel/share/gennodejs/ros/flatland_msgs/srv/SpawnModels.js)
Linked: (/home/az/arena_ws/devel/.private/flatland_msgs/share/gennodejs/ros/flatland_msgs/srv/DeleteModel.js, /home/az/arena_ws/devel/share/gennodejs/ros/flatland_msgs/srv/DeleteModel.js)
Linked: (/home/az/arena_ws/devel/.private/flatland_msgs/share/gennodejs/ros/flatland_msgs/srv/SpawnModel.js, /home/az/arena_ws/devel/share/gennodejs/ros/flatland_msgs/srv/SpawnModel.js)
Linked: (/home/az/arena_ws/devel/.private/flatland_msgs/share/gennodejs/ros/flatland_msgs/srv/MoveModel.js, /home/az/arena_ws/devel/share/gennodejs/ros/flatland_msgs/srv/MoveModel.js)
Linked: (/home/az/arena_ws/devel/.private/flatland_msgs/share/gennodejs/ros/flatland_msgs/srv/DeleteModels.js, /home/az/arena_ws/devel/share/gennodejs/ros/flatland_msgs/srv/DeleteModels.js)
Linked: (/home/az/arena_ws/devel/.private/flatland_msgs/share/flatland_msgs/cmake/flatland_msgsConfig.cmake, /home/az/arena_ws/devel/share/flatland_msgs/cmake/flatland_msgsConfig.cmake)
Linked: (/home/az/arena_ws/devel/.private/flatland_msgs/share/flatland_msgs/cmake/flatland_msgs-msg-extras.cmake, /home/az/arena_ws/devel/share/flatland_msgs/cmake/flatland_msgs-msg-extras.cmake)
Linked: (/home/az/arena_ws/devel/.private/flatland_msgs/share/flatland_msgs/cmake/flatland_msgs-msg-paths.cmake, /home/az/arena_ws/devel/share/flatland_msgs/cmake/flatland_msgs-msg-paths.cmake)
Linked: (/home/az/arena_ws/devel/.private/flatland_msgs/share/flatland_msgs/cmake/flatland_msgsConfig-version.cmake, /home/az/arena_ws/devel/share/flatland_msgs/cmake/flatland_msgsConfig-version.cmake)
Linked: (/home/az/arena_ws/devel/.private/flatland_msgs/include/flatland_msgs/MoveModelResponse.h, /home/az/arena_ws/devel/include/flatland_msgs/MoveModelResponse.h)
Linked: (/home/az/arena_ws/devel/.private/flatland_msgs/include/flatland_msgs/DeleteModels.h, /home/az/arena_ws/devel/include/flatland_msgs/DeleteModels.h)
Linked: (/home/az/arena_ws/devel/.private/flatland_msgs/include/flatland_msgs/DeleteModel.h, /home/az/arena_ws/devel/include/flatland_msgs/DeleteModel.h)
Linked: (/home/az/arena_ws/devel/.private/flatland_msgs/include/flatland_msgs/SpawnModelResponse.h, /home/az/arena_ws/devel/include/flatland_msgs/SpawnModelResponse.h)
Linked: (/home/az/arena_ws/devel/.private/flatland_msgs/include/flatland_msgs/MoveModel.h, /home/az/arena_ws/devel/include/flatland_msgs/MoveModel.h)
Linked: (/home/az/arena_ws/devel/.private/flatland_msgs/include/flatland_msgs/SpawnModelsResponse.h, /home/az/arena_ws/devel/include/flatland_msgs/SpawnModelsResponse.h)
Linked: (/home/az/arena_ws/devel/.private/flatland_msgs/include/flatland_msgs/SpawnModels.h, /home/az/arena_ws/devel/include/flatland_msgs/SpawnModels.h)
Linked: (/home/az/arena_ws/devel/.private/flatland_msgs/include/flatland_msgs/DangerZone.h, /home/az/arena_ws/devel/include/flatland_msgs/DangerZone.h)
Linked: (/home/az/arena_ws/devel/.private/flatland_msgs/include/flatland_msgs/MoveModelMsg.h, /home/az/arena_ws/devel/include/flatland_msgs/MoveModelMsg.h)
Linked: (/home/az/arena_ws/devel/.private/flatland_msgs/include/flatland_msgs/SpawnModelRequest.h, /home/az/arena_ws/devel/include/flatland_msgs/SpawnModelRequest.h)
Linked: (/home/az/arena_ws/devel/.private/flatland_msgs/include/flatland_msgs/Collision.h, /home/az/arena_ws/devel/include/flatland_msgs/Collision.h)
Linked: (/home/az/arena_ws/devel/.private/flatland_msgs/include/flatland_msgs/DebugTopicList.h, /home/az/arena_ws/devel/include/flatland_msgs/DebugTopicList.h)
Linked: (/home/az/arena_ws/devel/.private/flatland_msgs/include/flatland_msgs/StepWorld.h, /home/az/arena_ws/devel/include/flatland_msgs/StepWorld.h)
Linked: (/home/az/arena_ws/devel/.private/flatland_msgs/include/flatland_msgs/DeleteModelsResponse.h, /home/az/arena_ws/devel/include/flatland_msgs/DeleteModelsResponse.h)
Linked: (/home/az/arena_ws/devel/.private/flatland_msgs/include/flatland_msgs/Vector2.h, /home/az/arena_ws/devel/include/flatland_msgs/Vector2.h)
Linked: (/home/az/arena_ws/devel/.private/flatland_msgs/include/flatland_msgs/Collisions.h, /home/az/arena_ws/devel/include/flatland_msgs/Collisions.h)
Linked: (/home/az/arena_ws/devel/.private/flatland_msgs/include/flatland_msgs/SpawnModelsRequest.h, /home/az/arena_ws/devel/include/flatland_msgs/SpawnModelsRequest.h)
Linked: (/home/az/arena_ws/devel/.private/flatland_msgs/include/flatland_msgs/SpawnModel.h, /home/az/arena_ws/devel/include/flatland_msgs/SpawnModel.h)
Linked: (/home/az/arena_ws/devel/.private/flatland_msgs/include/flatland_msgs/DeleteModelsRequest.h, /home/az/arena_ws/devel/include/flatland_msgs/DeleteModelsRequest.h)
Linked: (/home/az/arena_ws/devel/.private/flatland_msgs/include/flatland_msgs/Model.h, /home/az/arena_ws/devel/include/flatland_msgs/Model.h)
Linked: (/home/az/arena_ws/devel/.private/flatland_msgs/include/flatland_msgs/DeleteModelRequest.h, /home/az/arena_ws/devel/include/flatland_msgs/DeleteModelRequest.h)
Linked: (/home/az/arena_ws/devel/.private/flatland_msgs/include/flatland_msgs/DeleteModelResponse.h, /home/az/arena_ws/devel/include/flatland_msgs/DeleteModelResponse.h)
Linked: (/home/az/arena_ws/devel/.private/flatland_msgs/include/flatland_msgs/MoveModelRequest.h, /home/az/arena_ws/devel/include/flatland_msgs/MoveModelRequest.h)
Linked: (/home/az/arena_ws/devel/.private/flatland_msgs/lib/pkgconfig/flatland_msgs.pc, /home/az/arena_ws/devel/lib/pkgconfig/flatland_msgs.pc)
Linked: (/home/az/arena_ws/devel/.private/flatland_msgs/lib/python3/dist-packages/flatland_msgs/__init__.py, /home/az/arena_ws/devel/lib/python3/dist-packages/flatland_msgs/__init__.py)
Linked: (/home/az/arena_ws/devel/.private/flatland_msgs/lib/python3/dist-packages/flatland_msgs/msg/_DangerZone.py, /home/az/arena_ws/devel/lib/python3/dist-packages/flatland_msgs/msg/_DangerZone.py)
Linked: (/home/az/arena_ws/devel/.private/flatland_msgs/lib/python3/dist-packages/flatland_msgs/msg/__init__.py, /home/az/arena_ws/devel/lib/python3/dist-packages/flatland_msgs/msg/__init__.py)
Linked: (/home/az/arena_ws/devel/.private/flatland_msgs/lib/python3/dist-packages/flatland_msgs/msg/_Collision.py, /home/az/arena_ws/devel/lib/python3/dist-packages/flatland_msgs/msg/_Collision.py)
Linked: (/home/az/arena_ws/devel/.private/flatland_msgs/lib/python3/dist-packages/flatland_msgs/msg/_DebugTopicList.py, /home/az/arena_ws/devel/lib/python3/dist-packages/flatland_msgs/msg/_DebugTopicList.py)
Linked: (/home/az/arena_ws/devel/.private/flatland_msgs/lib/python3/dist-packages/flatland_msgs/msg/_MoveModelMsg.py, /home/az/arena_ws/devel/lib/python3/dist-packages/flatland_msgs/msg/_MoveModelMsg.py)
Linked: (/home/az/arena_ws/devel/.private/flatland_msgs/lib/python3/dist-packages/flatland_msgs/msg/_StepWorld.py, /home/az/arena_ws/devel/lib/python3/dist-packages/flatland_msgs/msg/_StepWorld.py)
Linked: (/home/az/arena_ws/devel/.private/flatland_msgs/lib/python3/dist-packages/flatland_msgs/msg/_Model.py, /home/az/arena_ws/devel/lib/python3/dist-packages/flatland_msgs/msg/_Model.py)
Linked: (/home/az/arena_ws/devel/.private/flatland_msgs/lib/python3/dist-packages/flatland_msgs/msg/_Collisions.py, /home/az/arena_ws/devel/lib/python3/dist-packages/flatland_msgs/msg/_Collisions.py)
Linked: (/home/az/arena_ws/devel/.private/flatland_msgs/lib/python3/dist-packages/flatland_msgs/msg/_Vector2.py, /home/az/arena_ws/devel/lib/python3/dist-packages/flatland_msgs/msg/_Vector2.py)
Linked: (/home/az/arena_ws/devel/.private/flatland_msgs/lib/python3/dist-packages/flatland_msgs/srv/_MoveModel.py, /home/az/arena_ws/devel/lib/python3/dist-packages/flatland_msgs/srv/_MoveModel.py)
Linked: (/home/az/arena_ws/devel/.private/flatland_msgs/lib/python3/dist-packages/flatland_msgs/srv/_SpawnModels.py, /home/az/arena_ws/devel/lib/python3/dist-packages/flatland_msgs/srv/_SpawnModels.py)
Linked: (/home/az/arena_ws/devel/.private/flatland_msgs/lib/python3/dist-packages/flatland_msgs/srv/__init__.py, /home/az/arena_ws/devel/lib/python3/dist-packages/flatland_msgs/srv/__init__.py)
Linked: (/home/az/arena_ws/devel/.private/flatland_msgs/lib/python3/dist-packages/flatland_msgs/srv/_DeleteModels.py, /home/az/arena_ws/devel/lib/python3/dist-packages/flatland_msgs/srv/_DeleteModels.py)
Linked: (/home/az/arena_ws/devel/.private/flatland_msgs/lib/python3/dist-packages/flatland_msgs/srv/_DeleteModel.py, /home/az/arena_ws/devel/lib/python3/dist-packages/flatland_msgs/srv/_DeleteModel.py)
Linked: (/home/az/arena_ws/devel/.private/flatland_msgs/lib/python3/dist-packages/flatland_msgs/srv/_SpawnModel.py, /home/az/arena_ws/devel/lib/python3/dist-packages/flatland_msgs/srv/_SpawnModel.py)
