[  0%] Built target _flatland_msgs_generate_messages_check_deps_DeleteModels
[  0%] Built target _flatland_msgs_generate_messages_check_deps_Collision
[  0%] Built target std_msgs_generate_messages_py
[  0%] Built target _flatland_msgs_generate_messages_check_deps_MoveModel
[  0%] Built target _flatland_msgs_generate_messages_check_deps_Collisions
[  0%] Built target _flatland_msgs_generate_messages_check_deps_DangerZone
[  0%] Built target _flatland_msgs_generate_messages_check_deps_DebugTopicList
[  0%] Built target _flatland_msgs_generate_messages_check_deps_SpawnModel
[  0%] Built target geometry_msgs_generate_messages_py
[  0%] Built target _flatland_msgs_generate_messages_check_deps_Model
[  0%] Built target _flatland_msgs_generate_messages_check_deps_Vector2
[  0%] Built target _flatland_msgs_generate_messages_check_deps_StepWorld
[  0%] Built target _flatland_msgs_generate_messages_check_deps_SpawnModels
[  0%] Built target _flatland_msgs_generate_messages_check_deps_MoveModelMsg
[  0%] Built target _flatland_msgs_generate_messages_check_deps_DeleteModel
[  0%] Built target geometry_msgs_generate_messages_eus
[  0%] Built target std_msgs_generate_messages_eus
[  0%] Built target geometry_msgs_generate_messages_cpp
[  0%] Built target std_msgs_generate_messages_cpp
[  0%] Built target std_msgs_generate_messages_nodejs
[  0%] Built target geometry_msgs_generate_messages_nodejs
[  0%] Built target std_msgs_generate_messages_lisp
[  0%] Built target geometry_msgs_generate_messages_lisp
[ 22%] Built target flatland_msgs_generate_messages_py
[ 42%] Built target flatland_msgs_generate_messages_eus
[ 61%] Built target flatland_msgs_generate_messages_nodejs
[ 80%] Built target flatland_msgs_generate_messages_cpp
[100%] Built target flatland_msgs_generate_messages_lisp
[100%] Built target flatland_msgs_generate_messages
