[ 12%] Built target cob_omni_drive_controller_gencfg
[ 12%] Built target sensor_msgs_generate_messages_nodejs
[ 12%] Built target dynamic_reconfigure_generate_messages_cpp
[ 12%] Built target dynamic_reconfigure_gencfg
[ 12%] Built target dynamic_reconfigure_generate_messages_nodejs
[ 12%] Built target tf2_msgs_generate_messages_nodejs
[ 12%] Built target tf2_msgs_generate_messages_py
[ 12%] Built target tf2_msgs_generate_messages_lisp
[ 12%] Built target dynamic_reconfigure_generate_messages_lisp
[ 12%] Built target tf2_msgs_generate_messages_cpp
[ 12%] Built target actionlib_generate_messages_py
[ 12%] Built target actionlib_generate_messages_nodejs
[ 12%] Built target dynamic_reconfigure_generate_messages_py
[ 12%] Built target cob_base_controller_utils_generate_messages_py
[ 12%] Built target nav_msgs_generate_messages_eus
[ 12%] Built target actionlib_msgs_generate_messages_eus
[ 12%] Built target std_msgs_generate_messages_nodejs
[ 12%] Built target rosgraph_msgs_generate_messages_lisp
[ 12%] Built target nav_msgs_generate_messages_lisp
[ 12%] Built target geometry_msgs_generate_messages_eus
[ 12%] Built target std_msgs_generate_messages_cpp
[ 12%] Built target tf_generate_messages_eus
[ 12%] Built target nav_msgs_generate_messages_cpp
[ 12%] Built target geometry_msgs_generate_messages_py
[ 12%] Built target tf2_msgs_generate_messages_eus
[ 12%] Built target sensor_msgs_generate_messages_py
[ 12%] Built target geometry_msgs_generate_messages_lisp
[ 12%] Built target cob_base_controller_utils_generate_messages_cpp
[ 12%] Built target tf_generate_messages_cpp
[ 12%] Built target rosgraph_msgs_generate_messages_py
[ 12%] Built target std_msgs_generate_messages_py
[ 12%] Built target cob_base_controller_utils_generate_messages_lisp
[ 12%] Built target roscpp_generate_messages_lisp
[ 12%] Built target _catkin_empty_exported_target
[ 12%] Built target actionlib_generate_messages_lisp
[ 12%] Built target actionlib_msgs_generate_messages_cpp
[ 12%] Built target std_msgs_generate_messages_lisp
[ 12%] Built target std_srvs_generate_messages_cpp
[ 12%] Built target std_srvs_generate_messages_nodejs
[ 12%] Built target cob_base_controller_utils_generate_messages_eus
[ 12%] Built target dynamic_reconfigure_generate_messages_eus
[ 12%] Built target geometry_msgs_generate_messages_nodejs
[ 12%] Built target geometry_msgs_generate_messages_cpp
[ 12%] Built target cob_base_controller_utils_generate_messages_nodejs
[ 12%] Built target nav_msgs_generate_messages_py
[ 12%] Built target tf_generate_messages_lisp
[ 12%] Built target actionlib_msgs_generate_messages_py
[ 12%] Built target actionlib_generate_messages_cpp
[ 12%] Built target rosgraph_msgs_generate_messages_nodejs
[ 12%] Built target roscpp_generate_messages_cpp
[ 12%] Built target roscpp_generate_messages_eus
[ 12%] Built target roscpp_generate_messages_nodejs
[ 12%] Built target roscpp_generate_messages_py
[ 12%] Built target actionlib_msgs_generate_messages_lisp
[ 12%] Built target actionlib_msgs_generate_messages_nodejs
[ 12%] Built target std_msgs_generate_messages_eus
[ 12%] Built target tf_generate_messages_py
[ 12%] Built target rosgraph_msgs_generate_messages_cpp
[ 12%] Built target rosgraph_msgs_generate_messages_eus
[ 12%] Built target actionlib_generate_messages_eus
[ 12%] Built target std_srvs_generate_messages_eus
[ 12%] Built target std_srvs_generate_messages_py
[ 12%] Built target std_srvs_generate_messages_lisp
[ 12%] Built target tf_generate_messages_nodejs
[ 12%] Built target nav_msgs_generate_messages_nodejs
[ 12%] Built target sensor_msgs_generate_messages_cpp
[ 12%] Built target sensor_msgs_generate_messages_eus
[ 12%] Built target sensor_msgs_generate_messages_lisp
[ 50%] Built target cob_omni_drive_geom
[100%] Built target cob_omni_drive_controller
