[35m[1mScanning dependencies of target _spencer_human_attribute_msgs_generate_messages_check_deps_HumanAttributes[0m
[  0%] Built target _spencer_human_attribute_msgs_generate_messages_check_deps_HumanAttributes
[35m[1mScanning dependencies of target _spencer_human_attribute_msgs_generate_messages_check_deps_ScalarAttribute[0m
[  0%] Built target _spencer_human_attribute_msgs_generate_messages_check_deps_ScalarAttribute
[35m[1mScanning dependencies of target std_msgs_generate_messages_cpp[0m
[  0%] Built target std_msgs_generate_messages_cpp
[35m[1mScanning dependencies of target _spencer_human_attribute_msgs_generate_messages_check_deps_CategoricalAttribute[0m
[  0%] Built target _spencer_human_attribute_msgs_generate_messages_check_deps_CategoricalAttribute
[35m[1mScanning dependencies of target std_msgs_generate_messages_py[0m
[  0%] Built target std_msgs_generate_messages_py
[35m[1mScanning dependencies of target std_msgs_generate_messages_nodejs[0m
[  0%] Built target std_msgs_generate_messages_nodejs
[35m[1mScanning dependencies of target std_msgs_generate_messages_eus[0m
[  0%] Built target std_msgs_generate_messages_eus
[35m[1mScanning dependencies of target std_msgs_generate_messages_lisp[0m
[  0%] Built target std_msgs_generate_messages_lisp
[35m[1mScanning dependencies of target spencer_human_attribute_msgs_generate_messages_cpp[0m
[  5%] [34m[1mGenerating C++ code from spencer_human_attribute_msgs/CategoricalAttribute.msg[0m
[ 11%] [34m[1mGenerating C++ code from spencer_human_attribute_msgs/ScalarAttribute.msg[0m
[ 17%] [34m[1mGenerating C++ code from spencer_human_attribute_msgs/HumanAttributes.msg[0m
[ 17%] Built target spencer_human_attribute_msgs_generate_messages_cpp
[35m[1mScanning dependencies of target spencer_human_attribute_msgs_generate_messages_py[0m
[ 23%] [34m[1mGenerating Python from MSG spencer_human_attribute_msgs/CategoricalAttribute[0m
[ 29%] [34m[1mGenerating Python from MSG spencer_human_attribute_msgs/ScalarAttribute[0m
[ 35%] [34m[1mGenerating Python from MSG spencer_human_attribute_msgs/HumanAttributes[0m
[ 41%] [34m[1mGenerating Python msg __init__.py for spencer_human_attribute_msgs[0m
[ 41%] Built target spencer_human_attribute_msgs_generate_messages_py
[35m[1mScanning dependencies of target spencer_human_attribute_msgs_generate_messages_nodejs[0m
[ 47%] [34m[1mGenerating Javascript code from spencer_human_attribute_msgs/CategoricalAttribute.msg[0m
[ 52%] [34m[1mGenerating Javascript code from spencer_human_attribute_msgs/ScalarAttribute.msg[0m
[ 58%] [34m[1mGenerating Javascript code from spencer_human_attribute_msgs/HumanAttributes.msg[0m
[ 58%] Built target spencer_human_attribute_msgs_generate_messages_nodejs
[35m[1mScanning dependencies of target spencer_human_attribute_msgs_generate_messages_eus[0m
[ 64%] [34m[1mGenerating EusLisp code from spencer_human_attribute_msgs/CategoricalAttribute.msg[0m
[ 70%] [34m[1mGenerating EusLisp code from spencer_human_attribute_msgs/ScalarAttribute.msg[0m
[ 76%] [34m[1mGenerating EusLisp code from spencer_human_attribute_msgs/HumanAttributes.msg[0m
[ 82%] [34m[1mGenerating EusLisp manifest code for spencer_human_attribute_msgs[0m
WARNING: Package name "LfH" does not follow the naming conventions. It should start with a lower case letter and only contain lower case letters, digits, underscores, and dashes.
WARNING: Package name "gazebo_ros_2Dmap_plugin" does not follow the naming conventions. It should start with a lower case letter and only contain lower case letters, digits, underscores, and dashes.
WARNING: Package name "LfH" does not follow the naming conventions. It should start with a lower case letter and only contain lower case letters, digits, underscores, and dashes.
WARNING: Package name "gazebo_ros_2Dmap_plugin" does not follow the naming conventions. It should start with a lower case letter and only contain lower case letters, digits, underscores, and dashes.
[ 82%] Built target spencer_human_attribute_msgs_generate_messages_eus
[35m[1mScanning dependencies of target spencer_human_attribute_msgs_generate_messages_lisp[0m
[ 88%] [34m[1mGenerating Lisp code from spencer_human_attribute_msgs/CategoricalAttribute.msg[0m
[ 94%] [34m[1mGenerating Lisp code from spencer_human_attribute_msgs/ScalarAttribute.msg[0m
[100%] [34m[1mGenerating Lisp code from spencer_human_attribute_msgs/HumanAttributes.msg[0m
[100%] Built target spencer_human_attribute_msgs_generate_messages_lisp
[35m[1mScanning dependencies of target spencer_human_attribute_msgs_generate_messages[0m
[100%] Built target spencer_human_attribute_msgs_generate_messages
