Linked: (/home/az/arena_ws/devel/.private/spencer_human_attribute_msgs/share/spencer_human_attribute_msgs/cmake/spencer_human_attribute_msgsConfig.cmake, /home/az/arena_ws/devel/share/spencer_human_attribute_msgs/cmake/spencer_human_attribute_msgsConfig.cmake)
Linked: (/home/az/arena_ws/devel/.private/spencer_human_attribute_msgs/share/spencer_human_attribute_msgs/cmake/spencer_human_attribute_msgs-msg-paths.cmake, /home/az/arena_ws/devel/share/spencer_human_attribute_msgs/cmake/spencer_human_attribute_msgs-msg-paths.cmake)
Linked: (/home/az/arena_ws/devel/.private/spencer_human_attribute_msgs/share/spencer_human_attribute_msgs/cmake/spencer_human_attribute_msgs-msg-extras.cmake, /home/az/arena_ws/devel/share/spencer_human_attribute_msgs/cmake/spencer_human_attribute_msgs-msg-extras.cmake)
Linked: (/home/az/arena_ws/devel/.private/spencer_human_attribute_msgs/share/spencer_human_attribute_msgs/cmake/spencer_human_attribute_msgsConfig-version.cmake, /home/az/arena_ws/devel/share/spencer_human_attribute_msgs/cmake/spencer_human_attribute_msgsConfig-version.cmake)
Linked: (/home/az/arena_ws/devel/.private/spencer_human_attribute_msgs/share/roseus/ros/spencer_human_attribute_msgs/manifest.l, /home/az/arena_ws/devel/share/roseus/ros/spencer_human_attribute_msgs/manifest.l)
Linked: (/home/az/arena_ws/devel/.private/spencer_human_attribute_msgs/share/roseus/ros/spencer_human_attribute_msgs/msg/CategoricalAttribute.l, /home/az/arena_ws/devel/share/roseus/ros/spencer_human_attribute_msgs/msg/CategoricalAttribute.l)
Linked: (/home/az/arena_ws/devel/.private/spencer_human_attribute_msgs/share/roseus/ros/spencer_human_attribute_msgs/msg/ScalarAttribute.l, /home/az/arena_ws/devel/share/roseus/ros/spencer_human_attribute_msgs/msg/ScalarAttribute.l)
Linked: (/home/az/arena_ws/devel/.private/spencer_human_attribute_msgs/share/roseus/ros/spencer_human_attribute_msgs/msg/HumanAttributes.l, /home/az/arena_ws/devel/share/roseus/ros/spencer_human_attribute_msgs/msg/HumanAttributes.l)
Linked: (/home/az/arena_ws/devel/.private/spencer_human_attribute_msgs/share/common-lisp/ros/spencer_human_attribute_msgs/msg/CategoricalAttribute.lisp, /home/az/arena_ws/devel/share/common-lisp/ros/spencer_human_attribute_msgs/msg/CategoricalAttribute.lisp)
Linked: (/home/az/arena_ws/devel/.private/spencer_human_attribute_msgs/share/common-lisp/ros/spencer_human_attribute_msgs/msg/_package_HumanAttributes.lisp, /home/az/arena_ws/devel/share/common-lisp/ros/spencer_human_attribute_msgs/msg/_package_HumanAttributes.lisp)
Linked: (/home/az/arena_ws/devel/.private/spencer_human_attribute_msgs/share/common-lisp/ros/spencer_human_attribute_msgs/msg/HumanAttributes.lisp, /home/az/arena_ws/devel/share/common-lisp/ros/spencer_human_attribute_msgs/msg/HumanAttributes.lisp)
Linked: (/home/az/arena_ws/devel/.private/spencer_human_attribute_msgs/share/common-lisp/ros/spencer_human_attribute_msgs/msg/_package_CategoricalAttribute.lisp, /home/az/arena_ws/devel/share/common-lisp/ros/spencer_human_attribute_msgs/msg/_package_CategoricalAttribute.lisp)
Linked: (/home/az/arena_ws/devel/.private/spencer_human_attribute_msgs/share/common-lisp/ros/spencer_human_attribute_msgs/msg/_package.lisp, /home/az/arena_ws/devel/share/common-lisp/ros/spencer_human_attribute_msgs/msg/_package.lisp)
Linked: (/home/az/arena_ws/devel/.private/spencer_human_attribute_msgs/share/common-lisp/ros/spencer_human_attribute_msgs/msg/_package_ScalarAttribute.lisp, /home/az/arena_ws/devel/share/common-lisp/ros/spencer_human_attribute_msgs/msg/_package_ScalarAttribute.lisp)
Linked: (/home/az/arena_ws/devel/.private/spencer_human_attribute_msgs/share/common-lisp/ros/spencer_human_attribute_msgs/msg/spencer_human_attribute_msgs-msg.asd, /home/az/arena_ws/devel/share/common-lisp/ros/spencer_human_attribute_msgs/msg/spencer_human_attribute_msgs-msg.asd)
Linked: (/home/az/arena_ws/devel/.private/spencer_human_attribute_msgs/share/common-lisp/ros/spencer_human_attribute_msgs/msg/ScalarAttribute.lisp, /home/az/arena_ws/devel/share/common-lisp/ros/spencer_human_attribute_msgs/msg/ScalarAttribute.lisp)
Linked: (/home/az/arena_ws/devel/.private/spencer_human_attribute_msgs/share/gennodejs/ros/spencer_human_attribute_msgs/_index.js, /home/az/arena_ws/devel/share/gennodejs/ros/spencer_human_attribute_msgs/_index.js)
Linked: (/home/az/arena_ws/devel/.private/spencer_human_attribute_msgs/share/gennodejs/ros/spencer_human_attribute_msgs/msg/_index.js, /home/az/arena_ws/devel/share/gennodejs/ros/spencer_human_attribute_msgs/msg/_index.js)
Linked: (/home/az/arena_ws/devel/.private/spencer_human_attribute_msgs/share/gennodejs/ros/spencer_human_attribute_msgs/msg/HumanAttributes.js, /home/az/arena_ws/devel/share/gennodejs/ros/spencer_human_attribute_msgs/msg/HumanAttributes.js)
Linked: (/home/az/arena_ws/devel/.private/spencer_human_attribute_msgs/share/gennodejs/ros/spencer_human_attribute_msgs/msg/ScalarAttribute.js, /home/az/arena_ws/devel/share/gennodejs/ros/spencer_human_attribute_msgs/msg/ScalarAttribute.js)
Linked: (/home/az/arena_ws/devel/.private/spencer_human_attribute_msgs/share/gennodejs/ros/spencer_human_attribute_msgs/msg/CategoricalAttribute.js, /home/az/arena_ws/devel/share/gennodejs/ros/spencer_human_attribute_msgs/msg/CategoricalAttribute.js)
Linked: (/home/az/arena_ws/devel/.private/spencer_human_attribute_msgs/include/spencer_human_attribute_msgs/HumanAttributes.h, /home/az/arena_ws/devel/include/spencer_human_attribute_msgs/HumanAttributes.h)
Linked: (/home/az/arena_ws/devel/.private/spencer_human_attribute_msgs/include/spencer_human_attribute_msgs/CategoricalAttribute.h, /home/az/arena_ws/devel/include/spencer_human_attribute_msgs/CategoricalAttribute.h)
Linked: (/home/az/arena_ws/devel/.private/spencer_human_attribute_msgs/include/spencer_human_attribute_msgs/ScalarAttribute.h, /home/az/arena_ws/devel/include/spencer_human_attribute_msgs/ScalarAttribute.h)
Linked: (/home/az/arena_ws/devel/.private/spencer_human_attribute_msgs/lib/pkgconfig/spencer_human_attribute_msgs.pc, /home/az/arena_ws/devel/lib/pkgconfig/spencer_human_attribute_msgs.pc)
Linked: (/home/az/arena_ws/devel/.private/spencer_human_attribute_msgs/lib/python3/dist-packages/spencer_human_attribute_msgs/__init__.py, /home/az/arena_ws/devel/lib/python3/dist-packages/spencer_human_attribute_msgs/__init__.py)
Linked: (/home/az/arena_ws/devel/.private/spencer_human_attribute_msgs/lib/python3/dist-packages/spencer_human_attribute_msgs/msg/__init__.py, /home/az/arena_ws/devel/lib/python3/dist-packages/spencer_human_attribute_msgs/msg/__init__.py)
Linked: (/home/az/arena_ws/devel/.private/spencer_human_attribute_msgs/lib/python3/dist-packages/spencer_human_attribute_msgs/msg/_HumanAttributes.py, /home/az/arena_ws/devel/lib/python3/dist-packages/spencer_human_attribute_msgs/msg/_HumanAttributes.py)
Linked: (/home/az/arena_ws/devel/.private/spencer_human_attribute_msgs/lib/python3/dist-packages/spencer_human_attribute_msgs/msg/_ScalarAttribute.py, /home/az/arena_ws/devel/lib/python3/dist-packages/spencer_human_attribute_msgs/msg/_ScalarAttribute.py)
Linked: (/home/az/arena_ws/devel/.private/spencer_human_attribute_msgs/lib/python3/dist-packages/spencer_human_attribute_msgs/msg/_CategoricalAttribute.py, /home/az/arena_ws/devel/lib/python3/dist-packages/spencer_human_attribute_msgs/msg/_CategoricalAttribute.py)
