[35m[1mScanning dependencies of target _jackal_msgs_generate_messages_check_deps_Drive[0m
[35m[1mScanning dependencies of target _jackal_msgs_generate_messages_check_deps_DriveFeedback[0m
[  0%] Built target _jackal_msgs_generate_messages_check_deps_Drive
[  0%] Built target _jackal_msgs_generate_messages_check_deps_DriveFeedback
[35m[1mScanning dependencies of target std_msgs_generate_messages_lisp[0m
[  0%] Built target std_msgs_generate_messages_lisp
[35m[1mScanning dependencies of target _jackal_msgs_generate_messages_check_deps_Status[0m
[  0%] Built target _jackal_msgs_generate_messages_check_deps_Status
[35m[1mScanning dependencies of target _jackal_msgs_generate_messages_check_deps_Feedback[0m
[  0%] Built target _jackal_msgs_generate_messages_check_deps_Feedback
[35m[1mScanning dependencies of target std_msgs_generate_messages_py[0m
[  0%] Built target std_msgs_generate_messages_py
[35m[1mScanning dependencies of target std_msgs_generate_messages_cpp[0m
[  0%] Built target std_msgs_generate_messages_cpp
[35m[1mScanning dependencies of target std_msgs_generate_messages_eus[0m
[  0%] Built target std_msgs_generate_messages_eus
[35m[1mScanning dependencies of target std_msgs_generate_messages_nodejs[0m
[  0%] Built target std_msgs_generate_messages_nodejs
[35m[1mScanning dependencies of target jackal_msgs_generate_messages_lisp[0m
[  4%] [34m[1mGenerating Lisp code from jackal_msgs/Drive.msg[0m
[  9%] [34m[1mGenerating Lisp code from jackal_msgs/DriveFeedback.msg[0m
[ 13%] [34m[1mGenerating Lisp code from jackal_msgs/Feedback.msg[0m
[ 18%] [34m[1mGenerating Lisp code from jackal_msgs/Status.msg[0m
[ 18%] Built target jackal_msgs_generate_messages_lisp
[35m[1mScanning dependencies of target jackal_msgs_generate_messages_py[0m
[ 22%] [34m[1mGenerating Python from MSG jackal_msgs/Drive[0m
[ 27%] [34m[1mGenerating Python from MSG jackal_msgs/DriveFeedback[0m
[ 31%] [34m[1mGenerating Python from MSG jackal_msgs/Feedback[0m
[ 36%] [34m[1mGenerating Python from MSG jackal_msgs/Status[0m
[35m[1mScanning dependencies of target jackal_msgs_generate_messages_cpp[0m
[ 40%] [34m[1mGenerating C++ code from jackal_msgs/Drive.msg[0m
[ 45%] [34m[1mGenerating Python msg __init__.py for jackal_msgs[0m
[ 45%] Built target jackal_msgs_generate_messages_py
[ 50%] [34m[1mGenerating C++ code from jackal_msgs/DriveFeedback.msg[0m
[35m[1mScanning dependencies of target jackal_msgs_generate_messages_eus[0m
[ 54%] [34m[1mGenerating EusLisp code from jackal_msgs/Drive.msg[0m
[ 59%] [34m[1mGenerating EusLisp code from jackal_msgs/DriveFeedback.msg[0m
[ 63%] [34m[1mGenerating C++ code from jackal_msgs/Feedback.msg[0m
[ 68%] [34m[1mGenerating EusLisp code from jackal_msgs/Feedback.msg[0m
[ 72%] [34m[1mGenerating C++ code from jackal_msgs/Status.msg[0m
[ 77%] [34m[1mGenerating EusLisp code from jackal_msgs/Status.msg[0m
[ 77%] Built target jackal_msgs_generate_messages_cpp
[ 81%] [34m[1mGenerating EusLisp manifest code for jackal_msgs[0m
[35m[1mScanning dependencies of target jackal_msgs_generate_messages_nodejs[0m
[ 86%] [34m[1mGenerating Javascript code from jackal_msgs/Drive.msg[0m
[ 90%] [34m[1mGenerating Javascript code from jackal_msgs/DriveFeedback.msg[0m
WARNING: Package name "LfH" does not follow the naming conventions. It should start with a lower case letter and only contain lower case letters, digits, underscores, and dashes.
[ 95%] [34m[1mGenerating Javascript code from jackal_msgs/Feedback.msg[0m
WARNING: Package name "gazebo_ros_2Dmap_plugin" does not follow the naming conventions. It should start with a lower case letter and only contain lower case letters, digits, underscores, and dashes.
[100%] [34m[1mGenerating Javascript code from jackal_msgs/Status.msg[0m
[100%] Built target jackal_msgs_generate_messages_nodejs
WARNING: Package name "LfH" does not follow the naming conventions. It should start with a lower case letter and only contain lower case letters, digits, underscores, and dashes.
WARNING: Package name "gazebo_ros_2Dmap_plugin" does not follow the naming conventions. It should start with a lower case letter and only contain lower case letters, digits, underscores, and dashes.
[100%] Built target jackal_msgs_generate_messages_eus
[35m[1mScanning dependencies of target jackal_msgs_generate_messages[0m
[100%] Built target jackal_msgs_generate_messages
