[35m[1mScanning dependencies of target std_msgs_generate_messages_nodejs[0m
[  0%] Built target std_msgs_generate_messages_nodejs
[35m[1mScanning dependencies of target _barn_msgs_generate_messages_check_deps_BARN_data[0m
[35m[1mScanning dependencies of target std_msgs_generate_messages_lisp[0m
[  0%] Built target std_msgs_generate_messages_lisp
[35m[1mScanning dependencies of target std_msgs_generate_messages_cpp[0m
[  0%] Built target std_msgs_generate_messages_cpp
[35m[1mScanning dependencies of target std_msgs_generate_messages_eus[0m
[  0%] Built target _barn_msgs_generate_messages_check_deps_BARN_data
[  0%] Built target std_msgs_generate_messages_eus
[35m[1mScanning dependencies of target std_msgs_generate_messages_py[0m
[35m[1mScanning dependencies of target barn_msgs_generate_messages_nodejs[0m
[  0%] Built target std_msgs_generate_messages_py
[ 14%] [34m[1mGenerating Javascript code from barn_msgs/BARN_data.msg[0m
[35m[1mScanning dependencies of target barn_msgs_generate_messages_lisp[0m
[ 28%] [34m[1mGenerating Lisp code from barn_msgs/BARN_data.msg[0m
[ 28%] Built target barn_msgs_generate_messages_nodejs
[35m[1mScanning dependencies of target barn_msgs_generate_messages_cpp[0m
[ 28%] Built target barn_msgs_generate_messages_lisp
[ 42%] [34m[1mGenerating C++ code from barn_msgs/BARN_data.msg[0m
[35m[1mScanning dependencies of target barn_msgs_generate_messages_eus[0m
[ 57%] [34m[1mGenerating EusLisp code from barn_msgs/BARN_data.msg[0m
[ 71%] [34m[1mGenerating EusLisp manifest code for barn_msgs[0m
[ 71%] Built target barn_msgs_generate_messages_cpp
[35m[1mScanning dependencies of target barn_msgs_generate_messages_py[0m
[ 85%] [34m[1mGenerating Python from MSG barn_msgs/BARN_data[0m
WARNING: Package name "LfH" does not follow the naming conventions. It should start with a lower case letter and only contain lower case letters, digits, underscores, and dashes.
WARNING: Package name "gazebo_ros_2Dmap_plugin" does not follow the naming conventions. It should start with a lower case letter and only contain lower case letters, digits, underscores, and dashes.
[100%] [34m[1mGenerating Python msg __init__.py for barn_msgs[0m
[100%] Built target barn_msgs_generate_messages_py
WARNING: Package name "LfH" does not follow the naming conventions. It should start with a lower case letter and only contain lower case letters, digits, underscores, and dashes.
WARNING: Package name "gazebo_ros_2Dmap_plugin" does not follow the naming conventions. It should start with a lower case letter and only contain lower case letters, digits, underscores, and dashes.
[100%] Built target barn_msgs_generate_messages_eus
[35m[1mScanning dependencies of target barn_msgs_generate_messages[0m
[100%] Built target barn_msgs_generate_messages
