Linked: (/home/az/arena_ws/devel/.private/mbf_msgs/share/mbf_msgs/msg/MoveBaseGoal.msg, /home/az/arena_ws/devel/share/mbf_msgs/msg/MoveBaseGoal.msg)
Linked: (/home/az/arena_ws/devel/.private/mbf_msgs/share/mbf_msgs/msg/ExePathAction.msg, /home/az/arena_ws/devel/share/mbf_msgs/msg/ExePathAction.msg)
Linked: (/home/az/arena_ws/devel/.private/mbf_msgs/share/mbf_msgs/msg/GetInterPathGoal.msg, /home/az/arena_ws/devel/share/mbf_msgs/msg/GetInterPathGoal.msg)
Linked: (/home/az/arena_ws/devel/.private/mbf_msgs/share/mbf_msgs/msg/MoveBaseResult.msg, /home/az/arena_ws/devel/share/mbf_msgs/msg/MoveBaseResult.msg)
Linked: (/home/az/arena_ws/devel/.private/mbf_msgs/share/mbf_msgs/msg/RecoveryGoal.msg, /home/az/arena_ws/devel/share/mbf_msgs/msg/RecoveryGoal.msg)
Linked: (/home/az/arena_ws/devel/.private/mbf_msgs/share/mbf_msgs/msg/GetPathAction.msg, /home/az/arena_ws/devel/share/mbf_msgs/msg/GetPathAction.msg)
Linked: (/home/az/arena_ws/devel/.private/mbf_msgs/share/mbf_msgs/msg/MoveBaseActionResult.msg, /home/az/arena_ws/devel/share/mbf_msgs/msg/MoveBaseActionResult.msg)
Linked: (/home/az/arena_ws/devel/.private/mbf_msgs/share/mbf_msgs/msg/GetPathGoal.msg, /home/az/arena_ws/devel/share/mbf_msgs/msg/GetPathGoal.msg)
Linked: (/home/az/arena_ws/devel/.private/mbf_msgs/share/mbf_msgs/msg/GetInterPathActionGoal.msg, /home/az/arena_ws/devel/share/mbf_msgs/msg/GetInterPathActionGoal.msg)
Linked: (/home/az/arena_ws/devel/.private/mbf_msgs/share/mbf_msgs/msg/ExePathFeedback.msg, /home/az/arena_ws/devel/share/mbf_msgs/msg/ExePathFeedback.msg)
Linked: (/home/az/arena_ws/devel/.private/mbf_msgs/share/mbf_msgs/msg/ExePathGoal.msg, /home/az/arena_ws/devel/share/mbf_msgs/msg/ExePathGoal.msg)
Linked: (/home/az/arena_ws/devel/.private/mbf_msgs/share/mbf_msgs/msg/GetPathActionFeedback.msg, /home/az/arena_ws/devel/share/mbf_msgs/msg/GetPathActionFeedback.msg)
Linked: (/home/az/arena_ws/devel/.private/mbf_msgs/share/mbf_msgs/msg/GetInterPathAction.msg, /home/az/arena_ws/devel/share/mbf_msgs/msg/GetInterPathAction.msg)
Linked: (/home/az/arena_ws/devel/.private/mbf_msgs/share/mbf_msgs/msg/GetInterPathFeedback.msg, /home/az/arena_ws/devel/share/mbf_msgs/msg/GetInterPathFeedback.msg)
Linked: (/home/az/arena_ws/devel/.private/mbf_msgs/share/mbf_msgs/msg/GetInterPathActionFeedback.msg, /home/az/arena_ws/devel/share/mbf_msgs/msg/GetInterPathActionFeedback.msg)
Linked: (/home/az/arena_ws/devel/.private/mbf_msgs/share/mbf_msgs/msg/MoveBaseActionFeedback.msg, /home/az/arena_ws/devel/share/mbf_msgs/msg/MoveBaseActionFeedback.msg)
Linked: (/home/az/arena_ws/devel/.private/mbf_msgs/share/mbf_msgs/msg/RecoveryActionGoal.msg, /home/az/arena_ws/devel/share/mbf_msgs/msg/RecoveryActionGoal.msg)
Linked: (/home/az/arena_ws/devel/.private/mbf_msgs/share/mbf_msgs/msg/ExePathActionFeedback.msg, /home/az/arena_ws/devel/share/mbf_msgs/msg/ExePathActionFeedback.msg)
Linked: (/home/az/arena_ws/devel/.private/mbf_msgs/share/mbf_msgs/msg/RecoveryActionFeedback.msg, /home/az/arena_ws/devel/share/mbf_msgs/msg/RecoveryActionFeedback.msg)
Linked: (/home/az/arena_ws/devel/.private/mbf_msgs/share/mbf_msgs/msg/ExePathActionGoal.msg, /home/az/arena_ws/devel/share/mbf_msgs/msg/ExePathActionGoal.msg)
Linked: (/home/az/arena_ws/devel/.private/mbf_msgs/share/mbf_msgs/msg/GetPathFeedback.msg, /home/az/arena_ws/devel/share/mbf_msgs/msg/GetPathFeedback.msg)
Linked: (/home/az/arena_ws/devel/.private/mbf_msgs/share/mbf_msgs/msg/MoveBaseActionGoal.msg, /home/az/arena_ws/devel/share/mbf_msgs/msg/MoveBaseActionGoal.msg)
Linked: (/home/az/arena_ws/devel/.private/mbf_msgs/share/mbf_msgs/msg/GetPathActionResult.msg, /home/az/arena_ws/devel/share/mbf_msgs/msg/GetPathActionResult.msg)
Linked: (/home/az/arena_ws/devel/.private/mbf_msgs/share/mbf_msgs/msg/MoveBaseFeedback.msg, /home/az/arena_ws/devel/share/mbf_msgs/msg/MoveBaseFeedback.msg)
Linked: (/home/az/arena_ws/devel/.private/mbf_msgs/share/mbf_msgs/msg/ExePathResult.msg, /home/az/arena_ws/devel/share/mbf_msgs/msg/ExePathResult.msg)
Linked: (/home/az/arena_ws/devel/.private/mbf_msgs/share/mbf_msgs/msg/RecoveryActionResult.msg, /home/az/arena_ws/devel/share/mbf_msgs/msg/RecoveryActionResult.msg)
Linked: (/home/az/arena_ws/devel/.private/mbf_msgs/share/mbf_msgs/msg/GetPathActionGoal.msg, /home/az/arena_ws/devel/share/mbf_msgs/msg/GetPathActionGoal.msg)
Linked: (/home/az/arena_ws/devel/.private/mbf_msgs/share/mbf_msgs/msg/RecoveryAction.msg, /home/az/arena_ws/devel/share/mbf_msgs/msg/RecoveryAction.msg)
Linked: (/home/az/arena_ws/devel/.private/mbf_msgs/share/mbf_msgs/msg/GetInterPathResult.msg, /home/az/arena_ws/devel/share/mbf_msgs/msg/GetInterPathResult.msg)
Linked: (/home/az/arena_ws/devel/.private/mbf_msgs/share/mbf_msgs/msg/MoveBaseAction.msg, /home/az/arena_ws/devel/share/mbf_msgs/msg/MoveBaseAction.msg)
Linked: (/home/az/arena_ws/devel/.private/mbf_msgs/share/mbf_msgs/msg/RecoveryResult.msg, /home/az/arena_ws/devel/share/mbf_msgs/msg/RecoveryResult.msg)
Linked: (/home/az/arena_ws/devel/.private/mbf_msgs/share/mbf_msgs/msg/GetInterPathActionResult.msg, /home/az/arena_ws/devel/share/mbf_msgs/msg/GetInterPathActionResult.msg)
Linked: (/home/az/arena_ws/devel/.private/mbf_msgs/share/mbf_msgs/msg/GetPathResult.msg, /home/az/arena_ws/devel/share/mbf_msgs/msg/GetPathResult.msg)
Linked: (/home/az/arena_ws/devel/.private/mbf_msgs/share/mbf_msgs/msg/ExePathActionResult.msg, /home/az/arena_ws/devel/share/mbf_msgs/msg/ExePathActionResult.msg)
Linked: (/home/az/arena_ws/devel/.private/mbf_msgs/share/mbf_msgs/msg/RecoveryFeedback.msg, /home/az/arena_ws/devel/share/mbf_msgs/msg/RecoveryFeedback.msg)
Linked: (/home/az/arena_ws/devel/.private/mbf_msgs/share/mbf_msgs/cmake/mbf_msgsConfig-version.cmake, /home/az/arena_ws/devel/share/mbf_msgs/cmake/mbf_msgsConfig-version.cmake)
Linked: (/home/az/arena_ws/devel/.private/mbf_msgs/share/mbf_msgs/cmake/mbf_msgs-msg-paths.cmake, /home/az/arena_ws/devel/share/mbf_msgs/cmake/mbf_msgs-msg-paths.cmake)
Linked: (/home/az/arena_ws/devel/.private/mbf_msgs/share/mbf_msgs/cmake/mbf_msgsConfig.cmake, /home/az/arena_ws/devel/share/mbf_msgs/cmake/mbf_msgsConfig.cmake)
Linked: (/home/az/arena_ws/devel/.private/mbf_msgs/share/mbf_msgs/cmake/mbf_msgs-msg-extras.cmake, /home/az/arena_ws/devel/share/mbf_msgs/cmake/mbf_msgs-msg-extras.cmake)
Linked: (/home/az/arena_ws/devel/.private/mbf_msgs/share/roseus/ros/mbf_msgs/manifest.l, /home/az/arena_ws/devel/share/roseus/ros/mbf_msgs/manifest.l)
Linked: (/home/az/arena_ws/devel/.private/mbf_msgs/share/roseus/ros/mbf_msgs/msg/GetInterPathActionGoal.l, /home/az/arena_ws/devel/share/roseus/ros/mbf_msgs/msg/GetInterPathActionGoal.l)
Linked: (/home/az/arena_ws/devel/.private/mbf_msgs/share/roseus/ros/mbf_msgs/msg/GetInterPathActionResult.l, /home/az/arena_ws/devel/share/roseus/ros/mbf_msgs/msg/GetInterPathActionResult.l)
Linked: (/home/az/arena_ws/devel/.private/mbf_msgs/share/roseus/ros/mbf_msgs/msg/ExePathActionResult.l, /home/az/arena_ws/devel/share/roseus/ros/mbf_msgs/msg/ExePathActionResult.l)
Linked: (/home/az/arena_ws/devel/.private/mbf_msgs/share/roseus/ros/mbf_msgs/msg/RecoveryActionResult.l, /home/az/arena_ws/devel/share/roseus/ros/mbf_msgs/msg/RecoveryActionResult.l)
Linked: (/home/az/arena_ws/devel/.private/mbf_msgs/share/roseus/ros/mbf_msgs/msg/MoveBaseAction.l, /home/az/arena_ws/devel/share/roseus/ros/mbf_msgs/msg/MoveBaseAction.l)
Linked: (/home/az/arena_ws/devel/.private/mbf_msgs/share/roseus/ros/mbf_msgs/msg/GetInterPathResult.l, /home/az/arena_ws/devel/share/roseus/ros/mbf_msgs/msg/GetInterPathResult.l)
Linked: (/home/az/arena_ws/devel/.private/mbf_msgs/share/roseus/ros/mbf_msgs/msg/MoveBaseActionResult.l, /home/az/arena_ws/devel/share/roseus/ros/mbf_msgs/msg/MoveBaseActionResult.l)
Linked: (/home/az/arena_ws/devel/.private/mbf_msgs/share/roseus/ros/mbf_msgs/msg/MoveBaseActionGoal.l, /home/az/arena_ws/devel/share/roseus/ros/mbf_msgs/msg/MoveBaseActionGoal.l)
Linked: (/home/az/arena_ws/devel/.private/mbf_msgs/share/roseus/ros/mbf_msgs/msg/RecoveryFeedback.l, /home/az/arena_ws/devel/share/roseus/ros/mbf_msgs/msg/RecoveryFeedback.l)
Linked: (/home/az/arena_ws/devel/.private/mbf_msgs/share/roseus/ros/mbf_msgs/msg/ExePathActionFeedback.l, /home/az/arena_ws/devel/share/roseus/ros/mbf_msgs/msg/ExePathActionFeedback.l)
Linked: (/home/az/arena_ws/devel/.private/mbf_msgs/share/roseus/ros/mbf_msgs/msg/GetPathGoal.l, /home/az/arena_ws/devel/share/roseus/ros/mbf_msgs/msg/GetPathGoal.l)
Linked: (/home/az/arena_ws/devel/.private/mbf_msgs/share/roseus/ros/mbf_msgs/msg/ExePathGoal.l, /home/az/arena_ws/devel/share/roseus/ros/mbf_msgs/msg/ExePathGoal.l)
Linked: (/home/az/arena_ws/devel/.private/mbf_msgs/share/roseus/ros/mbf_msgs/msg/GetPathAction.l, /home/az/arena_ws/devel/share/roseus/ros/mbf_msgs/msg/GetPathAction.l)
Linked: (/home/az/arena_ws/devel/.private/mbf_msgs/share/roseus/ros/mbf_msgs/msg/GetInterPathAction.l, /home/az/arena_ws/devel/share/roseus/ros/mbf_msgs/msg/GetInterPathAction.l)
Linked: (/home/az/arena_ws/devel/.private/mbf_msgs/share/roseus/ros/mbf_msgs/msg/RecoveryActionFeedback.l, /home/az/arena_ws/devel/share/roseus/ros/mbf_msgs/msg/RecoveryActionFeedback.l)
Linked: (/home/az/arena_ws/devel/.private/mbf_msgs/share/roseus/ros/mbf_msgs/msg/GetInterPathFeedback.l, /home/az/arena_ws/devel/share/roseus/ros/mbf_msgs/msg/GetInterPathFeedback.l)
Linked: (/home/az/arena_ws/devel/.private/mbf_msgs/share/roseus/ros/mbf_msgs/msg/RecoveryAction.l, /home/az/arena_ws/devel/share/roseus/ros/mbf_msgs/msg/RecoveryAction.l)
Linked: (/home/az/arena_ws/devel/.private/mbf_msgs/share/roseus/ros/mbf_msgs/msg/MoveBaseFeedback.l, /home/az/arena_ws/devel/share/roseus/ros/mbf_msgs/msg/MoveBaseFeedback.l)
Linked: (/home/az/arena_ws/devel/.private/mbf_msgs/share/roseus/ros/mbf_msgs/msg/GetPathActionGoal.l, /home/az/arena_ws/devel/share/roseus/ros/mbf_msgs/msg/GetPathActionGoal.l)
Linked: (/home/az/arena_ws/devel/.private/mbf_msgs/share/roseus/ros/mbf_msgs/msg/RecoveryGoal.l, /home/az/arena_ws/devel/share/roseus/ros/mbf_msgs/msg/RecoveryGoal.l)
Linked: (/home/az/arena_ws/devel/.private/mbf_msgs/share/roseus/ros/mbf_msgs/msg/ExePathFeedback.l, /home/az/arena_ws/devel/share/roseus/ros/mbf_msgs/msg/ExePathFeedback.l)
Linked: (/home/az/arena_ws/devel/.private/mbf_msgs/share/roseus/ros/mbf_msgs/msg/MoveBaseGoal.l, /home/az/arena_ws/devel/share/roseus/ros/mbf_msgs/msg/MoveBaseGoal.l)
Linked: (/home/az/arena_ws/devel/.private/mbf_msgs/share/roseus/ros/mbf_msgs/msg/GetInterPathGoal.l, /home/az/arena_ws/devel/share/roseus/ros/mbf_msgs/msg/GetInterPathGoal.l)
Linked: (/home/az/arena_ws/devel/.private/mbf_msgs/share/roseus/ros/mbf_msgs/msg/RecoveryResult.l, /home/az/arena_ws/devel/share/roseus/ros/mbf_msgs/msg/RecoveryResult.l)
Linked: (/home/az/arena_ws/devel/.private/mbf_msgs/share/roseus/ros/mbf_msgs/msg/ExePathResult.l, /home/az/arena_ws/devel/share/roseus/ros/mbf_msgs/msg/ExePathResult.l)
Linked: (/home/az/arena_ws/devel/.private/mbf_msgs/share/roseus/ros/mbf_msgs/msg/ExePathAction.l, /home/az/arena_ws/devel/share/roseus/ros/mbf_msgs/msg/ExePathAction.l)
Linked: (/home/az/arena_ws/devel/.private/mbf_msgs/share/roseus/ros/mbf_msgs/msg/GetPathResult.l, /home/az/arena_ws/devel/share/roseus/ros/mbf_msgs/msg/GetPathResult.l)
Linked: (/home/az/arena_ws/devel/.private/mbf_msgs/share/roseus/ros/mbf_msgs/msg/MoveBaseResult.l, /home/az/arena_ws/devel/share/roseus/ros/mbf_msgs/msg/MoveBaseResult.l)
Linked: (/home/az/arena_ws/devel/.private/mbf_msgs/share/roseus/ros/mbf_msgs/msg/ExePathActionGoal.l, /home/az/arena_ws/devel/share/roseus/ros/mbf_msgs/msg/ExePathActionGoal.l)
Linked: (/home/az/arena_ws/devel/.private/mbf_msgs/share/roseus/ros/mbf_msgs/msg/GetPathFeedback.l, /home/az/arena_ws/devel/share/roseus/ros/mbf_msgs/msg/GetPathFeedback.l)
Linked: (/home/az/arena_ws/devel/.private/mbf_msgs/share/roseus/ros/mbf_msgs/msg/MoveBaseActionFeedback.l, /home/az/arena_ws/devel/share/roseus/ros/mbf_msgs/msg/MoveBaseActionFeedback.l)
Linked: (/home/az/arena_ws/devel/.private/mbf_msgs/share/roseus/ros/mbf_msgs/msg/GetInterPathActionFeedback.l, /home/az/arena_ws/devel/share/roseus/ros/mbf_msgs/msg/GetInterPathActionFeedback.l)
Linked: (/home/az/arena_ws/devel/.private/mbf_msgs/share/roseus/ros/mbf_msgs/msg/GetPathActionFeedback.l, /home/az/arena_ws/devel/share/roseus/ros/mbf_msgs/msg/GetPathActionFeedback.l)
Linked: (/home/az/arena_ws/devel/.private/mbf_msgs/share/roseus/ros/mbf_msgs/msg/RecoveryActionGoal.l, /home/az/arena_ws/devel/share/roseus/ros/mbf_msgs/msg/RecoveryActionGoal.l)
Linked: (/home/az/arena_ws/devel/.private/mbf_msgs/share/roseus/ros/mbf_msgs/msg/GetPathActionResult.l, /home/az/arena_ws/devel/share/roseus/ros/mbf_msgs/msg/GetPathActionResult.l)
Linked: (/home/az/arena_ws/devel/.private/mbf_msgs/share/roseus/ros/mbf_msgs/srv/FindValidPose.l, /home/az/arena_ws/devel/share/roseus/ros/mbf_msgs/srv/FindValidPose.l)
Linked: (/home/az/arena_ws/devel/.private/mbf_msgs/share/roseus/ros/mbf_msgs/srv/CheckPath.l, /home/az/arena_ws/devel/share/roseus/ros/mbf_msgs/srv/CheckPath.l)
Linked: (/home/az/arena_ws/devel/.private/mbf_msgs/share/roseus/ros/mbf_msgs/srv/CheckPose.l, /home/az/arena_ws/devel/share/roseus/ros/mbf_msgs/srv/CheckPose.l)
Linked: (/home/az/arena_ws/devel/.private/mbf_msgs/share/roseus/ros/mbf_msgs/srv/CheckPoint.l, /home/az/arena_ws/devel/share/roseus/ros/mbf_msgs/srv/CheckPoint.l)
Linked: (/home/az/arena_ws/devel/.private/mbf_msgs/share/common-lisp/ros/mbf_msgs/msg/GetInterPathGoal.lisp, /home/az/arena_ws/devel/share/common-lisp/ros/mbf_msgs/msg/GetInterPathGoal.lisp)
Linked: (/home/az/arena_ws/devel/.private/mbf_msgs/share/common-lisp/ros/mbf_msgs/msg/_package_ExePathResult.lisp, /home/az/arena_ws/devel/share/common-lisp/ros/mbf_msgs/msg/_package_ExePathResult.lisp)
Linked: (/home/az/arena_ws/devel/.private/mbf_msgs/share/common-lisp/ros/mbf_msgs/msg/_package_GetInterPathActionFeedback.lisp, /home/az/arena_ws/devel/share/common-lisp/ros/mbf_msgs/msg/_package_GetInterPathActionFeedback.lisp)
Linked: (/home/az/arena_ws/devel/.private/mbf_msgs/share/common-lisp/ros/mbf_msgs/msg/RecoveryAction.lisp, /home/az/arena_ws/devel/share/common-lisp/ros/mbf_msgs/msg/RecoveryAction.lisp)
Linked: (/home/az/arena_ws/devel/.private/mbf_msgs/share/common-lisp/ros/mbf_msgs/msg/RecoveryGoal.lisp, /home/az/arena_ws/devel/share/common-lisp/ros/mbf_msgs/msg/RecoveryGoal.lisp)
Linked: (/home/az/arena_ws/devel/.private/mbf_msgs/share/common-lisp/ros/mbf_msgs/msg/_package_ExePathActionResult.lisp, /home/az/arena_ws/devel/share/common-lisp/ros/mbf_msgs/msg/_package_ExePathActionResult.lisp)
Linked: (/home/az/arena_ws/devel/.private/mbf_msgs/share/common-lisp/ros/mbf_msgs/msg/ExePathFeedback.lisp, /home/az/arena_ws/devel/share/common-lisp/ros/mbf_msgs/msg/ExePathFeedback.lisp)
Linked: (/home/az/arena_ws/devel/.private/mbf_msgs/share/common-lisp/ros/mbf_msgs/msg/ExePathGoal.lisp, /home/az/arena_ws/devel/share/common-lisp/ros/mbf_msgs/msg/ExePathGoal.lisp)
Linked: (/home/az/arena_ws/devel/.private/mbf_msgs/share/common-lisp/ros/mbf_msgs/msg/_package_GetInterPathGoal.lisp, /home/az/arena_ws/devel/share/common-lisp/ros/mbf_msgs/msg/_package_GetInterPathGoal.lisp)
Linked: (/home/az/arena_ws/devel/.private/mbf_msgs/share/common-lisp/ros/mbf_msgs/msg/MoveBaseGoal.lisp, /home/az/arena_ws/devel/share/common-lisp/ros/mbf_msgs/msg/MoveBaseGoal.lisp)
Linked: (/home/az/arena_ws/devel/.private/mbf_msgs/share/common-lisp/ros/mbf_msgs/msg/GetPathActionGoal.lisp, /home/az/arena_ws/devel/share/common-lisp/ros/mbf_msgs/msg/GetPathActionGoal.lisp)
Linked: (/home/az/arena_ws/devel/.private/mbf_msgs/share/common-lisp/ros/mbf_msgs/msg/ExePathResult.lisp, /home/az/arena_ws/devel/share/common-lisp/ros/mbf_msgs/msg/ExePathResult.lisp)
Linked: (/home/az/arena_ws/devel/.private/mbf_msgs/share/common-lisp/ros/mbf_msgs/msg/RecoveryActionGoal.lisp, /home/az/arena_ws/devel/share/common-lisp/ros/mbf_msgs/msg/RecoveryActionGoal.lisp)
Linked: (/home/az/arena_ws/devel/.private/mbf_msgs/share/common-lisp/ros/mbf_msgs/msg/_package_ExePathGoal.lisp, /home/az/arena_ws/devel/share/common-lisp/ros/mbf_msgs/msg/_package_ExePathGoal.lisp)
Linked: (/home/az/arena_ws/devel/.private/mbf_msgs/share/common-lisp/ros/mbf_msgs/msg/GetInterPathActionResult.lisp, /home/az/arena_ws/devel/share/common-lisp/ros/mbf_msgs/msg/GetInterPathActionResult.lisp)
Linked: (/home/az/arena_ws/devel/.private/mbf_msgs/share/common-lisp/ros/mbf_msgs/msg/_package_GetPathAction.lisp, /home/az/arena_ws/devel/share/common-lisp/ros/mbf_msgs/msg/_package_GetPathAction.lisp)
Linked: (/home/az/arena_ws/devel/.private/mbf_msgs/share/common-lisp/ros/mbf_msgs/msg/_package_MoveBaseActionFeedback.lisp, /home/az/arena_ws/devel/share/common-lisp/ros/mbf_msgs/msg/_package_MoveBaseActionFeedback.lisp)
Linked: (/home/az/arena_ws/devel/.private/mbf_msgs/share/common-lisp/ros/mbf_msgs/msg/MoveBaseResult.lisp, /home/az/arena_ws/devel/share/common-lisp/ros/mbf_msgs/msg/MoveBaseResult.lisp)
Linked: (/home/az/arena_ws/devel/.private/mbf_msgs/share/common-lisp/ros/mbf_msgs/msg/GetInterPathActionFeedback.lisp, /home/az/arena_ws/devel/share/common-lisp/ros/mbf_msgs/msg/GetInterPathActionFeedback.lisp)
Linked: (/home/az/arena_ws/devel/.private/mbf_msgs/share/common-lisp/ros/mbf_msgs/msg/_package_RecoveryResult.lisp, /home/az/arena_ws/devel/share/common-lisp/ros/mbf_msgs/msg/_package_RecoveryResult.lisp)
Linked: (/home/az/arena_ws/devel/.private/mbf_msgs/share/common-lisp/ros/mbf_msgs/msg/RecoveryActionResult.lisp, /home/az/arena_ws/devel/share/common-lisp/ros/mbf_msgs/msg/RecoveryActionResult.lisp)
Linked: (/home/az/arena_ws/devel/.private/mbf_msgs/share/common-lisp/ros/mbf_msgs/msg/MoveBaseActionResult.lisp, /home/az/arena_ws/devel/share/common-lisp/ros/mbf_msgs/msg/MoveBaseActionResult.lisp)
Linked: (/home/az/arena_ws/devel/.private/mbf_msgs/share/common-lisp/ros/mbf_msgs/msg/_package_ExePathAction.lisp, /home/az/arena_ws/devel/share/common-lisp/ros/mbf_msgs/msg/_package_ExePathAction.lisp)
Linked: (/home/az/arena_ws/devel/.private/mbf_msgs/share/common-lisp/ros/mbf_msgs/msg/MoveBaseActionGoal.lisp, /home/az/arena_ws/devel/share/common-lisp/ros/mbf_msgs/msg/MoveBaseActionGoal.lisp)
Linked: (/home/az/arena_ws/devel/.private/mbf_msgs/share/common-lisp/ros/mbf_msgs/msg/_package_RecoveryGoal.lisp, /home/az/arena_ws/devel/share/common-lisp/ros/mbf_msgs/msg/_package_RecoveryGoal.lisp)
Linked: (/home/az/arena_ws/devel/.private/mbf_msgs/share/common-lisp/ros/mbf_msgs/msg/MoveBaseAction.lisp, /home/az/arena_ws/devel/share/common-lisp/ros/mbf_msgs/msg/MoveBaseAction.lisp)
Linked: (/home/az/arena_ws/devel/.private/mbf_msgs/share/common-lisp/ros/mbf_msgs/msg/RecoveryFeedback.lisp, /home/az/arena_ws/devel/share/common-lisp/ros/mbf_msgs/msg/RecoveryFeedback.lisp)
Linked: (/home/az/arena_ws/devel/.private/mbf_msgs/share/common-lisp/ros/mbf_msgs/msg/mbf_msgs-msg.asd, /home/az/arena_ws/devel/share/common-lisp/ros/mbf_msgs/msg/mbf_msgs-msg.asd)
Linked: (/home/az/arena_ws/devel/.private/mbf_msgs/share/common-lisp/ros/mbf_msgs/msg/ExePathAction.lisp, /home/az/arena_ws/devel/share/common-lisp/ros/mbf_msgs/msg/ExePathAction.lisp)
Linked: (/home/az/arena_ws/devel/.private/mbf_msgs/share/common-lisp/ros/mbf_msgs/msg/ExePathActionGoal.lisp, /home/az/arena_ws/devel/share/common-lisp/ros/mbf_msgs/msg/ExePathActionGoal.lisp)
Linked: (/home/az/arena_ws/devel/.private/mbf_msgs/share/common-lisp/ros/mbf_msgs/msg/_package.lisp, /home/az/arena_ws/devel/share/common-lisp/ros/mbf_msgs/msg/_package.lisp)
Linked: (/home/az/arena_ws/devel/.private/mbf_msgs/share/common-lisp/ros/mbf_msgs/msg/_package_GetInterPathActionResult.lisp, /home/az/arena_ws/devel/share/common-lisp/ros/mbf_msgs/msg/_package_GetInterPathActionResult.lisp)
Linked: (/home/az/arena_ws/devel/.private/mbf_msgs/share/common-lisp/ros/mbf_msgs/msg/GetPathActionResult.lisp, /home/az/arena_ws/devel/share/common-lisp/ros/mbf_msgs/msg/GetPathActionResult.lisp)
Linked: (/home/az/arena_ws/devel/.private/mbf_msgs/share/common-lisp/ros/mbf_msgs/msg/_package_MoveBaseActionResult.lisp, /home/az/arena_ws/devel/share/common-lisp/ros/mbf_msgs/msg/_package_MoveBaseActionResult.lisp)
Linked: (/home/az/arena_ws/devel/.private/mbf_msgs/share/common-lisp/ros/mbf_msgs/msg/_package_ExePathFeedback.lisp, /home/az/arena_ws/devel/share/common-lisp/ros/mbf_msgs/msg/_package_ExePathFeedback.lisp)
Linked: (/home/az/arena_ws/devel/.private/mbf_msgs/share/common-lisp/ros/mbf_msgs/msg/_package_GetInterPathAction.lisp, /home/az/arena_ws/devel/share/common-lisp/ros/mbf_msgs/msg/_package_GetInterPathAction.lisp)
Linked: (/home/az/arena_ws/devel/.private/mbf_msgs/share/common-lisp/ros/mbf_msgs/msg/GetInterPathActionGoal.lisp, /home/az/arena_ws/devel/share/common-lisp/ros/mbf_msgs/msg/GetInterPathActionGoal.lisp)
Linked: (/home/az/arena_ws/devel/.private/mbf_msgs/share/common-lisp/ros/mbf_msgs/msg/_package_RecoveryActionResult.lisp, /home/az/arena_ws/devel/share/common-lisp/ros/mbf_msgs/msg/_package_RecoveryActionResult.lisp)
Linked: (/home/az/arena_ws/devel/.private/mbf_msgs/share/common-lisp/ros/mbf_msgs/msg/_package_MoveBaseAction.lisp, /home/az/arena_ws/devel/share/common-lisp/ros/mbf_msgs/msg/_package_MoveBaseAction.lisp)
Linked: (/home/az/arena_ws/devel/.private/mbf_msgs/share/common-lisp/ros/mbf_msgs/msg/GetInterPathAction.lisp, /home/az/arena_ws/devel/share/common-lisp/ros/mbf_msgs/msg/GetInterPathAction.lisp)
Linked: (/home/az/arena_ws/devel/.private/mbf_msgs/share/common-lisp/ros/mbf_msgs/msg/_package_ExePathActionGoal.lisp, /home/az/arena_ws/devel/share/common-lisp/ros/mbf_msgs/msg/_package_ExePathActionGoal.lisp)
Linked: (/home/az/arena_ws/devel/.private/mbf_msgs/share/common-lisp/ros/mbf_msgs/msg/RecoveryActionFeedback.lisp, /home/az/arena_ws/devel/share/common-lisp/ros/mbf_msgs/msg/RecoveryActionFeedback.lisp)
Linked: (/home/az/arena_ws/devel/.private/mbf_msgs/share/common-lisp/ros/mbf_msgs/msg/MoveBaseFeedback.lisp, /home/az/arena_ws/devel/share/common-lisp/ros/mbf_msgs/msg/MoveBaseFeedback.lisp)
Linked: (/home/az/arena_ws/devel/.private/mbf_msgs/share/common-lisp/ros/mbf_msgs/msg/_package_RecoveryFeedback.lisp, /home/az/arena_ws/devel/share/common-lisp/ros/mbf_msgs/msg/_package_RecoveryFeedback.lisp)
Linked: (/home/az/arena_ws/devel/.private/mbf_msgs/share/common-lisp/ros/mbf_msgs/msg/_package_MoveBaseActionGoal.lisp, /home/az/arena_ws/devel/share/common-lisp/ros/mbf_msgs/msg/_package_MoveBaseActionGoal.lisp)
Linked: (/home/az/arena_ws/devel/.private/mbf_msgs/share/common-lisp/ros/mbf_msgs/msg/_package_GetPathActionResult.lisp, /home/az/arena_ws/devel/share/common-lisp/ros/mbf_msgs/msg/_package_GetPathActionResult.lisp)
Linked: (/home/az/arena_ws/devel/.private/mbf_msgs/share/common-lisp/ros/mbf_msgs/msg/_package_MoveBaseResult.lisp, /home/az/arena_ws/devel/share/common-lisp/ros/mbf_msgs/msg/_package_MoveBaseResult.lisp)
Linked: (/home/az/arena_ws/devel/.private/mbf_msgs/share/common-lisp/ros/mbf_msgs/msg/GetInterPathResult.lisp, /home/az/arena_ws/devel/share/common-lisp/ros/mbf_msgs/msg/GetInterPathResult.lisp)
Linked: (/home/az/arena_ws/devel/.private/mbf_msgs/share/common-lisp/ros/mbf_msgs/msg/_package_GetInterPathResult.lisp, /home/az/arena_ws/devel/share/common-lisp/ros/mbf_msgs/msg/_package_GetInterPathResult.lisp)
Linked: (/home/az/arena_ws/devel/.private/mbf_msgs/share/common-lisp/ros/mbf_msgs/msg/GetPathAction.lisp, /home/az/arena_ws/devel/share/common-lisp/ros/mbf_msgs/msg/GetPathAction.lisp)
Linked: (/home/az/arena_ws/devel/.private/mbf_msgs/share/common-lisp/ros/mbf_msgs/msg/_package_RecoveryAction.lisp, /home/az/arena_ws/devel/share/common-lisp/ros/mbf_msgs/msg/_package_RecoveryAction.lisp)
Linked: (/home/az/arena_ws/devel/.private/mbf_msgs/share/common-lisp/ros/mbf_msgs/msg/GetPathActionFeedback.lisp, /home/az/arena_ws/devel/share/common-lisp/ros/mbf_msgs/msg/GetPathActionFeedback.lisp)
Linked: (/home/az/arena_ws/devel/.private/mbf_msgs/share/common-lisp/ros/mbf_msgs/msg/_package_GetPathActionGoal.lisp, /home/az/arena_ws/devel/share/common-lisp/ros/mbf_msgs/msg/_package_GetPathActionGoal.lisp)
Linked: (/home/az/arena_ws/devel/.private/mbf_msgs/share/common-lisp/ros/mbf_msgs/msg/_package_RecoveryActionGoal.lisp, /home/az/arena_ws/devel/share/common-lisp/ros/mbf_msgs/msg/_package_RecoveryActionGoal.lisp)
Linked: (/home/az/arena_ws/devel/.private/mbf_msgs/share/common-lisp/ros/mbf_msgs/msg/_package_GetInterPathActionGoal.lisp, /home/az/arena_ws/devel/share/common-lisp/ros/mbf_msgs/msg/_package_GetInterPathActionGoal.lisp)
Linked: (/home/az/arena_ws/devel/.private/mbf_msgs/share/common-lisp/ros/mbf_msgs/msg/ExePathActionFeedback.lisp, /home/az/arena_ws/devel/share/common-lisp/ros/mbf_msgs/msg/ExePathActionFeedback.lisp)
Linked: (/home/az/arena_ws/devel/.private/mbf_msgs/share/common-lisp/ros/mbf_msgs/msg/MoveBaseActionFeedback.lisp, /home/az/arena_ws/devel/share/common-lisp/ros/mbf_msgs/msg/MoveBaseActionFeedback.lisp)
Linked: (/home/az/arena_ws/devel/.private/mbf_msgs/share/common-lisp/ros/mbf_msgs/msg/_package_GetPathActionFeedback.lisp, /home/az/arena_ws/devel/share/common-lisp/ros/mbf_msgs/msg/_package_GetPathActionFeedback.lisp)
Linked: (/home/az/arena_ws/devel/.private/mbf_msgs/share/common-lisp/ros/mbf_msgs/msg/GetInterPathFeedback.lisp, /home/az/arena_ws/devel/share/common-lisp/ros/mbf_msgs/msg/GetInterPathFeedback.lisp)
Linked: (/home/az/arena_ws/devel/.private/mbf_msgs/share/common-lisp/ros/mbf_msgs/msg/RecoveryResult.lisp, /home/az/arena_ws/devel/share/common-lisp/ros/mbf_msgs/msg/RecoveryResult.lisp)
Linked: (/home/az/arena_ws/devel/.private/mbf_msgs/share/common-lisp/ros/mbf_msgs/msg/_package_GetPathResult.lisp, /home/az/arena_ws/devel/share/common-lisp/ros/mbf_msgs/msg/_package_GetPathResult.lisp)
Linked: (/home/az/arena_ws/devel/.private/mbf_msgs/share/common-lisp/ros/mbf_msgs/msg/GetPathResult.lisp, /home/az/arena_ws/devel/share/common-lisp/ros/mbf_msgs/msg/GetPathResult.lisp)
Linked: (/home/az/arena_ws/devel/.private/mbf_msgs/share/common-lisp/ros/mbf_msgs/msg/_package_RecoveryActionFeedback.lisp, /home/az/arena_ws/devel/share/common-lisp/ros/mbf_msgs/msg/_package_RecoveryActionFeedback.lisp)
Linked: (/home/az/arena_ws/devel/.private/mbf_msgs/share/common-lisp/ros/mbf_msgs/msg/GetPathGoal.lisp, /home/az/arena_ws/devel/share/common-lisp/ros/mbf_msgs/msg/GetPathGoal.lisp)
Linked: (/home/az/arena_ws/devel/.private/mbf_msgs/share/common-lisp/ros/mbf_msgs/msg/_package_GetPathFeedback.lisp, /home/az/arena_ws/devel/share/common-lisp/ros/mbf_msgs/msg/_package_GetPathFeedback.lisp)
Linked: (/home/az/arena_ws/devel/.private/mbf_msgs/share/common-lisp/ros/mbf_msgs/msg/GetPathFeedback.lisp, /home/az/arena_ws/devel/share/common-lisp/ros/mbf_msgs/msg/GetPathFeedback.lisp)
Linked: (/home/az/arena_ws/devel/.private/mbf_msgs/share/common-lisp/ros/mbf_msgs/msg/_package_ExePathActionFeedback.lisp, /home/az/arena_ws/devel/share/common-lisp/ros/mbf_msgs/msg/_package_ExePathActionFeedback.lisp)
Linked: (/home/az/arena_ws/devel/.private/mbf_msgs/share/common-lisp/ros/mbf_msgs/msg/_package_MoveBaseFeedback.lisp, /home/az/arena_ws/devel/share/common-lisp/ros/mbf_msgs/msg/_package_MoveBaseFeedback.lisp)
Linked: (/home/az/arena_ws/devel/.private/mbf_msgs/share/common-lisp/ros/mbf_msgs/msg/_package_GetPathGoal.lisp, /home/az/arena_ws/devel/share/common-lisp/ros/mbf_msgs/msg/_package_GetPathGoal.lisp)
Linked: (/home/az/arena_ws/devel/.private/mbf_msgs/share/common-lisp/ros/mbf_msgs/msg/ExePathActionResult.lisp, /home/az/arena_ws/devel/share/common-lisp/ros/mbf_msgs/msg/ExePathActionResult.lisp)
Linked: (/home/az/arena_ws/devel/.private/mbf_msgs/share/common-lisp/ros/mbf_msgs/msg/_package_MoveBaseGoal.lisp, /home/az/arena_ws/devel/share/common-lisp/ros/mbf_msgs/msg/_package_MoveBaseGoal.lisp)
Linked: (/home/az/arena_ws/devel/.private/mbf_msgs/share/common-lisp/ros/mbf_msgs/msg/_package_GetInterPathFeedback.lisp, /home/az/arena_ws/devel/share/common-lisp/ros/mbf_msgs/msg/_package_GetInterPathFeedback.lisp)
Linked: (/home/az/arena_ws/devel/.private/mbf_msgs/share/common-lisp/ros/mbf_msgs/srv/_package_CheckPath.lisp, /home/az/arena_ws/devel/share/common-lisp/ros/mbf_msgs/srv/_package_CheckPath.lisp)
Linked: (/home/az/arena_ws/devel/.private/mbf_msgs/share/common-lisp/ros/mbf_msgs/srv/FindValidPose.lisp, /home/az/arena_ws/devel/share/common-lisp/ros/mbf_msgs/srv/FindValidPose.lisp)
Linked: (/home/az/arena_ws/devel/.private/mbf_msgs/share/common-lisp/ros/mbf_msgs/srv/_package_CheckPose.lisp, /home/az/arena_ws/devel/share/common-lisp/ros/mbf_msgs/srv/_package_CheckPose.lisp)
Linked: (/home/az/arena_ws/devel/.private/mbf_msgs/share/common-lisp/ros/mbf_msgs/srv/_package_CheckPoint.lisp, /home/az/arena_ws/devel/share/common-lisp/ros/mbf_msgs/srv/_package_CheckPoint.lisp)
Linked: (/home/az/arena_ws/devel/.private/mbf_msgs/share/common-lisp/ros/mbf_msgs/srv/mbf_msgs-srv.asd, /home/az/arena_ws/devel/share/common-lisp/ros/mbf_msgs/srv/mbf_msgs-srv.asd)
Linked: (/home/az/arena_ws/devel/.private/mbf_msgs/share/common-lisp/ros/mbf_msgs/srv/_package.lisp, /home/az/arena_ws/devel/share/common-lisp/ros/mbf_msgs/srv/_package.lisp)
Linked: (/home/az/arena_ws/devel/.private/mbf_msgs/share/common-lisp/ros/mbf_msgs/srv/CheckPath.lisp, /home/az/arena_ws/devel/share/common-lisp/ros/mbf_msgs/srv/CheckPath.lisp)
Linked: (/home/az/arena_ws/devel/.private/mbf_msgs/share/common-lisp/ros/mbf_msgs/srv/CheckPose.lisp, /home/az/arena_ws/devel/share/common-lisp/ros/mbf_msgs/srv/CheckPose.lisp)
Linked: (/home/az/arena_ws/devel/.private/mbf_msgs/share/common-lisp/ros/mbf_msgs/srv/_package_FindValidPose.lisp, /home/az/arena_ws/devel/share/common-lisp/ros/mbf_msgs/srv/_package_FindValidPose.lisp)
Linked: (/home/az/arena_ws/devel/.private/mbf_msgs/share/common-lisp/ros/mbf_msgs/srv/CheckPoint.lisp, /home/az/arena_ws/devel/share/common-lisp/ros/mbf_msgs/srv/CheckPoint.lisp)
Linked: (/home/az/arena_ws/devel/.private/mbf_msgs/share/gennodejs/ros/mbf_msgs/_index.js, /home/az/arena_ws/devel/share/gennodejs/ros/mbf_msgs/_index.js)
Linked: (/home/az/arena_ws/devel/.private/mbf_msgs/share/gennodejs/ros/mbf_msgs/msg/GetInterPathActionGoal.js, /home/az/arena_ws/devel/share/gennodejs/ros/mbf_msgs/msg/GetInterPathActionGoal.js)
Linked: (/home/az/arena_ws/devel/.private/mbf_msgs/share/gennodejs/ros/mbf_msgs/msg/GetInterPathResult.js, /home/az/arena_ws/devel/share/gennodejs/ros/mbf_msgs/msg/GetInterPathResult.js)
Linked: (/home/az/arena_ws/devel/.private/mbf_msgs/share/gennodejs/ros/mbf_msgs/msg/RecoveryActionResult.js, /home/az/arena_ws/devel/share/gennodejs/ros/mbf_msgs/msg/RecoveryActionResult.js)
Linked: (/home/az/arena_ws/devel/.private/mbf_msgs/share/gennodejs/ros/mbf_msgs/msg/GetPathActionFeedback.js, /home/az/arena_ws/devel/share/gennodejs/ros/mbf_msgs/msg/GetPathActionFeedback.js)
Linked: (/home/az/arena_ws/devel/.private/mbf_msgs/share/gennodejs/ros/mbf_msgs/msg/RecoveryFeedback.js, /home/az/arena_ws/devel/share/gennodejs/ros/mbf_msgs/msg/RecoveryFeedback.js)
Linked: (/home/az/arena_ws/devel/.private/mbf_msgs/share/gennodejs/ros/mbf_msgs/msg/ExePathActionFeedback.js, /home/az/arena_ws/devel/share/gennodejs/ros/mbf_msgs/msg/ExePathActionFeedback.js)
Linked: (/home/az/arena_ws/devel/.private/mbf_msgs/share/gennodejs/ros/mbf_msgs/msg/ExePathResult.js, /home/az/arena_ws/devel/share/gennodejs/ros/mbf_msgs/msg/ExePathResult.js)
Linked: (/home/az/arena_ws/devel/.private/mbf_msgs/share/gennodejs/ros/mbf_msgs/msg/GetPathAction.js, /home/az/arena_ws/devel/share/gennodejs/ros/mbf_msgs/msg/GetPathAction.js)
Linked: (/home/az/arena_ws/devel/.private/mbf_msgs/share/gennodejs/ros/mbf_msgs/msg/GetPathActionGoal.js, /home/az/arena_ws/devel/share/gennodejs/ros/mbf_msgs/msg/GetPathActionGoal.js)
Linked: (/home/az/arena_ws/devel/.private/mbf_msgs/share/gennodejs/ros/mbf_msgs/msg/RecoveryActionFeedback.js, /home/az/arena_ws/devel/share/gennodejs/ros/mbf_msgs/msg/RecoveryActionFeedback.js)
Linked: (/home/az/arena_ws/devel/.private/mbf_msgs/share/gennodejs/ros/mbf_msgs/msg/_index.js, /home/az/arena_ws/devel/share/gennodejs/ros/mbf_msgs/msg/_index.js)
Linked: (/home/az/arena_ws/devel/.private/mbf_msgs/share/gennodejs/ros/mbf_msgs/msg/GetInterPathAction.js, /home/az/arena_ws/devel/share/gennodejs/ros/mbf_msgs/msg/GetInterPathAction.js)
Linked: (/home/az/arena_ws/devel/.private/mbf_msgs/share/gennodejs/ros/mbf_msgs/msg/MoveBaseFeedback.js, /home/az/arena_ws/devel/share/gennodejs/ros/mbf_msgs/msg/MoveBaseFeedback.js)
Linked: (/home/az/arena_ws/devel/.private/mbf_msgs/share/gennodejs/ros/mbf_msgs/msg/ExePathFeedback.js, /home/az/arena_ws/devel/share/gennodejs/ros/mbf_msgs/msg/ExePathFeedback.js)
Linked: (/home/az/arena_ws/devel/.private/mbf_msgs/share/gennodejs/ros/mbf_msgs/msg/ExePathActionGoal.js, /home/az/arena_ws/devel/share/gennodejs/ros/mbf_msgs/msg/ExePathActionGoal.js)
Linked: (/home/az/arena_ws/devel/.private/mbf_msgs/share/gennodejs/ros/mbf_msgs/msg/ExePathActionResult.js, /home/az/arena_ws/devel/share/gennodejs/ros/mbf_msgs/msg/ExePathActionResult.js)
Linked: (/home/az/arena_ws/devel/.private/mbf_msgs/share/gennodejs/ros/mbf_msgs/msg/GetPathFeedback.js, /home/az/arena_ws/devel/share/gennodejs/ros/mbf_msgs/msg/GetPathFeedback.js)
Linked: (/home/az/arena_ws/devel/.private/mbf_msgs/share/gennodejs/ros/mbf_msgs/msg/RecoveryAction.js, /home/az/arena_ws/devel/share/gennodejs/ros/mbf_msgs/msg/RecoveryAction.js)
Linked: (/home/az/arena_ws/devel/.private/mbf_msgs/share/gennodejs/ros/mbf_msgs/msg/GetPathActionResult.js, /home/az/arena_ws/devel/share/gennodejs/ros/mbf_msgs/msg/GetPathActionResult.js)
Linked: (/home/az/arena_ws/devel/.private/mbf_msgs/share/gennodejs/ros/mbf_msgs/msg/RecoveryGoal.js, /home/az/arena_ws/devel/share/gennodejs/ros/mbf_msgs/msg/RecoveryGoal.js)
Linked: (/home/az/arena_ws/devel/.private/mbf_msgs/share/gennodejs/ros/mbf_msgs/msg/GetPathGoal.js, /home/az/arena_ws/devel/share/gennodejs/ros/mbf_msgs/msg/GetPathGoal.js)
Linked: (/home/az/arena_ws/devel/.private/mbf_msgs/share/gennodejs/ros/mbf_msgs/msg/RecoveryResult.js, /home/az/arena_ws/devel/share/gennodejs/ros/mbf_msgs/msg/RecoveryResult.js)
Linked: (/home/az/arena_ws/devel/.private/mbf_msgs/share/gennodejs/ros/mbf_msgs/msg/GetInterPathGoal.js, /home/az/arena_ws/devel/share/gennodejs/ros/mbf_msgs/msg/GetInterPathGoal.js)
Linked: (/home/az/arena_ws/devel/.private/mbf_msgs/share/gennodejs/ros/mbf_msgs/msg/GetInterPathActionFeedback.js, /home/az/arena_ws/devel/share/gennodejs/ros/mbf_msgs/msg/GetInterPathActionFeedback.js)
Linked: (/home/az/arena_ws/devel/.private/mbf_msgs/share/gennodejs/ros/mbf_msgs/msg/MoveBaseActionGoal.js, /home/az/arena_ws/devel/share/gennodejs/ros/mbf_msgs/msg/MoveBaseActionGoal.js)
Linked: (/home/az/arena_ws/devel/.private/mbf_msgs/share/gennodejs/ros/mbf_msgs/msg/MoveBaseGoal.js, /home/az/arena_ws/devel/share/gennodejs/ros/mbf_msgs/msg/MoveBaseGoal.js)
Linked: (/home/az/arena_ws/devel/.private/mbf_msgs/share/gennodejs/ros/mbf_msgs/msg/MoveBaseResult.js, /home/az/arena_ws/devel/share/gennodejs/ros/mbf_msgs/msg/MoveBaseResult.js)
Linked: (/home/az/arena_ws/devel/.private/mbf_msgs/share/gennodejs/ros/mbf_msgs/msg/MoveBaseActionResult.js, /home/az/arena_ws/devel/share/gennodejs/ros/mbf_msgs/msg/MoveBaseActionResult.js)
Linked: (/home/az/arena_ws/devel/.private/mbf_msgs/share/gennodejs/ros/mbf_msgs/msg/GetInterPathActionResult.js, /home/az/arena_ws/devel/share/gennodejs/ros/mbf_msgs/msg/GetInterPathActionResult.js)
Linked: (/home/az/arena_ws/devel/.private/mbf_msgs/share/gennodejs/ros/mbf_msgs/msg/RecoveryActionGoal.js, /home/az/arena_ws/devel/share/gennodejs/ros/mbf_msgs/msg/RecoveryActionGoal.js)
Linked: (/home/az/arena_ws/devel/.private/mbf_msgs/share/gennodejs/ros/mbf_msgs/msg/GetPathResult.js, /home/az/arena_ws/devel/share/gennodejs/ros/mbf_msgs/msg/GetPathResult.js)
Linked: (/home/az/arena_ws/devel/.private/mbf_msgs/share/gennodejs/ros/mbf_msgs/msg/ExePathGoal.js, /home/az/arena_ws/devel/share/gennodejs/ros/mbf_msgs/msg/ExePathGoal.js)
Linked: (/home/az/arena_ws/devel/.private/mbf_msgs/share/gennodejs/ros/mbf_msgs/msg/GetInterPathFeedback.js, /home/az/arena_ws/devel/share/gennodejs/ros/mbf_msgs/msg/GetInterPathFeedback.js)
Linked: (/home/az/arena_ws/devel/.private/mbf_msgs/share/gennodejs/ros/mbf_msgs/msg/MoveBaseActionFeedback.js, /home/az/arena_ws/devel/share/gennodejs/ros/mbf_msgs/msg/MoveBaseActionFeedback.js)
Linked: (/home/az/arena_ws/devel/.private/mbf_msgs/share/gennodejs/ros/mbf_msgs/msg/ExePathAction.js, /home/az/arena_ws/devel/share/gennodejs/ros/mbf_msgs/msg/ExePathAction.js)
Linked: (/home/az/arena_ws/devel/.private/mbf_msgs/share/gennodejs/ros/mbf_msgs/msg/MoveBaseAction.js, /home/az/arena_ws/devel/share/gennodejs/ros/mbf_msgs/msg/MoveBaseAction.js)
Linked: (/home/az/arena_ws/devel/.private/mbf_msgs/share/gennodejs/ros/mbf_msgs/srv/_index.js, /home/az/arena_ws/devel/share/gennodejs/ros/mbf_msgs/srv/_index.js)
Linked: (/home/az/arena_ws/devel/.private/mbf_msgs/share/gennodejs/ros/mbf_msgs/srv/FindValidPose.js, /home/az/arena_ws/devel/share/gennodejs/ros/mbf_msgs/srv/FindValidPose.js)
Linked: (/home/az/arena_ws/devel/.private/mbf_msgs/share/gennodejs/ros/mbf_msgs/srv/CheckPoint.js, /home/az/arena_ws/devel/share/gennodejs/ros/mbf_msgs/srv/CheckPoint.js)
Linked: (/home/az/arena_ws/devel/.private/mbf_msgs/share/gennodejs/ros/mbf_msgs/srv/CheckPath.js, /home/az/arena_ws/devel/share/gennodejs/ros/mbf_msgs/srv/CheckPath.js)
Linked: (/home/az/arena_ws/devel/.private/mbf_msgs/share/gennodejs/ros/mbf_msgs/srv/CheckPose.js, /home/az/arena_ws/devel/share/gennodejs/ros/mbf_msgs/srv/CheckPose.js)
Linked: (/home/az/arena_ws/devel/.private/mbf_msgs/include/mbf_msgs/MoveBaseGoal.h, /home/az/arena_ws/devel/include/mbf_msgs/MoveBaseGoal.h)
Linked: (/home/az/arena_ws/devel/.private/mbf_msgs/include/mbf_msgs/GetPathAction.h, /home/az/arena_ws/devel/include/mbf_msgs/GetPathAction.h)
Linked: (/home/az/arena_ws/devel/.private/mbf_msgs/include/mbf_msgs/GetPathActionFeedback.h, /home/az/arena_ws/devel/include/mbf_msgs/GetPathActionFeedback.h)
Linked: (/home/az/arena_ws/devel/.private/mbf_msgs/include/mbf_msgs/CheckPathResponse.h, /home/az/arena_ws/devel/include/mbf_msgs/CheckPathResponse.h)
Linked: (/home/az/arena_ws/devel/.private/mbf_msgs/include/mbf_msgs/RecoveryResult.h, /home/az/arena_ws/devel/include/mbf_msgs/RecoveryResult.h)
Linked: (/home/az/arena_ws/devel/.private/mbf_msgs/include/mbf_msgs/CheckPose.h, /home/az/arena_ws/devel/include/mbf_msgs/CheckPose.h)
Linked: (/home/az/arena_ws/devel/.private/mbf_msgs/include/mbf_msgs/ExePathGoal.h, /home/az/arena_ws/devel/include/mbf_msgs/ExePathGoal.h)
Linked: (/home/az/arena_ws/devel/.private/mbf_msgs/include/mbf_msgs/GetInterPathResult.h, /home/az/arena_ws/devel/include/mbf_msgs/GetInterPathResult.h)
Linked: (/home/az/arena_ws/devel/.private/mbf_msgs/include/mbf_msgs/GetPathActionResult.h, /home/az/arena_ws/devel/include/mbf_msgs/GetPathActionResult.h)
Linked: (/home/az/arena_ws/devel/.private/mbf_msgs/include/mbf_msgs/FindValidPoseResponse.h, /home/az/arena_ws/devel/include/mbf_msgs/FindValidPoseResponse.h)
Linked: (/home/az/arena_ws/devel/.private/mbf_msgs/include/mbf_msgs/ExePathActionGoal.h, /home/az/arena_ws/devel/include/mbf_msgs/ExePathActionGoal.h)
Linked: (/home/az/arena_ws/devel/.private/mbf_msgs/include/mbf_msgs/RecoveryActionGoal.h, /home/az/arena_ws/devel/include/mbf_msgs/RecoveryActionGoal.h)
Linked: (/home/az/arena_ws/devel/.private/mbf_msgs/include/mbf_msgs/GetPathActionGoal.h, /home/az/arena_ws/devel/include/mbf_msgs/GetPathActionGoal.h)
Linked: (/home/az/arena_ws/devel/.private/mbf_msgs/include/mbf_msgs/RecoveryGoal.h, /home/az/arena_ws/devel/include/mbf_msgs/RecoveryGoal.h)
Linked: (/home/az/arena_ws/devel/.private/mbf_msgs/include/mbf_msgs/CheckPoseRequest.h, /home/az/arena_ws/devel/include/mbf_msgs/CheckPoseRequest.h)
Linked: (/home/az/arena_ws/devel/.private/mbf_msgs/include/mbf_msgs/RecoveryActionResult.h, /home/az/arena_ws/devel/include/mbf_msgs/RecoveryActionResult.h)
Linked: (/home/az/arena_ws/devel/.private/mbf_msgs/include/mbf_msgs/CheckPathRequest.h, /home/az/arena_ws/devel/include/mbf_msgs/CheckPathRequest.h)
Linked: (/home/az/arena_ws/devel/.private/mbf_msgs/include/mbf_msgs/GetPathGoal.h, /home/az/arena_ws/devel/include/mbf_msgs/GetPathGoal.h)
Linked: (/home/az/arena_ws/devel/.private/mbf_msgs/include/mbf_msgs/GetInterPathFeedback.h, /home/az/arena_ws/devel/include/mbf_msgs/GetInterPathFeedback.h)
Linked: (/home/az/arena_ws/devel/.private/mbf_msgs/include/mbf_msgs/MoveBaseResult.h, /home/az/arena_ws/devel/include/mbf_msgs/MoveBaseResult.h)
Linked: (/home/az/arena_ws/devel/.private/mbf_msgs/include/mbf_msgs/ExePathAction.h, /home/az/arena_ws/devel/include/mbf_msgs/ExePathAction.h)
Linked: (/home/az/arena_ws/devel/.private/mbf_msgs/include/mbf_msgs/GetPathResult.h, /home/az/arena_ws/devel/include/mbf_msgs/GetPathResult.h)
Linked: (/home/az/arena_ws/devel/.private/mbf_msgs/include/mbf_msgs/GetPathFeedback.h, /home/az/arena_ws/devel/include/mbf_msgs/GetPathFeedback.h)
Linked: (/home/az/arena_ws/devel/.private/mbf_msgs/include/mbf_msgs/ExePathActionFeedback.h, /home/az/arena_ws/devel/include/mbf_msgs/ExePathActionFeedback.h)
Linked: (/home/az/arena_ws/devel/.private/mbf_msgs/include/mbf_msgs/GetInterPathGoal.h, /home/az/arena_ws/devel/include/mbf_msgs/GetInterPathGoal.h)
Linked: (/home/az/arena_ws/devel/.private/mbf_msgs/include/mbf_msgs/MoveBaseActionGoal.h, /home/az/arena_ws/devel/include/mbf_msgs/MoveBaseActionGoal.h)
Linked: (/home/az/arena_ws/devel/.private/mbf_msgs/include/mbf_msgs/ExePathActionResult.h, /home/az/arena_ws/devel/include/mbf_msgs/ExePathActionResult.h)
Linked: (/home/az/arena_ws/devel/.private/mbf_msgs/include/mbf_msgs/GetInterPathActionGoal.h, /home/az/arena_ws/devel/include/mbf_msgs/GetInterPathActionGoal.h)
Linked: (/home/az/arena_ws/devel/.private/mbf_msgs/include/mbf_msgs/FindValidPose.h, /home/az/arena_ws/devel/include/mbf_msgs/FindValidPose.h)
Linked: (/home/az/arena_ws/devel/.private/mbf_msgs/include/mbf_msgs/CheckPoseResponse.h, /home/az/arena_ws/devel/include/mbf_msgs/CheckPoseResponse.h)
Linked: (/home/az/arena_ws/devel/.private/mbf_msgs/include/mbf_msgs/ExePathResult.h, /home/az/arena_ws/devel/include/mbf_msgs/ExePathResult.h)
Linked: (/home/az/arena_ws/devel/.private/mbf_msgs/include/mbf_msgs/MoveBaseActionFeedback.h, /home/az/arena_ws/devel/include/mbf_msgs/MoveBaseActionFeedback.h)
Linked: (/home/az/arena_ws/devel/.private/mbf_msgs/include/mbf_msgs/CheckPointResponse.h, /home/az/arena_ws/devel/include/mbf_msgs/CheckPointResponse.h)
Linked: (/home/az/arena_ws/devel/.private/mbf_msgs/include/mbf_msgs/GetInterPathActionResult.h, /home/az/arena_ws/devel/include/mbf_msgs/GetInterPathActionResult.h)
Linked: (/home/az/arena_ws/devel/.private/mbf_msgs/include/mbf_msgs/GetInterPathActionFeedback.h, /home/az/arena_ws/devel/include/mbf_msgs/GetInterPathActionFeedback.h)
Linked: (/home/az/arena_ws/devel/.private/mbf_msgs/include/mbf_msgs/RecoveryAction.h, /home/az/arena_ws/devel/include/mbf_msgs/RecoveryAction.h)
Linked: (/home/az/arena_ws/devel/.private/mbf_msgs/include/mbf_msgs/RecoveryFeedback.h, /home/az/arena_ws/devel/include/mbf_msgs/RecoveryFeedback.h)
Linked: (/home/az/arena_ws/devel/.private/mbf_msgs/include/mbf_msgs/MoveBaseAction.h, /home/az/arena_ws/devel/include/mbf_msgs/MoveBaseAction.h)
Linked: (/home/az/arena_ws/devel/.private/mbf_msgs/include/mbf_msgs/CheckPath.h, /home/az/arena_ws/devel/include/mbf_msgs/CheckPath.h)
Linked: (/home/az/arena_ws/devel/.private/mbf_msgs/include/mbf_msgs/MoveBaseFeedback.h, /home/az/arena_ws/devel/include/mbf_msgs/MoveBaseFeedback.h)
Linked: (/home/az/arena_ws/devel/.private/mbf_msgs/include/mbf_msgs/GetInterPathAction.h, /home/az/arena_ws/devel/include/mbf_msgs/GetInterPathAction.h)
Linked: (/home/az/arena_ws/devel/.private/mbf_msgs/include/mbf_msgs/RecoveryActionFeedback.h, /home/az/arena_ws/devel/include/mbf_msgs/RecoveryActionFeedback.h)
Linked: (/home/az/arena_ws/devel/.private/mbf_msgs/include/mbf_msgs/FindValidPoseRequest.h, /home/az/arena_ws/devel/include/mbf_msgs/FindValidPoseRequest.h)
Linked: (/home/az/arena_ws/devel/.private/mbf_msgs/include/mbf_msgs/CheckPointRequest.h, /home/az/arena_ws/devel/include/mbf_msgs/CheckPointRequest.h)
Linked: (/home/az/arena_ws/devel/.private/mbf_msgs/include/mbf_msgs/ExePathFeedback.h, /home/az/arena_ws/devel/include/mbf_msgs/ExePathFeedback.h)
Linked: (/home/az/arena_ws/devel/.private/mbf_msgs/include/mbf_msgs/CheckPoint.h, /home/az/arena_ws/devel/include/mbf_msgs/CheckPoint.h)
Linked: (/home/az/arena_ws/devel/.private/mbf_msgs/include/mbf_msgs/MoveBaseActionResult.h, /home/az/arena_ws/devel/include/mbf_msgs/MoveBaseActionResult.h)
Linked: (/home/az/arena_ws/devel/.private/mbf_msgs/lib/pkgconfig/mbf_msgs.pc, /home/az/arena_ws/devel/lib/pkgconfig/mbf_msgs.pc)
Linked: (/home/az/arena_ws/devel/.private/mbf_msgs/lib/python3/dist-packages/mbf_msgs/__init__.py, /home/az/arena_ws/devel/lib/python3/dist-packages/mbf_msgs/__init__.py)
Linked: (/home/az/arena_ws/devel/.private/mbf_msgs/lib/python3/dist-packages/mbf_msgs/msg/_GetPathFeedback.py, /home/az/arena_ws/devel/lib/python3/dist-packages/mbf_msgs/msg/_GetPathFeedback.py)
Linked: (/home/az/arena_ws/devel/.private/mbf_msgs/lib/python3/dist-packages/mbf_msgs/msg/_GetPathActionResult.py, /home/az/arena_ws/devel/lib/python3/dist-packages/mbf_msgs/msg/_GetPathActionResult.py)
Linked: (/home/az/arena_ws/devel/.private/mbf_msgs/lib/python3/dist-packages/mbf_msgs/msg/_ExePathActionResult.py, /home/az/arena_ws/devel/lib/python3/dist-packages/mbf_msgs/msg/_ExePathActionResult.py)
Linked: (/home/az/arena_ws/devel/.private/mbf_msgs/lib/python3/dist-packages/mbf_msgs/msg/_GetInterPathResult.py, /home/az/arena_ws/devel/lib/python3/dist-packages/mbf_msgs/msg/_GetInterPathResult.py)
Linked: (/home/az/arena_ws/devel/.private/mbf_msgs/lib/python3/dist-packages/mbf_msgs/msg/_RecoveryActionFeedback.py, /home/az/arena_ws/devel/lib/python3/dist-packages/mbf_msgs/msg/_RecoveryActionFeedback.py)
Linked: (/home/az/arena_ws/devel/.private/mbf_msgs/lib/python3/dist-packages/mbf_msgs/msg/__init__.py, /home/az/arena_ws/devel/lib/python3/dist-packages/mbf_msgs/msg/__init__.py)
Linked: (/home/az/arena_ws/devel/.private/mbf_msgs/lib/python3/dist-packages/mbf_msgs/msg/_RecoveryResult.py, /home/az/arena_ws/devel/lib/python3/dist-packages/mbf_msgs/msg/_RecoveryResult.py)
Linked: (/home/az/arena_ws/devel/.private/mbf_msgs/lib/python3/dist-packages/mbf_msgs/msg/_RecoveryActionResult.py, /home/az/arena_ws/devel/lib/python3/dist-packages/mbf_msgs/msg/_RecoveryActionResult.py)
Linked: (/home/az/arena_ws/devel/.private/mbf_msgs/lib/python3/dist-packages/mbf_msgs/msg/_MoveBaseActionResult.py, /home/az/arena_ws/devel/lib/python3/dist-packages/mbf_msgs/msg/_MoveBaseActionResult.py)
Linked: (/home/az/arena_ws/devel/.private/mbf_msgs/lib/python3/dist-packages/mbf_msgs/msg/_MoveBaseActionFeedback.py, /home/az/arena_ws/devel/lib/python3/dist-packages/mbf_msgs/msg/_MoveBaseActionFeedback.py)
Linked: (/home/az/arena_ws/devel/.private/mbf_msgs/lib/python3/dist-packages/mbf_msgs/msg/_GetInterPathFeedback.py, /home/az/arena_ws/devel/lib/python3/dist-packages/mbf_msgs/msg/_GetInterPathFeedback.py)
Linked: (/home/az/arena_ws/devel/.private/mbf_msgs/lib/python3/dist-packages/mbf_msgs/msg/_MoveBaseActionGoal.py, /home/az/arena_ws/devel/lib/python3/dist-packages/mbf_msgs/msg/_MoveBaseActionGoal.py)
Linked: (/home/az/arena_ws/devel/.private/mbf_msgs/lib/python3/dist-packages/mbf_msgs/msg/_MoveBaseGoal.py, /home/az/arena_ws/devel/lib/python3/dist-packages/mbf_msgs/msg/_MoveBaseGoal.py)
Linked: (/home/az/arena_ws/devel/.private/mbf_msgs/lib/python3/dist-packages/mbf_msgs/msg/_ExePathAction.py, /home/az/arena_ws/devel/lib/python3/dist-packages/mbf_msgs/msg/_ExePathAction.py)
Linked: (/home/az/arena_ws/devel/.private/mbf_msgs/lib/python3/dist-packages/mbf_msgs/msg/_RecoveryActionGoal.py, /home/az/arena_ws/devel/lib/python3/dist-packages/mbf_msgs/msg/_RecoveryActionGoal.py)
Linked: (/home/az/arena_ws/devel/.private/mbf_msgs/lib/python3/dist-packages/mbf_msgs/msg/_GetInterPathGoal.py, /home/az/arena_ws/devel/lib/python3/dist-packages/mbf_msgs/msg/_GetInterPathGoal.py)
Linked: (/home/az/arena_ws/devel/.private/mbf_msgs/lib/python3/dist-packages/mbf_msgs/msg/_GetInterPathActionResult.py, /home/az/arena_ws/devel/lib/python3/dist-packages/mbf_msgs/msg/_GetInterPathActionResult.py)
Linked: (/home/az/arena_ws/devel/.private/mbf_msgs/lib/python3/dist-packages/mbf_msgs/msg/_MoveBaseResult.py, /home/az/arena_ws/devel/lib/python3/dist-packages/mbf_msgs/msg/_MoveBaseResult.py)
Linked: (/home/az/arena_ws/devel/.private/mbf_msgs/lib/python3/dist-packages/mbf_msgs/msg/_GetInterPathActionGoal.py, /home/az/arena_ws/devel/lib/python3/dist-packages/mbf_msgs/msg/_GetInterPathActionGoal.py)
Linked: (/home/az/arena_ws/devel/.private/mbf_msgs/lib/python3/dist-packages/mbf_msgs/msg/_GetInterPathAction.py, /home/az/arena_ws/devel/lib/python3/dist-packages/mbf_msgs/msg/_GetInterPathAction.py)
Linked: (/home/az/arena_ws/devel/.private/mbf_msgs/lib/python3/dist-packages/mbf_msgs/msg/_RecoveryFeedback.py, /home/az/arena_ws/devel/lib/python3/dist-packages/mbf_msgs/msg/_RecoveryFeedback.py)
Linked: (/home/az/arena_ws/devel/.private/mbf_msgs/lib/python3/dist-packages/mbf_msgs/msg/_ExePathActionFeedback.py, /home/az/arena_ws/devel/lib/python3/dist-packages/mbf_msgs/msg/_ExePathActionFeedback.py)
Linked: (/home/az/arena_ws/devel/.private/mbf_msgs/lib/python3/dist-packages/mbf_msgs/msg/_ExePathFeedback.py, /home/az/arena_ws/devel/lib/python3/dist-packages/mbf_msgs/msg/_ExePathFeedback.py)
Linked: (/home/az/arena_ws/devel/.private/mbf_msgs/lib/python3/dist-packages/mbf_msgs/msg/_MoveBaseAction.py, /home/az/arena_ws/devel/lib/python3/dist-packages/mbf_msgs/msg/_MoveBaseAction.py)
Linked: (/home/az/arena_ws/devel/.private/mbf_msgs/lib/python3/dist-packages/mbf_msgs/msg/_RecoveryAction.py, /home/az/arena_ws/devel/lib/python3/dist-packages/mbf_msgs/msg/_RecoveryAction.py)
Linked: (/home/az/arena_ws/devel/.private/mbf_msgs/lib/python3/dist-packages/mbf_msgs/msg/_GetPathGoal.py, /home/az/arena_ws/devel/lib/python3/dist-packages/mbf_msgs/msg/_GetPathGoal.py)
Linked: (/home/az/arena_ws/devel/.private/mbf_msgs/lib/python3/dist-packages/mbf_msgs/msg/_GetInterPathActionFeedback.py, /home/az/arena_ws/devel/lib/python3/dist-packages/mbf_msgs/msg/_GetInterPathActionFeedback.py)
Linked: (/home/az/arena_ws/devel/.private/mbf_msgs/lib/python3/dist-packages/mbf_msgs/msg/_ExePathActionGoal.py, /home/az/arena_ws/devel/lib/python3/dist-packages/mbf_msgs/msg/_ExePathActionGoal.py)
Linked: (/home/az/arena_ws/devel/.private/mbf_msgs/lib/python3/dist-packages/mbf_msgs/msg/_GetPathActionFeedback.py, /home/az/arena_ws/devel/lib/python3/dist-packages/mbf_msgs/msg/_GetPathActionFeedback.py)
Linked: (/home/az/arena_ws/devel/.private/mbf_msgs/lib/python3/dist-packages/mbf_msgs/msg/_MoveBaseFeedback.py, /home/az/arena_ws/devel/lib/python3/dist-packages/mbf_msgs/msg/_MoveBaseFeedback.py)
Linked: (/home/az/arena_ws/devel/.private/mbf_msgs/lib/python3/dist-packages/mbf_msgs/msg/_ExePathResult.py, /home/az/arena_ws/devel/lib/python3/dist-packages/mbf_msgs/msg/_ExePathResult.py)
Linked: (/home/az/arena_ws/devel/.private/mbf_msgs/lib/python3/dist-packages/mbf_msgs/msg/_GetPathAction.py, /home/az/arena_ws/devel/lib/python3/dist-packages/mbf_msgs/msg/_GetPathAction.py)
Linked: (/home/az/arena_ws/devel/.private/mbf_msgs/lib/python3/dist-packages/mbf_msgs/msg/_GetPathActionGoal.py, /home/az/arena_ws/devel/lib/python3/dist-packages/mbf_msgs/msg/_GetPathActionGoal.py)
Linked: (/home/az/arena_ws/devel/.private/mbf_msgs/lib/python3/dist-packages/mbf_msgs/msg/_RecoveryGoal.py, /home/az/arena_ws/devel/lib/python3/dist-packages/mbf_msgs/msg/_RecoveryGoal.py)
Linked: (/home/az/arena_ws/devel/.private/mbf_msgs/lib/python3/dist-packages/mbf_msgs/msg/_GetPathResult.py, /home/az/arena_ws/devel/lib/python3/dist-packages/mbf_msgs/msg/_GetPathResult.py)
Linked: (/home/az/arena_ws/devel/.private/mbf_msgs/lib/python3/dist-packages/mbf_msgs/msg/_ExePathGoal.py, /home/az/arena_ws/devel/lib/python3/dist-packages/mbf_msgs/msg/_ExePathGoal.py)
Linked: (/home/az/arena_ws/devel/.private/mbf_msgs/lib/python3/dist-packages/mbf_msgs/srv/__init__.py, /home/az/arena_ws/devel/lib/python3/dist-packages/mbf_msgs/srv/__init__.py)
Linked: (/home/az/arena_ws/devel/.private/mbf_msgs/lib/python3/dist-packages/mbf_msgs/srv/_CheckPath.py, /home/az/arena_ws/devel/lib/python3/dist-packages/mbf_msgs/srv/_CheckPath.py)
Linked: (/home/az/arena_ws/devel/.private/mbf_msgs/lib/python3/dist-packages/mbf_msgs/srv/_FindValidPose.py, /home/az/arena_ws/devel/lib/python3/dist-packages/mbf_msgs/srv/_FindValidPose.py)
Linked: (/home/az/arena_ws/devel/.private/mbf_msgs/lib/python3/dist-packages/mbf_msgs/srv/_CheckPose.py, /home/az/arena_ws/devel/lib/python3/dist-packages/mbf_msgs/srv/_CheckPose.py)
Linked: (/home/az/arena_ws/devel/.private/mbf_msgs/lib/python3/dist-packages/mbf_msgs/srv/_CheckPoint.py, /home/az/arena_ws/devel/lib/python3/dist-packages/mbf_msgs/srv/_CheckPoint.py)
