[  0%] Built target _pedsim_srvs_generate_messages_check_deps_MovePeds
[  0%] Built target std_msgs_generate_messages_cpp
[  0%] Built target _pedsim_srvs_generate_messages_check_deps_RegisterRobot
[  0%] Built target pedsim_msgs_generate_messages_cpp
[  0%] Built target _pedsim_srvs_generate_messages_check_deps_SpawnWalls
[  0%] Built target _pedsim_srvs_generate_messages_check_deps_SetAgentState
[  0%] Built target _pedsim_srvs_generate_messages_check_deps_GetAllAgentsState
[  0%] Built target _pedsim_srvs_generate_messages_check_deps_SpawnObstacles
[  0%] Built target _pedsim_srvs_generate_messages_check_deps_SetAllAgentsState
[  0%] Built target _pedsim_srvs_generate_messages_check_deps_GetAgentState
[  0%] Built target _pedsim_srvs_generate_messages_check_deps_SpawnPed
[  0%] Built target std_msgs_generate_messages_nodejs
[  0%] Built target pedsim_msgs_generate_messages_nodejs
[  0%] Built target pedsim_msgs_generate_messages_lisp
[  0%] Built target _pedsim_srvs_generate_messages_check_deps_SpawnPeds
[  0%] Built target std_msgs_generate_messages_lisp
[  0%] Built target std_msgs_generate_messages_py
[  0%] Built target pedsim_msgs_generate_messages_py
[  0%] Built target pedsim_msgs_generate_messages_eus
[  0%] Built target std_msgs_generate_messages_eus
[ 19%] Built target pedsim_srvs_generate_messages_cpp
[ 38%] Built target pedsim_srvs_generate_messages_nodejs
[ 57%] Built target pedsim_srvs_generate_messages_lisp
[ 78%] Built target pedsim_srvs_generate_messages_py
[100%] Built target pedsim_srvs_generate_messages_eus
[100%] Built target pedsim_srvs_generate_messages
