[35m[1mScanning dependencies of target visualization_msgs_generate_messages_eus[0m
[  0%] Built target visualization_msgs_generate_messages_eus
[35m[1mScanning dependencies of target tf2_msgs_generate_messages_lisp[0m
[  0%] Built target tf2_msgs_generate_messages_lisp
[35m[1mScanning dependencies of target pedsim_msgs_generate_messages_eus[0m
[  0%] Built target pedsim_msgs_generate_messages_eus
[35m[1mScanning dependencies of target actionlib_msgs_generate_messages_nodejs[0m
[  0%] Built target actionlib_msgs_generate_messages_nodejs
[35m[1mScanning dependencies of target tf_generate_messages_py[0m
[  0%] Built target tf_generate_messages_py
[35m[1mScanning dependencies of target actionlib_generate_messages_py[0m
[  0%] Built target actionlib_generate_messages_py
[35m[1mScanning dependencies of target actionlib_generate_messages_nodejs[0m
[  0%] Built target actionlib_generate_messages_nodejs
[35m[1mScanning dependencies of target map_msgs_generate_messages_eus[0m
[  0%] Built target map_msgs_generate_messages_eus
[35m[1mScanning dependencies of target actionlib_msgs_generate_messages_cpp[0m
[  0%] Built target actionlib_msgs_generate_messages_cpp
[35m[1mScanning dependencies of target actionlib_generate_messages_eus[0m
[  0%] Built target actionlib_generate_messages_eus
[35m[1mScanning dependencies of target rosgraph_msgs_generate_messages_cpp[0m
[  0%] Built target rosgraph_msgs_generate_messages_cpp
[35m[1mScanning dependencies of target sensor_msgs_generate_messages_eus[0m
[  0%] Built target sensor_msgs_generate_messages_eus
[35m[1mScanning dependencies of target actionlib_msgs_generate_messages_py[0m
[  0%] Built target actionlib_msgs_generate_messages_py
[35m[1mScanning dependencies of target actionlib_generate_messages_cpp[0m
[  0%] Built target actionlib_generate_messages_cpp
[35m[1mScanning dependencies of target pedsim_msgs_generate_messages_lisp[0m
[  0%] Built target pedsim_msgs_generate_messages_lisp
[35m[1mScanning dependencies of target rosgraph_msgs_generate_messages_nodejs[0m
[  0%] Built target rosgraph_msgs_generate_messages_nodejs
[35m[1mScanning dependencies of target rosgraph_msgs_generate_messages_eus[0m
[  0%] Built target rosgraph_msgs_generate_messages_eus
[35m[1mScanning dependencies of target roscpp_generate_messages_nodejs[0m
[  0%] Built target roscpp_generate_messages_nodejs
[35m[1mScanning dependencies of target map_msgs_generate_messages_lisp[0m
[  0%] Built target map_msgs_generate_messages_lisp
[35m[1mScanning dependencies of target sensor_msgs_generate_messages_py[0m
[  0%] Built target sensor_msgs_generate_messages_py
[35m[1mScanning dependencies of target tf2_msgs_generate_messages_eus[0m
[  0%] Built target tf2_msgs_generate_messages_eus
[35m[1mScanning dependencies of target pedsim_msgs_generate_messages_py[0m
[  0%] Built target pedsim_msgs_generate_messages_py
[35m[1mScanning dependencies of target geometry_msgs_generate_messages_py[0m
[  0%] Built target geometry_msgs_generate_messages_py
[35m[1mScanning dependencies of target roscpp_generate_messages_cpp[0m
[  0%] Built target roscpp_generate_messages_cpp
[35m[1mScanning dependencies of target dynamic_reconfigure_generate_messages_nodejs[0m
[  0%] Built target dynamic_reconfigure_generate_messages_nodejs
[35m[1mScanning dependencies of target geometry_msgs_generate_messages_cpp[0m
[  0%] Built target geometry_msgs_generate_messages_cpp
[35m[1mScanning dependencies of target _costmap_2d_generate_messages_check_deps_SemanticDump[0m
[  0%] Built target _costmap_2d_generate_messages_check_deps_SemanticDump
[35m[1mScanning dependencies of target std_msgs_generate_messages_eus[0m
[  0%] Built target std_msgs_generate_messages_eus
[35m[1mScanning dependencies of target _costmap_2d_generate_messages_check_deps_VoxelGrid[0m
[  0%] Built target _costmap_2d_generate_messages_check_deps_VoxelGrid
[35m[1mScanning dependencies of target geometry_msgs_generate_messages_eus[0m
[  0%] Built target geometry_msgs_generate_messages_eus
[35m[1mScanning dependencies of target _costmap_2d_generate_messages_check_deps_ObstacleDump[0m
[  0%] Built target _costmap_2d_generate_messages_check_deps_ObstacleDump
[35m[1mScanning dependencies of target _costmap_2d_generate_messages_check_deps_GetDump[0m
[  0%] Built target _costmap_2d_generate_messages_check_deps_GetDump
[35m[1mScanning dependencies of target nav_msgs_generate_messages_eus[0m
[  0%] Built target nav_msgs_generate_messages_eus
[35m[1mScanning dependencies of target geometry_msgs_generate_messages_nodejs[0m
[  0%] Built target geometry_msgs_generate_messages_nodejs
[35m[1mScanning dependencies of target dynamic_reconfigure_generate_messages_eus[0m
[  0%] Built target dynamic_reconfigure_generate_messages_eus
[35m[1mScanning dependencies of target dynamic_reconfigure_generate_messages_cpp[0m
[  0%] Built target dynamic_reconfigure_generate_messages_cpp
[35m[1mScanning dependencies of target tf_generate_messages_lisp[0m
[  0%] Built target tf_generate_messages_lisp
[35m[1mScanning dependencies of target nav_msgs_generate_messages_py[0m
[  0%] Built target nav_msgs_generate_messages_py
[35m[1mScanning dependencies of target actionlib_msgs_generate_messages_eus[0m
[  0%] Built target actionlib_msgs_generate_messages_eus
[35m[1mScanning dependencies of target dynamic_reconfigure_generate_messages_py[0m
[  0%] Built target dynamic_reconfigure_generate_messages_py
[35m[1mScanning dependencies of target rosgraph_msgs_generate_messages_lisp[0m
[  0%] Built target rosgraph_msgs_generate_messages_lisp
[35m[1mScanning dependencies of target visualization_msgs_generate_messages_cpp[0m
[  0%] Built target visualization_msgs_generate_messages_cpp
[35m[1mScanning dependencies of target tf_generate_messages_eus[0m
[  0%] Built target tf_generate_messages_eus
[35m[1mScanning dependencies of target dynamic_reconfigure_gencfg[0m
[  0%] Built target dynamic_reconfigure_gencfg
[35m[1mScanning dependencies of target dynamic_reconfigure_generate_messages_lisp[0m
[  0%] Built target dynamic_reconfigure_generate_messages_lisp
[35m[1mScanning dependencies of target nav_msgs_generate_messages_nodejs[0m
[  0%] Built target nav_msgs_generate_messages_nodejs
[35m[1mScanning dependencies of target std_msgs_generate_messages_nodejs[0m
[  0%] Built target std_msgs_generate_messages_nodejs
[35m[1mScanning dependencies of target map_msgs_generate_messages_nodejs[0m
[  0%] Built target map_msgs_generate_messages_nodejs
[35m[1mScanning dependencies of target pedsim_msgs_generate_messages_nodejs[0m
[  0%] Built target pedsim_msgs_generate_messages_nodejs
[35m[1mScanning dependencies of target roscpp_generate_messages_lisp[0m
[  0%] Built target roscpp_generate_messages_lisp
[35m[1mScanning dependencies of target std_msgs_generate_messages_lisp[0m
[  0%] Built target std_msgs_generate_messages_lisp
[35m[1mScanning dependencies of target geometry_msgs_generate_messages_lisp[0m
[  0%] Built target geometry_msgs_generate_messages_lisp
[35m[1mScanning dependencies of target nav_msgs_generate_messages_lisp[0m
[  0%] Built target nav_msgs_generate_messages_lisp
[35m[1mScanning dependencies of target map_msgs_generate_messages_py[0m
[  0%] Built target map_msgs_generate_messages_py
[35m[1mScanning dependencies of target std_msgs_generate_messages_py[0m
[  0%] Built target std_msgs_generate_messages_py
[35m[1mScanning dependencies of target map_msgs_generate_messages_cpp[0m
[  0%] Built target map_msgs_generate_messages_cpp
[35m[1mScanning dependencies of target tf_generate_messages_cpp[0m
[  0%] Built target tf_generate_messages_cpp
[35m[1mScanning dependencies of target std_msgs_generate_messages_cpp[0m
[  0%] Built target std_msgs_generate_messages_cpp
[35m[1mScanning dependencies of target sensor_msgs_generate_messages_nodejs[0m
[  0%] Built target sensor_msgs_generate_messages_nodejs
[35m[1mScanning dependencies of target roscpp_generate_messages_py[0m
[  0%] Built target roscpp_generate_messages_py
[35m[1mScanning dependencies of target actionlib_msgs_generate_messages_lisp[0m
[  0%] Built target actionlib_msgs_generate_messages_lisp
[35m[1mScanning dependencies of target sensor_msgs_generate_messages_cpp[0m
[  0%] Built target sensor_msgs_generate_messages_cpp
[35m[1mScanning dependencies of target roscpp_generate_messages_eus[0m
[  0%] Built target roscpp_generate_messages_eus
[35m[1mScanning dependencies of target nav_msgs_generate_messages_cpp[0m
[  0%] Built target nav_msgs_generate_messages_cpp
[35m[1mScanning dependencies of target tf2_msgs_generate_messages_cpp[0m
[  0%] Built target tf2_msgs_generate_messages_cpp
[35m[1mScanning dependencies of target visualization_msgs_generate_messages_lisp[0m
[  0%] Built target visualization_msgs_generate_messages_lisp
[35m[1mScanning dependencies of target rosgraph_msgs_generate_messages_py[0m
[  0%] Built target rosgraph_msgs_generate_messages_py
[35m[1mScanning dependencies of target visualization_msgs_generate_messages_nodejs[0m
[  0%] Built target visualization_msgs_generate_messages_nodejs
[35m[1mScanning dependencies of target visualization_msgs_generate_messages_py[0m
[  0%] Built target visualization_msgs_generate_messages_py
[35m[1mScanning dependencies of target tf2_msgs_generate_messages_py[0m
[  0%] Built target tf2_msgs_generate_messages_py
[35m[1mScanning dependencies of target pedsim_msgs_generate_messages_cpp[0m
[  0%] Built target pedsim_msgs_generate_messages_cpp
[35m[1mScanning dependencies of target actionlib_generate_messages_lisp[0m
[  0%] Built target actionlib_generate_messages_lisp
[35m[1mScanning dependencies of target costmap_2d_generate_messages_py[0m
[  1%] [34m[1mGenerating Python from MSG costmap_2d/ObstacleDump[0m
[  3%] [34m[1mGenerating Python from MSG costmap_2d/SemanticDump[0m
[  5%] [34m[1mGenerating Python from MSG costmap_2d/VoxelGrid[0m
[  7%] [34m[1mGenerating Python code from SRV costmap_2d/GetDump[0m
[  9%] [34m[1mGenerating Python msg __init__.py for costmap_2d[0m
[ 11%] [34m[1mGenerating Python srv __init__.py for costmap_2d[0m
[ 11%] Built target costmap_2d_generate_messages_py
[35m[1mScanning dependencies of target tf2_msgs_generate_messages_nodejs[0m
[ 11%] Built target tf2_msgs_generate_messages_nodejs
[35m[1mScanning dependencies of target sensor_msgs_generate_messages_lisp[0m
[ 11%] Built target sensor_msgs_generate_messages_lisp
[35m[1mScanning dependencies of target costmap_2d_gencfg[0m
[ 13%] [34m[1mGenerating dynamic reconfigure files from cfg/Costmap2D.cfg: /home/az/github_may_messed_it_up_20250124arena_try_get_rel_vel_work/arena_ws/devel/.private/costmap_2d/include/costmap_2d/Costmap2DConfig.h /home/az/github_may_messed_it_up_20250124arena_try_get_rel_vel_work/arena_ws/devel/.private/costmap_2d/lib/python3/dist-packages/costmap_2d/cfg/Costmap2DConfig.py[0m
Generating reconfiguration files for Costmap2D in costmap_2d
Wrote header file in /home/az/github_may_messed_it_up_20250124arena_try_get_rel_vel_work/arena_ws/devel/.private/costmap_2d/include/costmap_2d/Costmap2DConfig.h
[ 15%] [34m[1mGenerating dynamic reconfigure files from cfg/ObstaclePlugin.cfg: /home/az/github_may_messed_it_up_20250124arena_try_get_rel_vel_work/arena_ws/devel/.private/costmap_2d/include/costmap_2d/ObstaclePluginConfig.h /home/az/github_may_messed_it_up_20250124arena_try_get_rel_vel_work/arena_ws/devel/.private/costmap_2d/lib/python3/dist-packages/costmap_2d/cfg/ObstaclePluginConfig.py[0m
Generating reconfiguration files for ObstaclePlugin in costmap_2d
Wrote header file in /home/az/github_may_messed_it_up_20250124arena_try_get_rel_vel_work/arena_ws/devel/.private/costmap_2d/include/costmap_2d/ObstaclePluginConfig.h
[ 16%] [34m[1mGenerating dynamic reconfigure files from cfg/GenericPlugin.cfg: /home/az/github_may_messed_it_up_20250124arena_try_get_rel_vel_work/arena_ws/devel/.private/costmap_2d/include/costmap_2d/GenericPluginConfig.h /home/az/github_may_messed_it_up_20250124arena_try_get_rel_vel_work/arena_ws/devel/.private/costmap_2d/lib/python3/dist-packages/costmap_2d/cfg/GenericPluginConfig.py[0m
Generating reconfiguration files for GenericPlugin in costmap_2d
Wrote header file in /home/az/github_may_messed_it_up_20250124arena_try_get_rel_vel_work/arena_ws/devel/.private/costmap_2d/include/costmap_2d/GenericPluginConfig.h
[ 18%] [34m[1mGenerating dynamic reconfigure files from cfg/InflationPlugin.cfg: /home/az/github_may_messed_it_up_20250124arena_try_get_rel_vel_work/arena_ws/devel/.private/costmap_2d/include/costmap_2d/InflationPluginConfig.h /home/az/github_may_messed_it_up_20250124arena_try_get_rel_vel_work/arena_ws/devel/.private/costmap_2d/lib/python3/dist-packages/costmap_2d/cfg/InflationPluginConfig.py[0m
Generating reconfiguration files for InflationPlugin in costmap_2d
Wrote header file in /home/az/github_may_messed_it_up_20250124arena_try_get_rel_vel_work/arena_ws/devel/.private/costmap_2d/include/costmap_2d/InflationPluginConfig.h
[ 20%] [34m[1mGenerating dynamic reconfigure files from cfg/VoxelPlugin.cfg: /home/az/github_may_messed_it_up_20250124arena_try_get_rel_vel_work/arena_ws/devel/.private/costmap_2d/include/costmap_2d/VoxelPluginConfig.h /home/az/github_may_messed_it_up_20250124arena_try_get_rel_vel_work/arena_ws/devel/.private/costmap_2d/lib/python3/dist-packages/costmap_2d/cfg/VoxelPluginConfig.py[0m
Generating reconfiguration files for VoxelPlugin in costmap_2d
Wrote header file in /home/az/github_may_messed_it_up_20250124arena_try_get_rel_vel_work/arena_ws/devel/.private/costmap_2d/include/costmap_2d/VoxelPluginConfig.h
[ 22%] [34m[1mGenerating dynamic reconfigure files from cfg/SemanticPlugin.cfg: /home/az/github_may_messed_it_up_20250124arena_try_get_rel_vel_work/arena_ws/devel/.private/costmap_2d/include/costmap_2d/SemanticPluginConfig.h /home/az/github_may_messed_it_up_20250124arena_try_get_rel_vel_work/arena_ws/devel/.private/costmap_2d/lib/python3/dist-packages/costmap_2d/cfg/SemanticPluginConfig.py[0m
Generating reconfiguration files for SemanticPlugin in costmap_2d
Wrote header file in /home/az/github_may_messed_it_up_20250124arena_try_get_rel_vel_work/arena_ws/devel/.private/costmap_2d/include/costmap_2d/SemanticPluginConfig.h
[ 22%] Built target costmap_2d_gencfg
[35m[1mScanning dependencies of target tf_generate_messages_nodejs[0m
[ 22%] Built target tf_generate_messages_nodejs
[35m[1mScanning dependencies of target costmap_2d_generate_messages_eus[0m
[ 24%] [34m[1mGenerating EusLisp code from costmap_2d/ObstacleDump.msg[0m
[ 26%] [34m[1mGenerating EusLisp code from costmap_2d/SemanticDump.msg[0m
[ 28%] [34m[1mGenerating EusLisp code from costmap_2d/VoxelGrid.msg[0m
[ 30%] [34m[1mGenerating EusLisp code from costmap_2d/GetDump.srv[0m
[ 32%] [34m[1mGenerating EusLisp manifest code for costmap_2d[0m
WARNING: Package name "LfH" does not follow the naming conventions. It should start with a lower case letter and only contain lower case letters, digits, underscores, and dashes.
WARNING: Package name "gazebo_ros_2Dmap_plugin" does not follow the naming conventions. It should start with a lower case letter and only contain lower case letters, digits, underscores, and dashes.
WARNING: Package name "LfH" does not follow the naming conventions. It should start with a lower case letter and only contain lower case letters, digits, underscores, and dashes.
WARNING: Package name "gazebo_ros_2Dmap_plugin" does not follow the naming conventions. It should start with a lower case letter and only contain lower case letters, digits, underscores, and dashes.
[ 32%] Built target costmap_2d_generate_messages_eus
[35m[1mScanning dependencies of target costmap_2d_generate_messages_nodejs[0m
[ 33%] [34m[1mGenerating Javascript code from costmap_2d/ObstacleDump.msg[0m
[ 35%] [34m[1mGenerating Javascript code from costmap_2d/SemanticDump.msg[0m
[ 37%] [34m[1mGenerating Javascript code from costmap_2d/VoxelGrid.msg[0m
[ 39%] [34m[1mGenerating Javascript code from costmap_2d/GetDump.srv[0m
[ 39%] Built target costmap_2d_generate_messages_nodejs
[35m[1mScanning dependencies of target costmap_2d_generate_messages_lisp[0m
[ 41%] [34m[1mGenerating Lisp code from costmap_2d/ObstacleDump.msg[0m
[ 43%] [34m[1mGenerating Lisp code from costmap_2d/SemanticDump.msg[0m
[ 45%] [34m[1mGenerating Lisp code from costmap_2d/VoxelGrid.msg[0m
[ 47%] [34m[1mGenerating Lisp code from costmap_2d/GetDump.srv[0m
[ 47%] Built target costmap_2d_generate_messages_lisp
[35m[1mScanning dependencies of target costmap_2d_generate_messages_cpp[0m
[ 49%] [34m[1mGenerating C++ code from costmap_2d/ObstacleDump.msg[0m
[ 50%] [34m[1mGenerating C++ code from costmap_2d/SemanticDump.msg[0m
[ 52%] [34m[1mGenerating C++ code from costmap_2d/VoxelGrid.msg[0m
[ 54%] [34m[1mGenerating C++ code from costmap_2d/GetDump.srv[0m
[ 54%] Built target costmap_2d_generate_messages_cpp
[35m[1mScanning dependencies of target costmap_2d[0m
[ 56%] [32mBuilding CXX object CMakeFiles/costmap_2d.dir/src/array_parser.cpp.o[0m
[ 58%] [32mBuilding CXX object CMakeFiles/costmap_2d.dir/src/costmap_2d.cpp.o[0m
[ 60%] [32mBuilding CXX object CMakeFiles/costmap_2d.dir/src/observation_buffer.cpp.o[0m
[ 62%] [32mBuilding CXX object CMakeFiles/costmap_2d.dir/src/layer.cpp.o[0m
[ 64%] [32mBuilding CXX object CMakeFiles/costmap_2d.dir/src/layered_costmap.cpp.o[0m
[ 66%] [32mBuilding CXX object CMakeFiles/costmap_2d.dir/src/costmap_2d_ros.cpp.o[0m
[ 67%] [32mBuilding CXX object CMakeFiles/costmap_2d.dir/src/costmap_2d_publisher.cpp.o[0m
[ 69%] [32mBuilding CXX object CMakeFiles/costmap_2d.dir/src/costmap_math.cpp.o[0m
[ 71%] [32mBuilding CXX object CMakeFiles/costmap_2d.dir/src/footprint.cpp.o[0m
[ 73%] [32mBuilding CXX object CMakeFiles/costmap_2d.dir/src/costmap_layer.cpp.o[0m
[ 75%] [32m[1mLinking CXX shared library /home/az/github_may_messed_it_up_20250124arena_try_get_rel_vel_work/arena_ws/devel/.private/costmap_2d/lib/libcostmap_2d.so[0m
[ 75%] Built target costmap_2d
[35m[1mScanning dependencies of target costmap_2d_generate_messages[0m
[ 75%] Built target costmap_2d_generate_messages
[35m[1mScanning dependencies of target costmap_2d_markers[0m
[ 77%] [32mBuilding CXX object CMakeFiles/costmap_2d_markers.dir/src/costmap_2d_markers.cpp.o[0m
[35m[1mScanning dependencies of target costmap_2d_cloud[0m
[ 79%] [32mBuilding CXX object CMakeFiles/costmap_2d_cloud.dir/src/costmap_2d_cloud.cpp.o[0m
[ 81%] [32m[1mLinking CXX executable /home/az/github_may_messed_it_up_20250124arena_try_get_rel_vel_work/arena_ws/devel/.private/costmap_2d/lib/costmap_2d/costmap_2d_markers[0m
[ 81%] Built target costmap_2d_markers
[35m[1mScanning dependencies of target layers[0m
[ 83%] [32mBuilding CXX object CMakeFiles/layers.dir/plugins/inflation_layer.cpp.o[0m
[ 84%] [32m[1mLinking CXX executable /home/az/github_may_messed_it_up_20250124arena_try_get_rel_vel_work/arena_ws/devel/.private/costmap_2d/lib/costmap_2d/costmap_2d_cloud[0m
[ 84%] Built target costmap_2d_cloud
[35m[1mScanning dependencies of target costmap_2d_node[0m
[ 86%] [32mBuilding CXX object CMakeFiles/costmap_2d_node.dir/src/costmap_2d_node.cpp.o[0m
[ 88%] [32mBuilding CXX object CMakeFiles/layers.dir/plugins/obstacle_layer.cpp.o[0m
[ 90%] [32mBuilding CXX object CMakeFiles/layers.dir/plugins/static_layer.cpp.o[0m
[ 92%] [32mBuilding CXX object CMakeFiles/layers.dir/plugins/voxel_layer.cpp.o[0m
[ 94%] [32m[1mLinking CXX executable /home/az/github_may_messed_it_up_20250124arena_try_get_rel_vel_work/arena_ws/devel/.private/costmap_2d/lib/costmap_2d/costmap_2d_node[0m
[ 94%] Built target costmap_2d_node
[ 96%] [32mBuilding CXX object CMakeFiles/layers.dir/plugins/semantic_layer.cpp.o[0m
[ 98%] [32mBuilding CXX object CMakeFiles/layers.dir/src/observation_buffer.cpp.o[0m
[100%] [32m[1mLinking CXX shared library /home/az/github_may_messed_it_up_20250124arena_try_get_rel_vel_work/arena_ws/devel/.private/costmap_2d/lib/liblayers.so[0m
[100%] Built target layers
