[35m[1mScanning dependencies of target _spencer_social_relation_msgs_generate_messages_check_deps_SocialActivities[0m
[  0%] Built target _spencer_social_relation_msgs_generate_messages_check_deps_SocialActivities
[35m[1mScanning dependencies of target std_msgs_generate_messages_py[0m
[  0%] Built target std_msgs_generate_messages_py
[35m[1mScanning dependencies of target sensor_msgs_generate_messages_py[0m
[  0%] Built target sensor_msgs_generate_messages_py
[35m[1mScanning dependencies of target nav_msgs_generate_messages_py[0m
[  0%] Built target nav_msgs_generate_messages_py
[35m[1mScanning dependencies of target geometry_msgs_generate_messages_py[0m
[  0%] Built target geometry_msgs_generate_messages_py
[35m[1mScanning dependencies of target _spencer_social_relation_msgs_generate_messages_check_deps_SocialRelation[0m
[  0%] Built target _spencer_social_relation_msgs_generate_messages_check_deps_SocialRelation
[35m[1mScanning dependencies of target _spencer_social_relation_msgs_generate_messages_check_deps_SocialRelations[0m
[  0%] Built target _spencer_social_relation_msgs_generate_messages_check_deps_SocialRelations
[35m[1mScanning dependencies of target _spencer_social_relation_msgs_generate_messages_check_deps_SocialActivity[0m
[  0%] Built target _spencer_social_relation_msgs_generate_messages_check_deps_SocialActivity
[35m[1mScanning dependencies of target geometry_msgs_generate_messages_eus[0m
[  0%] Built target geometry_msgs_generate_messages_eus
[35m[1mScanning dependencies of target sensor_msgs_generate_messages_eus[0m
[  0%] Built target sensor_msgs_generate_messages_eus
[35m[1mScanning dependencies of target nav_msgs_generate_messages_eus[0m
[  0%] Built target nav_msgs_generate_messages_eus
[35m[1mScanning dependencies of target std_msgs_generate_messages_eus[0m
[  0%] Built target std_msgs_generate_messages_eus
[35m[1mScanning dependencies of target std_msgs_generate_messages_lisp[0m
[  0%] Built target std_msgs_generate_messages_lisp
[35m[1mScanning dependencies of target sensor_msgs_generate_messages_lisp[0m
[  0%] Built target sensor_msgs_generate_messages_lisp
[35m[1mScanning dependencies of target geometry_msgs_generate_messages_lisp[0m
[  0%] Built target geometry_msgs_generate_messages_lisp
[35m[1mScanning dependencies of target nav_msgs_generate_messages_lisp[0m
[  0%] Built target nav_msgs_generate_messages_lisp
[35m[1mScanning dependencies of target sensor_msgs_generate_messages_cpp[0m
[  0%] Built target sensor_msgs_generate_messages_cpp
[35m[1mScanning dependencies of target geometry_msgs_generate_messages_cpp[0m
[  0%] Built target geometry_msgs_generate_messages_cpp
[35m[1mScanning dependencies of target std_msgs_generate_messages_cpp[0m
[  0%] Built target std_msgs_generate_messages_cpp
[35m[1mScanning dependencies of target nav_msgs_generate_messages_cpp[0m
[  0%] Built target nav_msgs_generate_messages_cpp
[35m[1mScanning dependencies of target sensor_msgs_generate_messages_nodejs[0m
[  0%] Built target sensor_msgs_generate_messages_nodejs
[35m[1mScanning dependencies of target std_msgs_generate_messages_nodejs[0m
[  0%] Built target std_msgs_generate_messages_nodejs
[35m[1mScanning dependencies of target nav_msgs_generate_messages_nodejs[0m
[  0%] Built target nav_msgs_generate_messages_nodejs
[35m[1mScanning dependencies of target geometry_msgs_generate_messages_nodejs[0m
[  0%] Built target geometry_msgs_generate_messages_nodejs
[35m[1mScanning dependencies of target spencer_social_relation_msgs_generate_messages_py[0m
[  4%] [34m[1mGenerating Python from MSG spencer_social_relation_msgs/SocialRelation[0m
[  9%] [34m[1mGenerating Python from MSG spencer_social_relation_msgs/SocialRelations[0m
[ 13%] [34m[1mGenerating Python from MSG spencer_social_relation_msgs/SocialActivity[0m
[ 18%] [34m[1mGenerating Python from MSG spencer_social_relation_msgs/SocialActivities[0m
[ 22%] [34m[1mGenerating Python msg __init__.py for spencer_social_relation_msgs[0m
[ 22%] Built target spencer_social_relation_msgs_generate_messages_py
[35m[1mScanning dependencies of target spencer_social_relation_msgs_generate_messages_eus[0m
[ 27%] [34m[1mGenerating EusLisp code from spencer_social_relation_msgs/SocialRelation.msg[0m
[ 31%] [34m[1mGenerating EusLisp code from spencer_social_relation_msgs/SocialRelations.msg[0m
[ 36%] [34m[1mGenerating EusLisp code from spencer_social_relation_msgs/SocialActivity.msg[0m
[ 40%] [34m[1mGenerating EusLisp code from spencer_social_relation_msgs/SocialActivities.msg[0m
[ 45%] [34m[1mGenerating EusLisp manifest code for spencer_social_relation_msgs[0m
WARNING: Package name "LfH" does not follow the naming conventions. It should start with a lower case letter and only contain lower case letters, digits, underscores, and dashes.
WARNING: Package name "gazebo_ros_2Dmap_plugin" does not follow the naming conventions. It should start with a lower case letter and only contain lower case letters, digits, underscores, and dashes.
WARNING: Package name "LfH" does not follow the naming conventions. It should start with a lower case letter and only contain lower case letters, digits, underscores, and dashes.
WARNING: Package name "gazebo_ros_2Dmap_plugin" does not follow the naming conventions. It should start with a lower case letter and only contain lower case letters, digits, underscores, and dashes.
[ 45%] Built target spencer_social_relation_msgs_generate_messages_eus
[35m[1mScanning dependencies of target spencer_social_relation_msgs_generate_messages_lisp[0m
[ 50%] [34m[1mGenerating Lisp code from spencer_social_relation_msgs/SocialRelation.msg[0m
[ 54%] [34m[1mGenerating Lisp code from spencer_social_relation_msgs/SocialRelations.msg[0m
[ 59%] [34m[1mGenerating Lisp code from spencer_social_relation_msgs/SocialActivity.msg[0m
[ 63%] [34m[1mGenerating Lisp code from spencer_social_relation_msgs/SocialActivities.msg[0m
[ 63%] Built target spencer_social_relation_msgs_generate_messages_lisp
[35m[1mScanning dependencies of target spencer_social_relation_msgs_generate_messages_cpp[0m
[ 68%] [34m[1mGenerating C++ code from spencer_social_relation_msgs/SocialRelation.msg[0m
[ 72%] [34m[1mGenerating C++ code from spencer_social_relation_msgs/SocialRelations.msg[0m
[ 77%] [34m[1mGenerating C++ code from spencer_social_relation_msgs/SocialActivity.msg[0m
[ 81%] [34m[1mGenerating C++ code from spencer_social_relation_msgs/SocialActivities.msg[0m
[35m[1mScanning dependencies of target spencer_social_relation_msgs_generate_messages_nodejs[0m
[ 86%] [34m[1mGenerating Javascript code from spencer_social_relation_msgs/SocialRelation.msg[0m
[ 90%] [34m[1mGenerating Javascript code from spencer_social_relation_msgs/SocialRelations.msg[0m
[ 95%] [34m[1mGenerating Javascript code from spencer_social_relation_msgs/SocialActivity.msg[0m
[100%] [34m[1mGenerating Javascript code from spencer_social_relation_msgs/SocialActivities.msg[0m
[100%] Built target spencer_social_relation_msgs_generate_messages_cpp
[100%] Built target spencer_social_relation_msgs_generate_messages_nodejs
[35m[1mScanning dependencies of target spencer_social_relation_msgs_generate_messages[0m
[100%] Built target spencer_social_relation_msgs_generate_messages
