Linked: (/home/az/arena_ws/devel/.private/cob_srvs/share/cob_srvs/cmake/cob_srvsConfig.cmake, /home/az/arena_ws/devel/share/cob_srvs/cmake/cob_srvsConfig.cmake)
Linked: (/home/az/arena_ws/devel/.private/cob_srvs/share/cob_srvs/cmake/cob_srvsConfig-version.cmake, /home/az/arena_ws/devel/share/cob_srvs/cmake/cob_srvsConfig-version.cmake)
Linked: (/home/az/arena_ws/devel/.private/cob_srvs/share/cob_srvs/cmake/cob_srvs-msg-paths.cmake, /home/az/arena_ws/devel/share/cob_srvs/cmake/cob_srvs-msg-paths.cmake)
Linked: (/home/az/arena_ws/devel/.private/cob_srvs/share/cob_srvs/cmake/cob_srvs-msg-extras.cmake, /home/az/arena_ws/devel/share/cob_srvs/cmake/cob_srvs-msg-extras.cmake)
Linked: (/home/az/arena_ws/devel/.private/cob_srvs/share/roseus/ros/cob_srvs/manifest.l, /home/az/arena_ws/devel/share/roseus/ros/cob_srvs/manifest.l)
Linked: (/home/az/arena_ws/devel/.private/cob_srvs/share/roseus/ros/cob_srvs/srv/SetString.l, /home/az/arena_ws/devel/share/roseus/ros/cob_srvs/srv/SetString.l)
Linked: (/home/az/arena_ws/devel/.private/cob_srvs/share/roseus/ros/cob_srvs/srv/SetInt.l, /home/az/arena_ws/devel/share/roseus/ros/cob_srvs/srv/SetInt.l)
Linked: (/home/az/arena_ws/devel/.private/cob_srvs/share/roseus/ros/cob_srvs/srv/Dock.l, /home/az/arena_ws/devel/share/roseus/ros/cob_srvs/srv/Dock.l)
Linked: (/home/az/arena_ws/devel/.private/cob_srvs/share/roseus/ros/cob_srvs/srv/SetFloat.l, /home/az/arena_ws/devel/share/roseus/ros/cob_srvs/srv/SetFloat.l)
Linked: (/home/az/arena_ws/devel/.private/cob_srvs/share/common-lisp/ros/cob_srvs/srv/SetFloat.lisp, /home/az/arena_ws/devel/share/common-lisp/ros/cob_srvs/srv/SetFloat.lisp)
Linked: (/home/az/arena_ws/devel/.private/cob_srvs/share/common-lisp/ros/cob_srvs/srv/Dock.lisp, /home/az/arena_ws/devel/share/common-lisp/ros/cob_srvs/srv/Dock.lisp)
Linked: (/home/az/arena_ws/devel/.private/cob_srvs/share/common-lisp/ros/cob_srvs/srv/SetString.lisp, /home/az/arena_ws/devel/share/common-lisp/ros/cob_srvs/srv/SetString.lisp)
Linked: (/home/az/arena_ws/devel/.private/cob_srvs/share/common-lisp/ros/cob_srvs/srv/_package_Dock.lisp, /home/az/arena_ws/devel/share/common-lisp/ros/cob_srvs/srv/_package_Dock.lisp)
Linked: (/home/az/arena_ws/devel/.private/cob_srvs/share/common-lisp/ros/cob_srvs/srv/_package_SetString.lisp, /home/az/arena_ws/devel/share/common-lisp/ros/cob_srvs/srv/_package_SetString.lisp)
Linked: (/home/az/arena_ws/devel/.private/cob_srvs/share/common-lisp/ros/cob_srvs/srv/_package_SetInt.lisp, /home/az/arena_ws/devel/share/common-lisp/ros/cob_srvs/srv/_package_SetInt.lisp)
Linked: (/home/az/arena_ws/devel/.private/cob_srvs/share/common-lisp/ros/cob_srvs/srv/_package.lisp, /home/az/arena_ws/devel/share/common-lisp/ros/cob_srvs/srv/_package.lisp)
Linked: (/home/az/arena_ws/devel/.private/cob_srvs/share/common-lisp/ros/cob_srvs/srv/cob_srvs-srv.asd, /home/az/arena_ws/devel/share/common-lisp/ros/cob_srvs/srv/cob_srvs-srv.asd)
Linked: (/home/az/arena_ws/devel/.private/cob_srvs/share/common-lisp/ros/cob_srvs/srv/SetInt.lisp, /home/az/arena_ws/devel/share/common-lisp/ros/cob_srvs/srv/SetInt.lisp)
Linked: (/home/az/arena_ws/devel/.private/cob_srvs/share/common-lisp/ros/cob_srvs/srv/_package_SetFloat.lisp, /home/az/arena_ws/devel/share/common-lisp/ros/cob_srvs/srv/_package_SetFloat.lisp)
Linked: (/home/az/arena_ws/devel/.private/cob_srvs/share/gennodejs/ros/cob_srvs/_index.js, /home/az/arena_ws/devel/share/gennodejs/ros/cob_srvs/_index.js)
Linked: (/home/az/arena_ws/devel/.private/cob_srvs/share/gennodejs/ros/cob_srvs/srv/SetString.js, /home/az/arena_ws/devel/share/gennodejs/ros/cob_srvs/srv/SetString.js)
Linked: (/home/az/arena_ws/devel/.private/cob_srvs/share/gennodejs/ros/cob_srvs/srv/_index.js, /home/az/arena_ws/devel/share/gennodejs/ros/cob_srvs/srv/_index.js)
Linked: (/home/az/arena_ws/devel/.private/cob_srvs/share/gennodejs/ros/cob_srvs/srv/SetInt.js, /home/az/arena_ws/devel/share/gennodejs/ros/cob_srvs/srv/SetInt.js)
Linked: (/home/az/arena_ws/devel/.private/cob_srvs/share/gennodejs/ros/cob_srvs/srv/Dock.js, /home/az/arena_ws/devel/share/gennodejs/ros/cob_srvs/srv/Dock.js)
Linked: (/home/az/arena_ws/devel/.private/cob_srvs/share/gennodejs/ros/cob_srvs/srv/SetFloat.js, /home/az/arena_ws/devel/share/gennodejs/ros/cob_srvs/srv/SetFloat.js)
Linked: (/home/az/arena_ws/devel/.private/cob_srvs/include/cob_srvs/SetInt.h, /home/az/arena_ws/devel/include/cob_srvs/SetInt.h)
Linked: (/home/az/arena_ws/devel/.private/cob_srvs/include/cob_srvs/SetFloat.h, /home/az/arena_ws/devel/include/cob_srvs/SetFloat.h)
Linked: (/home/az/arena_ws/devel/.private/cob_srvs/include/cob_srvs/SetStringRequest.h, /home/az/arena_ws/devel/include/cob_srvs/SetStringRequest.h)
Linked: (/home/az/arena_ws/devel/.private/cob_srvs/include/cob_srvs/SetString.h, /home/az/arena_ws/devel/include/cob_srvs/SetString.h)
Linked: (/home/az/arena_ws/devel/.private/cob_srvs/include/cob_srvs/SetFloatRequest.h, /home/az/arena_ws/devel/include/cob_srvs/SetFloatRequest.h)
Linked: (/home/az/arena_ws/devel/.private/cob_srvs/include/cob_srvs/Dock.h, /home/az/arena_ws/devel/include/cob_srvs/Dock.h)
Linked: (/home/az/arena_ws/devel/.private/cob_srvs/include/cob_srvs/DockRequest.h, /home/az/arena_ws/devel/include/cob_srvs/DockRequest.h)
Linked: (/home/az/arena_ws/devel/.private/cob_srvs/include/cob_srvs/SetIntRequest.h, /home/az/arena_ws/devel/include/cob_srvs/SetIntRequest.h)
Linked: (/home/az/arena_ws/devel/.private/cob_srvs/include/cob_srvs/DockResponse.h, /home/az/arena_ws/devel/include/cob_srvs/DockResponse.h)
Linked: (/home/az/arena_ws/devel/.private/cob_srvs/include/cob_srvs/SetStringResponse.h, /home/az/arena_ws/devel/include/cob_srvs/SetStringResponse.h)
Linked: (/home/az/arena_ws/devel/.private/cob_srvs/include/cob_srvs/SetIntResponse.h, /home/az/arena_ws/devel/include/cob_srvs/SetIntResponse.h)
Linked: (/home/az/arena_ws/devel/.private/cob_srvs/include/cob_srvs/SetFloatResponse.h, /home/az/arena_ws/devel/include/cob_srvs/SetFloatResponse.h)
Linked: (/home/az/arena_ws/devel/.private/cob_srvs/lib/pkgconfig/cob_srvs.pc, /home/az/arena_ws/devel/lib/pkgconfig/cob_srvs.pc)
Linked: (/home/az/arena_ws/devel/.private/cob_srvs/lib/python3/dist-packages/cob_srvs/__init__.py, /home/az/arena_ws/devel/lib/python3/dist-packages/cob_srvs/__init__.py)
Linked: (/home/az/arena_ws/devel/.private/cob_srvs/lib/python3/dist-packages/cob_srvs/srv/_SetInt.py, /home/az/arena_ws/devel/lib/python3/dist-packages/cob_srvs/srv/_SetInt.py)
Linked: (/home/az/arena_ws/devel/.private/cob_srvs/lib/python3/dist-packages/cob_srvs/srv/_SetFloat.py, /home/az/arena_ws/devel/lib/python3/dist-packages/cob_srvs/srv/_SetFloat.py)
Linked: (/home/az/arena_ws/devel/.private/cob_srvs/lib/python3/dist-packages/cob_srvs/srv/_SetString.py, /home/az/arena_ws/devel/lib/python3/dist-packages/cob_srvs/srv/_SetString.py)
Linked: (/home/az/arena_ws/devel/.private/cob_srvs/lib/python3/dist-packages/cob_srvs/srv/__init__.py, /home/az/arena_ws/devel/lib/python3/dist-packages/cob_srvs/srv/__init__.py)
Linked: (/home/az/arena_ws/devel/.private/cob_srvs/lib/python3/dist-packages/cob_srvs/srv/_Dock.py, /home/az/arena_ws/devel/lib/python3/dist-packages/cob_srvs/srv/_Dock.py)
