[35m[1mScanning dependencies of target geometry_msgs_generate_messages_lisp[0m
[  0%] Built target geometry_msgs_generate_messages_lisp
[35m[1mScanning dependencies of target _cob_srvs_generate_messages_check_deps_Dock[0m
[  0%] Built target _cob_srvs_generate_messages_check_deps_Dock
[35m[1mScanning dependencies of target _cob_srvs_generate_messages_check_deps_SetInt[0m
[  0%] Built target _cob_srvs_generate_messages_check_deps_SetInt
[35m[1mScanning dependencies of target _cob_srvs_generate_messages_check_deps_SetFloat[0m
[  0%] Built target _cob_srvs_generate_messages_check_deps_SetFloat
[35m[1mScanning dependencies of target _cob_srvs_generate_messages_check_deps_SetString[0m
[  0%] Built target _cob_srvs_generate_messages_check_deps_SetString
[35m[1mScanning dependencies of target geometry_msgs_generate_messages_py[0m
[  0%] Built target geometry_msgs_generate_messages_py
[35m[1mScanning dependencies of target geometry_msgs_generate_messages_cpp[0m
[  0%] Built target geometry_msgs_generate_messages_cpp
[35m[1mScanning dependencies of target geometry_msgs_generate_messages_eus[0m
[  0%] Built target geometry_msgs_generate_messages_eus
[35m[1mScanning dependencies of target geometry_msgs_generate_messages_nodejs[0m
[  0%] Built target geometry_msgs_generate_messages_nodejs
[35m[1mScanning dependencies of target cob_srvs_generate_messages_lisp[0m
[  4%] [34m[1mGenerating Lisp code from cob_srvs/Dock.srv[0m
[  9%] [34m[1mGenerating Lisp code from cob_srvs/SetFloat.srv[0m
[ 13%] [34m[1mGenerating Lisp code from cob_srvs/SetInt.srv[0m
[ 18%] [34m[1mGenerating Lisp code from cob_srvs/SetString.srv[0m
[ 18%] Built target cob_srvs_generate_messages_lisp
[35m[1mScanning dependencies of target cob_srvs_generate_messages_py[0m
[35m[1mScanning dependencies of target cob_srvs_generate_messages_cpp[0m
[35m[1mScanning dependencies of target cob_srvs_generate_messages_eus[0m
[ 22%] [34m[1mGenerating Python code from SRV cob_srvs/Dock[0m
[ 27%] [34m[1mGenerating C++ code from cob_srvs/Dock.srv[0m
[ 31%] [34m[1mGenerating EusLisp code from cob_srvs/Dock.srv[0m
[ 36%] [34m[1mGenerating EusLisp code from cob_srvs/SetFloat.srv[0m
[ 40%] [34m[1mGenerating Python code from SRV cob_srvs/SetFloat[0m
[ 45%] [34m[1mGenerating EusLisp code from cob_srvs/SetInt.srv[0m
[ 50%] [34m[1mGenerating C++ code from cob_srvs/SetFloat.srv[0m
[ 54%] [34m[1mGenerating Python code from SRV cob_srvs/SetInt[0m
[ 59%] [34m[1mGenerating EusLisp code from cob_srvs/SetString.srv[0m
[ 63%] [34m[1mGenerating EusLisp manifest code for cob_srvs[0m
[ 68%] [34m[1mGenerating Python code from SRV cob_srvs/SetString[0m
[ 72%] [34m[1mGenerating C++ code from cob_srvs/SetInt.srv[0m
WARNING: Package name "LfH" does not follow the naming conventions. It should start with a lower case letter and only contain lower case letters, digits, underscores, and dashes.
WARNING: Package name "gazebo_ros_2Dmap_plugin" does not follow the naming conventions. It should start with a lower case letter and only contain lower case letters, digits, underscores, and dashes.
[ 77%] [34m[1mGenerating Python srv __init__.py for cob_srvs[0m
[ 81%] [34m[1mGenerating C++ code from cob_srvs/SetString.srv[0m
[ 81%] Built target cob_srvs_generate_messages_py
[35m[1mScanning dependencies of target cob_srvs_generate_messages_nodejs[0m
[ 86%] [34m[1mGenerating Javascript code from cob_srvs/Dock.srv[0m
WARNING: Package name "LfH" does not follow the naming conventions. It should start with a lower case letter and only contain lower case letters, digits, underscores, and dashes.
[ 90%] [34m[1mGenerating Javascript code from cob_srvs/SetFloat.srv[0m
WARNING: Package name "gazebo_ros_2Dmap_plugin" does not follow the naming conventions. It should start with a lower case letter and only contain lower case letters, digits, underscores, and dashes.
[ 95%] [34m[1mGenerating Javascript code from cob_srvs/SetInt.srv[0m
[ 95%] Built target cob_srvs_generate_messages_cpp
[100%] [34m[1mGenerating Javascript code from cob_srvs/SetString.srv[0m
[100%] Built target cob_srvs_generate_messages_nodejs
[100%] Built target cob_srvs_generate_messages_eus
[35m[1mScanning dependencies of target cob_srvs_generate_messages[0m
[100%] Built target cob_srvs_generate_messages
