Symlinking /home/az/github_may_messed_it_up_20250124arena_try_get_rel_vel_work/arena_ws/devel/share/cob_srvs/cmake/cob_srvsConfig.cmake
Symlinking /home/az/github_may_messed_it_up_20250124arena_try_get_rel_vel_work/arena_ws/devel/share/cob_srvs/cmake/cob_srvsConfig-version.cmake
Symlinking /home/az/github_may_messed_it_up_20250124arena_try_get_rel_vel_work/arena_ws/devel/share/cob_srvs/cmake/cob_srvs-msg-paths.cmake
Symlinking /home/az/github_may_messed_it_up_20250124arena_try_get_rel_vel_work/arena_ws/devel/share/cob_srvs/cmake/cob_srvs-msg-extras.cmake
Symlinking /home/az/github_may_messed_it_up_20250124arena_try_get_rel_vel_work/arena_ws/devel/share/roseus/ros/cob_srvs/manifest.l
Symlinking /home/az/github_may_messed_it_up_20250124arena_try_get_rel_vel_work/arena_ws/devel/share/roseus/ros/cob_srvs/srv/SetString.l
Symlinking /home/az/github_may_messed_it_up_20250124arena_try_get_rel_vel_work/arena_ws/devel/share/roseus/ros/cob_srvs/srv/SetInt.l
Symlinking /home/az/github_may_messed_it_up_20250124arena_try_get_rel_vel_work/arena_ws/devel/share/roseus/ros/cob_srvs/srv/Dock.l
Symlinking /home/az/github_may_messed_it_up_20250124arena_try_get_rel_vel_work/arena_ws/devel/share/roseus/ros/cob_srvs/srv/SetFloat.l
Symlinking /home/az/github_may_messed_it_up_20250124arena_try_get_rel_vel_work/arena_ws/devel/share/common-lisp/ros/cob_srvs/srv/SetFloat.lisp
Symlinking /home/az/github_may_messed_it_up_20250124arena_try_get_rel_vel_work/arena_ws/devel/share/common-lisp/ros/cob_srvs/srv/Dock.lisp
Symlinking /home/az/github_may_messed_it_up_20250124arena_try_get_rel_vel_work/arena_ws/devel/share/common-lisp/ros/cob_srvs/srv/SetString.lisp
Symlinking /home/az/github_may_messed_it_up_20250124arena_try_get_rel_vel_work/arena_ws/devel/share/common-lisp/ros/cob_srvs/srv/_package_Dock.lisp
Symlinking /home/az/github_may_messed_it_up_20250124arena_try_get_rel_vel_work/arena_ws/devel/share/common-lisp/ros/cob_srvs/srv/_package_SetString.lisp
Symlinking /home/az/github_may_messed_it_up_20250124arena_try_get_rel_vel_work/arena_ws/devel/share/common-lisp/ros/cob_srvs/srv/_package_SetInt.lisp
Symlinking /home/az/github_may_messed_it_up_20250124arena_try_get_rel_vel_work/arena_ws/devel/share/common-lisp/ros/cob_srvs/srv/_package.lisp
Symlinking /home/az/github_may_messed_it_up_20250124arena_try_get_rel_vel_work/arena_ws/devel/share/common-lisp/ros/cob_srvs/srv/cob_srvs-srv.asd
Symlinking /home/az/github_may_messed_it_up_20250124arena_try_get_rel_vel_work/arena_ws/devel/share/common-lisp/ros/cob_srvs/srv/SetInt.lisp
Symlinking /home/az/github_may_messed_it_up_20250124arena_try_get_rel_vel_work/arena_ws/devel/share/common-lisp/ros/cob_srvs/srv/_package_SetFloat.lisp
Symlinking /home/az/github_may_messed_it_up_20250124arena_try_get_rel_vel_work/arena_ws/devel/share/gennodejs/ros/cob_srvs/_index.js
Symlinking /home/az/github_may_messed_it_up_20250124arena_try_get_rel_vel_work/arena_ws/devel/share/gennodejs/ros/cob_srvs/srv/SetString.js
Symlinking /home/az/github_may_messed_it_up_20250124arena_try_get_rel_vel_work/arena_ws/devel/share/gennodejs/ros/cob_srvs/srv/_index.js
Symlinking /home/az/github_may_messed_it_up_20250124arena_try_get_rel_vel_work/arena_ws/devel/share/gennodejs/ros/cob_srvs/srv/SetInt.js
Symlinking /home/az/github_may_messed_it_up_20250124arena_try_get_rel_vel_work/arena_ws/devel/share/gennodejs/ros/cob_srvs/srv/Dock.js
Symlinking /home/az/github_may_messed_it_up_20250124arena_try_get_rel_vel_work/arena_ws/devel/share/gennodejs/ros/cob_srvs/srv/SetFloat.js
Symlinking /home/az/github_may_messed_it_up_20250124arena_try_get_rel_vel_work/arena_ws/devel/include/cob_srvs/SetInt.h
Symlinking /home/az/github_may_messed_it_up_20250124arena_try_get_rel_vel_work/arena_ws/devel/include/cob_srvs/SetFloat.h
Symlinking /home/az/github_may_messed_it_up_20250124arena_try_get_rel_vel_work/arena_ws/devel/include/cob_srvs/SetStringRequest.h
Symlinking /home/az/github_may_messed_it_up_20250124arena_try_get_rel_vel_work/arena_ws/devel/include/cob_srvs/SetString.h
Symlinking /home/az/github_may_messed_it_up_20250124arena_try_get_rel_vel_work/arena_ws/devel/include/cob_srvs/SetFloatRequest.h
Symlinking /home/az/github_may_messed_it_up_20250124arena_try_get_rel_vel_work/arena_ws/devel/include/cob_srvs/Dock.h
Symlinking /home/az/github_may_messed_it_up_20250124arena_try_get_rel_vel_work/arena_ws/devel/include/cob_srvs/DockRequest.h
Symlinking /home/az/github_may_messed_it_up_20250124arena_try_get_rel_vel_work/arena_ws/devel/include/cob_srvs/SetIntRequest.h
Symlinking /home/az/github_may_messed_it_up_20250124arena_try_get_rel_vel_work/arena_ws/devel/include/cob_srvs/DockResponse.h
Symlinking /home/az/github_may_messed_it_up_20250124arena_try_get_rel_vel_work/arena_ws/devel/include/cob_srvs/SetStringResponse.h
Symlinking /home/az/github_may_messed_it_up_20250124arena_try_get_rel_vel_work/arena_ws/devel/include/cob_srvs/SetIntResponse.h
Symlinking /home/az/github_may_messed_it_up_20250124arena_try_get_rel_vel_work/arena_ws/devel/include/cob_srvs/SetFloatResponse.h
Symlinking /home/az/github_may_messed_it_up_20250124arena_try_get_rel_vel_work/arena_ws/devel/lib/pkgconfig/cob_srvs.pc
Symlinking /home/az/github_may_messed_it_up_20250124arena_try_get_rel_vel_work/arena_ws/devel/lib/python3/dist-packages/cob_srvs/__init__.py
Symlinking /home/az/github_may_messed_it_up_20250124arena_try_get_rel_vel_work/arena_ws/devel/lib/python3/dist-packages/cob_srvs/srv/_SetInt.py
Symlinking /home/az/github_may_messed_it_up_20250124arena_try_get_rel_vel_work/arena_ws/devel/lib/python3/dist-packages/cob_srvs/srv/_SetFloat.py
Symlinking /home/az/github_may_messed_it_up_20250124arena_try_get_rel_vel_work/arena_ws/devel/lib/python3/dist-packages/cob_srvs/srv/_SetString.py
Symlinking /home/az/github_may_messed_it_up_20250124arena_try_get_rel_vel_work/arena_ws/devel/lib/python3/dist-packages/cob_srvs/srv/__init__.py
Symlinking /home/az/github_may_messed_it_up_20250124arena_try_get_rel_vel_work/arena_ws/devel/lib/python3/dist-packages/cob_srvs/srv/_Dock.py
