[  0%] Built target _ford_msgs_generate_messages_check_deps_potential_detections
[  0%] Built target _ford_msgs_generate_messages_check_deps_SSDObjs
[  0%] Built target _ford_msgs_generate_messages_check_deps_Clusters
[  0%] Built target geometry_msgs_generate_messages_py
[  0%] Built target _ford_msgs_generate_messages_check_deps_GetSafeActions
[  0%] Built target _ford_msgs_generate_messages_check_deps_PedTraj
[  0%] Built target sensor_msgs_generate_messages_py
[  0%] Built target _ford_msgs_generate_messages_check_deps_ped_detection
[  0%] Built target _ford_msgs_generate_messages_check_deps_ImageObj
[  0%] Built target _ford_msgs_generate_messages_check_deps_ClusterHit
[  0%] Built target _ford_msgs_generate_messages_check_deps_Pose2DStamped
[  0%] Built target _ford_msgs_generate_messages_check_deps_ImageRect
[  0%] Built target _ford_msgs_generate_messages_check_deps_PedTrajVec
[  0%] Built target _ford_msgs_generate_messages_check_deps_PlannerMode
[  0%] Built target std_msgs_generate_messages_py
[  0%] Built target geometry_msgs_generate_messages_eus
[  0%] Built target std_msgs_generate_messages_eus
[  0%] Built target sensor_msgs_generate_messages_eus
[  0%] Built target std_msgs_generate_messages_nodejs
[  0%] Built target _ford_msgs_generate_messages_check_deps_NNActions
[  0%] Built target sensor_msgs_generate_messages_nodejs
[  0%] Built target geometry_msgs_generate_messages_nodejs
[  0%] Built target std_msgs_generate_messages_lisp
[  0%] Built target geometry_msgs_generate_messages_lisp
[  0%] Built target sensor_msgs_generate_messages_lisp
[  0%] Built target sensor_msgs_generate_messages_cpp
[  0%] Built target std_msgs_generate_messages_cpp
[  0%] Built target geometry_msgs_generate_messages_cpp
[ 22%] Built target ford_msgs_generate_messages_py
[ 42%] Built target ford_msgs_generate_messages_eus
[ 61%] Built target ford_msgs_generate_messages_nodejs
[ 80%] Built target ford_msgs_generate_messages_lisp
[100%] Built target ford_msgs_generate_messages_cpp
[100%] Built target ford_msgs_generate_messages
