Symlinking /home/az/arena_ws/devel/share/roseus/ros/ford_msgs/manifest.l
Symlinking /home/az/arena_ws/devel/share/roseus/ros/ford_msgs/msg/ClusterHit.l
Symlinking /home/az/arena_ws/devel/share/roseus/ros/ford_msgs/msg/ImageObj.l
Symlinking /home/az/arena_ws/devel/share/roseus/ros/ford_msgs/msg/Clusters.l
Symlinking /home/az/arena_ws/devel/share/roseus/ros/ford_msgs/msg/ImageRect.l
Symlinking /home/az/arena_ws/devel/share/roseus/ros/ford_msgs/msg/Pose2DStamped.l
Symlinking /home/az/arena_ws/devel/share/roseus/ros/ford_msgs/msg/PlannerMode.l
Symlinking /home/az/arena_ws/devel/share/roseus/ros/ford_msgs/msg/potential_detections.l
Symlinking /home/az/arena_ws/devel/share/roseus/ros/ford_msgs/msg/PedTraj.l
Symlinking /home/az/arena_ws/devel/share/roseus/ros/ford_msgs/msg/PedTrajVec.l
Symlinking /home/az/arena_ws/devel/share/roseus/ros/ford_msgs/msg/SSDObjs.l
Symlinking /home/az/arena_ws/devel/share/roseus/ros/ford_msgs/msg/ped_detection.l
Symlinking /home/az/arena_ws/devel/share/roseus/ros/ford_msgs/msg/NNActions.l
Symlinking /home/az/arena_ws/devel/share/roseus/ros/ford_msgs/srv/GetSafeActions.l
Symlinking /home/az/arena_ws/devel/share/common-lisp/ros/ford_msgs/msg/PlannerMode.lisp
Symlinking /home/az/arena_ws/devel/share/common-lisp/ros/ford_msgs/msg/potential_detections.lisp
Symlinking /home/az/arena_ws/devel/share/common-lisp/ros/ford_msgs/msg/_package_PedTraj.lisp
Symlinking /home/az/arena_ws/devel/share/common-lisp/ros/ford_msgs/msg/ped_detection.lisp
Symlinking /home/az/arena_ws/devel/share/common-lisp/ros/ford_msgs/msg/ImageObj.lisp
Symlinking /home/az/arena_ws/devel/share/common-lisp/ros/ford_msgs/msg/NNActions.lisp
Symlinking /home/az/arena_ws/devel/share/common-lisp/ros/ford_msgs/msg/ClusterHit.lisp
Symlinking /home/az/arena_ws/devel/share/common-lisp/ros/ford_msgs/msg/_package_ClusterHit.lisp
Symlinking /home/az/arena_ws/devel/share/common-lisp/ros/ford_msgs/msg/_package_potential_detections.lisp
Symlinking /home/az/arena_ws/devel/share/common-lisp/ros/ford_msgs/msg/_package_Pose2DStamped.lisp
Symlinking /home/az/arena_ws/devel/share/common-lisp/ros/ford_msgs/msg/_package_PlannerMode.lisp
Symlinking /home/az/arena_ws/devel/share/common-lisp/ros/ford_msgs/msg/_package_Clusters.lisp
Symlinking /home/az/arena_ws/devel/share/common-lisp/ros/ford_msgs/msg/_package.lisp
Symlinking /home/az/arena_ws/devel/share/common-lisp/ros/ford_msgs/msg/PedTrajVec.lisp
Symlinking /home/az/arena_ws/devel/share/common-lisp/ros/ford_msgs/msg/ford_msgs-msg.asd
Symlinking /home/az/arena_ws/devel/share/common-lisp/ros/ford_msgs/msg/ImageRect.lisp
Symlinking /home/az/arena_ws/devel/share/common-lisp/ros/ford_msgs/msg/Pose2DStamped.lisp
Symlinking /home/az/arena_ws/devel/share/common-lisp/ros/ford_msgs/msg/SSDObjs.lisp
Symlinking /home/az/arena_ws/devel/share/common-lisp/ros/ford_msgs/msg/_package_NNActions.lisp
Symlinking /home/az/arena_ws/devel/share/common-lisp/ros/ford_msgs/msg/Clusters.lisp
Symlinking /home/az/arena_ws/devel/share/common-lisp/ros/ford_msgs/msg/_package_SSDObjs.lisp
Symlinking /home/az/arena_ws/devel/share/common-lisp/ros/ford_msgs/msg/_package_ImageRect.lisp
Symlinking /home/az/arena_ws/devel/share/common-lisp/ros/ford_msgs/msg/_package_PedTrajVec.lisp
Symlinking /home/az/arena_ws/devel/share/common-lisp/ros/ford_msgs/msg/PedTraj.lisp
Symlinking /home/az/arena_ws/devel/share/common-lisp/ros/ford_msgs/msg/_package_ped_detection.lisp
Symlinking /home/az/arena_ws/devel/share/common-lisp/ros/ford_msgs/msg/_package_ImageObj.lisp
Symlinking /home/az/arena_ws/devel/share/common-lisp/ros/ford_msgs/srv/GetSafeActions.lisp
Symlinking /home/az/arena_ws/devel/share/common-lisp/ros/ford_msgs/srv/ford_msgs-srv.asd
Symlinking /home/az/arena_ws/devel/share/common-lisp/ros/ford_msgs/srv/_package.lisp
Symlinking /home/az/arena_ws/devel/share/common-lisp/ros/ford_msgs/srv/_package_GetSafeActions.lisp
Symlinking /home/az/arena_ws/devel/share/gennodejs/ros/ford_msgs/_index.js
Symlinking /home/az/arena_ws/devel/share/gennodejs/ros/ford_msgs/msg/PedTraj.js
Symlinking /home/az/arena_ws/devel/share/gennodejs/ros/ford_msgs/msg/_index.js
Symlinking /home/az/arena_ws/devel/share/gennodejs/ros/ford_msgs/msg/ClusterHit.js
Symlinking /home/az/arena_ws/devel/share/gennodejs/ros/ford_msgs/msg/potential_detections.js
Symlinking /home/az/arena_ws/devel/share/gennodejs/ros/ford_msgs/msg/SSDObjs.js
Symlinking /home/az/arena_ws/devel/share/gennodejs/ros/ford_msgs/msg/PlannerMode.js
Symlinking /home/az/arena_ws/devel/share/gennodejs/ros/ford_msgs/msg/Pose2DStamped.js
Symlinking /home/az/arena_ws/devel/share/gennodejs/ros/ford_msgs/msg/ImageObj.js
Symlinking /home/az/arena_ws/devel/share/gennodejs/ros/ford_msgs/msg/PedTrajVec.js
Symlinking /home/az/arena_ws/devel/share/gennodejs/ros/ford_msgs/msg/NNActions.js
Symlinking /home/az/arena_ws/devel/share/gennodejs/ros/ford_msgs/msg/ImageRect.js
Symlinking /home/az/arena_ws/devel/share/gennodejs/ros/ford_msgs/msg/ped_detection.js
Symlinking /home/az/arena_ws/devel/share/gennodejs/ros/ford_msgs/msg/Clusters.js
Symlinking /home/az/arena_ws/devel/share/gennodejs/ros/ford_msgs/srv/_index.js
Symlinking /home/az/arena_ws/devel/share/gennodejs/ros/ford_msgs/srv/GetSafeActions.js
Symlinking /home/az/arena_ws/devel/share/ford_msgs/cmake/ford_msgs-msg-paths.cmake
Symlinking /home/az/arena_ws/devel/share/ford_msgs/cmake/ford_msgs-msg-extras.cmake
Symlinking /home/az/arena_ws/devel/share/ford_msgs/cmake/ford_msgsConfig-version.cmake
Symlinking /home/az/arena_ws/devel/share/ford_msgs/cmake/ford_msgsConfig.cmake
Symlinking /home/az/arena_ws/devel/include/ford_msgs/PlannerMode.h
Symlinking /home/az/arena_ws/devel/include/ford_msgs/potential_detections.h
Symlinking /home/az/arena_ws/devel/include/ford_msgs/GetSafeActionsResponse.h
Symlinking /home/az/arena_ws/devel/include/ford_msgs/NNActions.h
Symlinking /home/az/arena_ws/devel/include/ford_msgs/ClusterHit.h
Symlinking /home/az/arena_ws/devel/include/ford_msgs/PedTrajVec.h
Symlinking /home/az/arena_ws/devel/include/ford_msgs/Clusters.h
Symlinking /home/az/arena_ws/devel/include/ford_msgs/Pose2DStamped.h
Symlinking /home/az/arena_ws/devel/include/ford_msgs/GetSafeActionsRequest.h
Symlinking /home/az/arena_ws/devel/include/ford_msgs/ImageObj.h
Symlinking /home/az/arena_ws/devel/include/ford_msgs/GetSafeActions.h
Symlinking /home/az/arena_ws/devel/include/ford_msgs/ped_detection.h
Symlinking /home/az/arena_ws/devel/include/ford_msgs/SSDObjs.h
Symlinking /home/az/arena_ws/devel/include/ford_msgs/ImageRect.h
Symlinking /home/az/arena_ws/devel/include/ford_msgs/PedTraj.h
Symlinking /home/az/arena_ws/devel/lib/pkgconfig/ford_msgs.pc
Symlinking /home/az/arena_ws/devel/lib/python3/dist-packages/ford_msgs/__init__.py
Symlinking /home/az/arena_ws/devel/lib/python3/dist-packages/ford_msgs/msg/_Pose2DStamped.py
Symlinking /home/az/arena_ws/devel/lib/python3/dist-packages/ford_msgs/msg/_PedTraj.py
Symlinking /home/az/arena_ws/devel/lib/python3/dist-packages/ford_msgs/msg/_PedTrajVec.py
Symlinking /home/az/arena_ws/devel/lib/python3/dist-packages/ford_msgs/msg/_Clusters.py
Symlinking /home/az/arena_ws/devel/lib/python3/dist-packages/ford_msgs/msg/_PlannerMode.py
Symlinking /home/az/arena_ws/devel/lib/python3/dist-packages/ford_msgs/msg/_SSDObjs.py
Symlinking /home/az/arena_ws/devel/lib/python3/dist-packages/ford_msgs/msg/_ped_detection.py
Symlinking /home/az/arena_ws/devel/lib/python3/dist-packages/ford_msgs/msg/__init__.py
Symlinking /home/az/arena_ws/devel/lib/python3/dist-packages/ford_msgs/msg/_NNActions.py
Symlinking /home/az/arena_ws/devel/lib/python3/dist-packages/ford_msgs/msg/_ClusterHit.py
Symlinking /home/az/arena_ws/devel/lib/python3/dist-packages/ford_msgs/msg/_potential_detections.py
Symlinking /home/az/arena_ws/devel/lib/python3/dist-packages/ford_msgs/msg/_ImageObj.py
Symlinking /home/az/arena_ws/devel/lib/python3/dist-packages/ford_msgs/msg/_ImageRect.py
Symlinking /home/az/arena_ws/devel/lib/python3/dist-packages/ford_msgs/srv/__init__.py
Symlinking /home/az/arena_ws/devel/lib/python3/dist-packages/ford_msgs/srv/_GetSafeActions.py
