[35m[1mScanning dependencies of target _ford_msgs_generate_messages_check_deps_potential_detections[0m
[  0%] Built target _ford_msgs_generate_messages_check_deps_potential_detections
[35m[1mScanning dependencies of target _ford_msgs_generate_messages_check_deps_SSDObjs[0m
[  0%] Built target _ford_msgs_generate_messages_check_deps_SSDObjs
[35m[1mScanning dependencies of target _ford_msgs_generate_messages_check_deps_Clusters[0m
[  0%] Built target _ford_msgs_generate_messages_check_deps_Clusters
[35m[1mScanning dependencies of target _ford_msgs_generate_messages_check_deps_GetSafeActions[0m
[  0%] Built target _ford_msgs_generate_messages_check_deps_GetSafeActions
[35m[1mScanning dependencies of target _ford_msgs_generate_messages_check_deps_PedTraj[0m
[  0%] Built target _ford_msgs_generate_messages_check_deps_PedTraj
[35m[1mScanning dependencies of target geometry_msgs_generate_messages_py[0m
[  0%] Built target geometry_msgs_generate_messages_py
[35m[1mScanning dependencies of target sensor_msgs_generate_messages_py[0m
[  0%] Built target sensor_msgs_generate_messages_py
[35m[1mScanning dependencies of target _ford_msgs_generate_messages_check_deps_ped_detection[0m
[  0%] Built target _ford_msgs_generate_messages_check_deps_ped_detection
[35m[1mScanning dependencies of target _ford_msgs_generate_messages_check_deps_ImageObj[0m
[  0%] Built target _ford_msgs_generate_messages_check_deps_ImageObj
[35m[1mScanning dependencies of target _ford_msgs_generate_messages_check_deps_ClusterHit[0m
[  0%] Built target _ford_msgs_generate_messages_check_deps_ClusterHit
[35m[1mScanning dependencies of target _ford_msgs_generate_messages_check_deps_Pose2DStamped[0m
[  0%] Built target _ford_msgs_generate_messages_check_deps_Pose2DStamped
[35m[1mScanning dependencies of target _ford_msgs_generate_messages_check_deps_ImageRect[0m
[  0%] Built target _ford_msgs_generate_messages_check_deps_ImageRect
[35m[1mScanning dependencies of target _ford_msgs_generate_messages_check_deps_PedTrajVec[0m
[  0%] Built target _ford_msgs_generate_messages_check_deps_PedTrajVec
[35m[1mScanning dependencies of target _ford_msgs_generate_messages_check_deps_PlannerMode[0m
[  0%] Built target _ford_msgs_generate_messages_check_deps_PlannerMode
[35m[1mScanning dependencies of target _ford_msgs_generate_messages_check_deps_NNActions[0m
[  0%] Built target _ford_msgs_generate_messages_check_deps_NNActions
[35m[1mScanning dependencies of target std_msgs_generate_messages_py[0m
[  0%] Built target std_msgs_generate_messages_py
[35m[1mScanning dependencies of target geometry_msgs_generate_messages_eus[0m
[  0%] Built target geometry_msgs_generate_messages_eus
[35m[1mScanning dependencies of target std_msgs_generate_messages_eus[0m
[  0%] Built target std_msgs_generate_messages_eus
[35m[1mScanning dependencies of target sensor_msgs_generate_messages_eus[0m
[  0%] Built target sensor_msgs_generate_messages_eus
[35m[1mScanning dependencies of target std_msgs_generate_messages_nodejs[0m
[  0%] Built target std_msgs_generate_messages_nodejs
[35m[1mScanning dependencies of target sensor_msgs_generate_messages_nodejs[0m
[  0%] Built target sensor_msgs_generate_messages_nodejs
[35m[1mScanning dependencies of target geometry_msgs_generate_messages_nodejs[0m
[  0%] Built target geometry_msgs_generate_messages_nodejs
[35m[1mScanning dependencies of target std_msgs_generate_messages_lisp[0m
[  0%] Built target std_msgs_generate_messages_lisp
[35m[1mScanning dependencies of target geometry_msgs_generate_messages_lisp[0m
[  0%] Built target geometry_msgs_generate_messages_lisp
[35m[1mScanning dependencies of target sensor_msgs_generate_messages_lisp[0m
[  0%] Built target sensor_msgs_generate_messages_lisp
[35m[1mScanning dependencies of target sensor_msgs_generate_messages_cpp[0m
[  0%] Built target sensor_msgs_generate_messages_cpp
[35m[1mScanning dependencies of target std_msgs_generate_messages_cpp[0m
[  0%] Built target std_msgs_generate_messages_cpp
[35m[1mScanning dependencies of target geometry_msgs_generate_messages_cpp[0m
[  0%] Built target geometry_msgs_generate_messages_cpp
[35m[1mScanning dependencies of target ford_msgs_generate_messages_py[0m
[  1%] [34m[1mGenerating Python from MSG ford_msgs/ClusterHit[0m
[  2%] [34m[1mGenerating Python from MSG ford_msgs/Pose2DStamped[0m
[  4%] [34m[1mGenerating Python from MSG ford_msgs/ImageObj[0m
[  5%] [34m[1mGenerating Python from MSG ford_msgs/ImageRect[0m
[  7%] [34m[1mGenerating Python from MSG ford_msgs/PedTraj[0m
[  8%] [34m[1mGenerating Python from MSG ford_msgs/PedTrajVec[0m
[ 10%] [34m[1mGenerating Python from MSG ford_msgs/Clusters[0m
[ 11%] [34m[1mGenerating Python from MSG ford_msgs/PlannerMode[0m
[ 13%] [34m[1mGenerating Python from MSG ford_msgs/NNActions[0m
[ 14%] [34m[1mGenerating Python from MSG ford_msgs/potential_detections[0m
[ 16%] [34m[1mGenerating Python from MSG ford_msgs/ped_detection[0m
[ 17%] [34m[1mGenerating Python from MSG ford_msgs/SSDObjs[0m
[ 19%] [34m[1mGenerating Python code from SRV ford_msgs/GetSafeActions[0m
[ 20%] [34m[1mGenerating Python msg __init__.py for ford_msgs[0m
[ 22%] [34m[1mGenerating Python srv __init__.py for ford_msgs[0m
[ 22%] Built target ford_msgs_generate_messages_py
[35m[1mScanning dependencies of target ford_msgs_generate_messages_eus[0m
[ 23%] [34m[1mGenerating EusLisp code from ford_msgs/ClusterHit.msg[0m
[ 25%] [34m[1mGenerating EusLisp code from ford_msgs/Pose2DStamped.msg[0m
[ 26%] [34m[1mGenerating EusLisp code from ford_msgs/ImageObj.msg[0m
[ 27%] [34m[1mGenerating EusLisp code from ford_msgs/ImageRect.msg[0m
[ 29%] [34m[1mGenerating EusLisp code from ford_msgs/PedTraj.msg[0m
[ 30%] [34m[1mGenerating EusLisp code from ford_msgs/PedTrajVec.msg[0m
[ 32%] [34m[1mGenerating EusLisp code from ford_msgs/Clusters.msg[0m
[ 33%] [34m[1mGenerating EusLisp code from ford_msgs/PlannerMode.msg[0m
[ 35%] [34m[1mGenerating EusLisp code from ford_msgs/NNActions.msg[0m
[ 36%] [34m[1mGenerating EusLisp code from ford_msgs/potential_detections.msg[0m
[ 38%] [34m[1mGenerating EusLisp code from ford_msgs/ped_detection.msg[0m
[ 39%] [34m[1mGenerating EusLisp code from ford_msgs/SSDObjs.msg[0m
[ 41%] [34m[1mGenerating EusLisp code from ford_msgs/GetSafeActions.srv[0m
[ 42%] [34m[1mGenerating EusLisp manifest code for ford_msgs[0m
WARNING: Package name "LfH" does not follow the naming conventions. It should start with a lower case letter and only contain lower case letters, digits, underscores, and dashes.
WARNING: Package name "gazebo_ros_2Dmap_plugin" does not follow the naming conventions. It should start with a lower case letter and only contain lower case letters, digits, underscores, and dashes.
WARNING: Package name "LfH" does not follow the naming conventions. It should start with a lower case letter and only contain lower case letters, digits, underscores, and dashes.
WARNING: Package name "gazebo_ros_2Dmap_plugin" does not follow the naming conventions. It should start with a lower case letter and only contain lower case letters, digits, underscores, and dashes.
[ 42%] Built target ford_msgs_generate_messages_eus
[35m[1mScanning dependencies of target ford_msgs_generate_messages_nodejs[0m
[ 44%] [34m[1mGenerating Javascript code from ford_msgs/ClusterHit.msg[0m
[ 45%] [34m[1mGenerating Javascript code from ford_msgs/Pose2DStamped.msg[0m
[ 47%] [34m[1mGenerating Javascript code from ford_msgs/ImageObj.msg[0m
[ 48%] [34m[1mGenerating Javascript code from ford_msgs/ImageRect.msg[0m
[ 50%] [34m[1mGenerating Javascript code from ford_msgs/PedTraj.msg[0m
[ 51%] [34m[1mGenerating Javascript code from ford_msgs/PedTrajVec.msg[0m
[ 52%] [34m[1mGenerating Javascript code from ford_msgs/Clusters.msg[0m
[ 54%] [34m[1mGenerating Javascript code from ford_msgs/PlannerMode.msg[0m
[ 55%] [34m[1mGenerating Javascript code from ford_msgs/NNActions.msg[0m
[ 57%] [34m[1mGenerating Javascript code from ford_msgs/potential_detections.msg[0m
[ 58%] [34m[1mGenerating Javascript code from ford_msgs/ped_detection.msg[0m
[ 60%] [34m[1mGenerating Javascript code from ford_msgs/SSDObjs.msg[0m
[ 61%] [34m[1mGenerating Javascript code from ford_msgs/GetSafeActions.srv[0m
[ 61%] Built target ford_msgs_generate_messages_nodejs
[35m[1mScanning dependencies of target ford_msgs_generate_messages_lisp[0m
[ 63%] [34m[1mGenerating Lisp code from ford_msgs/ClusterHit.msg[0m
[ 64%] [34m[1mGenerating Lisp code from ford_msgs/Pose2DStamped.msg[0m
[ 66%] [34m[1mGenerating Lisp code from ford_msgs/ImageObj.msg[0m
[ 67%] [34m[1mGenerating Lisp code from ford_msgs/ImageRect.msg[0m
[ 69%] [34m[1mGenerating Lisp code from ford_msgs/PedTraj.msg[0m
[ 70%] [34m[1mGenerating Lisp code from ford_msgs/PedTrajVec.msg[0m
[ 72%] [34m[1mGenerating Lisp code from ford_msgs/Clusters.msg[0m
[ 73%] [34m[1mGenerating Lisp code from ford_msgs/PlannerMode.msg[0m
[ 75%] [34m[1mGenerating Lisp code from ford_msgs/NNActions.msg[0m
[ 76%] [34m[1mGenerating Lisp code from ford_msgs/potential_detections.msg[0m
[ 77%] [34m[1mGenerating Lisp code from ford_msgs/ped_detection.msg[0m
[ 79%] [34m[1mGenerating Lisp code from ford_msgs/SSDObjs.msg[0m
[ 80%] [34m[1mGenerating Lisp code from ford_msgs/GetSafeActions.srv[0m
[ 80%] Built target ford_msgs_generate_messages_lisp
[35m[1mScanning dependencies of target ford_msgs_generate_messages_cpp[0m
[ 82%] [34m[1mGenerating C++ code from ford_msgs/ClusterHit.msg[0m
[ 83%] [34m[1mGenerating C++ code from ford_msgs/Pose2DStamped.msg[0m
[ 85%] [34m[1mGenerating C++ code from ford_msgs/ImageObj.msg[0m
[ 86%] [34m[1mGenerating C++ code from ford_msgs/ImageRect.msg[0m
[ 88%] [34m[1mGenerating C++ code from ford_msgs/PedTraj.msg[0m
[ 89%] [34m[1mGenerating C++ code from ford_msgs/PedTrajVec.msg[0m
[ 91%] [34m[1mGenerating C++ code from ford_msgs/Clusters.msg[0m
[ 92%] [34m[1mGenerating C++ code from ford_msgs/PlannerMode.msg[0m
[ 94%] [34m[1mGenerating C++ code from ford_msgs/NNActions.msg[0m
[ 95%] [34m[1mGenerating C++ code from ford_msgs/potential_detections.msg[0m
[ 97%] [34m[1mGenerating C++ code from ford_msgs/ped_detection.msg[0m
[ 98%] [34m[1mGenerating C++ code from ford_msgs/SSDObjs.msg[0m
[100%] [34m[1mGenerating C++ code from ford_msgs/GetSafeActions.srv[0m
[100%] Built target ford_msgs_generate_messages_cpp
[35m[1mScanning dependencies of target ford_msgs_generate_messages[0m
[100%] Built target ford_msgs_generate_messages
