Linked: (/home/az/arena_ws/devel/.private/ford_msgs/share/roseus/ros/ford_msgs/manifest.l, /home/az/arena_ws/devel/share/roseus/ros/ford_msgs/manifest.l)
Linked: (/home/az/arena_ws/devel/.private/ford_msgs/share/roseus/ros/ford_msgs/msg/ClusterHit.l, /home/az/arena_ws/devel/share/roseus/ros/ford_msgs/msg/ClusterHit.l)
Linked: (/home/az/arena_ws/devel/.private/ford_msgs/share/roseus/ros/ford_msgs/msg/ImageObj.l, /home/az/arena_ws/devel/share/roseus/ros/ford_msgs/msg/ImageObj.l)
Linked: (/home/az/arena_ws/devel/.private/ford_msgs/share/roseus/ros/ford_msgs/msg/Clusters.l, /home/az/arena_ws/devel/share/roseus/ros/ford_msgs/msg/Clusters.l)
Linked: (/home/az/arena_ws/devel/.private/ford_msgs/share/roseus/ros/ford_msgs/msg/ImageRect.l, /home/az/arena_ws/devel/share/roseus/ros/ford_msgs/msg/ImageRect.l)
Linked: (/home/az/arena_ws/devel/.private/ford_msgs/share/roseus/ros/ford_msgs/msg/Pose2DStamped.l, /home/az/arena_ws/devel/share/roseus/ros/ford_msgs/msg/Pose2DStamped.l)
Linked: (/home/az/arena_ws/devel/.private/ford_msgs/share/roseus/ros/ford_msgs/msg/PlannerMode.l, /home/az/arena_ws/devel/share/roseus/ros/ford_msgs/msg/PlannerMode.l)
Linked: (/home/az/arena_ws/devel/.private/ford_msgs/share/roseus/ros/ford_msgs/msg/potential_detections.l, /home/az/arena_ws/devel/share/roseus/ros/ford_msgs/msg/potential_detections.l)
Linked: (/home/az/arena_ws/devel/.private/ford_msgs/share/roseus/ros/ford_msgs/msg/PedTraj.l, /home/az/arena_ws/devel/share/roseus/ros/ford_msgs/msg/PedTraj.l)
Linked: (/home/az/arena_ws/devel/.private/ford_msgs/share/roseus/ros/ford_msgs/msg/PedTrajVec.l, /home/az/arena_ws/devel/share/roseus/ros/ford_msgs/msg/PedTrajVec.l)
Linked: (/home/az/arena_ws/devel/.private/ford_msgs/share/roseus/ros/ford_msgs/msg/SSDObjs.l, /home/az/arena_ws/devel/share/roseus/ros/ford_msgs/msg/SSDObjs.l)
Linked: (/home/az/arena_ws/devel/.private/ford_msgs/share/roseus/ros/ford_msgs/msg/ped_detection.l, /home/az/arena_ws/devel/share/roseus/ros/ford_msgs/msg/ped_detection.l)
Linked: (/home/az/arena_ws/devel/.private/ford_msgs/share/roseus/ros/ford_msgs/msg/NNActions.l, /home/az/arena_ws/devel/share/roseus/ros/ford_msgs/msg/NNActions.l)
Linked: (/home/az/arena_ws/devel/.private/ford_msgs/share/roseus/ros/ford_msgs/srv/GetSafeActions.l, /home/az/arena_ws/devel/share/roseus/ros/ford_msgs/srv/GetSafeActions.l)
Linked: (/home/az/arena_ws/devel/.private/ford_msgs/share/common-lisp/ros/ford_msgs/msg/PlannerMode.lisp, /home/az/arena_ws/devel/share/common-lisp/ros/ford_msgs/msg/PlannerMode.lisp)
Linked: (/home/az/arena_ws/devel/.private/ford_msgs/share/common-lisp/ros/ford_msgs/msg/potential_detections.lisp, /home/az/arena_ws/devel/share/common-lisp/ros/ford_msgs/msg/potential_detections.lisp)
Linked: (/home/az/arena_ws/devel/.private/ford_msgs/share/common-lisp/ros/ford_msgs/msg/_package_PedTraj.lisp, /home/az/arena_ws/devel/share/common-lisp/ros/ford_msgs/msg/_package_PedTraj.lisp)
Linked: (/home/az/arena_ws/devel/.private/ford_msgs/share/common-lisp/ros/ford_msgs/msg/ped_detection.lisp, /home/az/arena_ws/devel/share/common-lisp/ros/ford_msgs/msg/ped_detection.lisp)
Linked: (/home/az/arena_ws/devel/.private/ford_msgs/share/common-lisp/ros/ford_msgs/msg/ImageObj.lisp, /home/az/arena_ws/devel/share/common-lisp/ros/ford_msgs/msg/ImageObj.lisp)
Linked: (/home/az/arena_ws/devel/.private/ford_msgs/share/common-lisp/ros/ford_msgs/msg/NNActions.lisp, /home/az/arena_ws/devel/share/common-lisp/ros/ford_msgs/msg/NNActions.lisp)
Linked: (/home/az/arena_ws/devel/.private/ford_msgs/share/common-lisp/ros/ford_msgs/msg/ClusterHit.lisp, /home/az/arena_ws/devel/share/common-lisp/ros/ford_msgs/msg/ClusterHit.lisp)
Linked: (/home/az/arena_ws/devel/.private/ford_msgs/share/common-lisp/ros/ford_msgs/msg/_package_ClusterHit.lisp, /home/az/arena_ws/devel/share/common-lisp/ros/ford_msgs/msg/_package_ClusterHit.lisp)
Linked: (/home/az/arena_ws/devel/.private/ford_msgs/share/common-lisp/ros/ford_msgs/msg/_package_potential_detections.lisp, /home/az/arena_ws/devel/share/common-lisp/ros/ford_msgs/msg/_package_potential_detections.lisp)
Linked: (/home/az/arena_ws/devel/.private/ford_msgs/share/common-lisp/ros/ford_msgs/msg/_package_Pose2DStamped.lisp, /home/az/arena_ws/devel/share/common-lisp/ros/ford_msgs/msg/_package_Pose2DStamped.lisp)
Linked: (/home/az/arena_ws/devel/.private/ford_msgs/share/common-lisp/ros/ford_msgs/msg/_package_PlannerMode.lisp, /home/az/arena_ws/devel/share/common-lisp/ros/ford_msgs/msg/_package_PlannerMode.lisp)
Linked: (/home/az/arena_ws/devel/.private/ford_msgs/share/common-lisp/ros/ford_msgs/msg/_package_Clusters.lisp, /home/az/arena_ws/devel/share/common-lisp/ros/ford_msgs/msg/_package_Clusters.lisp)
Linked: (/home/az/arena_ws/devel/.private/ford_msgs/share/common-lisp/ros/ford_msgs/msg/_package.lisp, /home/az/arena_ws/devel/share/common-lisp/ros/ford_msgs/msg/_package.lisp)
Linked: (/home/az/arena_ws/devel/.private/ford_msgs/share/common-lisp/ros/ford_msgs/msg/PedTrajVec.lisp, /home/az/arena_ws/devel/share/common-lisp/ros/ford_msgs/msg/PedTrajVec.lisp)
Linked: (/home/az/arena_ws/devel/.private/ford_msgs/share/common-lisp/ros/ford_msgs/msg/ford_msgs-msg.asd, /home/az/arena_ws/devel/share/common-lisp/ros/ford_msgs/msg/ford_msgs-msg.asd)
Linked: (/home/az/arena_ws/devel/.private/ford_msgs/share/common-lisp/ros/ford_msgs/msg/ImageRect.lisp, /home/az/arena_ws/devel/share/common-lisp/ros/ford_msgs/msg/ImageRect.lisp)
Linked: (/home/az/arena_ws/devel/.private/ford_msgs/share/common-lisp/ros/ford_msgs/msg/Pose2DStamped.lisp, /home/az/arena_ws/devel/share/common-lisp/ros/ford_msgs/msg/Pose2DStamped.lisp)
Linked: (/home/az/arena_ws/devel/.private/ford_msgs/share/common-lisp/ros/ford_msgs/msg/SSDObjs.lisp, /home/az/arena_ws/devel/share/common-lisp/ros/ford_msgs/msg/SSDObjs.lisp)
Linked: (/home/az/arena_ws/devel/.private/ford_msgs/share/common-lisp/ros/ford_msgs/msg/_package_NNActions.lisp, /home/az/arena_ws/devel/share/common-lisp/ros/ford_msgs/msg/_package_NNActions.lisp)
Linked: (/home/az/arena_ws/devel/.private/ford_msgs/share/common-lisp/ros/ford_msgs/msg/Clusters.lisp, /home/az/arena_ws/devel/share/common-lisp/ros/ford_msgs/msg/Clusters.lisp)
Linked: (/home/az/arena_ws/devel/.private/ford_msgs/share/common-lisp/ros/ford_msgs/msg/_package_SSDObjs.lisp, /home/az/arena_ws/devel/share/common-lisp/ros/ford_msgs/msg/_package_SSDObjs.lisp)
Linked: (/home/az/arena_ws/devel/.private/ford_msgs/share/common-lisp/ros/ford_msgs/msg/_package_ImageRect.lisp, /home/az/arena_ws/devel/share/common-lisp/ros/ford_msgs/msg/_package_ImageRect.lisp)
Linked: (/home/az/arena_ws/devel/.private/ford_msgs/share/common-lisp/ros/ford_msgs/msg/_package_PedTrajVec.lisp, /home/az/arena_ws/devel/share/common-lisp/ros/ford_msgs/msg/_package_PedTrajVec.lisp)
Linked: (/home/az/arena_ws/devel/.private/ford_msgs/share/common-lisp/ros/ford_msgs/msg/PedTraj.lisp, /home/az/arena_ws/devel/share/common-lisp/ros/ford_msgs/msg/PedTraj.lisp)
Linked: (/home/az/arena_ws/devel/.private/ford_msgs/share/common-lisp/ros/ford_msgs/msg/_package_ped_detection.lisp, /home/az/arena_ws/devel/share/common-lisp/ros/ford_msgs/msg/_package_ped_detection.lisp)
Linked: (/home/az/arena_ws/devel/.private/ford_msgs/share/common-lisp/ros/ford_msgs/msg/_package_ImageObj.lisp, /home/az/arena_ws/devel/share/common-lisp/ros/ford_msgs/msg/_package_ImageObj.lisp)
Linked: (/home/az/arena_ws/devel/.private/ford_msgs/share/common-lisp/ros/ford_msgs/srv/GetSafeActions.lisp, /home/az/arena_ws/devel/share/common-lisp/ros/ford_msgs/srv/GetSafeActions.lisp)
Linked: (/home/az/arena_ws/devel/.private/ford_msgs/share/common-lisp/ros/ford_msgs/srv/ford_msgs-srv.asd, /home/az/arena_ws/devel/share/common-lisp/ros/ford_msgs/srv/ford_msgs-srv.asd)
Linked: (/home/az/arena_ws/devel/.private/ford_msgs/share/common-lisp/ros/ford_msgs/srv/_package.lisp, /home/az/arena_ws/devel/share/common-lisp/ros/ford_msgs/srv/_package.lisp)
Linked: (/home/az/arena_ws/devel/.private/ford_msgs/share/common-lisp/ros/ford_msgs/srv/_package_GetSafeActions.lisp, /home/az/arena_ws/devel/share/common-lisp/ros/ford_msgs/srv/_package_GetSafeActions.lisp)
Linked: (/home/az/arena_ws/devel/.private/ford_msgs/share/gennodejs/ros/ford_msgs/_index.js, /home/az/arena_ws/devel/share/gennodejs/ros/ford_msgs/_index.js)
Linked: (/home/az/arena_ws/devel/.private/ford_msgs/share/gennodejs/ros/ford_msgs/msg/PedTraj.js, /home/az/arena_ws/devel/share/gennodejs/ros/ford_msgs/msg/PedTraj.js)
Linked: (/home/az/arena_ws/devel/.private/ford_msgs/share/gennodejs/ros/ford_msgs/msg/_index.js, /home/az/arena_ws/devel/share/gennodejs/ros/ford_msgs/msg/_index.js)
Linked: (/home/az/arena_ws/devel/.private/ford_msgs/share/gennodejs/ros/ford_msgs/msg/ClusterHit.js, /home/az/arena_ws/devel/share/gennodejs/ros/ford_msgs/msg/ClusterHit.js)
Linked: (/home/az/arena_ws/devel/.private/ford_msgs/share/gennodejs/ros/ford_msgs/msg/potential_detections.js, /home/az/arena_ws/devel/share/gennodejs/ros/ford_msgs/msg/potential_detections.js)
Linked: (/home/az/arena_ws/devel/.private/ford_msgs/share/gennodejs/ros/ford_msgs/msg/SSDObjs.js, /home/az/arena_ws/devel/share/gennodejs/ros/ford_msgs/msg/SSDObjs.js)
Linked: (/home/az/arena_ws/devel/.private/ford_msgs/share/gennodejs/ros/ford_msgs/msg/PlannerMode.js, /home/az/arena_ws/devel/share/gennodejs/ros/ford_msgs/msg/PlannerMode.js)
Linked: (/home/az/arena_ws/devel/.private/ford_msgs/share/gennodejs/ros/ford_msgs/msg/Pose2DStamped.js, /home/az/arena_ws/devel/share/gennodejs/ros/ford_msgs/msg/Pose2DStamped.js)
Linked: (/home/az/arena_ws/devel/.private/ford_msgs/share/gennodejs/ros/ford_msgs/msg/ImageObj.js, /home/az/arena_ws/devel/share/gennodejs/ros/ford_msgs/msg/ImageObj.js)
Linked: (/home/az/arena_ws/devel/.private/ford_msgs/share/gennodejs/ros/ford_msgs/msg/PedTrajVec.js, /home/az/arena_ws/devel/share/gennodejs/ros/ford_msgs/msg/PedTrajVec.js)
Linked: (/home/az/arena_ws/devel/.private/ford_msgs/share/gennodejs/ros/ford_msgs/msg/NNActions.js, /home/az/arena_ws/devel/share/gennodejs/ros/ford_msgs/msg/NNActions.js)
Linked: (/home/az/arena_ws/devel/.private/ford_msgs/share/gennodejs/ros/ford_msgs/msg/ImageRect.js, /home/az/arena_ws/devel/share/gennodejs/ros/ford_msgs/msg/ImageRect.js)
Linked: (/home/az/arena_ws/devel/.private/ford_msgs/share/gennodejs/ros/ford_msgs/msg/ped_detection.js, /home/az/arena_ws/devel/share/gennodejs/ros/ford_msgs/msg/ped_detection.js)
Linked: (/home/az/arena_ws/devel/.private/ford_msgs/share/gennodejs/ros/ford_msgs/msg/Clusters.js, /home/az/arena_ws/devel/share/gennodejs/ros/ford_msgs/msg/Clusters.js)
Linked: (/home/az/arena_ws/devel/.private/ford_msgs/share/gennodejs/ros/ford_msgs/srv/_index.js, /home/az/arena_ws/devel/share/gennodejs/ros/ford_msgs/srv/_index.js)
Linked: (/home/az/arena_ws/devel/.private/ford_msgs/share/gennodejs/ros/ford_msgs/srv/GetSafeActions.js, /home/az/arena_ws/devel/share/gennodejs/ros/ford_msgs/srv/GetSafeActions.js)
Linked: (/home/az/arena_ws/devel/.private/ford_msgs/share/ford_msgs/cmake/ford_msgs-msg-paths.cmake, /home/az/arena_ws/devel/share/ford_msgs/cmake/ford_msgs-msg-paths.cmake)
Linked: (/home/az/arena_ws/devel/.private/ford_msgs/share/ford_msgs/cmake/ford_msgs-msg-extras.cmake, /home/az/arena_ws/devel/share/ford_msgs/cmake/ford_msgs-msg-extras.cmake)
Linked: (/home/az/arena_ws/devel/.private/ford_msgs/share/ford_msgs/cmake/ford_msgsConfig-version.cmake, /home/az/arena_ws/devel/share/ford_msgs/cmake/ford_msgsConfig-version.cmake)
Linked: (/home/az/arena_ws/devel/.private/ford_msgs/share/ford_msgs/cmake/ford_msgsConfig.cmake, /home/az/arena_ws/devel/share/ford_msgs/cmake/ford_msgsConfig.cmake)
Linked: (/home/az/arena_ws/devel/.private/ford_msgs/include/ford_msgs/PlannerMode.h, /home/az/arena_ws/devel/include/ford_msgs/PlannerMode.h)
Linked: (/home/az/arena_ws/devel/.private/ford_msgs/include/ford_msgs/potential_detections.h, /home/az/arena_ws/devel/include/ford_msgs/potential_detections.h)
Linked: (/home/az/arena_ws/devel/.private/ford_msgs/include/ford_msgs/GetSafeActionsResponse.h, /home/az/arena_ws/devel/include/ford_msgs/GetSafeActionsResponse.h)
Linked: (/home/az/arena_ws/devel/.private/ford_msgs/include/ford_msgs/NNActions.h, /home/az/arena_ws/devel/include/ford_msgs/NNActions.h)
Linked: (/home/az/arena_ws/devel/.private/ford_msgs/include/ford_msgs/ClusterHit.h, /home/az/arena_ws/devel/include/ford_msgs/ClusterHit.h)
Linked: (/home/az/arena_ws/devel/.private/ford_msgs/include/ford_msgs/PedTrajVec.h, /home/az/arena_ws/devel/include/ford_msgs/PedTrajVec.h)
Linked: (/home/az/arena_ws/devel/.private/ford_msgs/include/ford_msgs/Clusters.h, /home/az/arena_ws/devel/include/ford_msgs/Clusters.h)
Linked: (/home/az/arena_ws/devel/.private/ford_msgs/include/ford_msgs/Pose2DStamped.h, /home/az/arena_ws/devel/include/ford_msgs/Pose2DStamped.h)
Linked: (/home/az/arena_ws/devel/.private/ford_msgs/include/ford_msgs/GetSafeActionsRequest.h, /home/az/arena_ws/devel/include/ford_msgs/GetSafeActionsRequest.h)
Linked: (/home/az/arena_ws/devel/.private/ford_msgs/include/ford_msgs/ImageObj.h, /home/az/arena_ws/devel/include/ford_msgs/ImageObj.h)
Linked: (/home/az/arena_ws/devel/.private/ford_msgs/include/ford_msgs/GetSafeActions.h, /home/az/arena_ws/devel/include/ford_msgs/GetSafeActions.h)
Linked: (/home/az/arena_ws/devel/.private/ford_msgs/include/ford_msgs/ped_detection.h, /home/az/arena_ws/devel/include/ford_msgs/ped_detection.h)
Linked: (/home/az/arena_ws/devel/.private/ford_msgs/include/ford_msgs/SSDObjs.h, /home/az/arena_ws/devel/include/ford_msgs/SSDObjs.h)
Linked: (/home/az/arena_ws/devel/.private/ford_msgs/include/ford_msgs/ImageRect.h, /home/az/arena_ws/devel/include/ford_msgs/ImageRect.h)
Linked: (/home/az/arena_ws/devel/.private/ford_msgs/include/ford_msgs/PedTraj.h, /home/az/arena_ws/devel/include/ford_msgs/PedTraj.h)
Linked: (/home/az/arena_ws/devel/.private/ford_msgs/lib/pkgconfig/ford_msgs.pc, /home/az/arena_ws/devel/lib/pkgconfig/ford_msgs.pc)
Linked: (/home/az/arena_ws/devel/.private/ford_msgs/lib/python3/dist-packages/ford_msgs/__init__.py, /home/az/arena_ws/devel/lib/python3/dist-packages/ford_msgs/__init__.py)
Linked: (/home/az/arena_ws/devel/.private/ford_msgs/lib/python3/dist-packages/ford_msgs/msg/_Pose2DStamped.py, /home/az/arena_ws/devel/lib/python3/dist-packages/ford_msgs/msg/_Pose2DStamped.py)
Linked: (/home/az/arena_ws/devel/.private/ford_msgs/lib/python3/dist-packages/ford_msgs/msg/_PedTraj.py, /home/az/arena_ws/devel/lib/python3/dist-packages/ford_msgs/msg/_PedTraj.py)
Linked: (/home/az/arena_ws/devel/.private/ford_msgs/lib/python3/dist-packages/ford_msgs/msg/_PedTrajVec.py, /home/az/arena_ws/devel/lib/python3/dist-packages/ford_msgs/msg/_PedTrajVec.py)
Linked: (/home/az/arena_ws/devel/.private/ford_msgs/lib/python3/dist-packages/ford_msgs/msg/_Clusters.py, /home/az/arena_ws/devel/lib/python3/dist-packages/ford_msgs/msg/_Clusters.py)
Linked: (/home/az/arena_ws/devel/.private/ford_msgs/lib/python3/dist-packages/ford_msgs/msg/_PlannerMode.py, /home/az/arena_ws/devel/lib/python3/dist-packages/ford_msgs/msg/_PlannerMode.py)
Linked: (/home/az/arena_ws/devel/.private/ford_msgs/lib/python3/dist-packages/ford_msgs/msg/_SSDObjs.py, /home/az/arena_ws/devel/lib/python3/dist-packages/ford_msgs/msg/_SSDObjs.py)
Linked: (/home/az/arena_ws/devel/.private/ford_msgs/lib/python3/dist-packages/ford_msgs/msg/_ped_detection.py, /home/az/arena_ws/devel/lib/python3/dist-packages/ford_msgs/msg/_ped_detection.py)
Linked: (/home/az/arena_ws/devel/.private/ford_msgs/lib/python3/dist-packages/ford_msgs/msg/__init__.py, /home/az/arena_ws/devel/lib/python3/dist-packages/ford_msgs/msg/__init__.py)
Linked: (/home/az/arena_ws/devel/.private/ford_msgs/lib/python3/dist-packages/ford_msgs/msg/_NNActions.py, /home/az/arena_ws/devel/lib/python3/dist-packages/ford_msgs/msg/_NNActions.py)
Linked: (/home/az/arena_ws/devel/.private/ford_msgs/lib/python3/dist-packages/ford_msgs/msg/_ClusterHit.py, /home/az/arena_ws/devel/lib/python3/dist-packages/ford_msgs/msg/_ClusterHit.py)
Linked: (/home/az/arena_ws/devel/.private/ford_msgs/lib/python3/dist-packages/ford_msgs/msg/_potential_detections.py, /home/az/arena_ws/devel/lib/python3/dist-packages/ford_msgs/msg/_potential_detections.py)
Linked: (/home/az/arena_ws/devel/.private/ford_msgs/lib/python3/dist-packages/ford_msgs/msg/_ImageObj.py, /home/az/arena_ws/devel/lib/python3/dist-packages/ford_msgs/msg/_ImageObj.py)
Linked: (/home/az/arena_ws/devel/.private/ford_msgs/lib/python3/dist-packages/ford_msgs/msg/_ImageRect.py, /home/az/arena_ws/devel/lib/python3/dist-packages/ford_msgs/msg/_ImageRect.py)
Linked: (/home/az/arena_ws/devel/.private/ford_msgs/lib/python3/dist-packages/ford_msgs/srv/__init__.py, /home/az/arena_ws/devel/lib/python3/dist-packages/ford_msgs/srv/__init__.py)
Linked: (/home/az/arena_ws/devel/.private/ford_msgs/lib/python3/dist-packages/ford_msgs/srv/_GetSafeActions.py, /home/az/arena_ws/devel/lib/python3/dist-packages/ford_msgs/srv/_GetSafeActions.py)
