[  0%] Built target _cob_base_controller_utils_generate_messages_check_deps_WheelCommands
[  0%] Built target std_msgs_generate_messages_eus
[  0%] Built target std_msgs_generate_messages_cpp
[  0%] Built target roscpp_generate_messages_eus
[  0%] Built target tf2_msgs_generate_messages_py
[  0%] Built target actionlib_msgs_generate_messages_py
[  0%] Built target rosgraph_msgs_generate_messages_nodejs
[  0%] Built target actionlib_generate_messages_cpp
[  0%] Built target actionlib_generate_messages_py
[  0%] Built target nav_msgs_generate_messages_eus
[  0%] Built target std_msgs_generate_messages_lisp
[  0%] Built target std_msgs_generate_messages_py
[  0%] Built target actionlib_msgs_generate_messages_eus
[  0%] Built target std_msgs_generate_messages_nodejs
[  0%] Built target geometry_msgs_generate_messages_eus
[  0%] Built target roscpp_generate_messages_cpp
[  0%] Built target nav_msgs_generate_messages_lisp
[  0%] Built target nav_msgs_generate_messages_cpp
[  0%] Built target geometry_msgs_generate_messages_py
[  0%] Built target tf2_msgs_generate_messages_eus
[  0%] Built target sensor_msgs_generate_messages_py
[  0%] Built target roscpp_generate_messages_lisp
[  0%] Built target rosgraph_msgs_generate_messages_py
[  0%] Built target actionlib_generate_messages_lisp
[  0%] Built target geometry_msgs_generate_messages_cpp
[  0%] Built target rosgraph_msgs_generate_messages_lisp
[  0%] Built target geometry_msgs_generate_messages_nodejs
[  0%] Built target tf_generate_messages_eus
[  0%] Built target roscpp_generate_messages_nodejs
[  0%] Built target tf2_msgs_generate_messages_cpp
[  0%] Built target geometry_msgs_generate_messages_lisp
[  0%] Built target tf_generate_messages_cpp
[  0%] Built target actionlib_msgs_generate_messages_cpp
[  0%] Built target std_srvs_generate_messages_cpp
[  0%] Built target std_srvs_generate_messages_nodejs
[  0%] Built target roscpp_generate_messages_py
[  0%] Built target actionlib_msgs_generate_messages_nodejs
[  0%] Built target actionlib_msgs_generate_messages_lisp
[  0%] Built target tf_generate_messages_py
[  0%] Built target actionlib_generate_messages_eus
[  0%] Built target rosgraph_msgs_generate_messages_cpp
[  0%] Built target rosgraph_msgs_generate_messages_eus
[  0%] Built target std_srvs_generate_messages_py
[  0%] Built target std_srvs_generate_messages_eus
[  0%] Built target std_srvs_generate_messages_lisp
[  0%] Built target nav_msgs_generate_messages_py
[  0%] Built target tf_generate_messages_lisp
[  0%] Built target tf_generate_messages_nodejs
[  0%] Built target nav_msgs_generate_messages_nodejs
[  0%] Built target sensor_msgs_generate_messages_cpp
[  0%] Built target sensor_msgs_generate_messages_eus
[  0%] Built target sensor_msgs_generate_messages_lisp
[  0%] Built target actionlib_generate_messages_nodejs
[  0%] Built target tf2_msgs_generate_messages_lisp
[  0%] Built target sensor_msgs_generate_messages_nodejs
[  0%] Built target tf2_msgs_generate_messages_nodejs
[ 18%] Built target cob_base_controller_utils_generate_messages_py
[ 27%] Built target cob_base_controller_utils_generate_messages_nodejs
[ 45%] Built target cob_base_controller_utils_generate_messages_eus
[ 54%] Built target cob_base_controller_utils_generate_messages_cpp
[ 63%] Built target cob_base_controller_utils_generate_messages_lisp
[ 63%] Built target cob_base_controller_utils_generate_messages
[ 81%] Built target cob_stuck_detector
[100%] Built target cob_spin_detector
