Symlinking /home/az/github_may_messed_it_up_20250124arena_try_get_rel_vel_work/arena_ws/devel/share/roseus/ros/cob_base_controller_utils/manifest.l
Symlinking /home/az/github_may_messed_it_up_20250124arena_try_get_rel_vel_work/arena_ws/devel/share/roseus/ros/cob_base_controller_utils/msg/WheelCommands.l
Symlinking /home/az/github_may_messed_it_up_20250124arena_try_get_rel_vel_work/arena_ws/devel/share/common-lisp/ros/cob_base_controller_utils/msg/WheelCommands.lisp
Symlinking /home/az/github_may_messed_it_up_20250124arena_try_get_rel_vel_work/arena_ws/devel/share/common-lisp/ros/cob_base_controller_utils/msg/_package.lisp
Symlinking /home/az/github_may_messed_it_up_20250124arena_try_get_rel_vel_work/arena_ws/devel/share/common-lisp/ros/cob_base_controller_utils/msg/_package_WheelCommands.lisp
Symlinking /home/az/github_may_messed_it_up_20250124arena_try_get_rel_vel_work/arena_ws/devel/share/common-lisp/ros/cob_base_controller_utils/msg/cob_base_controller_utils-msg.asd
Symlinking /home/az/github_may_messed_it_up_20250124arena_try_get_rel_vel_work/arena_ws/devel/share/gennodejs/ros/cob_base_controller_utils/_index.js
Symlinking /home/az/github_may_messed_it_up_20250124arena_try_get_rel_vel_work/arena_ws/devel/share/gennodejs/ros/cob_base_controller_utils/msg/_index.js
Symlinking /home/az/github_may_messed_it_up_20250124arena_try_get_rel_vel_work/arena_ws/devel/share/gennodejs/ros/cob_base_controller_utils/msg/WheelCommands.js
Symlinking /home/az/github_may_messed_it_up_20250124arena_try_get_rel_vel_work/arena_ws/devel/share/cob_base_controller_utils/cmake/cob_base_controller_utilsConfig-version.cmake
Symlinking /home/az/github_may_messed_it_up_20250124arena_try_get_rel_vel_work/arena_ws/devel/share/cob_base_controller_utils/cmake/cob_base_controller_utils-msg-extras.cmake
Symlinking /home/az/github_may_messed_it_up_20250124arena_try_get_rel_vel_work/arena_ws/devel/share/cob_base_controller_utils/cmake/cob_base_controller_utilsConfig.cmake
Symlinking /home/az/github_may_messed_it_up_20250124arena_try_get_rel_vel_work/arena_ws/devel/share/cob_base_controller_utils/cmake/cob_base_controller_utils-msg-paths.cmake
Symlinking /home/az/github_may_messed_it_up_20250124arena_try_get_rel_vel_work/arena_ws/devel/include/cob_base_controller_utils/WheelCommands.h
Symlinking /home/az/github_may_messed_it_up_20250124arena_try_get_rel_vel_work/arena_ws/devel/lib/pkgconfig/cob_base_controller_utils.pc
Symlinking /home/az/github_may_messed_it_up_20250124arena_try_get_rel_vel_work/arena_ws/devel/lib/python3/dist-packages/cob_base_controller_utils/__init__.py
Symlinking /home/az/github_may_messed_it_up_20250124arena_try_get_rel_vel_work/arena_ws/devel/lib/python3/dist-packages/cob_base_controller_utils/msg/_WheelCommands.py
Symlinking /home/az/github_may_messed_it_up_20250124arena_try_get_rel_vel_work/arena_ws/devel/lib/python3/dist-packages/cob_base_controller_utils/msg/__init__.py
Symlinking /home/az/github_may_messed_it_up_20250124arena_try_get_rel_vel_work/arena_ws/devel/lib/cob_base_controller_utils/cmake.lock
Symlinking /home/az/github_may_messed_it_up_20250124arena_try_get_rel_vel_work/arena_ws/devel/lib/cob_base_controller_utils/test_publisher_twist_step.py
Symlinking /home/az/github_may_messed_it_up_20250124arena_try_get_rel_vel_work/arena_ws/devel/lib/cob_base_controller_utils/test_publisher_twist_sine.py
Symlinking /home/az/github_may_messed_it_up_20250124arena_try_get_rel_vel_work/arena_ws/devel/lib/cob_base_controller_utils/cob_spin_detector
Symlinking /home/az/github_may_messed_it_up_20250124arena_try_get_rel_vel_work/arena_ws/devel/lib/cob_base_controller_utils/cob_stuck_detector
