Linked: (/home/az/arena_ws/devel/.private/cob_base_controller_utils/share/roseus/ros/cob_base_controller_utils/manifest.l, /home/az/arena_ws/devel/share/roseus/ros/cob_base_controller_utils/manifest.l)
Linked: (/home/az/arena_ws/devel/.private/cob_base_controller_utils/share/roseus/ros/cob_base_controller_utils/msg/WheelCommands.l, /home/az/arena_ws/devel/share/roseus/ros/cob_base_controller_utils/msg/WheelCommands.l)
Linked: (/home/az/arena_ws/devel/.private/cob_base_controller_utils/share/common-lisp/ros/cob_base_controller_utils/msg/WheelCommands.lisp, /home/az/arena_ws/devel/share/common-lisp/ros/cob_base_controller_utils/msg/WheelCommands.lisp)
Linked: (/home/az/arena_ws/devel/.private/cob_base_controller_utils/share/common-lisp/ros/cob_base_controller_utils/msg/_package.lisp, /home/az/arena_ws/devel/share/common-lisp/ros/cob_base_controller_utils/msg/_package.lisp)
Linked: (/home/az/arena_ws/devel/.private/cob_base_controller_utils/share/common-lisp/ros/cob_base_controller_utils/msg/_package_WheelCommands.lisp, /home/az/arena_ws/devel/share/common-lisp/ros/cob_base_controller_utils/msg/_package_WheelCommands.lisp)
Linked: (/home/az/arena_ws/devel/.private/cob_base_controller_utils/share/common-lisp/ros/cob_base_controller_utils/msg/cob_base_controller_utils-msg.asd, /home/az/arena_ws/devel/share/common-lisp/ros/cob_base_controller_utils/msg/cob_base_controller_utils-msg.asd)
Linked: (/home/az/arena_ws/devel/.private/cob_base_controller_utils/share/gennodejs/ros/cob_base_controller_utils/_index.js, /home/az/arena_ws/devel/share/gennodejs/ros/cob_base_controller_utils/_index.js)
Linked: (/home/az/arena_ws/devel/.private/cob_base_controller_utils/share/gennodejs/ros/cob_base_controller_utils/msg/_index.js, /home/az/arena_ws/devel/share/gennodejs/ros/cob_base_controller_utils/msg/_index.js)
Linked: (/home/az/arena_ws/devel/.private/cob_base_controller_utils/share/gennodejs/ros/cob_base_controller_utils/msg/WheelCommands.js, /home/az/arena_ws/devel/share/gennodejs/ros/cob_base_controller_utils/msg/WheelCommands.js)
Linked: (/home/az/arena_ws/devel/.private/cob_base_controller_utils/share/cob_base_controller_utils/cmake/cob_base_controller_utilsConfig-version.cmake, /home/az/arena_ws/devel/share/cob_base_controller_utils/cmake/cob_base_controller_utilsConfig-version.cmake)
Linked: (/home/az/arena_ws/devel/.private/cob_base_controller_utils/share/cob_base_controller_utils/cmake/cob_base_controller_utils-msg-extras.cmake, /home/az/arena_ws/devel/share/cob_base_controller_utils/cmake/cob_base_controller_utils-msg-extras.cmake)
Linked: (/home/az/arena_ws/devel/.private/cob_base_controller_utils/share/cob_base_controller_utils/cmake/cob_base_controller_utilsConfig.cmake, /home/az/arena_ws/devel/share/cob_base_controller_utils/cmake/cob_base_controller_utilsConfig.cmake)
Linked: (/home/az/arena_ws/devel/.private/cob_base_controller_utils/share/cob_base_controller_utils/cmake/cob_base_controller_utils-msg-paths.cmake, /home/az/arena_ws/devel/share/cob_base_controller_utils/cmake/cob_base_controller_utils-msg-paths.cmake)
Linked: (/home/az/arena_ws/devel/.private/cob_base_controller_utils/include/cob_base_controller_utils/WheelCommands.h, /home/az/arena_ws/devel/include/cob_base_controller_utils/WheelCommands.h)
Linked: (/home/az/arena_ws/devel/.private/cob_base_controller_utils/lib/pkgconfig/cob_base_controller_utils.pc, /home/az/arena_ws/devel/lib/pkgconfig/cob_base_controller_utils.pc)
Linked: (/home/az/arena_ws/devel/.private/cob_base_controller_utils/lib/python3/dist-packages/cob_base_controller_utils/__init__.py, /home/az/arena_ws/devel/lib/python3/dist-packages/cob_base_controller_utils/__init__.py)
Linked: (/home/az/arena_ws/devel/.private/cob_base_controller_utils/lib/python3/dist-packages/cob_base_controller_utils/msg/_WheelCommands.py, /home/az/arena_ws/devel/lib/python3/dist-packages/cob_base_controller_utils/msg/_WheelCommands.py)
Linked: (/home/az/arena_ws/devel/.private/cob_base_controller_utils/lib/python3/dist-packages/cob_base_controller_utils/msg/__init__.py, /home/az/arena_ws/devel/lib/python3/dist-packages/cob_base_controller_utils/msg/__init__.py)
Linked: (/home/az/arena_ws/devel/.private/cob_base_controller_utils/lib/cob_base_controller_utils/cmake.lock, /home/az/arena_ws/devel/lib/cob_base_controller_utils/cmake.lock)
Linked: (/home/az/arena_ws/devel/.private/cob_base_controller_utils/lib/cob_base_controller_utils/test_publisher_twist_step.py, /home/az/arena_ws/devel/lib/cob_base_controller_utils/test_publisher_twist_step.py)
Linked: (/home/az/arena_ws/devel/.private/cob_base_controller_utils/lib/cob_base_controller_utils/test_publisher_twist_sine.py, /home/az/arena_ws/devel/lib/cob_base_controller_utils/test_publisher_twist_sine.py)
Linked: (/home/az/arena_ws/devel/.private/cob_base_controller_utils/lib/cob_base_controller_utils/cob_spin_detector, /home/az/arena_ws/devel/lib/cob_base_controller_utils/cob_spin_detector)
Linked: (/home/az/arena_ws/devel/.private/cob_base_controller_utils/lib/cob_base_controller_utils/cob_stuck_detector, /home/az/arena_ws/devel/lib/cob_base_controller_utils/cob_stuck_detector)
